#
# There is insufficient memory for the Java Runtime Environment to continue.
# Native memory allocation (mmap) failed to map 65536 bytes for Failed to commit metaspace.
# Possible reasons:
#   The system is out of physical RAM or swap space
#   The process is running with CompressedOops enabled, and the Java Heap may be blocking the growth of the native heap
# Possible solutions:
#   Reduce memory load on the system
#   Increase physical memory or swap space
#   Check if swap backing store is full
#   Decrease Java heap size (-Xmx/-Xms)
#   Decrease number of Java threads
#   Decrease Java thread stack sizes (-Xss)
#   Set larger code cache with -XX:ReservedCodeCacheSize=
#   JVM is running with Unscaled Compressed Oops mode in which the Java heap is
#     placed in the first 4GB address space. The Java Heap base address is the
#     maximum limit for the native heap growth. Please use -XX:HeapBaseMinAddress
#     to set the Java Heap base and to place the Java Heap above 4GB virtual address.
# This output file may be truncated or incomplete.
#
#  Out of Memory Error (virtualSpaceNode.cpp:110), pid=1028, tid=2436
#
# JRE version: OpenJDK Runtime Environment Temurin-17.0.6+10 (17.0.6+10) (build 17.0.6+10)
# Java VM: OpenJDK 64-Bit Server VM Temurin-17.0.6+10 (17.0.6+10, mixed mode, emulated-client, tiered, compressed oops, compressed class ptrs, g1 gc, windows-amd64)
# No core dump will be written. Minidumps are not enabled by default on client versions of Windows
#

---------------  S U M M A R Y ------------

Command Line: -Dcom.sun.management.jmxremote -Dcom.sun.management.jmxremote.port=59087 -Dcom.sun.management.jmxremote.authenticate=false -Dcom.sun.management.jmxremote.ssl=false -Djava.rmi.server.hostname=localhost -Dspring.jmx.enabled=true -Dmanagement.endpoints.jmx.exposure.include=* -Dspring.application.admin.enabled=true -XX:TieredStopAtLevel=1 -Dspring.boot.project.name=tickchecktingAPI -Dfile.encoding=windows-1252 -XX:+ShowCodeDetailsInExceptionMessages com.ncapas.tickcheckting.TickchecktingApiApplication --spring.output.ansi.enabled=always

Host: AMD Ryzen 3 2200U with Radeon Vega Mobile Gfx  , 4 cores, 6G,  Windows 10 , 64 bit Build 19041 (10.0.19041.3031)
Time: Mon Jun 19 23:12:25 2023 Hora estándar, América Central elapsed time: 0.342099 seconds (0d 0h 0m 0s)

---------------  T H R E A D  ---------------

Current thread (0x0000023f75513b30):  JavaThread "main" [_thread_in_vm, id=2436, stack(0x0000009352a00000,0x0000009352b00000)]

Stack: [0x0000009352a00000,0x0000009352b00000]
Native frames: (J=compiled Java code, j=interpreted, Vv=VM code, C=native code)
V  [jvm.dll+0x67741a]
V  [jvm.dll+0x834434]
V  [jvm.dll+0x835bde]
V  [jvm.dll+0x836243]
V  [jvm.dll+0x2457b5]
V  [jvm.dll+0x8304cb]
V  [jvm.dll+0x61bca6]
V  [jvm.dll+0x61bd0a]
V  [jvm.dll+0x61e52a]
V  [jvm.dll+0x61c646]
V  [jvm.dll+0x626487]
V  [jvm.dll+0x1ea42b]
V  [jvm.dll+0x1ea965]
V  [jvm.dll+0x1eb39f]
V  [jvm.dll+0x1e0841]
V  [jvm.dll+0x53c6d0]
V  [jvm.dll+0x1f1017]
V  [jvm.dll+0x7aea1b]
V  [jvm.dll+0x7afdc2]
V  [jvm.dll+0x7b00f8]
V  [jvm.dll+0x23dbbe]
V  [jvm.dll+0x37ecce]
C  0x0000023f78bd9925

Java frames: (J=compiled Java code, j=interpreted, Vv=VM code)
j  jdk.internal.loader.NativeLibraries.<clinit>()V+32 java.base
v  ~StubRoutines::call_stub
j  jdk.internal.loader.BootLoader.<clinit>()V+53 java.base
v  ~StubRoutines::call_stub
j  jdk.internal.module.ModuleBootstrap.boot2()Ljava/lang/ModuleLayer;+352 java.base
j  jdk.internal.module.ModuleBootstrap.boot()Ljava/lang/ModuleLayer;+64 java.base
j  java.lang.System.initPhase2(ZZ)I+0 java.base
v  ~StubRoutines::call_stub

---------------  P R O C E S S  ---------------

Threads class SMR info:
_java_thread_list=0x0000023f02c01a10, length=9, elements={
0x0000023f75513b30, 0x0000023f021d8270, 0x0000023f021d9c90, 0x0000023f021f8560,
0x0000023f021f92e0, 0x0000023f021fbe70, 0x0000023f021fd740, 0x0000023f021fe0b0,
0x0000023f02c4efe0
}

Java Threads: ( => current thread )
=>0x0000023f75513b30 JavaThread "main" [_thread_in_vm, id=2436, stack(0x0000009352a00000,0x0000009352b00000)]
  0x0000023f021d8270 JavaThread "Reference Handler" daemon [_thread_blocked, id=1996, stack(0x0000009353100000,0x0000009353200000)]
  0x0000023f021d9c90 JavaThread "Finalizer" daemon [_thread_blocked, id=916, stack(0x0000009353200000,0x0000009353300000)]
  0x0000023f021f8560 JavaThread "Signal Dispatcher" daemon [_thread_blocked, id=7408, stack(0x0000009353300000,0x0000009353400000)]
  0x0000023f021f92e0 JavaThread "Attach Listener" daemon [_thread_blocked, id=3008, stack(0x0000009353400000,0x0000009353500000)]
  0x0000023f021fbe70 JavaThread "Service Thread" daemon [_thread_blocked, id=12236, stack(0x0000009353500000,0x0000009353600000)]
  0x0000023f021fd740 JavaThread "Monitor Deflation Thread" daemon [_thread_blocked, id=6328, stack(0x0000009353600000,0x0000009353700000)]
  0x0000023f021fe0b0 JavaThread "C1 CompilerThread0" daemon [_thread_blocked, id=1836, stack(0x0000009353700000,0x0000009353800000)]
  0x0000023f02c4efe0 JavaThread "Sweeper thread" daemon [_thread_blocked, id=10908, stack(0x0000009353800000,0x0000009353900000)]

Other Threads:
  0x0000023f021b2b90 VMThread "VM Thread" [stack: 0x0000009353000000,0x0000009353100000] [id=5280]
  0x0000023f75566400 GCTaskThread "GC Thread#0" [stack: 0x0000009352b00000,0x0000009352c00000] [id=2904]
  0x0000023f75574f10 ConcurrentGCThread "G1 Main Marker" [stack: 0x0000009352c00000,0x0000009352d00000] [id=11516]
  0x0000023f75576fe0 ConcurrentGCThread "G1 Conc#0" [stack: 0x0000009352d00000,0x0000009352e00000] [id=10560]
  0x0000023f02010090 ConcurrentGCThread "G1 Refine#0" [stack: 0x0000009352e00000,0x0000009352f00000] [id=9304]
  0x0000023f020112a0 ConcurrentGCThread "G1 Service" [stack: 0x0000009352f00000,0x0000009353000000] [id=11056]

Threads with active compile tasks:

VM state: not at safepoint (normal execution)

VM Mutex/Monitor currently owned by a thread:  ([mutex/lock_event])
[0x0000023f7550c9b0] Metaspace_lock - owner thread: 0x0000023f75513b30

Heap address: 0x0000000091a00000, size: 1766 MB, Compressed Oops mode: 32-bit

CDS archive(s) not mapped
Compressed class space mapped at: 0x0000000100000000-0x0000000140000000, reserved size: 1073741824
Narrow klass base: 0x0000000000000000, Narrow klass shift: 3, Narrow klass range: 0x140000000

GC Precious Log:
 CPUs: 4 total, 4 available
 Memory: 7061M
 Large Page Support: Disabled
 NUMA Support: Disabled
 Compressed Oops: Enabled (32-bit)
 Heap Region Size: 1M
 Heap Min Capacity: 8M
 Heap Initial Capacity: 112M
 Heap Max Capacity: 1766M
 Pre-touch: Disabled
 Parallel Workers: 4
 Concurrent Workers: 1
 Concurrent Refinement Workers: 4
 Periodic GC: Disabled

Heap:
 garbage-first heap   total 114688K, used 0K [0x0000000091a00000, 0x0000000100000000)
  region size 1024K, 1 young (1024K), 0 survivors (0K)
 Metaspace       used 3118K, committed 3136K, reserved 1056768K
  class space    used 238K, committed 256K, reserved 1048576K

Heap Regions: E=young(eden), S=young(survivor), O=old, HS=humongous(starts), HC=humongous(continues), CS=collection set, F=free, OA=open archive, CA=closed archive, TAMS=top-at-mark-start (previous, next)
|   0|0x0000000091a00000, 0x0000000091a00000, 0x0000000091b00000|  0%| F|  |TAMS 0x0000000091a00000, 0x0000000091a00000| Untracked 
|   1|0x0000000091b00000, 0x0000000091b00000, 0x0000000091c00000|  0%| F|  |TAMS 0x0000000091b00000, 0x0000000091b00000| Untracked 
|   2|0x0000000091c00000, 0x0000000091c00000, 0x0000000091d00000|  0%| F|  |TAMS 0x0000000091c00000, 0x0000000091c00000| Untracked 
|   3|0x0000000091d00000, 0x0000000091d00000, 0x0000000091e00000|  0%| F|  |TAMS 0x0000000091d00000, 0x0000000091d00000| Untracked 
|   4|0x0000000091e00000, 0x0000000091e00000, 0x0000000091f00000|  0%| F|  |TAMS 0x0000000091e00000, 0x0000000091e00000| Untracked 
|   5|0x0000000091f00000, 0x0000000091f00000, 0x0000000092000000|  0%| F|  |TAMS 0x0000000091f00000, 0x0000000091f00000| Untracked 
|   6|0x0000000092000000, 0x0000000092000000, 0x0000000092100000|  0%| F|  |TAMS 0x0000000092000000, 0x0000000092000000| Untracked 
|   7|0x0000000092100000, 0x0000000092100000, 0x0000000092200000|  0%| F|  |TAMS 0x0000000092100000, 0x0000000092100000| Untracked 
|   8|0x0000000092200000, 0x0000000092200000, 0x0000000092300000|  0%| F|  |TAMS 0x0000000092200000, 0x0000000092200000| Untracked 
|   9|0x0000000092300000, 0x0000000092300000, 0x0000000092400000|  0%| F|  |TAMS 0x0000000092300000, 0x0000000092300000| Untracked 
|  10|0x0000000092400000, 0x0000000092400000, 0x0000000092500000|  0%| F|  |TAMS 0x0000000092400000, 0x0000000092400000| Untracked 
|  11|0x0000000092500000, 0x0000000092500000, 0x0000000092600000|  0%| F|  |TAMS 0x0000000092500000, 0x0000000092500000| Untracked 
|  12|0x0000000092600000, 0x0000000092600000, 0x0000000092700000|  0%| F|  |TAMS 0x0000000092600000, 0x0000000092600000| Untracked 
|  13|0x0000000092700000, 0x0000000092700000, 0x0000000092800000|  0%| F|  |TAMS 0x0000000092700000, 0x0000000092700000| Untracked 
|  14|0x0000000092800000, 0x0000000092800000, 0x0000000092900000|  0%| F|  |TAMS 0x0000000092800000, 0x0000000092800000| Untracked 
|  15|0x0000000092900000, 0x0000000092900000, 0x0000000092a00000|  0%| F|  |TAMS 0x0000000092900000, 0x0000000092900000| Untracked 
|  16|0x0000000092a00000, 0x0000000092a00000, 0x0000000092b00000|  0%| F|  |TAMS 0x0000000092a00000, 0x0000000092a00000| Untracked 
|  17|0x0000000092b00000, 0x0000000092b00000, 0x0000000092c00000|  0%| F|  |TAMS 0x0000000092b00000, 0x0000000092b00000| Untracked 
|  18|0x0000000092c00000, 0x0000000092c00000, 0x0000000092d00000|  0%| F|  |TAMS 0x0000000092c00000, 0x0000000092c00000| Untracked 
|  19|0x0000000092d00000, 0x0000000092d00000, 0x0000000092e00000|  0%| F|  |TAMS 0x0000000092d00000, 0x0000000092d00000| Untracked 
|  20|0x0000000092e00000, 0x0000000092e00000, 0x0000000092f00000|  0%| F|  |TAMS 0x0000000092e00000, 0x0000000092e00000| Untracked 
|  21|0x0000000092f00000, 0x0000000092f00000, 0x0000000093000000|  0%| F|  |TAMS 0x0000000092f00000, 0x0000000092f00000| Untracked 
|  22|0x0000000093000000, 0x0000000093000000, 0x0000000093100000|  0%| F|  |TAMS 0x0000000093000000, 0x0000000093000000| Untracked 
|  23|0x0000000093100000, 0x0000000093100000, 0x0000000093200000|  0%| F|  |TAMS 0x0000000093100000, 0x0000000093100000| Untracked 
|  24|0x0000000093200000, 0x0000000093200000, 0x0000000093300000|  0%| F|  |TAMS 0x0000000093200000, 0x0000000093200000| Untracked 
|  25|0x0000000093300000, 0x0000000093300000, 0x0000000093400000|  0%| F|  |TAMS 0x0000000093300000, 0x0000000093300000| Untracked 
|  26|0x0000000093400000, 0x0000000093400000, 0x0000000093500000|  0%| F|  |TAMS 0x0000000093400000, 0x0000000093400000| Untracked 
|  27|0x0000000093500000, 0x0000000093500000, 0x0000000093600000|  0%| F|  |TAMS 0x0000000093500000, 0x0000000093500000| Untracked 
|  28|0x0000000093600000, 0x0000000093600000, 0x0000000093700000|  0%| F|  |TAMS 0x0000000093600000, 0x0000000093600000| Untracked 
|  29|0x0000000093700000, 0x0000000093700000, 0x0000000093800000|  0%| F|  |TAMS 0x0000000093700000, 0x0000000093700000| Untracked 
|  30|0x0000000093800000, 0x0000000093800000, 0x0000000093900000|  0%| F|  |TAMS 0x0000000093800000, 0x0000000093800000| Untracked 
|  31|0x0000000093900000, 0x0000000093900000, 0x0000000093a00000|  0%| F|  |TAMS 0x0000000093900000, 0x0000000093900000| Untracked 
|  32|0x0000000093a00000, 0x0000000093a00000, 0x0000000093b00000|  0%| F|  |TAMS 0x0000000093a00000, 0x0000000093a00000| Untracked 
|  33|0x0000000093b00000, 0x0000000093b00000, 0x0000000093c00000|  0%| F|  |TAMS 0x0000000093b00000, 0x0000000093b00000| Untracked 
|  34|0x0000000093c00000, 0x0000000093c00000, 0x0000000093d00000|  0%| F|  |TAMS 0x0000000093c00000, 0x0000000093c00000| Untracked 
|  35|0x0000000093d00000, 0x0000000093d00000, 0x0000000093e00000|  0%| F|  |TAMS 0x0000000093d00000, 0x0000000093d00000| Untracked 
|  36|0x0000000093e00000, 0x0000000093e00000, 0x0000000093f00000|  0%| F|  |TAMS 0x0000000093e00000, 0x0000000093e00000| Untracked 
|  37|0x0000000093f00000, 0x0000000093f00000, 0x0000000094000000|  0%| F|  |TAMS 0x0000000093f00000, 0x0000000093f00000| Untracked 
|  38|0x0000000094000000, 0x0000000094000000, 0x0000000094100000|  0%| F|  |TAMS 0x0000000094000000, 0x0000000094000000| Untracked 
|  39|0x0000000094100000, 0x0000000094100000, 0x0000000094200000|  0%| F|  |TAMS 0x0000000094100000, 0x0000000094100000| Untracked 
|  40|0x0000000094200000, 0x0000000094200000, 0x0000000094300000|  0%| F|  |TAMS 0x0000000094200000, 0x0000000094200000| Untracked 
|  41|0x0000000094300000, 0x0000000094300000, 0x0000000094400000|  0%| F|  |TAMS 0x0000000094300000, 0x0000000094300000| Untracked 
|  42|0x0000000094400000, 0x0000000094400000, 0x0000000094500000|  0%| F|  |TAMS 0x0000000094400000, 0x0000000094400000| Untracked 
|  43|0x0000000094500000, 0x0000000094500000, 0x0000000094600000|  0%| F|  |TAMS 0x0000000094500000, 0x0000000094500000| Untracked 
|  44|0x0000000094600000, 0x0000000094600000, 0x0000000094700000|  0%| F|  |TAMS 0x0000000094600000, 0x0000000094600000| Untracked 
|  45|0x0000000094700000, 0x0000000094700000, 0x0000000094800000|  0%| F|  |TAMS 0x0000000094700000, 0x0000000094700000| Untracked 
|  46|0x0000000094800000, 0x0000000094800000, 0x0000000094900000|  0%| F|  |TAMS 0x0000000094800000, 0x0000000094800000| Untracked 
|  47|0x0000000094900000, 0x0000000094900000, 0x0000000094a00000|  0%| F|  |TAMS 0x0000000094900000, 0x0000000094900000| Untracked 
|  48|0x0000000094a00000, 0x0000000094a00000, 0x0000000094b00000|  0%| F|  |TAMS 0x0000000094a00000, 0x0000000094a00000| Untracked 
|  49|0x0000000094b00000, 0x0000000094b00000, 0x0000000094c00000|  0%| F|  |TAMS 0x0000000094b00000, 0x0000000094b00000| Untracked 
|  50|0x0000000094c00000, 0x0000000094c00000, 0x0000000094d00000|  0%| F|  |TAMS 0x0000000094c00000, 0x0000000094c00000| Untracked 
|  51|0x0000000094d00000, 0x0000000094d00000, 0x0000000094e00000|  0%| F|  |TAMS 0x0000000094d00000, 0x0000000094d00000| Untracked 
|  52|0x0000000094e00000, 0x0000000094e00000, 0x0000000094f00000|  0%| F|  |TAMS 0x0000000094e00000, 0x0000000094e00000| Untracked 
|  53|0x0000000094f00000, 0x0000000094f00000, 0x0000000095000000|  0%| F|  |TAMS 0x0000000094f00000, 0x0000000094f00000| Untracked 
|  54|0x0000000095000000, 0x0000000095000000, 0x0000000095100000|  0%| F|  |TAMS 0x0000000095000000, 0x0000000095000000| Untracked 
|  55|0x0000000095100000, 0x0000000095100000, 0x0000000095200000|  0%| F|  |TAMS 0x0000000095100000, 0x0000000095100000| Untracked 
|  56|0x0000000095200000, 0x0000000095200000, 0x0000000095300000|  0%| F|  |TAMS 0x0000000095200000, 0x0000000095200000| Untracked 
|  57|0x0000000095300000, 0x0000000095300000, 0x0000000095400000|  0%| F|  |TAMS 0x0000000095300000, 0x0000000095300000| Untracked 
|  58|0x0000000095400000, 0x0000000095400000, 0x0000000095500000|  0%| F|  |TAMS 0x0000000095400000, 0x0000000095400000| Untracked 
|  59|0x0000000095500000, 0x0000000095500000, 0x0000000095600000|  0%| F|  |TAMS 0x0000000095500000, 0x0000000095500000| Untracked 
|  60|0x0000000095600000, 0x0000000095600000, 0x0000000095700000|  0%| F|  |TAMS 0x0000000095600000, 0x0000000095600000| Untracked 
|  61|0x0000000095700000, 0x0000000095700000, 0x0000000095800000|  0%| F|  |TAMS 0x0000000095700000, 0x0000000095700000| Untracked 
|  62|0x0000000095800000, 0x0000000095800000, 0x0000000095900000|  0%| F|  |TAMS 0x0000000095800000, 0x0000000095800000| Untracked 
|  63|0x0000000095900000, 0x0000000095900000, 0x0000000095a00000|  0%| F|  |TAMS 0x0000000095900000, 0x0000000095900000| Untracked 
|  64|0x0000000095a00000, 0x0000000095a00000, 0x0000000095b00000|  0%| F|  |TAMS 0x0000000095a00000, 0x0000000095a00000| Untracked 
|  65|0x0000000095b00000, 0x0000000095b00000, 0x0000000095c00000|  0%| F|  |TAMS 0x0000000095b00000, 0x0000000095b00000| Untracked 
|  66|0x0000000095c00000, 0x0000000095c00000, 0x0000000095d00000|  0%| F|  |TAMS 0x0000000095c00000, 0x0000000095c00000| Untracked 
|  67|0x0000000095d00000, 0x0000000095d00000, 0x0000000095e00000|  0%| F|  |TAMS 0x0000000095d00000, 0x0000000095d00000| Untracked 
|  68|0x0000000095e00000, 0x0000000095e00000, 0x0000000095f00000|  0%| F|  |TAMS 0x0000000095e00000, 0x0000000095e00000| Untracked 
|  69|0x0000000095f00000, 0x0000000095f00000, 0x0000000096000000|  0%| F|  |TAMS 0x0000000095f00000, 0x0000000095f00000| Untracked 
|  70|0x0000000096000000, 0x0000000096000000, 0x0000000096100000|  0%| F|  |TAMS 0x0000000096000000, 0x0000000096000000| Untracked 
|  71|0x0000000096100000, 0x0000000096100000, 0x0000000096200000|  0%| F|  |TAMS 0x0000000096100000, 0x0000000096100000| Untracked 
|  72|0x0000000096200000, 0x0000000096200000, 0x0000000096300000|  0%| F|  |TAMS 0x0000000096200000, 0x0000000096200000| Untracked 
|  73|0x0000000096300000, 0x0000000096300000, 0x0000000096400000|  0%| F|  |TAMS 0x0000000096300000, 0x0000000096300000| Untracked 
|  74|0x0000000096400000, 0x0000000096400000, 0x0000000096500000|  0%| F|  |TAMS 0x0000000096400000, 0x0000000096400000| Untracked 
|  75|0x0000000096500000, 0x0000000096500000, 0x0000000096600000|  0%| F|  |TAMS 0x0000000096500000, 0x0000000096500000| Untracked 
|  76|0x0000000096600000, 0x0000000096600000, 0x0000000096700000|  0%| F|  |TAMS 0x0000000096600000, 0x0000000096600000| Untracked 
|  77|0x0000000096700000, 0x0000000096700000, 0x0000000096800000|  0%| F|  |TAMS 0x0000000096700000, 0x0000000096700000| Untracked 
|  78|0x0000000096800000, 0x0000000096800000, 0x0000000096900000|  0%| F|  |TAMS 0x0000000096800000, 0x0000000096800000| Untracked 
|  79|0x0000000096900000, 0x0000000096900000, 0x0000000096a00000|  0%| F|  |TAMS 0x0000000096900000, 0x0000000096900000| Untracked 
|  80|0x0000000096a00000, 0x0000000096a00000, 0x0000000096b00000|  0%| F|  |TAMS 0x0000000096a00000, 0x0000000096a00000| Untracked 
|  81|0x0000000096b00000, 0x0000000096b00000, 0x0000000096c00000|  0%| F|  |TAMS 0x0000000096b00000, 0x0000000096b00000| Untracked 
|  82|0x0000000096c00000, 0x0000000096c00000, 0x0000000096d00000|  0%| F|  |TAMS 0x0000000096c00000, 0x0000000096c00000| Untracked 
|  83|0x0000000096d00000, 0x0000000096d00000, 0x0000000096e00000|  0%| F|  |TAMS 0x0000000096d00000, 0x0000000096d00000| Untracked 
|  84|0x0000000096e00000, 0x0000000096e00000, 0x0000000096f00000|  0%| F|  |TAMS 0x0000000096e00000, 0x0000000096e00000| Untracked 
|  85|0x0000000096f00000, 0x0000000096f00000, 0x0000000097000000|  0%| F|  |TAMS 0x0000000096f00000, 0x0000000096f00000| Untracked 
|  86|0x0000000097000000, 0x0000000097000000, 0x0000000097100000|  0%| F|  |TAMS 0x0000000097000000, 0x0000000097000000| Untracked 
|  87|0x0000000097100000, 0x0000000097100000, 0x0000000097200000|  0%| F|  |TAMS 0x0000000097100000, 0x0000000097100000| Untracked 
|  88|0x0000000097200000, 0x0000000097200000, 0x0000000097300000|  0%| F|  |TAMS 0x0000000097200000, 0x0000000097200000| Untracked 
|  89|0x0000000097300000, 0x0000000097300000, 0x0000000097400000|  0%| F|  |TAMS 0x0000000097300000, 0x0000000097300000| Untracked 
|  90|0x0000000097400000, 0x0000000097400000, 0x0000000097500000|  0%| F|  |TAMS 0x0000000097400000, 0x0000000097400000| Untracked 
|  91|0x0000000097500000, 0x0000000097500000, 0x0000000097600000|  0%| F|  |TAMS 0x0000000097500000, 0x0000000097500000| Untracked 
|  92|0x0000000097600000, 0x0000000097600000, 0x0000000097700000|  0%| F|  |TAMS 0x0000000097600000, 0x0000000097600000| Untracked 
|  93|0x0000000097700000, 0x0000000097700000, 0x0000000097800000|  0%| F|  |TAMS 0x0000000097700000, 0x0000000097700000| Untracked 
|  94|0x0000000097800000, 0x0000000097800000, 0x0000000097900000|  0%| F|  |TAMS 0x0000000097800000, 0x0000000097800000| Untracked 
|  95|0x0000000097900000, 0x0000000097900000, 0x0000000097a00000|  0%| F|  |TAMS 0x0000000097900000, 0x0000000097900000| Untracked 
|  96|0x0000000097a00000, 0x0000000097a00000, 0x0000000097b00000|  0%| F|  |TAMS 0x0000000097a00000, 0x0000000097a00000| Untracked 
|  97|0x0000000097b00000, 0x0000000097b00000, 0x0000000097c00000|  0%| F|  |TAMS 0x0000000097b00000, 0x0000000097b00000| Untracked 
|  98|0x0000000097c00000, 0x0000000097c00000, 0x0000000097d00000|  0%| F|  |TAMS 0x0000000097c00000, 0x0000000097c00000| Untracked 
|  99|0x0000000097d00000, 0x0000000097d00000, 0x0000000097e00000|  0%| F|  |TAMS 0x0000000097d00000, 0x0000000097d00000| Untracked 
| 100|0x0000000097e00000, 0x0000000097e00000, 0x0000000097f00000|  0%| F|  |TAMS 0x0000000097e00000, 0x0000000097e00000| Untracked 
| 101|0x0000000097f00000, 0x0000000097f00000, 0x0000000098000000|  0%| F|  |TAMS 0x0000000097f00000, 0x0000000097f00000| Untracked 
| 102|0x0000000098000000, 0x0000000098000000, 0x0000000098100000|  0%| F|  |TAMS 0x0000000098000000, 0x0000000098000000| Untracked 
| 103|0x0000000098100000, 0x0000000098100000, 0x0000000098200000|  0%| F|  |TAMS 0x0000000098100000, 0x0000000098100000| Untracked 
| 104|0x0000000098200000, 0x0000000098200000, 0x0000000098300000|  0%| F|  |TAMS 0x0000000098200000, 0x0000000098200000| Untracked 
| 105|0x0000000098300000, 0x0000000098300000, 0x0000000098400000|  0%| F|  |TAMS 0x0000000098300000, 0x0000000098300000| Untracked 
| 106|0x0000000098400000, 0x0000000098400000, 0x0000000098500000|  0%| F|  |TAMS 0x0000000098400000, 0x0000000098400000| Untracked 
| 107|0x0000000098500000, 0x0000000098500000, 0x0000000098600000|  0%| F|  |TAMS 0x0000000098500000, 0x0000000098500000| Untracked 
| 108|0x0000000098600000, 0x0000000098600000, 0x0000000098700000|  0%| F|  |TAMS 0x0000000098600000, 0x0000000098600000| Untracked 
| 109|0x0000000098700000, 0x0000000098700000, 0x0000000098800000|  0%| F|  |TAMS 0x0000000098700000, 0x0000000098700000| Untracked 
| 110|0x0000000098800000, 0x0000000098800000, 0x0000000098900000|  0%| F|  |TAMS 0x0000000098800000, 0x0000000098800000| Untracked 
| 111|0x0000000098900000, 0x00000000989c7c28, 0x0000000098a00000| 78%| E|  |TAMS 0x0000000098900000, 0x0000000098900000| Complete 

Card table byte_map: [0x0000023f7bbc0000,0x0000023f7bf40000] _byte_map_base: 0x0000023f7b733000

Marking Bits (Prev, Next): (CMBitMap*) 0x0000023f75566920, (CMBitMap*) 0x0000023f75566960
 Prev Bits: [0x0000023f7c2c0000, 0x0000023f7de58000)
 Next Bits: [0x0000023f7de60000, 0x0000023f7f9f8000)

Polling page: 0x0000023f73250000

Metaspace:

Usage:
  Non-class:      2.81 MB used.
      Class:    238.21 KB used.
       Both:      3.05 MB used.

Virtual space:
  Non-class space:        8.00 MB reserved,       2.81 MB ( 35%) committed,  1 nodes.
      Class space:        1.00 GB reserved,     256.00 KB ( <1%) committed,  1 nodes.
             Both:        1.01 GB reserved,       3.06 MB ( <1%) committed. 

Chunk freelists:
   Non-Class:  0 bytes
       Class:  3.75 MB
        Both:  3.75 MB

MaxMetaspaceSize: unlimited
CompressedClassSpaceSize: 1.00 GB
Initial GC threshold: 21.00 MB
Current GC threshold: 21.00 MB
CDS: off
MetaspaceReclaimPolicy: balanced
 - commit_granule_bytes: 65536.
 - commit_granule_words: 8192.
 - virtual_space_node_default_size: 1048576.
 - enlarge_chunks_in_place: 1.
 - new_chunks_are_fully_committed: 0.
 - uncommit_free_chunks: 1.
 - use_allocation_guard: 0.
 - handle_deallocations: 1.


Internal statistics:

num_allocs_failed_limit: 0.
num_arena_births: 2.
num_arena_deaths: 0.
num_vsnodes_births: 2.
num_vsnodes_deaths: 0.
num_space_committed: 49.
num_space_uncommitted: 0.
num_chunks_returned_to_freelist: 0.
num_chunks_taken_from_freelist: 3.
num_chunk_merges: 0.
num_chunk_splits: 1.
num_chunks_enlarged: 0.
num_purges: 0.
num_inconsistent_stats: 0.

CodeCache: size=49152Kb used=1027Kb max_used=1027Kb free=48124Kb
 bounds [0x0000023f78bc0000, 0x0000023f78e30000, 0x0000023f7bbc0000]
 total_blobs=285 nmethods=25 adapters=188
 compilation: enabled
              stopped_count=0, restarted_count=0
 full_count=0

Compilation events (20 events):
Event: 0.282 Thread 0x0000023f021fe0b0   16       1       java.util.Objects::requireNonNull (14 bytes)
Event: 0.282 Thread 0x0000023f021fe0b0 nmethod 16 0x0000023f78cbe710 code [0x0000023f78cbe8a0, 0x0000023f78cbe9c8]
Event: 0.283 Thread 0x0000023f021fe0b0   17       1       java.util.AbstractCollection::<init> (5 bytes)
Event: 0.283 Thread 0x0000023f021fe0b0 nmethod 17 0x0000023f78cbea90 code [0x0000023f78cbec20, 0x0000023f78cbecd8]
Event: 0.283 Thread 0x0000023f021fe0b0   18       1       java.util.ImmutableCollections$AbstractImmutableCollection::<init> (5 bytes)
Event: 0.284 Thread 0x0000023f021fe0b0 nmethod 18 0x0000023f78cbed90 code [0x0000023f78cbef20, 0x0000023f78cbefd8]
Event: 0.284 Thread 0x0000023f021fe0b0   19       1       java.util.ImmutableCollections$AbstractImmutableSet::<init> (5 bytes)
Event: 0.284 Thread 0x0000023f021fe0b0 nmethod 19 0x0000023f78cbf090 code [0x0000023f78cbf220, 0x0000023f78cbf2d8]
Event: 0.285 Thread 0x0000023f021fe0b0   20       1       java.util.Set::of (68 bytes)
Event: 0.285 Thread 0x0000023f021fe0b0 nmethod 20 0x0000023f78cbf390 code [0x0000023f78cbf580, 0x0000023f78cbf9e8]
Event: 0.311 Thread 0x0000023f021fe0b0   21       1       java.lang.String::coder (15 bytes)
Event: 0.312 Thread 0x0000023f021fe0b0 nmethod 21 0x0000023f78cbfb90 code [0x0000023f78cbfd20, 0x0000023f78cbfdf8]
Event: 0.312 Thread 0x0000023f021fe0b0   22       1       java.lang.String::length (11 bytes)
Event: 0.312 Thread 0x0000023f021fe0b0 nmethod 22 0x0000023f78cbfe90 code [0x0000023f78cc0020, 0x0000023f78cc00f8]
Event: 0.312 Thread 0x0000023f021fe0b0   23       1       java.lang.module.ModuleDescriptor::name (5 bytes)
Event: 0.312 Thread 0x0000023f021fe0b0 nmethod 23 0x0000023f78cc0190 code [0x0000023f78cc0320, 0x0000023f78cc03f8]
Event: 0.317 Thread 0x0000023f021fe0b0   24       1       java.lang.module.ModuleReference::descriptor (5 bytes)
Event: 0.318 Thread 0x0000023f021fe0b0 nmethod 24 0x0000023f78cc0490 code [0x0000023f78cc0620, 0x0000023f78cc06f8]
Event: 0.320 Thread 0x0000023f021fe0b0   25       1       java.net.URI::hash (33 bytes)
Event: 0.320 Thread 0x0000023f021fe0b0 nmethod 25 0x0000023f78cc0790 code [0x0000023f78cc0960, 0x0000023f78cc0b38]

GC Heap History (0 events):
No events

Dll operation events (1 events):
Event: 0.023 Loaded shared library C:\Users\Oscar Carpio\Desktop\sts-4.18.0.RELEASE\plugins\org.eclipse.justj.openjdk.hotspot.jre.full.win32.x86_64_17.0.6.v20230204-1729\jre\bin\java.dll

Deoptimization events (0 events):
No events

Classes unloaded (0 events):
No events

Classes redefined (0 events):
No events

Internal exceptions (0 events):
No events

VM Operations (0 events):
No events

Events (20 events):
Event: 0.304 loading class jdk/internal/module/ModuleHashes$HashSupplier
Event: 0.306 loading class jdk/internal/module/ModuleHashes$HashSupplier done
Event: 0.306 loading class jdk/internal/module/SystemModuleFinders$3 done
Event: 0.313 loading class jdk/internal/module/SystemModuleFinders$SystemModuleFinder
Event: 0.313 loading class java/lang/module/ModuleFinder
Event: 0.313 loading class java/lang/module/ModuleFinder done
Event: 0.313 loading class jdk/internal/module/SystemModuleFinders$SystemModuleFinder done
Event: 0.322 loading class java/util/Optional
Event: 0.323 loading class java/util/Optional done
Event: 0.323 loading class jdk/internal/loader/BootLoader
Event: 0.323 loading class jdk/internal/loader/BootLoader done
Event: 0.325 loading class jdk/internal/loader/NativeLibraries
Event: 0.326 loading class jdk/internal/loader/NativeLibraries done
Event: 0.326 loading class jdk/internal/loader/ClassLoaderHelper
Event: 0.326 loading class jdk/internal/loader/ClassLoaderHelper done
Event: 0.326 loading class java/util/ArrayDeque
Event: 0.328 loading class java/util/Deque
Event: 0.328 loading class java/util/Queue
Event: 0.329 loading class java/util/Queue done
Event: 0.329 loading class java/util/Deque done


Dynamic libraries:
0x00007ff643b20000 - 0x00007ff643b2e000 	C:\Users\Oscar Carpio\Desktop\sts-4.18.0.RELEASE\plugins\org.eclipse.justj.openjdk.hotspot.jre.full.win32.x86_64_17.0.6.v20230204-1729\jre\bin\javaw.exe
0x00007fff6ff70000 - 0x00007fff70168000 	C:\WINDOWS\SYSTEM32\ntdll.dll
0x00007fff6f260000 - 0x00007fff6f31f000 	C:\WINDOWS\System32\KERNEL32.DLL
0x00007fff6dc30000 - 0x00007fff6df26000 	C:\WINDOWS\System32\KERNELBASE.dll
0x00007fff6dac0000 - 0x00007fff6dbc0000 	C:\WINDOWS\System32\ucrtbase.dll
0x00007fff65f30000 - 0x00007fff65f47000 	C:\Users\Oscar Carpio\Desktop\sts-4.18.0.RELEASE\plugins\org.eclipse.justj.openjdk.hotspot.jre.full.win32.x86_64_17.0.6.v20230204-1729\jre\bin\jli.dll
0x00007fff6e470000 - 0x00007fff6e60d000 	C:\WINDOWS\System32\USER32.dll
0x00007fff6d650000 - 0x00007fff6d672000 	C:\WINDOWS\System32\win32u.dll
0x00007fff6e700000 - 0x00007fff6e72c000 	C:\WINDOWS\System32\GDI32.dll
0x00007fff6d680000 - 0x00007fff6d795000 	C:\WINDOWS\System32\gdi32full.dll
0x00007fff6df30000 - 0x00007fff6dfcd000 	C:\WINDOWS\System32\msvcp_win.dll
0x00007fff56fb0000 - 0x00007fff56fc9000 	C:\Users\Oscar Carpio\Desktop\sts-4.18.0.RELEASE\plugins\org.eclipse.justj.openjdk.hotspot.jre.full.win32.x86_64_17.0.6.v20230204-1729\jre\bin\VCRUNTIME140.dll
0x00007fff5bc90000 - 0x00007fff5bf2a000 	C:\WINDOWS\WinSxS\amd64_microsoft.windows.common-controls_6595b64144ccf1df_6.0.19041.1110_none_60b5254171f9507e\COMCTL32.dll
0x00007fff6ecb0000 - 0x00007fff6ed4e000 	C:\WINDOWS\System32\msvcrt.dll
0x00007fff6dfd0000 - 0x00007fff6e000000 	C:\WINDOWS\System32\IMM32.DLL
0x00007fff56fa0000 - 0x00007fff56fac000 	C:\Users\Oscar Carpio\Desktop\sts-4.18.0.RELEASE\plugins\org.eclipse.justj.openjdk.hotspot.jre.full.win32.x86_64_17.0.6.v20230204-1729\jre\bin\vcruntime140_1.dll
0x00007fff54c80000 - 0x00007fff54d11000 	C:\Users\Oscar Carpio\Desktop\sts-4.18.0.RELEASE\plugins\org.eclipse.justj.openjdk.hotspot.jre.full.win32.x86_64_17.0.6.v20230204-1729\jre\bin\msvcp140.dll
0x00007fff39a90000 - 0x00007fff3a6d7000 	C:\Users\Oscar Carpio\Desktop\sts-4.18.0.RELEASE\plugins\org.eclipse.justj.openjdk.hotspot.jre.full.win32.x86_64_17.0.6.v20230204-1729\jre\bin\server\jvm.dll
0x00007fff6fde0000 - 0x00007fff6fe8f000 	C:\WINDOWS\System32\ADVAPI32.dll
0x00007fff6fe90000 - 0x00007fff6ff2c000 	C:\WINDOWS\System32\sechost.dll
0x00007fff6f380000 - 0x00007fff6f4a6000 	C:\WINDOWS\System32\RPCRT4.dll
0x00007fff59f50000 - 0x00007fff59f59000 	C:\WINDOWS\SYSTEM32\WSOCK32.dll
0x00007fff6fcf0000 - 0x00007fff6fd5b000 	C:\WINDOWS\System32\WS2_32.dll
0x00007fff630f0000 - 0x00007fff63117000 	C:\WINDOWS\SYSTEM32\WINMM.dll
0x00007fff651f0000 - 0x00007fff651fa000 	C:\WINDOWS\SYSTEM32\VERSION.dll
0x00007fff6b4c0000 - 0x00007fff6b4d2000 	C:\WINDOWS\SYSTEM32\kernel.appcore.dll
0x00007fff69010000 - 0x00007fff6901a000 	C:\Users\Oscar Carpio\Desktop\sts-4.18.0.RELEASE\plugins\org.eclipse.justj.openjdk.hotspot.jre.full.win32.x86_64_17.0.6.v20230204-1729\jre\bin\jimage.dll
0x00007fff66850000 - 0x00007fff66a34000 	C:\WINDOWS\SYSTEM32\DBGHELP.DLL
0x00007fff5c370000 - 0x00007fff5c3a4000 	C:\WINDOWS\SYSTEM32\dbgcore.DLL
0x00007fff6d7f0000 - 0x00007fff6d872000 	C:\WINDOWS\System32\bcryptPrimitives.dll
0x00007fff65e20000 - 0x00007fff65e45000 	C:\Users\Oscar Carpio\Desktop\sts-4.18.0.RELEASE\plugins\org.eclipse.justj.openjdk.hotspot.jre.full.win32.x86_64_17.0.6.v20230204-1729\jre\bin\java.dll
0x00007fff65e00000 - 0x00007fff65e18000 	C:\Users\Oscar Carpio\Desktop\sts-4.18.0.RELEASE\plugins\org.eclipse.justj.openjdk.hotspot.jre.full.win32.x86_64_17.0.6.v20230204-1729\jre\bin\zip.dll
0x00007fff6f510000 - 0x00007fff6fc54000 	C:\WINDOWS\System32\SHELL32.dll
0x00007fff6b6c0000 - 0x00007fff6be53000 	C:\WINDOWS\SYSTEM32\windows.storage.dll
0x00007fff6e730000 - 0x00007fff6ea84000 	C:\WINDOWS\System32\combase.dll
0x00007fff6cfc0000 - 0x00007fff6cfee000 	C:\WINDOWS\SYSTEM32\Wldp.dll
0x00007fff6eaf0000 - 0x00007fff6eb9d000 	C:\WINDOWS\System32\SHCORE.dll
0x00007fff6ea90000 - 0x00007fff6eae5000 	C:\WINDOWS\System32\shlwapi.dll
0x00007fff6d590000 - 0x00007fff6d5af000 	C:\WINDOWS\SYSTEM32\profapi.dll

dbghelp: loaded successfully - version: 4.0.5 - missing functions: none
symbol engine: initialized successfully - sym options: 0x614 - pdb path: .;C:\Users\Oscar Carpio\Desktop\sts-4.18.0.RELEASE\plugins\org.eclipse.justj.openjdk.hotspot.jre.full.win32.x86_64_17.0.6.v20230204-1729\jre\bin;C:\WINDOWS\SYSTEM32;C:\WINDOWS\WinSxS\amd64_microsoft.windows.common-controls_6595b64144ccf1df_6.0.19041.1110_none_60b5254171f9507e;C:\Users\Oscar Carpio\Desktop\sts-4.18.0.RELEASE\plugins\org.eclipse.justj.openjdk.hotspot.jre.full.win32.x86_64_17.0.6.v20230204-1729\jre\bin\server

VM Arguments:
jvm_args: -Dcom.sun.management.jmxremote -Dcom.sun.management.jmxremote.port=59087 -Dcom.sun.management.jmxremote.authenticate=false -Dcom.sun.management.jmxremote.ssl=false -Djava.rmi.server.hostname=localhost -Dspring.jmx.enabled=true -Dmanagement.endpoints.jmx.exposure.include=* -Dspring.application.admin.enabled=true -XX:TieredStopAtLevel=1 -Dspring.boot.project.name=tickchecktingAPI -Dfile.encoding=windows-1252 -XX:+ShowCodeDetailsInExceptionMessages 
java_command: com.ncapas.tickcheckting.TickchecktingApiApplication --spring.output.ansi.enabled=always
java_class_path (initial): C:\Users\Oscar Carpio\Desktop\Proyecto-NCapas\tickchecktingAPI\bin\main;C:\Users\Oscar Carpio\.gradle\caches\modules-2\files-2.1\org.projectlombok\lombok\1.18.26\8f8cf0372abf564913e9796623aac4c8ea44025a\lombok-1.18.26.jar;C:\Users\Oscar Carpio\.gradle\caches\modules-2\files-2.1\org.springframework.boot\spring-boot-starter-data-jpa\3.0.6\d0b6b836a6e3a223a92e6594c2d8c5f0a7cccec\spring-boot-starter-data-jpa-3.0.6.jar;C:\Users\Oscar Carpio\.gradle\caches\modules-2\files-2.1\org.springframework.boot\spring-boot-starter-validation\3.0.6\d5933e79435cd9459be59f297e207caa0deb01f6\spring-boot-starter-validation-3.0.6.jar;C:\Users\Oscar Carpio\.gradle\caches\modules-2\files-2.1\org.springframework.boot\spring-boot-starter-web\3.0.6\7c6597cae584c359d7e4ddea6e006176e0c15936\spring-boot-starter-web-3.0.6.jar;C:\Users\Oscar Carpio\.gradle\caches\modules-2\files-2.1\org.springframework.boot\spring-boot-starter-security\3.0.6\e9f3c6cf299f1dd967f5a7fbca7815183c4ba4b1\spring-boot-starter-security-3.0.6.jar;C:\Users\Oscar Carpio\.gradle\caches\modules-2\files-2.1\io.jsonwebtoken\jjwt-impl\0.11.5\40a599f0e8a8e4e0701596fbb15e67bfda64fdf0\jjwt-impl-0.11.5.jar;C:\Users\Oscar Carpio\.gradle\caches\modules-2\files-2.1\io.jsonwebtoken\jjwt-jackson\0.11.5\3b83a06809e98a69402d7333dcf67df6f6ea4579\jjwt-jackson-0.11.5.jar;C:\Users\Oscar Carpio\.gradle\caches\modules-2\files-2.1\io.jsonwebtoken\jjwt-api\0.11.5\f742940045619d06383e7df37b21ac422b476cf1\jjwt-api-0.11.5.jar;C:\Users\Oscar Carpio\.gradle\caches\modules-2\files-2.1\org.springframework.boot\spring-boot-starter-aop\3.0.6\bb39de062db9b7b7a277e6c026ed5ac45f544fc8\spring-boot-starter-aop-3.0.6.jar;C:\Users\Oscar Carpio\.gradle\caches\modules-2\files-2.1\org.springframework.boot\spring-boot-starter-jdbc\3.0.6\672661f4a90a9479170fba058a88892dac5ba69c\spring-boot-starter-jdbc-3.0.6.jar;C:\Users\Oscar Carpio\.gradle\caches\modules-2\files-2.1\org.hibernate.orm\hibernate-core\6.1.7.Final\343f47b34c96fe9c44bf9b219a7b3c
Launcher Type: SUN_STANDARD

[Global flags]
     intx CICompilerCount                          = 3                                         {product} {ergonomic}
     uint ConcGCThreads                            = 1                                         {product} {ergonomic}
     uint G1ConcRefinementThreads                  = 4                                         {product} {ergonomic}
   size_t G1HeapRegionSize                         = 1048576                                   {product} {ergonomic}
    uintx GCDrainStackTargetSize                   = 64                                        {product} {ergonomic}
   size_t InitialHeapSize                          = 117440512                                 {product} {ergonomic}
     bool ManagementServer                         = true                                      {product} {command line}
   size_t MarkStackSize                            = 4194304                                   {product} {ergonomic}
   size_t MaxHeapSize                              = 1851785216                                {product} {ergonomic}
   size_t MaxNewSize                               = 1110441984                                {product} {ergonomic}
   size_t MinHeapDeltaBytes                        = 1048576                                   {product} {ergonomic}
   size_t MinHeapSize                              = 8388608                                   {product} {ergonomic}
    uintx NonProfiledCodeHeapSize                  = 0                                      {pd product} {ergonomic}
     bool ProfileInterpreter                       = false                                  {pd product} {command line}
    uintx ProfiledCodeHeapSize                     = 0                                      {pd product} {ergonomic}
     bool ShowCodeDetailsInExceptionMessages       = true                                   {manageable} {command line}
   size_t SoftMaxHeapSize                          = 1851785216                             {manageable} {ergonomic}
     intx TieredStopAtLevel                        = 1                                         {product} {command line}
     bool UseCompressedClassPointers               = true                           {product lp64_product} {ergonomic}
     bool UseCompressedOops                        = true                           {product lp64_product} {ergonomic}
     bool UseG1GC                                  = true                                      {product} {ergonomic}
     bool UseLargePagesIndividualAllocation        = false                                  {pd product} {ergonomic}

Logging:
Log output configuration:
 #0: stdout all=warning uptime,level,tags
 #1: stderr all=off uptime,level,tags

Environment Variables:
PATH=C:/Users/Oscar Carpio/Desktop/sts-4.18.0.RELEASE//plugins/org.eclipse.justj.openjdk.hotspot.jre.full.win32.x86_64_17.0.6.v20230204-1729/jre/bin/server;C:/Users/Oscar Carpio/Desktop/sts-4.18.0.RELEASE//plugins/org.eclipse.justj.openjdk.hotspot.jre.full.win32.x86_64_17.0.6.v20230204-1729/jre/bin;C:\Program Files\Common Files\Oracle\Java\javapath;C:\Program Files (x86)\Common Files\Oracle\Java\javapath;C:\Python310\Scripts\;C:\Python310\;C:\Oracle\WINDOWS.X64_193000_db_home\bin;C:\WINDOWS\system32;C:\WINDOWS;C:\WINDOWS\System32\Wbem;C:\WINDOWS\System32\WindowsPowerShell\v1.0\;C:\WINDOWS\System32\OpenSSH\;C:\Program Files\dotnet\;C:\Program Files\Git\cmd;C:\ProgramData\chocolatey\bin;C:\Program Files\nodejs\;C:\NASM;C:\MinGW\bin;C:\Program Files (x86)\DOSBox-0.74-3;C:\Users\Oscar Carpio\Desktop\vckp\vcpkg;C:\Users\Oscar Carpio\AppData\Local\Microsoft\WindowsApps;C:\Program Files\JetBrains\JetBrains Rider 2021.1.2\bin;;C:\Program Files\Azure Data Studio\bin;C:\Users\Oscar Carpio\AppData\Roaming\npm;C:\Program Files\MongoDB\Server\5.0\bin;C:\Users\Oscar Carpio\.dotnet\tools;C:\Program Files\heroku\bin;C:\MinGW\bin;C:\Microsoft VS Code\bin;C:\Users\Oscar Carpio\Desktop\sts-4.18.0.RELEASE;
USERNAME=Oscar Carpio
OS=Windows_NT
PROCESSOR_IDENTIFIER=AMD64 Family 23 Model 17 Stepping 0, AuthenticAMD
TMP=C:\Users\OSCARC~1\AppData\Local\Temp
TEMP=C:\Users\OSCARC~1\AppData\Local\Temp



---------------  S Y S T E M  ---------------

OS:
 Windows 10 , 64 bit Build 19041 (10.0.19041.3031)
OS uptime: 1 days 2:52 hours
Hyper-V role detected

CPU: total 4 (initial active 4) (4 cores per cpu, 2 threads per core) family 23 model 17 stepping 0 microcode 0x0, cx8, cmov, fxsr, ht, mmx, 3dnowpref, sse, sse2, sse3, ssse3, sse4a, sse4.1, sse4.2, popcnt, lzcnt, tsc, tscinvbit, avx, avx2, aes, clmul, bmi1, bmi2, adx, sha, fma, vzeroupper, clflush, clflushopt, hv

Memory: 4k page, system-wide physical 7061M (1596M free)
TotalPageFile size 8061M (AvailPageFile size 2M)
current process WorkingSet (physical memory assigned to process): 24M, peak: 24M
current process commit charge ("private bytes"): 170M, peak: 170M

vm_info: OpenJDK 64-Bit Server VM (17.0.6+10) for windows-amd64 JRE (17.0.6+10), built on Jan 18 2023 10:08:59 by "temurin" with MS VC++ 16.7 (VS2019)

END.
