#
# There is insufficient memory for the Java Runtime Environment to continue.
# Native memory allocation (mmap) failed to map 54525952 bytes for G1 virtual space
# Possible reasons:
#   The system is out of physical RAM or swap space
#   The process is running with CompressedOops enabled, and the Java Heap may be blocking the growth of the native heap
# Possible solutions:
#   Reduce memory load on the system
#   Increase physical memory or swap space
#   Check if swap backing store is full
#   Decrease Java heap size (-Xmx/-Xms)
#   Decrease number of Java threads
#   Decrease Java thread stack sizes (-Xss)
#   Set larger code cache with -XX:ReservedCodeCacheSize=
#   JVM is running with Unscaled Compressed Oops mode in which the Java heap is
#     placed in the first 4GB address space. The Java Heap base address is the
#     maximum limit for the native heap growth. Please use -XX:HeapBaseMinAddress
#     to set the Java Heap base and to place the Java Heap above 4GB virtual address.
# This output file may be truncated or incomplete.
#
#  Out of Memory Error (os_windows.cpp:3557), pid=8828, tid=1492
#
# JRE version: OpenJDK Runtime Environment Temurin-17.0.6+10 (17.0.6+10) (build 17.0.6+10)
# Java VM: OpenJDK 64-Bit Server VM Temurin-17.0.6+10 (17.0.6+10, mixed mode, emulated-client, tiered, compressed oops, compressed class ptrs, g1 gc, windows-amd64)
# No core dump will be written. Minidumps are not enabled by default on client versions of Windows
#

---------------  S U M M A R Y ------------

Command Line: -Dcom.sun.management.jmxremote -Dcom.sun.management.jmxremote.port=49685 -Dcom.sun.management.jmxremote.authenticate=false -Dcom.sun.management.jmxremote.ssl=false -Djava.rmi.server.hostname=localhost -Dspring.jmx.enabled=true -Dmanagement.endpoints.jmx.exposure.include=* -Dspring.application.admin.enabled=true -XX:TieredStopAtLevel=1 -Dspring.boot.project.name=tickchecktingAPI -Dfile.encoding=windows-1252 -XX:+ShowCodeDetailsInExceptionMessages com.ncapas.tickcheckting.TickchecktingApiApplication --spring.output.ansi.enabled=always

Host: AMD Ryzen 3 2200U with Radeon Vega Mobile Gfx  , 4 cores, 6G,  Windows 10 , 64 bit Build 19041 (10.0.19041.3031)
Time: Sat Jun 24 20:48:48 2023 Hora estándar, América Central elapsed time: 6.549867 seconds (0d 0h 0m 6s)

---------------  T H R E A D  ---------------

Current thread (0x000001ba41534950):  VMThread "VM Thread" [stack: 0x00000080f8f00000,0x00000080f9000000] [id=1492]

Stack: [0x00000080f8f00000,0x00000080f9000000]
Native frames: (J=compiled Java code, j=interpreted, Vv=VM code, C=native code)
V  [jvm.dll+0x67741a]
V  [jvm.dll+0x834434]
V  [jvm.dll+0x835bde]
V  [jvm.dll+0x836243]
V  [jvm.dll+0x2457b5]
V  [jvm.dll+0x674329]
V  [jvm.dll+0x6689da]
V  [jvm.dll+0x30489b]
V  [jvm.dll+0x30bd96]
V  [jvm.dll+0x35b57e]
V  [jvm.dll+0x35b7af]
V  [jvm.dll+0x2db778]
V  [jvm.dll+0x2d9a2c]
V  [jvm.dll+0x2d8ffc]
V  [jvm.dll+0x31cdcb]
V  [jvm.dll+0x83a6eb]
V  [jvm.dll+0x83b424]
V  [jvm.dll+0x83b93c]
V  [jvm.dll+0x83bd14]
V  [jvm.dll+0x83bde0]
V  [jvm.dll+0x7e483a]
V  [jvm.dll+0x6762c5]
C  [ucrtbase.dll+0x21bb2]
C  [KERNEL32.DLL+0x17614]
C  [ntdll.dll+0x526f1]

VM_Operation (0x00000080f89f75b0): G1CollectForAllocation, mode: safepoint, requested by thread 0x000001ba348e2520


---------------  P R O C E S S  ---------------

Threads class SMR info:
_java_thread_list=0x000001ba4451d600, length=22, elements={
0x000001ba348e2520, 0x000001ba4154e280, 0x000001ba4154f7a0, 0x000001ba4156ae30,
0x000001ba4156dbc0, 0x000001ba42013080, 0x000001ba420150f0, 0x000001ba4202d510,
0x000001ba4202ed50, 0x000001ba414b1ab0, 0x000001ba42118930, 0x000001ba42118e40,
0x000001ba42222e80, 0x000001ba427152a0, 0x000001ba4279a650, 0x000001ba428a8030,
0x000001ba42937100, 0x000001ba42baee00, 0x000001ba42baf2d0, 0x000001ba42afe1e0,
0x000001ba444a4e10, 0x000001ba444a2c60
}

Java Threads: ( => current thread )
  0x000001ba348e2520 JavaThread "main" [_thread_blocked, id=8296, stack(0x00000080f8900000,0x00000080f8a00000)]
  0x000001ba4154e280 JavaThread "Reference Handler" daemon [_thread_blocked, id=688, stack(0x00000080f9000000,0x00000080f9100000)]
  0x000001ba4154f7a0 JavaThread "Finalizer" daemon [_thread_blocked, id=8684, stack(0x00000080f9100000,0x00000080f9200000)]
  0x000001ba4156ae30 JavaThread "Signal Dispatcher" daemon [_thread_blocked, id=4916, stack(0x00000080f9200000,0x00000080f9300000)]
  0x000001ba4156dbc0 JavaThread "Attach Listener" daemon [_thread_blocked, id=8160, stack(0x00000080f9300000,0x00000080f9400000)]
  0x000001ba42013080 JavaThread "Service Thread" daemon [_thread_blocked, id=10456, stack(0x00000080f9400000,0x00000080f9500000)]
  0x000001ba420150f0 JavaThread "Monitor Deflation Thread" daemon [_thread_blocked, id=384, stack(0x00000080f9500000,0x00000080f9600000)]
  0x000001ba4202d510 JavaThread "C1 CompilerThread0" daemon [_thread_blocked, id=6480, stack(0x00000080f9600000,0x00000080f9700000)]
  0x000001ba4202ed50 JavaThread "Sweeper thread" daemon [_thread_blocked, id=1184, stack(0x00000080f9700000,0x00000080f9800000)]
  0x000001ba414b1ab0 JavaThread "Common-Cleaner" daemon [_thread_blocked, id=5440, stack(0x00000080f9800000,0x00000080f9900000)]
  0x000001ba42118930 JavaThread "C1 CompilerThread1" daemon [_thread_blocked, id=3640, stack(0x00000080f9900000,0x00000080f9a00000)]
  0x000001ba42118e40 JavaThread "C1 CompilerThread2" daemon [_thread_blocked, id=10616, stack(0x00000080f9a00000,0x00000080f9b00000)]
  0x000001ba42222e80 JavaThread "Notification Thread" daemon [_thread_blocked, id=1304, stack(0x00000080f9b00000,0x00000080f9c00000)]
  0x000001ba427152a0 JavaThread "RMI TCP Accept-0" daemon [_thread_in_native, id=9896, stack(0x00000080f9c00000,0x00000080f9d00000)]
  0x000001ba4279a650 JavaThread "RMI TCP Accept-49685" daemon [_thread_in_native, id=9832, stack(0x00000080f9d00000,0x00000080f9e00000)]
  0x000001ba428a8030 JavaThread "RMI TCP Accept-0" daemon [_thread_in_native, id=6452, stack(0x00000080f9e00000,0x00000080f9f00000)]
  0x000001ba42937100 JavaThread "RMI TCP Connection(1)-127.0.0.1" daemon [_thread_in_native, id=7640, stack(0x00000080fa500000,0x00000080fa600000)]
  0x000001ba42baee00 JavaThread "RMI Scheduler(0)" daemon [_thread_blocked, id=5596, stack(0x00000080fa600000,0x00000080fa700000)]
  0x000001ba42baf2d0 JavaThread "RMI TCP Connection(2)-127.0.0.1" daemon [_thread_in_native, id=10632, stack(0x00000080fa700000,0x00000080fa800000)]
  0x000001ba42afe1e0 JavaThread "JMX server connection timeout 21" daemon [_thread_blocked, id=236, stack(0x00000080fa800000,0x00000080fa900000)]
  0x000001ba444a4e10 JavaThread "HikariPool-1 housekeeper" daemon [_thread_blocked, id=11128, stack(0x00000080faa00000,0x00000080fab00000)]
  0x000001ba444a2c60 JavaThread "HikariPool-1 connection adder" daemon [_thread_blocked, id=7224, stack(0x00000080fab00000,0x00000080fac00000)]

Other Threads:
=>0x000001ba41534950 VMThread "VM Thread" [stack: 0x00000080f8f00000,0x00000080f9000000] [id=1492]
  0x000001ba3494e850 WatcherThread [stack: 0x00000080f9f00000,0x00000080fa000000] [id=6808]
  0x000001ba34935190 GCTaskThread "GC Thread#0" [stack: 0x00000080f8a00000,0x00000080f8b00000] [id=7412]
  0x000001ba428ef2c0 GCTaskThread "GC Thread#1" [stack: 0x00000080fa000000,0x00000080fa100000] [id=2256]
  0x000001ba428f0840 GCTaskThread "GC Thread#2" [stack: 0x00000080fa100000,0x00000080fa200000] [id=10340]
  0x000001ba428ef010 GCTaskThread "GC Thread#3" [stack: 0x00000080fa200000,0x00000080fa300000] [id=8072]
  0x000001ba34946450 ConcurrentGCThread "G1 Main Marker" [stack: 0x00000080f8b00000,0x00000080f8c00000] [id=3292]
  0x000001ba34948520 ConcurrentGCThread "G1 Conc#0" [stack: 0x00000080f8c00000,0x00000080f8d00000] [id=10036]
  0x000001ba41380090 ConcurrentGCThread "G1 Refine#0" [stack: 0x00000080f8d00000,0x00000080f8e00000] [id=1688]
  0x000001ba4231cf10 ConcurrentGCThread "G1 Refine#1" [stack: 0x00000080fa300000,0x00000080fa400000] [id=4348]
  0x000001ba4231d1f0 ConcurrentGCThread "G1 Refine#2" [stack: 0x00000080fa400000,0x00000080fa500000] [id=2204]
  0x000001ba413809c0 ConcurrentGCThread "G1 Service" [stack: 0x00000080f8e00000,0x00000080f8f00000] [id=10744]

Threads with active compile tasks:

VM state: at safepoint (normal execution)

VM Mutex/Monitor currently owned by a thread:  ([mutex/lock_event])
[0x000001ba348ca220] Threads_lock - owner thread: 0x000001ba41534950
[0x000001ba348cac40] Heap_lock - owner thread: 0x000001ba348e2520

Heap address: 0x0000000091a00000, size: 1766 MB, Compressed Oops mode: 32-bit

CDS archive(s) not mapped
Compressed class space mapped at: 0x0000000100000000-0x0000000140000000, reserved size: 1073741824
Narrow klass base: 0x0000000000000000, Narrow klass shift: 3, Narrow klass range: 0x140000000

GC Precious Log:
 CPUs: 4 total, 4 available
 Memory: 7061M
 Large Page Support: Disabled
 NUMA Support: Disabled
 Compressed Oops: Enabled (32-bit)
 Heap Region Size: 1M
 Heap Min Capacity: 8M
 Heap Initial Capacity: 112M
 Heap Max Capacity: 1766M
 Pre-touch: Disabled
 Parallel Workers: 4
 Concurrent Workers: 1
 Concurrent Refinement Workers: 4
 Periodic GC: Disabled

Heap:
 garbage-first heap   total 61440K, used 23956K [0x0000000091a00000, 0x0000000100000000)
  region size 1024K, 3 young (3072K), 3 survivors (3072K)
 Metaspace       used 57059K, committed 57472K, reserved 1105920K
  class space    used 7754K, committed 7936K, reserved 1048576K

Heap Regions: E=young(eden), S=young(survivor), O=old, HS=humongous(starts), HC=humongous(continues), CS=collection set, F=free, OA=open archive, CA=closed archive, TAMS=top-at-mark-start (previous, next)
|   0|0x0000000091a00000, 0x0000000091b00000, 0x0000000091b00000|100%|HS|  |TAMS 0x0000000091b00000, 0x0000000091a00000| Complete 
|   1|0x0000000091b00000, 0x0000000091c00000, 0x0000000091c00000|100%| O|  |TAMS 0x0000000091c00000, 0x0000000091b00000| Untracked 
|   2|0x0000000091c00000, 0x0000000091d00000, 0x0000000091d00000|100%| O|  |TAMS 0x0000000091d00000, 0x0000000091c00000| Untracked 
|   3|0x0000000091d00000, 0x0000000091e00000, 0x0000000091e00000|100%| O|  |TAMS 0x0000000091e00000, 0x0000000091d00000| Untracked 
|   4|0x0000000091e00000, 0x0000000091f00000, 0x0000000091f00000|100%| O|  |TAMS 0x0000000091f00000, 0x0000000091e00000| Untracked 
|   5|0x0000000091f00000, 0x0000000092000000, 0x0000000092000000|100%| O|  |TAMS 0x0000000092000000, 0x0000000091f00000| Untracked 
|   6|0x0000000092000000, 0x0000000092100000, 0x0000000092100000|100%| O|  |TAMS 0x0000000092000000, 0x0000000092000000| Untracked 
|   7|0x0000000092100000, 0x0000000092200000, 0x0000000092200000|100%| O|  |TAMS 0x0000000092200000, 0x0000000092100000| Untracked 
|   8|0x0000000092200000, 0x0000000092300000, 0x0000000092300000|100%| O|  |TAMS 0x0000000092300000, 0x0000000092200000| Untracked 
|   9|0x0000000092300000, 0x0000000092400000, 0x0000000092400000|100%| O|  |TAMS 0x0000000092400000, 0x0000000092300000| Untracked 
|  10|0x0000000092400000, 0x0000000092500000, 0x0000000092500000|100%| O|  |TAMS 0x0000000092500000, 0x0000000092400000| Untracked 
|  11|0x0000000092500000, 0x0000000092600000, 0x0000000092600000|100%| O|  |TAMS 0x0000000092500000, 0x0000000092500000| Untracked 
|  12|0x0000000092600000, 0x0000000092700000, 0x0000000092700000|100%| O|  |TAMS 0x0000000092600000, 0x0000000092600000| Untracked 
|  13|0x0000000092700000, 0x0000000092800000, 0x0000000092800000|100%| O|  |TAMS 0x0000000092700000, 0x0000000092700000| Untracked 
|  14|0x0000000092800000, 0x0000000092900000, 0x0000000092900000|100%| O|  |TAMS 0x0000000092800000, 0x0000000092800000| Untracked 
|  15|0x0000000092900000, 0x0000000092a00000, 0x0000000092a00000|100%| O|  |TAMS 0x0000000092900000, 0x0000000092900000| Untracked 
|  16|0x0000000092a00000, 0x0000000092b00000, 0x0000000092b00000|100%| O|  |TAMS 0x0000000092a3cc00, 0x0000000092a00000| Untracked 
|  17|0x0000000092b00000, 0x0000000092c00000, 0x0000000092c00000|100%| O|  |TAMS 0x0000000092b00000, 0x0000000092b00000| Untracked 
|  18|0x0000000092c00000, 0x0000000092d00000, 0x0000000092d00000|100%| O|  |TAMS 0x0000000092c00000, 0x0000000092c00000| Untracked 
|  19|0x0000000092d00000, 0x0000000092d65200, 0x0000000092e00000| 39%| O|  |TAMS 0x0000000092d00000, 0x0000000092d00000| Untracked 
|  20|0x0000000092e00000, 0x0000000092e00000, 0x0000000092f00000|  0%| F|  |TAMS 0x0000000092e00000, 0x0000000092e00000| Untracked 
|  21|0x0000000092f00000, 0x0000000092f00000, 0x0000000093000000|  0%| F|  |TAMS 0x0000000092f00000, 0x0000000092f00000| Untracked 
|  22|0x0000000093000000, 0x0000000093000000, 0x0000000093100000|  0%| F|  |TAMS 0x0000000093000000, 0x0000000093000000| Untracked 
|  23|0x0000000093100000, 0x0000000093100000, 0x0000000093200000|  0%| F|  |TAMS 0x0000000093100000, 0x0000000093100000| Untracked 
|  24|0x0000000093200000, 0x0000000093300000, 0x0000000093300000|100%| O|  |TAMS 0x0000000093200000, 0x0000000093200000| Untracked 
|  25|0x0000000093300000, 0x0000000093300000, 0x0000000093400000|  0%| F|  |TAMS 0x0000000093300000, 0x0000000093300000| Untracked 
|  26|0x0000000093400000, 0x0000000093400000, 0x0000000093500000|  0%| F|  |TAMS 0x0000000093400000, 0x0000000093400000| Untracked 
|  27|0x0000000093500000, 0x0000000093500000, 0x0000000093600000|  0%| F|  |TAMS 0x0000000093500000, 0x0000000093500000| Untracked 
|  28|0x0000000093600000, 0x0000000093600000, 0x0000000093700000|  0%| F|  |TAMS 0x0000000093600000, 0x0000000093600000| Untracked 
|  29|0x0000000093700000, 0x0000000093700000, 0x0000000093800000|  0%| F|  |TAMS 0x0000000093700000, 0x0000000093700000| Untracked 
|  30|0x0000000093800000, 0x0000000093800000, 0x0000000093900000|  0%| F|  |TAMS 0x0000000093800000, 0x0000000093800000| Untracked 
|  31|0x0000000093900000, 0x0000000093900000, 0x0000000093a00000|  0%| F|  |TAMS 0x0000000093900000, 0x0000000093900000| Untracked 
|  32|0x0000000093a00000, 0x0000000093a00000, 0x0000000093b00000|  0%| F|  |TAMS 0x0000000093a00000, 0x0000000093a00000| Untracked 
|  33|0x0000000093b00000, 0x0000000093c00000, 0x0000000093c00000|100%| S|CS|TAMS 0x0000000093b00000, 0x0000000093b00000| Complete 
|  34|0x0000000093c00000, 0x0000000093d00000, 0x0000000093d00000|100%| S|CS|TAMS 0x0000000093c00000, 0x0000000093c00000| Complete 
|  35|0x0000000093d00000, 0x0000000093e00000, 0x0000000093e00000|100%| S|CS|TAMS 0x0000000093d00000, 0x0000000093d00000| Complete 
|  36|0x0000000093e00000, 0x0000000093e00000, 0x0000000093f00000|  0%| F|  |TAMS 0x0000000093e00000, 0x0000000093e00000| Untracked 
|  37|0x0000000093f00000, 0x0000000093f00000, 0x0000000094000000|  0%| F|  |TAMS 0x0000000093f00000, 0x0000000093f00000| Untracked 
|  38|0x0000000094000000, 0x0000000094000000, 0x0000000094100000|  0%| F|  |TAMS 0x0000000094000000, 0x0000000094000000| Untracked 
|  39|0x0000000094100000, 0x0000000094100000, 0x0000000094200000|  0%| F|  |TAMS 0x0000000094100000, 0x0000000094100000| Untracked 
|  40|0x0000000094200000, 0x0000000094200000, 0x0000000094300000|  0%| F|  |TAMS 0x0000000094200000, 0x0000000094200000| Untracked 
|  41|0x0000000094300000, 0x0000000094300000, 0x0000000094400000|  0%| F|  |TAMS 0x0000000094300000, 0x0000000094300000| Untracked 
|  42|0x0000000094400000, 0x0000000094400000, 0x0000000094500000|  0%| F|  |TAMS 0x0000000094400000, 0x0000000094400000| Untracked 
|  43|0x0000000094500000, 0x0000000094500000, 0x0000000094600000|  0%| F|  |TAMS 0x0000000094500000, 0x0000000094500000| Untracked 
|  44|0x0000000094600000, 0x0000000094600000, 0x0000000094700000|  0%| F|  |TAMS 0x0000000094600000, 0x0000000094600000| Untracked 
|  45|0x0000000094700000, 0x0000000094700000, 0x0000000094800000|  0%| F|  |TAMS 0x0000000094700000, 0x0000000094700000| Untracked 
|  46|0x0000000094800000, 0x0000000094800000, 0x0000000094900000|  0%| F|  |TAMS 0x0000000094800000, 0x0000000094800000| Untracked 
|  47|0x0000000094900000, 0x0000000094900000, 0x0000000094a00000|  0%| F|  |TAMS 0x0000000094900000, 0x0000000094900000| Untracked 
|  48|0x0000000094a00000, 0x0000000094a00000, 0x0000000094b00000|  0%| F|  |TAMS 0x0000000094a00000, 0x0000000094a00000| Untracked 
|  49|0x0000000094b00000, 0x0000000094b00000, 0x0000000094c00000|  0%| F|  |TAMS 0x0000000094b00000, 0x0000000094b00000| Untracked 
|  50|0x0000000094c00000, 0x0000000094c00000, 0x0000000094d00000|  0%| F|  |TAMS 0x0000000094c00000, 0x0000000094c00000| Untracked 
|  51|0x0000000094d00000, 0x0000000094d00000, 0x0000000094e00000|  0%| F|  |TAMS 0x0000000094d00000, 0x0000000094d00000| Untracked 
|  52|0x0000000094e00000, 0x0000000094e00000, 0x0000000094f00000|  0%| F|  |TAMS 0x0000000094e00000, 0x0000000094e00000| Untracked 
|  53|0x0000000094f00000, 0x0000000094f00000, 0x0000000095000000|  0%| F|  |TAMS 0x0000000094f00000, 0x0000000094f00000| Untracked 
|  54|0x0000000095000000, 0x0000000095000000, 0x0000000095100000|  0%| F|  |TAMS 0x0000000095000000, 0x0000000095000000| Untracked 
|  55|0x0000000095100000, 0x0000000095100000, 0x0000000095200000|  0%| F|  |TAMS 0x0000000095100000, 0x0000000095100000| Untracked 
|  56|0x0000000095200000, 0x0000000095200000, 0x0000000095300000|  0%| F|  |TAMS 0x0000000095200000, 0x0000000095200000| Untracked 
|  57|0x0000000095300000, 0x0000000095300000, 0x0000000095400000|  0%| F|  |TAMS 0x0000000095300000, 0x0000000095300000| Untracked 
|  58|0x0000000095400000, 0x0000000095400000, 0x0000000095500000|  0%| F|  |TAMS 0x0000000095400000, 0x0000000095400000| Untracked 
| 111|0x0000000098900000, 0x0000000098900000, 0x0000000098a00000|  0%| F|  |TAMS 0x0000000098900000, 0x0000000098900000| Untracked 

Card table byte_map: [0x000001ba3b310000,0x000001ba3b690000] _byte_map_base: 0x000001ba3ae83000

Marking Bits (Prev, Next): (CMBitMap*) 0x000001ba349376c0, (CMBitMap*) 0x000001ba34937700
 Prev Bits: [0x000001ba3ba10000, 0x000001ba3d5a8000)
 Next Bits: [0x000001ba3d5b0000, 0x000001ba3f148000)

Polling page: 0x000001ba340a0000

Metaspace:

Usage:
  Non-class:     48.15 MB used.
      Class:      7.57 MB used.
       Both:     55.72 MB used.

Virtual space:
  Non-class space:       56.00 MB reserved,      48.38 MB ( 86%) committed,  7 nodes.
      Class space:        1.00 GB reserved,       7.75 MB ( <1%) committed,  1 nodes.
             Both:        1.05 GB reserved,      56.12 MB (  5%) committed. 

Chunk freelists:
   Non-Class:  3.03 MB
       Class:  262.00 KB
        Both:  3.29 MB

MaxMetaspaceSize: unlimited
CompressedClassSpaceSize: 1.00 GB
Initial GC threshold: 21.00 MB
Current GC threshold: 59.06 MB
CDS: off
MetaspaceReclaimPolicy: balanced
 - commit_granule_bytes: 65536.
 - commit_granule_words: 8192.
 - virtual_space_node_default_size: 1048576.
 - enlarge_chunks_in_place: 1.
 - new_chunks_are_fully_committed: 0.
 - uncommit_free_chunks: 1.
 - use_allocation_guard: 0.
 - handle_deallocations: 1.


Internal statistics:

num_allocs_failed_limit: 6.
num_arena_births: 650.
num_arena_deaths: 0.
num_vsnodes_births: 8.
num_vsnodes_deaths: 0.
num_space_committed: 898.
num_space_uncommitted: 0.
num_chunks_returned_to_freelist: 6.
num_chunks_taken_from_freelist: 2396.
num_chunk_merges: 6.
num_chunk_splits: 1711.
num_chunks_enlarged: 1296.
num_purges: 0.
num_inconsistent_stats: 0.

CodeCache: size=49152Kb used=9998Kb max_used=9998Kb free=39154Kb
 bounds [0x000001ba37f90000, 0x000001ba38960000, 0x000001ba3af90000]
 total_blobs=5654 nmethods=5053 adapters=526
 compilation: enabled
              stopped_count=0, restarted_count=0
 full_count=0

Compilation events (20 events):
Event: 6.534 Thread 0x000001ba4202d510 5044       1       net.bytebuddy.implementation.bytecode.assign.primitive.PrimitiveTypeAwareAssigner::assign (88 bytes)
Event: 6.534 Thread 0x000001ba42118930 5045       1       net.bytebuddy.implementation.bytecode.assign.reference.ReferenceTypeAwareAssigner::assign (79 bytes)
Event: 6.534 Thread 0x000001ba4202d510 nmethod 5044 0x000001ba3894fd90 code [0x000001ba3894ffe0, 0x000001ba389504f8]
Event: 6.534 Thread 0x000001ba42118e40 5046       1       net.bytebuddy.description.method.MethodDescription$AbstractBase::getStackSize (28 bytes)
Event: 6.534 Thread 0x000001ba42118930 nmethod 5045 0x000001ba38950790 code [0x000001ba389509c0, 0x000001ba38950e08]
Event: 6.535 Thread 0x000001ba42118e40 nmethod 5046 0x000001ba38950f90 code [0x000001ba38951160, 0x000001ba389512f8]
Event: 6.535 Thread 0x000001ba42118930 5047       1       net.bytebuddy.description.method.MethodDescription$Latent::getDeclaringType (5 bytes)
Event: 6.535 Thread 0x000001ba42118930 nmethod 5047 0x000001ba38951410 code [0x000001ba389515a0, 0x000001ba38951678]
Event: 6.535 Thread 0x000001ba42118930 5048       1       net.bytebuddy.description.field.FieldDescription$AbstractBase::getInternalName (5 bytes)
Event: 6.535 Thread 0x000001ba4202d510 5049       1       net.bytebuddy.description.field.FieldDescription$AbstractBase::getDescriptor (15 bytes)
Event: 6.535 Thread 0x000001ba42118930 nmethod 5048 0x000001ba38951710 code [0x000001ba389518a0, 0x000001ba38951988]
Event: 6.535 Thread 0x000001ba42118930 5050       1       net.bytebuddy.implementation.bytecode.StackSize::toDecreasingSize (15 bytes)
Event: 6.535 Thread 0x000001ba4202d510 nmethod 5049 0x000001ba38951a10 code [0x000001ba38951bc0, 0x000001ba38951ce8]
Event: 6.535 Thread 0x000001ba4202d510 5051       1       net.bytebuddy.implementation.bytecode.member.MethodInvocation::access$100 (5 bytes)
Event: 6.535 Thread 0x000001ba42118930 nmethod 5050 0x000001ba38951d90 code [0x000001ba38951f20, 0x000001ba38952038]
Event: 6.535 Thread 0x000001ba4202d510 nmethod 5051 0x000001ba38952110 code [0x000001ba389522a0, 0x000001ba38952358]
Event: 6.536 Thread 0x000001ba4202d510 5052       1       org.hibernate.internal.util.collections.JoinedList$$Lambda$874/0x0000000100696948::apply (13 bytes)
Event: 6.537 Thread 0x000001ba4202d510 nmethod 5052 0x000001ba38952410 code [0x000001ba389525c0, 0x000001ba38952748]
Event: 6.537 Thread 0x000001ba4202d510 5053       1       java.util.WeakHashMap::<init> (133 bytes)
Event: 6.538 Thread 0x000001ba4202d510 nmethod 5053 0x000001ba38952810 code [0x000001ba38952a80, 0x000001ba38953448]

GC Heap History (20 events):
Event: 1.436 GC heap after
{Heap after GC invocations=3 (full 0):
 garbage-first heap   total 114688K, used 9497K [0x0000000091a00000, 0x0000000100000000)
  region size 1024K, 3 young (3072K), 3 survivors (3072K)
 Metaspace       used 21246K, committed 21504K, reserved 1073152K
  class space    used 2493K, committed 2624K, reserved 1048576K
}
Event: 1.753 GC heap before
{Heap before GC invocations=4 (full 0):
 garbage-first heap   total 40960K, used 28953K [0x0000000091a00000, 0x0000000100000000)
  region size 1024K, 24 young (24576K), 3 survivors (3072K)
 Metaspace       used 25405K, committed 25664K, reserved 1073152K
  class space    used 3110K, committed 3200K, reserved 1048576K
}
Event: 1.759 GC heap after
{Heap after GC invocations=5 (full 0):
 garbage-first heap   total 40960K, used 10987K [0x0000000091a00000, 0x0000000100000000)
  region size 1024K, 5 young (5120K), 5 survivors (5120K)
 Metaspace       used 25405K, committed 25664K, reserved 1073152K
  class space    used 3110K, committed 3200K, reserved 1048576K
}
Event: 1.776 GC heap before
{Heap before GC invocations=5 (full 0):
 garbage-first heap   total 40960K, used 12011K [0x0000000091a00000, 0x0000000100000000)
  region size 1024K, 6 young (6144K), 5 survivors (5120K)
 Metaspace       used 25583K, committed 25920K, reserved 1073152K
  class space    used 3131K, committed 3264K, reserved 1048576K
}
Event: 1.782 GC heap after
{Heap after GC invocations=6 (full 0):
 garbage-first heap   total 40960K, used 11185K [0x0000000091a00000, 0x0000000100000000)
  region size 1024K, 1 young (1024K), 1 survivors (1024K)
 Metaspace       used 25583K, committed 25920K, reserved 1073152K
  class space    used 3131K, committed 3264K, reserved 1048576K
}
Event: 2.018 GC heap before
{Heap before GC invocations=6 (full 0):
 garbage-first heap   total 40960K, used 25521K [0x0000000091a00000, 0x0000000100000000)
  region size 1024K, 16 young (16384K), 1 survivors (1024K)
 Metaspace       used 28416K, committed 28672K, reserved 1081344K
  class space    used 3439K, committed 3584K, reserved 1048576K
}
Event: 2.022 GC heap after
{Heap after GC invocations=7 (full 0):
 garbage-first heap   total 74752K, used 12069K [0x0000000091a00000, 0x0000000100000000)
  region size 1024K, 2 young (2048K), 2 survivors (2048K)
 Metaspace       used 28416K, committed 28672K, reserved 1081344K
  class space    used 3439K, committed 3584K, reserved 1048576K
}
Event: 3.100 GC heap before
{Heap before GC invocations=7 (full 0):
 garbage-first heap   total 74752K, used 49957K [0x0000000091a00000, 0x0000000100000000)
  region size 1024K, 39 young (39936K), 2 survivors (2048K)
 Metaspace       used 32557K, committed 32896K, reserved 1081344K
  class space    used 4088K, committed 4224K, reserved 1048576K
}
Event: 3.109 GC heap after
{Heap after GC invocations=8 (full 0):
 garbage-first heap   total 74752K, used 14670K [0x0000000091a00000, 0x0000000100000000)
  region size 1024K, 5 young (5120K), 5 survivors (5120K)
 Metaspace       used 32557K, committed 32896K, reserved 1081344K
  class space    used 4088K, committed 4224K, reserved 1048576K
}
Event: 3.566 GC heap before
{Heap before GC invocations=8 (full 0):
 garbage-first heap   total 74752K, used 35150K [0x0000000091a00000, 0x0000000100000000)
  region size 1024K, 26 young (26624K), 5 survivors (5120K)
 Metaspace       used 35734K, committed 36160K, reserved 1081344K
  class space    used 4580K, committed 4800K, reserved 1048576K
}
Event: 3.579 GC heap after
{Heap after GC invocations=9 (full 0):
 garbage-first heap   total 74752K, used 16657K [0x0000000091a00000, 0x0000000100000000)
  region size 1024K, 5 young (5120K), 5 survivors (5120K)
 Metaspace       used 35734K, committed 36160K, reserved 1081344K
  class space    used 4580K, committed 4800K, reserved 1048576K
}
Event: 4.413 GC heap before
{Heap before GC invocations=10 (full 0):
 garbage-first heap   total 61440K, used 48401K [0x0000000091a00000, 0x0000000100000000)
  region size 1024K, 36 young (36864K), 5 survivors (5120K)
 Metaspace       used 40780K, committed 41280K, reserved 1089536K
  class space    used 5285K, committed 5504K, reserved 1048576K
}
Event: 4.432 GC heap after
{Heap after GC invocations=11 (full 0):
 garbage-first heap   total 61440K, used 19403K [0x0000000091a00000, 0x0000000100000000)
  region size 1024K, 5 young (5120K), 5 survivors (5120K)
 Metaspace       used 40780K, committed 41280K, reserved 1089536K
  class space    used 5285K, committed 5504K, reserved 1048576K
}
Event: 4.452 GC heap before
{Heap before GC invocations=11 (full 0):
 garbage-first heap   total 61440K, used 19403K [0x0000000091a00000, 0x0000000100000000)
  region size 1024K, 6 young (6144K), 5 survivors (5120K)
 Metaspace       used 40964K, committed 41408K, reserved 1089536K
  class space    used 5304K, committed 5504K, reserved 1048576K
}
Event: 4.461 GC heap after
{Heap after GC invocations=12 (full 0):
 garbage-first heap   total 61440K, used 20376K [0x0000000091a00000, 0x0000000100000000)
  region size 1024K, 1 young (1024K), 1 survivors (1024K)
 Metaspace       used 40964K, committed 41408K, reserved 1089536K
  class space    used 5304K, committed 5504K, reserved 1048576K
}
Event: 5.392 GC heap before
{Heap before GC invocations=12 (full 0):
 garbage-first heap   total 61440K, used 44952K [0x0000000091a00000, 0x0000000100000000)
  region size 1024K, 26 young (26624K), 1 survivors (1024K)
 Metaspace       used 46793K, committed 47232K, reserved 1097728K
  class space    used 6130K, committed 6336K, reserved 1048576K
}
Event: 5.398 GC heap after
{Heap after GC invocations=13 (full 0):
 garbage-first heap   total 61440K, used 20967K [0x0000000091a00000, 0x0000000100000000)
  region size 1024K, 2 young (2048K), 2 survivors (2048K)
 Metaspace       used 46793K, committed 47232K, reserved 1097728K
  class space    used 6130K, committed 6336K, reserved 1048576K
}
Event: 5.993 GC heap before
{Heap before GC invocations=13 (full 0):
 garbage-first heap   total 61440K, used 46567K [0x0000000091a00000, 0x0000000100000000)
  region size 1024K, 28 young (28672K), 2 survivors (2048K)
 Metaspace       used 51533K, committed 51904K, reserved 1097728K
  class space    used 6799K, committed 6976K, reserved 1048576K
}
Event: 5.999 GC heap after
{Heap after GC invocations=14 (full 0):
 garbage-first heap   total 61440K, used 22836K [0x0000000091a00000, 0x0000000100000000)
  region size 1024K, 4 young (4096K), 4 survivors (4096K)
 Metaspace       used 51533K, committed 51904K, reserved 1097728K
  class space    used 6799K, committed 6976K, reserved 1048576K
}
Event: 6.538 GC heap before
{Heap before GC invocations=14 (full 0):
 garbage-first heap   total 61440K, used 46388K [0x0000000091a00000, 0x0000000100000000)
  region size 1024K, 28 young (28672K), 4 survivors (4096K)
 Metaspace       used 57059K, committed 57472K, reserved 1105920K
  class space    used 7754K, committed 7936K, reserved 1048576K
}

Dll operation events (9 events):
Event: 0.009 Loaded shared library C:\Users\Oscar Carpio\Desktop\sts-4.18.0.RELEASE\plugins\org.eclipse.justj.openjdk.hotspot.jre.full.win32.x86_64_17.0.6.v20230204-1729\jre\bin\java.dll
Event: 0.211 Loaded shared library C:\Users\Oscar Carpio\Desktop\sts-4.18.0.RELEASE\plugins\org.eclipse.justj.openjdk.hotspot.jre.full.win32.x86_64_17.0.6.v20230204-1729\jre\bin\jimage.dll
Event: 0.229 Loaded shared library C:\Users\Oscar Carpio\Desktop\sts-4.18.0.RELEASE\plugins\org.eclipse.justj.openjdk.hotspot.jre.full.win32.x86_64_17.0.6.v20230204-1729\jre\bin\net.dll
Event: 0.231 Loaded shared library C:\Users\Oscar Carpio\Desktop\sts-4.18.0.RELEASE\plugins\org.eclipse.justj.openjdk.hotspot.jre.full.win32.x86_64_17.0.6.v20230204-1729\jre\bin\nio.dll
Event: 0.239 Loaded shared library C:\Users\Oscar Carpio\Desktop\sts-4.18.0.RELEASE\plugins\org.eclipse.justj.openjdk.hotspot.jre.full.win32.x86_64_17.0.6.v20230204-1729\jre\bin\zip.dll
Event: 0.311 Loaded shared library C:\Users\Oscar Carpio\Desktop\sts-4.18.0.RELEASE\plugins\org.eclipse.justj.openjdk.hotspot.jre.full.win32.x86_64_17.0.6.v20230204-1729\jre\bin\management.dll
Event: 0.327 Loaded shared library C:\Users\Oscar Carpio\Desktop\sts-4.18.0.RELEASE\plugins\org.eclipse.justj.openjdk.hotspot.jre.full.win32.x86_64_17.0.6.v20230204-1729\jre\bin\management_ext.dll
Event: 1.413 Loaded shared library C:\Users\Oscar Carpio\Desktop\sts-4.18.0.RELEASE\plugins\org.eclipse.justj.openjdk.hotspot.jre.full.win32.x86_64_17.0.6.v20230204-1729\jre\bin\verify.dll
Event: 3.892 Loaded shared library C:\Users\Oscar Carpio\Desktop\sts-4.18.0.RELEASE\plugins\org.eclipse.justj.openjdk.hotspot.jre.full.win32.x86_64_17.0.6.v20230204-1729\jre\bin\sunmscapi.dll

Deoptimization events (4 events):
Event: 1.481 Thread 0x000001ba348e2520 DEOPT PACKING pc=0x000001ba38491f19 sp=0x00000080f89fd5a0
Event: 1.481 Thread 0x000001ba348e2520 DEOPT UNPACKING pc=0x000001ba37fe7143 sp=0x00000080f89fca80 mode 3
Event: 1.956 Thread 0x000001ba348e2520 DEOPT PACKING pc=0x000001ba38569f7d sp=0x00000080f89fe3b0
Event: 1.956 Thread 0x000001ba348e2520 DEOPT UNPACKING pc=0x000001ba37fe7143 sp=0x00000080f89fd918 mode 3

Classes unloaded (0 events):
No events

Classes redefined (0 events):
No events

Internal exceptions (20 events):
Event: 3.829 Thread 0x000001ba348e2520 Exception <a 'java/lang/NoSuchMethodError'{0x00000000945fa600}: 'java.lang.Object java.lang.invoke.DirectMethodHandle$Holder.invokeSpecial(java.lang.Object, java.lang.Object, long, java.lang.Object, java.lang.Object, java.lang.Object, java.lang.Object, java.lang.Object, java.lang.Object)'> (0x00000000945fa600) 
thrown [s\src\hotspot\share\interpreter\linkResolver.cpp, line 759]
Event: 3.829 Thread 0x000001ba348e2520 Exception <a 'java/lang/NoSuchMethodError'{0x00000000945ff128}: 'java.lang.Object java.lang.invoke.DelegatingMethodHandle$Holder.reinvoke_L(java.lang.Object, long, java.lang.Object, java.lang.Object, java.lang.Object, java.lang.Object, java.lang.Object, java.lang.Object)'> (0x00000000945ff128) 
thrown [s\src\hotspot\share\interpreter\linkResolver.cpp, line 759]
Event: 3.830 Thread 0x000001ba348e2520 Exception <a 'java/lang/NoSuchMethodError'{0x000000009440c368}: 'java.lang.Object java.lang.invoke.Invokers$Holder.linkToTargetMethod(java.lang.Object, java.lang.Object, java.lang.Object, java.lang.Object, java.lang.Object, java.lang.Object, java.lang.Object)'> (0x000000009440c368) 
thrown [s\src\hotspot\share\interpreter\linkResolver.cpp, line 759]
Event: 3.931 Thread 0x000001ba348e2520 Exception <a 'java/io/FileNotFoundException'{0x00000000941cfe40}> (0x00000000941cfe40) 
thrown [s\src\hotspot\share\prims\jni.cpp, line 516]
Event: 3.963 Thread 0x000001ba348e2520 Exception <a 'java/lang/NoSuchMethodError'{0x0000000093f50890}: 'int java.lang.invoke.DirectMethodHandle$Holder.invokeInterface(java.lang.Object, java.lang.Object, java.lang.Object, java.lang.Object)'> (0x0000000093f50890) 
thrown [s\src\hotspot\share\interpreter\linkResolver.cpp, line 759]
Event: 4.153 Thread 0x000001ba348e2520 Exception <a 'java/lang/NoSuchMethodError'{0x000000009354ddf8}: 'int java.lang.invoke.DirectMethodHandle$Holder.invokeStaticInit(java.lang.Object, java.lang.Object, java.lang.Object, java.lang.Object)'> (0x000000009354ddf8) 
thrown [s\src\hotspot\share\interpreter\linkResolver.cpp, line 759]
Event: 4.308 Thread 0x000001ba42baf2d0 Exception <a 'java/lang/reflect/InvocationTargetException'{0x0000000094605520}> (0x0000000094605520) 
thrown [s\src\hotspot\share\runtime\reflection.cpp, line 1121]
Event: 4.350 Thread 0x000001ba348e2520 Exception <a 'sun/nio/fs/WindowsException'{0x00000000933da0e0}> (0x00000000933da0e0) 
thrown [s\src\hotspot\share\prims\jni.cpp, line 516]
Event: 4.505 Thread 0x000001ba348e2520 Exception <a 'java/lang/NoSuchMethodError'{0x0000000095218f70}: 'java.lang.Object java.lang.invoke.DirectMethodHandle$Holder.invokeStaticInit(java.lang.Object, java.lang.Object, java.lang.Object, java.lang.Object)'> (0x0000000095218f70) 
thrown [s\src\hotspot\share\interpreter\linkResolver.cpp, line 759]
Event: 4.862 Thread 0x000001ba42baf2d0 Exception <a 'java/lang/reflect/InvocationTargetException'{0x0000000094701b90}> (0x0000000094701b90) 
thrown [s\src\hotspot\share\runtime\reflection.cpp, line 1121]
Event: 5.367 Thread 0x000001ba42baf2d0 Exception <a 'java/lang/reflect/InvocationTargetException'{0x0000000094707bf0}> (0x0000000094707bf0) 
thrown [s\src\hotspot\share\runtime\reflection.cpp, line 1121]
Event: 5.621 Thread 0x000001ba348e2520 Exception <a 'java/lang/NoSuchMethodError'{0x0000000094ec9160}: 'java.lang.Object java.lang.invoke.DirectMethodHandle$Holder.invokeSpecial(java.lang.Object, java.lang.Object, int, java.lang.Object, int)'> (0x0000000094ec9160) 
thrown [s\src\hotspot\share\interpreter\linkResolver.cpp, line 759]
Event: 5.633 Thread 0x000001ba348e2520 Exception <a 'java/lang/NoSuchMethodError'{0x0000000094d2dd00}: 'java.lang.Object java.lang.invoke.DirectMethodHandle$Holder.newInvokeSpecial(java.lang.Object, java.lang.Object, java.lang.Object, int)'> (0x0000000094d2dd00) 
thrown [s\src\hotspot\share\interpreter\linkResolver.cpp, line 759]
Event: 5.633 Thread 0x000001ba348e2520 Exception <a 'java/lang/NoSuchMethodError'{0x0000000094d327e0}: 'java.lang.Object java.lang.invoke.DirectMethodHandle$Holder.invokeSpecial(java.lang.Object, java.lang.Object, java.lang.Object, java.lang.Object, int)'> (0x0000000094d327e0) 
thrown [s\src\hotspot\share\interpreter\linkResolver.cpp, line 759]
Event: 5.633 Thread 0x000001ba348e2520 Exception <a 'java/lang/NoSuchMethodError'{0x0000000094d36ba0}: 'java.lang.Object java.lang.invoke.Invokers$Holder.linkToTargetMethod(java.lang.Object, java.lang.Object, int, java.lang.Object)'> (0x0000000094d36ba0) 
thrown [s\src\hotspot\share\interpreter\linkResolver.cpp, line 759]
Event: 5.918 Thread 0x000001ba42baf2d0 Exception <a 'java/lang/reflect/InvocationTargetException'{0x0000000093f7b6b0}> (0x0000000093f7b6b0) 
thrown [s\src\hotspot\share\runtime\reflection.cpp, line 1121]
Event: 6.107 Thread 0x000001ba348e2520 Exception <a 'java/lang/NoSuchMethodError'{0x0000000095034478}: 'java.lang.Object java.lang.invoke.DirectMethodHandle$Holder.invokeStatic(java.lang.Object, java.lang.Object, int, java.lang.Object)'> (0x0000000095034478) 
thrown [s\src\hotspot\share\interpreter\linkResolver.cpp, line 759]
Event: 6.107 Thread 0x000001ba348e2520 Exception <a 'java/lang/NoSuchMethodError'{0x0000000095038708}: 'java.lang.Object java.lang.invoke.DirectMethodHandle$Holder.invokeStaticInit(java.lang.Object, java.lang.Object, int, java.lang.Object)'> (0x0000000095038708) 
thrown [s\src\hotspot\share\interpreter\linkResolver.cpp, line 759]
Event: 6.137 Thread 0x000001ba348e2520 Exception <a 'java/lang/IncompatibleClassChangeError'{0x0000000094fa5538}: Found class java.lang.Object, but interface was expected> (0x0000000094fa5538) 
thrown [s\src\hotspot\share\interpreter\linkResolver.cpp, line 826]
Event: 6.470 Thread 0x000001ba42baf2d0 Exception <a 'java/lang/reflect/InvocationTargetException'{0x000000009417f438}> (0x000000009417f438) 
thrown [s\src\hotspot\share\runtime\reflection.cpp, line 1121]

VM Operations (20 events):
Event: 4.146 Executing VM operation: HandshakeAllThreads done
Event: 4.348 Executing VM operation: HandshakeAllThreads
Event: 4.348 Executing VM operation: HandshakeAllThreads done
Event: 4.351 Executing VM operation: HandshakeAllThreads
Event: 4.351 Executing VM operation: HandshakeAllThreads done
Event: 4.356 Executing VM operation: HandshakeAllThreads
Event: 4.356 Executing VM operation: HandshakeAllThreads done
Event: 4.412 Executing VM operation: G1CollectForAllocation
Event: 4.432 Executing VM operation: G1CollectForAllocation done
Event: 4.452 Executing VM operation: G1CollectForAllocation
Event: 4.461 Executing VM operation: G1CollectForAllocation done
Event: 5.391 Executing VM operation: G1CollectForAllocation
Event: 5.398 Executing VM operation: G1CollectForAllocation done
Event: 5.651 Executing VM operation: HandshakeAllThreads
Event: 5.651 Executing VM operation: HandshakeAllThreads done
Event: 5.992 Executing VM operation: G1CollectForAllocation
Event: 6.000 Executing VM operation: G1CollectForAllocation done
Event: 6.508 Executing VM operation: ICBufferFull
Event: 6.508 Executing VM operation: ICBufferFull done
Event: 6.538 Executing VM operation: G1CollectForAllocation

Events (20 events):
Event: 5.875 loading class java/lang/invoke/VarHandleInts$FieldStaticReadOnly done
Event: 5.875 loading class java/lang/invoke/VarHandleInts$FieldStaticReadWrite done
Event: 5.875 loading class java/util/concurrent/ForkJoinPool$DefaultForkJoinWorkerThreadFactory
Event: 5.875 loading class java/util/concurrent/ForkJoinPool$ForkJoinWorkerThreadFactory
Event: 5.875 loading class java/util/concurrent/ForkJoinPool$ForkJoinWorkerThreadFactory done
Event: 5.875 loading class java/util/concurrent/ForkJoinPool$DefaultForkJoinWorkerThreadFactory done
Event: 5.875 loading class java/util/concurrent/ForkJoinPool$1
Event: 5.875 loading class java/util/concurrent/ForkJoinPool$1 done
Event: 5.876 loading class java/util/concurrent/ForkJoinPool$DefaultCommonPoolForkJoinWorkerThreadFactory
Event: 5.876 loading class java/util/concurrent/ForkJoinPool$DefaultCommonPoolForkJoinWorkerThreadFactory done
Event: 5.876 loading class java/util/concurrent/ForkJoinPool$WorkQueue
Event: 5.876 loading class java/util/concurrent/ForkJoinPool$WorkQueue done
Event: 5.876 loading class java/util/concurrent/CompletableFuture$Completion
Event: 5.876 loading class java/util/concurrent/CompletableFuture$AsynchronousCompletionTask
Event: 5.876 loading class java/util/concurrent/CompletableFuture$AsynchronousCompletionTask done
Event: 5.876 loading class java/util/concurrent/ForkJoinTask
Event: 5.876 loading class java/util/concurrent/ForkJoinTask done
Event: 5.876 loading class java/util/concurrent/CompletableFuture$Completion done
Event: 6.021 loading class java/util/concurrent/CancellationException
Event: 6.021 loading class java/util/concurrent/CancellationException done


Dynamic libraries:
0x00007ff60f150000 - 0x00007ff60f15e000 	C:\Users\Oscar Carpio\Desktop\sts-4.18.0.RELEASE\plugins\org.eclipse.justj.openjdk.hotspot.jre.full.win32.x86_64_17.0.6.v20230204-1729\jre\bin\javaw.exe
0x00007ffa5f930000 - 0x00007ffa5fb28000 	C:\WINDOWS\SYSTEM32\ntdll.dll
0x00007ffa5d9b0000 - 0x00007ffa5da6f000 	C:\WINDOWS\System32\KERNEL32.DLL
0x00007ffa5d220000 - 0x00007ffa5d516000 	C:\WINDOWS\System32\KERNELBASE.dll
0x00007ffa5d520000 - 0x00007ffa5d620000 	C:\WINDOWS\System32\ucrtbase.dll
0x00007ffa3b960000 - 0x00007ffa3b977000 	C:\Users\Oscar Carpio\Desktop\sts-4.18.0.RELEASE\plugins\org.eclipse.justj.openjdk.hotspot.jre.full.win32.x86_64_17.0.6.v20230204-1729\jre\bin\jli.dll
0x00007ffa5e970000 - 0x00007ffa5eb0d000 	C:\WINDOWS\System32\USER32.dll
0x00007ffa5d960000 - 0x00007ffa5d982000 	C:\WINDOWS\System32\win32u.dll
0x00007ffa5f4a0000 - 0x00007ffa5f4cc000 	C:\WINDOWS\System32\GDI32.dll
0x00007ffa5d730000 - 0x00007ffa5d845000 	C:\WINDOWS\System32\gdi32full.dll
0x00007ffa5d620000 - 0x00007ffa5d6bd000 	C:\WINDOWS\System32\msvcp_win.dll
0x00007ffa466e0000 - 0x00007ffa466f9000 	C:\Users\Oscar Carpio\Desktop\sts-4.18.0.RELEASE\plugins\org.eclipse.justj.openjdk.hotspot.jre.full.win32.x86_64_17.0.6.v20230204-1729\jre\bin\VCRUNTIME140.dll
0x00007ffa4c030000 - 0x00007ffa4c2ca000 	C:\WINDOWS\WinSxS\amd64_microsoft.windows.common-controls_6595b64144ccf1df_6.0.19041.1110_none_60b5254171f9507e\COMCTL32.dll
0x00007ffa5da70000 - 0x00007ffa5db0e000 	C:\WINDOWS\System32\msvcrt.dll
0x00007ffa5f100000 - 0x00007ffa5f130000 	C:\WINDOWS\System32\IMM32.DLL
0x00007ffa5a1d0000 - 0x00007ffa5a1dc000 	C:\Users\Oscar Carpio\Desktop\sts-4.18.0.RELEASE\plugins\org.eclipse.justj.openjdk.hotspot.jre.full.win32.x86_64_17.0.6.v20230204-1729\jre\bin\vcruntime140_1.dll
0x00007ffa43440000 - 0x00007ffa434d1000 	C:\Users\Oscar Carpio\Desktop\sts-4.18.0.RELEASE\plugins\org.eclipse.justj.openjdk.hotspot.jre.full.win32.x86_64_17.0.6.v20230204-1729\jre\bin\msvcp140.dll
0x00007ffa18920000 - 0x00007ffa19567000 	C:\Users\Oscar Carpio\Desktop\sts-4.18.0.RELEASE\plugins\org.eclipse.justj.openjdk.hotspot.jre.full.win32.x86_64_17.0.6.v20230204-1729\jre\bin\server\jvm.dll
0x00007ffa5e0c0000 - 0x00007ffa5e16f000 	C:\WINDOWS\System32\ADVAPI32.dll
0x00007ffa5f400000 - 0x00007ffa5f49c000 	C:\WINDOWS\System32\sechost.dll
0x00007ffa5f5d0000 - 0x00007ffa5f6f6000 	C:\WINDOWS\System32\RPCRT4.dll
0x00007ffa49820000 - 0x00007ffa49829000 	C:\WINDOWS\SYSTEM32\WSOCK32.dll
0x00007ffa53590000 - 0x00007ffa535b7000 	C:\WINDOWS\SYSTEM32\WINMM.dll
0x00007ffa5f4d0000 - 0x00007ffa5f53b000 	C:\WINDOWS\System32\WS2_32.dll
0x00007ffa556b0000 - 0x00007ffa556ba000 	C:\WINDOWS\SYSTEM32\VERSION.dll
0x00007ffa5ae80000 - 0x00007ffa5ae92000 	C:\WINDOWS\SYSTEM32\kernel.appcore.dll
0x00007ffa589d0000 - 0x00007ffa589da000 	C:\Users\Oscar Carpio\Desktop\sts-4.18.0.RELEASE\plugins\org.eclipse.justj.openjdk.hotspot.jre.full.win32.x86_64_17.0.6.v20230204-1729\jre\bin\jimage.dll
0x00007ffa55ed0000 - 0x00007ffa560b4000 	C:\WINDOWS\SYSTEM32\DBGHELP.DLL
0x00007ffa4bc10000 - 0x00007ffa4bc44000 	C:\WINDOWS\SYSTEM32\dbgcore.DLL
0x00007ffa5d8d0000 - 0x00007ffa5d952000 	C:\WINDOWS\System32\bcryptPrimitives.dll
0x00007ffa3a480000 - 0x00007ffa3a4a5000 	C:\Users\Oscar Carpio\Desktop\sts-4.18.0.RELEASE\plugins\org.eclipse.justj.openjdk.hotspot.jre.full.win32.x86_64_17.0.6.v20230204-1729\jre\bin\java.dll
0x00007ffa3a460000 - 0x00007ffa3a478000 	C:\Users\Oscar Carpio\Desktop\sts-4.18.0.RELEASE\plugins\org.eclipse.justj.openjdk.hotspot.jre.full.win32.x86_64_17.0.6.v20230204-1729\jre\bin\zip.dll
0x00007ffa5e170000 - 0x00007ffa5e8b4000 	C:\WINDOWS\System32\SHELL32.dll
0x00007ffa5b080000 - 0x00007ffa5b813000 	C:\WINDOWS\SYSTEM32\windows.storage.dll
0x00007ffa5eb10000 - 0x00007ffa5ee64000 	C:\WINDOWS\System32\combase.dll
0x00007ffa5c980000 - 0x00007ffa5c9ae000 	C:\WINDOWS\SYSTEM32\Wldp.dll
0x00007ffa5f700000 - 0x00007ffa5f7ad000 	C:\WINDOWS\System32\SHCORE.dll
0x00007ffa5f130000 - 0x00007ffa5f185000 	C:\WINDOWS\System32\shlwapi.dll
0x00007ffa5cf50000 - 0x00007ffa5cf6f000 	C:\WINDOWS\SYSTEM32\profapi.dll
0x00007ffa39a80000 - 0x00007ffa39a99000 	C:\Users\Oscar Carpio\Desktop\sts-4.18.0.RELEASE\plugins\org.eclipse.justj.openjdk.hotspot.jre.full.win32.x86_64_17.0.6.v20230204-1729\jre\bin\net.dll
0x00007ffa548b0000 - 0x00007ffa549ba000 	C:\WINDOWS\SYSTEM32\WINHTTP.dll
0x00007ffa5c6e0000 - 0x00007ffa5c74a000 	C:\WINDOWS\system32\mswsock.dll
0x00007ffa38df0000 - 0x00007ffa38e05000 	C:\Users\Oscar Carpio\Desktop\sts-4.18.0.RELEASE\plugins\org.eclipse.justj.openjdk.hotspot.jre.full.win32.x86_64_17.0.6.v20230204-1729\jre\bin\nio.dll
0x00007ffa41e10000 - 0x00007ffa41e19000 	C:\Users\Oscar Carpio\Desktop\sts-4.18.0.RELEASE\plugins\org.eclipse.justj.openjdk.hotspot.jre.full.win32.x86_64_17.0.6.v20230204-1729\jre\bin\management.dll
0x00007ffa40ce0000 - 0x00007ffa40ceb000 	C:\Users\Oscar Carpio\Desktop\sts-4.18.0.RELEASE\plugins\org.eclipse.justj.openjdk.hotspot.jre.full.win32.x86_64_17.0.6.v20230204-1729\jre\bin\management_ext.dll
0x00007ffa5eef0000 - 0x00007ffa5eef8000 	C:\WINDOWS\System32\PSAPI.DLL
0x00007ffa3f830000 - 0x00007ffa3f847000 	C:\WINDOWS\system32\napinsp.dll
0x00007ffa3f7d0000 - 0x00007ffa3f7eb000 	C:\WINDOWS\system32\pnrpnsp.dll
0x00007ffa40730000 - 0x00007ffa40745000 	C:\WINDOWS\system32\wshbth.dll
0x00007ffa589b0000 - 0x00007ffa589cd000 	C:\WINDOWS\system32\NLAapi.dll
0x00007ffa5c3b0000 - 0x00007ffa5c3ec000 	C:\WINDOWS\SYSTEM32\IPHLPAPI.DLL
0x00007ffa5c3f0000 - 0x00007ffa5c4ba000 	C:\WINDOWS\SYSTEM32\DNSAPI.dll
0x00007ffa5e0b0000 - 0x00007ffa5e0b8000 	C:\WINDOWS\System32\NSI.dll
0x00007ffa3f7b0000 - 0x00007ffa3f7c2000 	C:\WINDOWS\System32\winrnr.dll
0x00007ffa50a10000 - 0x00007ffa50a1a000 	C:\Windows\System32\rasadhlp.dll
0x00007ffa505d0000 - 0x00007ffa50652000 	C:\WINDOWS\System32\fwpuclnt.dll
0x00007ffa5d850000 - 0x00007ffa5d877000 	C:\WINDOWS\System32\bcrypt.dll
0x00007ffa5c8d0000 - 0x00007ffa5c8e8000 	C:\WINDOWS\SYSTEM32\CRYPTSP.dll
0x00007ffa5bfd0000 - 0x00007ffa5c004000 	C:\WINDOWS\system32\rsaenh.dll
0x00007ffa5ced0000 - 0x00007ffa5cefe000 	C:\WINDOWS\SYSTEM32\USERENV.dll
0x00007ffa5c8f0000 - 0x00007ffa5c8fc000 	C:\WINDOWS\SYSTEM32\CRYPTBASE.dll
0x00007ffa56810000 - 0x00007ffa56827000 	C:\WINDOWS\SYSTEM32\dhcpcsvc6.DLL
0x00007ffa55e00000 - 0x00007ffa55e1d000 	C:\WINDOWS\SYSTEM32\dhcpcsvc.DLL
0x00007ffa55950000 - 0x00007ffa55960000 	C:\Users\Oscar Carpio\Desktop\sts-4.18.0.RELEASE\plugins\org.eclipse.justj.openjdk.hotspot.jre.full.win32.x86_64_17.0.6.v20230204-1729\jre\bin\verify.dll
0x00007ffa42510000 - 0x00007ffa4251e000 	C:\Users\Oscar Carpio\Desktop\sts-4.18.0.RELEASE\plugins\org.eclipse.justj.openjdk.hotspot.jre.full.win32.x86_64_17.0.6.v20230204-1729\jre\bin\sunmscapi.dll
0x00007ffa5d010000 - 0x00007ffa5d16e000 	C:\WINDOWS\System32\CRYPT32.dll
0x00007ffa5c9f0000 - 0x00007ffa5ca18000 	C:\WINDOWS\SYSTEM32\ncrypt.dll
0x00007ffa5c9b0000 - 0x00007ffa5c9eb000 	C:\WINDOWS\SYSTEM32\NTASN1.dll

dbghelp: loaded successfully - version: 4.0.5 - missing functions: none
symbol engine: initialized successfully - sym options: 0x614 - pdb path: .;C:\Users\Oscar Carpio\Desktop\sts-4.18.0.RELEASE\plugins\org.eclipse.justj.openjdk.hotspot.jre.full.win32.x86_64_17.0.6.v20230204-1729\jre\bin;C:\WINDOWS\SYSTEM32;C:\WINDOWS\WinSxS\amd64_microsoft.windows.common-controls_6595b64144ccf1df_6.0.19041.1110_none_60b5254171f9507e;C:\Users\Oscar Carpio\Desktop\sts-4.18.0.RELEASE\plugins\org.eclipse.justj.openjdk.hotspot.jre.full.win32.x86_64_17.0.6.v20230204-1729\jre\bin\server

VM Arguments:
jvm_args: -Dcom.sun.management.jmxremote -Dcom.sun.management.jmxremote.port=49685 -Dcom.sun.management.jmxremote.authenticate=false -Dcom.sun.management.jmxremote.ssl=false -Djava.rmi.server.hostname=localhost -Dspring.jmx.enabled=true -Dmanagement.endpoints.jmx.exposure.include=* -Dspring.application.admin.enabled=true -XX:TieredStopAtLevel=1 -Dspring.boot.project.name=tickchecktingAPI -Dfile.encoding=windows-1252 -XX:+ShowCodeDetailsInExceptionMessages 
java_command: com.ncapas.tickcheckting.TickchecktingApiApplication --spring.output.ansi.enabled=always
java_class_path (initial): C:\Users\Oscar Carpio\Desktop\Proyecto-NCapas\tickchecktingAPI\bin\main;C:\Users\Oscar Carpio\.gradle\caches\modules-2\files-2.1\org.projectlombok\lombok\1.18.26\8f8cf0372abf564913e9796623aac4c8ea44025a\lombok-1.18.26.jar;C:\Users\Oscar Carpio\.gradle\caches\modules-2\files-2.1\org.springframework.boot\spring-boot-starter-data-jpa\3.0.6\d0b6b836a6e3a223a92e6594c2d8c5f0a7cccec\spring-boot-starter-data-jpa-3.0.6.jar;C:\Users\Oscar Carpio\.gradle\caches\modules-2\files-2.1\org.springframework.boot\spring-boot-starter-validation\3.0.6\d5933e79435cd9459be59f297e207caa0deb01f6\spring-boot-starter-validation-3.0.6.jar;C:\Users\Oscar Carpio\.gradle\caches\modules-2\files-2.1\org.springframework.boot\spring-boot-starter-web\3.0.6\7c6597cae584c359d7e4ddea6e006176e0c15936\spring-boot-starter-web-3.0.6.jar;C:\Users\Oscar Carpio\.gradle\caches\modules-2\files-2.1\org.springframework.boot\spring-boot-starter-security\3.0.6\e9f3c6cf299f1dd967f5a7fbca7815183c4ba4b1\spring-boot-starter-security-3.0.6.jar;C:\Users\Oscar Carpio\.gradle\caches\modules-2\files-2.1\io.jsonwebtoken\jjwt-impl\0.11.5\40a599f0e8a8e4e0701596fbb15e67bfda64fdf0\jjwt-impl-0.11.5.jar;C:\Users\Oscar Carpio\.gradle\caches\modules-2\files-2.1\io.jsonwebtoken\jjwt-jackson\0.11.5\3b83a06809e98a69402d7333dcf67df6f6ea4579\jjwt-jackson-0.11.5.jar;C:\Users\Oscar Carpio\.gradle\caches\modules-2\files-2.1\io.jsonwebtoken\jjwt-api\0.11.5\f742940045619d06383e7df37b21ac422b476cf1\jjwt-api-0.11.5.jar;C:\Users\Oscar Carpio\.gradle\caches\modules-2\files-2.1\org.springframework.boot\spring-boot-starter-aop\3.0.6\bb39de062db9b7b7a277e6c026ed5ac45f544fc8\spring-boot-starter-aop-3.0.6.jar;C:\Users\Oscar Carpio\.gradle\caches\modules-2\files-2.1\org.springframework.boot\spring-boot-starter-jdbc\3.0.6\672661f4a90a9479170fba058a88892dac5ba69c\spring-boot-starter-jdbc-3.0.6.jar;C:\Users\Oscar Carpio\.gradle\caches\modules-2\files-2.1\org.hibernate.orm\hibernate-core\6.1.7.Final\343f47b34c96fe9c44bf9b219a7b3c
Launcher Type: SUN_STANDARD

[Global flags]
     intx CICompilerCount                          = 3                                         {product} {ergonomic}
     uint ConcGCThreads                            = 1                                         {product} {ergonomic}
     uint G1ConcRefinementThreads                  = 4                                         {product} {ergonomic}
   size_t G1HeapRegionSize                         = 1048576                                   {product} {ergonomic}
    uintx GCDrainStackTargetSize                   = 64                                        {product} {ergonomic}
   size_t InitialHeapSize                          = 117440512                                 {product} {ergonomic}
     bool ManagementServer                         = true                                      {product} {command line}
   size_t MarkStackSize                            = 4194304                                   {product} {ergonomic}
   size_t MaxHeapSize                              = 1851785216                                {product} {ergonomic}
   size_t MaxNewSize                               = 1110441984                                {product} {ergonomic}
   size_t MinHeapDeltaBytes                        = 1048576                                   {product} {ergonomic}
   size_t MinHeapSize                              = 8388608                                   {product} {ergonomic}
    uintx NonProfiledCodeHeapSize                  = 0                                      {pd product} {ergonomic}
     bool ProfileInterpreter                       = false                                  {pd product} {command line}
    uintx ProfiledCodeHeapSize                     = 0                                      {pd product} {ergonomic}
     bool ShowCodeDetailsInExceptionMessages       = true                                   {manageable} {command line}
   size_t SoftMaxHeapSize                          = 1851785216                             {manageable} {ergonomic}
     intx TieredStopAtLevel                        = 1                                         {product} {command line}
     bool UseCompressedClassPointers               = true                           {product lp64_product} {ergonomic}
     bool UseCompressedOops                        = true                           {product lp64_product} {ergonomic}
     bool UseG1GC                                  = true                                      {product} {ergonomic}
     bool UseLargePagesIndividualAllocation        = false                                  {pd product} {ergonomic}

Logging:
Log output configuration:
 #0: stdout all=warning uptime,level,tags
 #1: stderr all=off uptime,level,tags

Environment Variables:
PATH=C:/Users/Oscar Carpio/Desktop/sts-4.18.0.RELEASE//plugins/org.eclipse.justj.openjdk.hotspot.jre.full.win32.x86_64_17.0.6.v20230204-1729/jre/bin/server;C:/Users/Oscar Carpio/Desktop/sts-4.18.0.RELEASE//plugins/org.eclipse.justj.openjdk.hotspot.jre.full.win32.x86_64_17.0.6.v20230204-1729/jre/bin;C:\Program Files\Common Files\Oracle\Java\javapath;C:\Python310\Scripts\;C:\Python310\;C:\Oracle\WINDOWS.X64_193000_db_home\bin;C:\WINDOWS\system32;C:\WINDOWS;C:\WINDOWS\System32\Wbem;C:\WINDOWS\System32\WindowsPowerShell\v1.0\;C:\WINDOWS\System32\OpenSSH\;C:\Program Files\dotnet\;C:\Program Files\Git\cmd;C:\ProgramData\chocolatey\bin;C:\Program Files\nodejs\;C:\NASM;C:\MinGW\bin;C:\Program Files (x86)\DOSBox-0.74-3;C:\Users\Oscar Carpio\Desktop\vckp\vcpkg;C:\Users\Oscar Carpio\AppData\Local\Microsoft\WindowsApps;C:\Program Files\JetBrains\JetBrains Rider 2021.1.2\bin;;C:\Program Files\Azure Data Studio\bin;C:\Users\Oscar Carpio\AppData\Roaming\npm;C:\Program Files\MongoDB\Server\5.0\bin;C:\Users\Oscar Carpio\.dotnet\tools;C:\Program Files\heroku\bin;C:\MinGW\bin;C:\Microsoft VS Code\bin;C:\Users\Oscar Carpio\Desktop\sts-4.18.0.RELEASE;
USERNAME=Oscar Carpio
OS=Windows_NT
PROCESSOR_IDENTIFIER=AMD64 Family 23 Model 17 Stepping 0, AuthenticAMD
TMP=C:\Users\OSCARC~1\AppData\Local\Temp
TEMP=C:\Users\OSCARC~1\AppData\Local\Temp



---------------  S Y S T E M  ---------------

OS:
 Windows 10 , 64 bit Build 19041 (10.0.19041.3031)
OS uptime: 0 days 21:52 hours
Hyper-V role detected

CPU: total 4 (initial active 4) (4 cores per cpu, 2 threads per core) family 23 model 17 stepping 0 microcode 0x0, cx8, cmov, fxsr, ht, mmx, 3dnowpref, sse, sse2, sse3, ssse3, sse4a, sse4.1, sse4.2, popcnt, lzcnt, tsc, tscinvbit, avx, avx2, aes, clmul, bmi1, bmi2, adx, sha, fma, vzeroupper, clflush, clflushopt, hv

Memory: 4k page, system-wide physical 7061M (1218M free)
TotalPageFile size 8061M (AvailPageFile size 36M)
current process WorkingSet (physical memory assigned to process): 183M, peak: 183M
current process commit charge ("private bytes"): 207M, peak: 259M

vm_info: OpenJDK 64-Bit Server VM (17.0.6+10) for windows-amd64 JRE (17.0.6+10), built on Jan 18 2023 10:08:59 by "temurin" with MS VC++ 16.7 (VS2019)

END.
