#
# There is insufficient memory for the Java Runtime Environment to continue.
# Native memory allocation (mmap) failed to map 65536 bytes for Failed to commit metaspace.
# Possible reasons:
#   The system is out of physical RAM or swap space
#   The process is running with CompressedOops enabled, and the Java Heap may be blocking the growth of the native heap
# Possible solutions:
#   Reduce memory load on the system
#   Increase physical memory or swap space
#   Check if swap backing store is full
#   Decrease Java heap size (-Xmx/-Xms)
#   Decrease number of Java threads
#   Decrease Java thread stack sizes (-Xss)
#   Set larger code cache with -XX:ReservedCodeCacheSize=
#   JVM is running with Unscaled Compressed Oops mode in which the Java heap is
#     placed in the first 4GB address space. The Java Heap base address is the
#     maximum limit for the native heap growth. Please use -XX:HeapBaseMinAddress
#     to set the Java Heap base and to place the Java Heap above 4GB virtual address.
# This output file may be truncated or incomplete.
#
#  Out of Memory Error (virtualSpaceNode.cpp:110), pid=6580, tid=7920
#
# JRE version: OpenJDK Runtime Environment Temurin-17.0.6+10 (17.0.6+10) (build 17.0.6+10)
# Java VM: OpenJDK 64-Bit Server VM Temurin-17.0.6+10 (17.0.6+10, mixed mode, emulated-client, tiered, compressed oops, compressed class ptrs, g1 gc, windows-amd64)
# No core dump will be written. Minidumps are not enabled by default on client versions of Windows
#

---------------  S U M M A R Y ------------

Command Line: -Dcom.sun.management.jmxremote -Dcom.sun.management.jmxremote.port=61864 -Dcom.sun.management.jmxremote.authenticate=false -Dcom.sun.management.jmxremote.ssl=false -Djava.rmi.server.hostname=localhost -Dspring.jmx.enabled=true -Dmanagement.endpoints.jmx.exposure.include=* -Dspring.application.admin.enabled=true -XX:TieredStopAtLevel=1 -Dspring.boot.project.name=tickchecktingAPI -Dfile.encoding=windows-1252 -XX:+ShowCodeDetailsInExceptionMessages com.ncapas.tickcheckting.TickchecktingApiApplication --spring.output.ansi.enabled=always

Host: AMD Ryzen 3 2200U with Radeon Vega Mobile Gfx  , 4 cores, 6G,  Windows 10 , 64 bit Build 19041 (10.0.19041.3031)
Time: Thu Jun 22 18:39:01 2023 Hora estándar, América Central elapsed time: 7.496923 seconds (0d 0h 0m 7s)

---------------  T H R E A D  ---------------

Current thread (0x00000260448320f0):  JavaThread "main" [_thread_in_vm, id=7920, stack(0x000000cbaee00000,0x000000cbaef00000)]

Stack: [0x000000cbaee00000,0x000000cbaef00000]
Native frames: (J=compiled Java code, j=interpreted, Vv=VM code, C=native code)
V  [jvm.dll+0x67741a]
V  [jvm.dll+0x834434]
V  [jvm.dll+0x835bde]
V  [jvm.dll+0x836243]
V  [jvm.dll+0x2457b5]
V  [jvm.dll+0x8304cb]
V  [jvm.dll+0x61bca6]
V  [jvm.dll+0x1c05fe]
V  [jvm.dll+0x61e5f1]
V  [jvm.dll+0x61c646]
V  [jvm.dll+0x36b462]
V  [jvm.dll+0x1e20cb]
V  [jvm.dll+0x53c6f9]
V  [jvm.dll+0x7af5e8]
V  [jvm.dll+0x7af6d4]
V  [jvm.dll+0x40bc05]
V  [jvm.dll+0x411d58]
C  [java.dll+0x17ec]

Java frames: (J=compiled Java code, j=interpreted, Vv=VM code)
J 1144  java.lang.ClassLoader.defineClass1(Ljava/lang/ClassLoader;Ljava/lang/String;[BIILjava/security/ProtectionDomain;Ljava/lang/String;)Ljava/lang/Class; java.base@17.0.6 (0 bytes) @ 0x00000260482a2e5b [0x00000260482a2da0+0x00000000000000bb]
J 1163 c1 java.lang.ClassLoader.defineClass(Ljava/lang/String;[BIILjava/security/ProtectionDomain;)Ljava/lang/Class; java.base@17.0.6 (43 bytes) @ 0x00000260482b0f5c [0x00000260482b0e60+0x00000000000000fc]
J 1172 c1 jdk.internal.loader.BuiltinClassLoader.defineClass(Ljava/lang/String;Ljdk/internal/loader/Resource;)Ljava/lang/Class; java.base@17.0.6 (121 bytes) @ 0x00000260482b5cc4 [0x00000260482b5820+0x00000000000004a4]
J 1149 c1 jdk.internal.loader.BuiltinClassLoader.findClassOnClassPathOrNull(Ljava/lang/String;)Ljava/lang/Class; java.base@17.0.6 (64 bytes) @ 0x00000260482aa844 [0x00000260482aa5a0+0x00000000000002a4]
J 995 c1 jdk.internal.loader.BuiltinClassLoader.loadClassOrNull(Ljava/lang/String;Z)Ljava/lang/Class; java.base@17.0.6 (143 bytes) @ 0x000002604825f0c4 [0x000002604825ec80+0x0000000000000444]
J 1075 c1 jdk.internal.loader.ClassLoaders$AppClassLoader.loadClass(Ljava/lang/String;Z)Ljava/lang/Class; java.base@17.0.6 (40 bytes) @ 0x000002604828cca4 [0x000002604828cb60+0x0000000000000144]
J 1064 c1 java.lang.ClassLoader.loadClass(Ljava/lang/String;)Ljava/lang/Class; java.base@17.0.6 (7 bytes) @ 0x0000026048287e64 [0x0000026048287e20+0x0000000000000044]
v  ~StubRoutines::call_stub
j  org.springframework.security.config.annotation.web.builders.WebSecurity.<init>(Lorg/springframework/security/config/annotation/ObjectPostProcessor;)V+46
j  org.springframework.security.config.annotation.web.configuration.WebSecurityConfiguration.setFilterChainProxySecurityConfigurer(Lorg/springframework/security/config/annotation/ObjectPostProcessor;Lorg/springframework/beans/factory/config/ConfigurableListableBeanFactory;)V+7
v  ~StubRoutines::call_stub
J 4737  jdk.internal.reflect.NativeMethodAccessorImpl.invoke0(Ljava/lang/reflect/Method;Ljava/lang/Object;[Ljava/lang/Object;)Ljava/lang/Object; java.base@17.0.6 (0 bytes) @ 0x000002604883cb9f [0x000002604883cb20+0x000000000000007f]
J 4736 c1 jdk.internal.reflect.NativeMethodAccessorImpl.invoke(Ljava/lang/Object;[Ljava/lang/Object;)Ljava/lang/Object; java.base@17.0.6 (137 bytes) @ 0x000002604883d76c [0x000002604883d480+0x00000000000002ec]
J 3952 c1 jdk.internal.reflect.DelegatingMethodAccessorImpl.invoke(Ljava/lang/Object;[Ljava/lang/Object;)Ljava/lang/Object; java.base@17.0.6 (10 bytes) @ 0x000002604871ca64 [0x000002604871ca20+0x0000000000000044]
J 4069 c1 java.lang.reflect.Method.invoke(Ljava/lang/Object;[Ljava/lang/Object;)Ljava/lang/Object; java.base@17.0.6 (65 bytes) @ 0x0000026048745954 [0x0000026048745860+0x00000000000000f4]
j  org.springframework.beans.factory.annotation.AutowiredAnnotationBeanPostProcessor$AutowiredMethodElement.inject(Ljava/lang/Object;Ljava/lang/String;Lorg/springframework/beans/PropertyValues;)V+75
J 6016 c1 org.springframework.beans.factory.annotation.InjectionMetadata.inject(Ljava/lang/Object;Ljava/lang/String;Lorg/springframework/beans/PropertyValues;)V (75 bytes) @ 0x0000026048a0a3dc [0x0000026048a0a2e0+0x00000000000000fc]
j  org.springframework.beans.factory.annotation.AutowiredAnnotationBeanPostProcessor.postProcessProperties(Lorg/springframework/beans/PropertyValues;Ljava/lang/Object;Ljava/lang/String;)Lorg/springframework/beans/PropertyValues;+17
j  org.springframework.beans.factory.support.AbstractAutowireCapableBeanFactory.populateBean(Ljava/lang/String;Lorg/springframework/beans/factory/support/RootBeanDefinition;Lorg/springframework/beans/BeanWrapper;)V+280
j  org.springframework.beans.factory.support.AbstractAutowireCapableBeanFactory.doCreateBean(Ljava/lang/String;Lorg/springframework/beans/factory/support/RootBeanDefinition;[Ljava/lang/Object;)Ljava/lang/Object;+220
j  org.springframework.beans.factory.support.AbstractAutowireCapableBeanFactory.createBean(Ljava/lang/String;Lorg/springframework/beans/factory/support/RootBeanDefinition;[Ljava/lang/Object;)Ljava/lang/Object;+153
j  org.springframework.beans.factory.support.AbstractBeanFactory.lambda$doGetBean$0(Ljava/lang/String;Lorg/springframework/beans/factory/support/RootBeanDefinition;[Ljava/lang/Object;)Ljava/lang/Object;+4
j  org.springframework.beans.factory.support.AbstractBeanFactory$$Lambda$334+0x00000001002d9598.getObject()Ljava/lang/Object;+16
j  org.springframework.beans.factory.support.DefaultSingletonBeanRegistry.getSingleton(Ljava/lang/String;Lorg/springframework/beans/factory/ObjectFactory;)Ljava/lang/Object;+114
J 2692 c1 org.springframework.beans.factory.support.AbstractBeanFactory.doGetBean(Ljava/lang/String;Ljava/lang/Class;[Ljava/lang/Object;Z)Ljava/lang/Object; (714 bytes) @ 0x0000026048525c6c [0x00000260485256c0+0x00000000000005ac]
j  org.springframework.beans.factory.support.AbstractBeanFactory.getBean(Ljava/lang/String;)Ljava/lang/Object;+5
j  org.springframework.beans.factory.support.DefaultListableBeanFactory.preInstantiateSingletons()V+152
j  org.springframework.context.support.AbstractApplicationContext.finishBeanFactoryInitialization(Lorg/springframework/beans/factory/config/ConfigurableListableBeanFactory;)V+130
j  org.springframework.context.support.AbstractApplicationContext.refresh()V+86
j  org.springframework.boot.web.servlet.context.ServletWebServerApplicationContext.refresh()V+1
j  org.springframework.boot.SpringApplication.refresh(Lorg/springframework/context/ConfigurableApplicationContext;)V+1
j  org.springframework.boot.SpringApplication.refreshContext(Lorg/springframework/context/ConfigurableApplicationContext;)V+16
j  org.springframework.boot.SpringApplication.run([Ljava/lang/String;)Lorg/springframework/context/ConfigurableApplicationContext;+101
j  org.springframework.boot.SpringApplication.run([Ljava/lang/Class;[Ljava/lang/String;)Lorg/springframework/context/ConfigurableApplicationContext;+9
j  org.springframework.boot.SpringApplication.run(Ljava/lang/Class;[Ljava/lang/String;)Lorg/springframework/context/ConfigurableApplicationContext;+9
j  com.ncapas.tickcheckting.TickchecktingApiApplication.main([Ljava/lang/String;)V+3
v  ~StubRoutines::call_stub

---------------  P R O C E S S  ---------------

Threads class SMR info:
_java_thread_list=0x0000026056c221a0, length=25, elements={
0x00000260448320f0, 0x0000026051352370, 0x0000026051334c00, 0x0000026051c50910,
0x0000026051c51690, 0x0000026051c570e0, 0x0000026051c579a0, 0x0000026051c78140,
0x0000026051c79650, 0x0000026051d5e9c0, 0x0000026051d4cff0, 0x0000026051d4d500,
0x0000026051e402d0, 0x00000260524ed820, 0x00000260524eb180, 0x0000026052505180,
0x0000026052870020, 0x000002605289c8c0, 0x00000260528a7090, 0x00000260528a8ff0,
0x000002605388ae10, 0x000002605388d960, 0x000002605388c620, 0x0000026053889fa0,
0x000002605388b2e0
}

Java Threads: ( => current thread )
=>0x00000260448320f0 JavaThread "main" [_thread_in_vm, id=7920, stack(0x000000cbaee00000,0x000000cbaef00000)]
  0x0000026051352370 JavaThread "Reference Handler" daemon [_thread_blocked, id=8168, stack(0x000000cbaf500000,0x000000cbaf600000)]
  0x0000026051334c00 JavaThread "Finalizer" daemon [_thread_blocked, id=8616, stack(0x000000cbaf600000,0x000000cbaf700000)]
  0x0000026051c50910 JavaThread "Signal Dispatcher" daemon [_thread_blocked, id=9484, stack(0x000000cbaf700000,0x000000cbaf800000)]
  0x0000026051c51690 JavaThread "Attach Listener" daemon [_thread_blocked, id=10528, stack(0x000000cbaf800000,0x000000cbaf900000)]
  0x0000026051c570e0 JavaThread "Service Thread" daemon [_thread_blocked, id=12120, stack(0x000000cbaf900000,0x000000cbafa00000)]
  0x0000026051c579a0 JavaThread "Monitor Deflation Thread" daemon [_thread_blocked, id=10064, stack(0x000000cbafa00000,0x000000cbafb00000)]
  0x0000026051c78140 JavaThread "C1 CompilerThread0" daemon [_thread_blocked, id=9000, stack(0x000000cbafb00000,0x000000cbafc00000)]
  0x0000026051c79650 JavaThread "Sweeper thread" daemon [_thread_blocked, id=8500, stack(0x000000cbafc00000,0x000000cbafd00000)]
  0x0000026051d5e9c0 JavaThread "Common-Cleaner" daemon [_thread_blocked, id=11696, stack(0x000000cbafd00000,0x000000cbafe00000)]
  0x0000026051d4cff0 JavaThread "C1 CompilerThread1" daemon [_thread_blocked, id=1568, stack(0x000000cbafe00000,0x000000cbaff00000)]
  0x0000026051d4d500 JavaThread "C1 CompilerThread2" daemon [_thread_blocked, id=10172, stack(0x000000cbaff00000,0x000000cbb0000000)]
  0x0000026051e402d0 JavaThread "Notification Thread" daemon [_thread_blocked, id=9296, stack(0x000000cbb0000000,0x000000cbb0100000)]
  0x00000260524ed820 JavaThread "RMI TCP Accept-0" daemon [_thread_in_native, id=7068, stack(0x000000cbb0100000,0x000000cbb0200000)]
  0x00000260524eb180 JavaThread "RMI TCP Accept-61864" daemon [_thread_in_native, id=2716, stack(0x000000cbb0200000,0x000000cbb0300000)]
  0x0000026052505180 JavaThread "RMI TCP Accept-0" daemon [_thread_in_native, id=12056, stack(0x000000cbb0300000,0x000000cbb0400000)]
  0x0000026052870020 JavaThread "RMI TCP Connection(1)-127.0.0.1" daemon [_thread_in_native, id=5716, stack(0x000000cbb0a00000,0x000000cbb0b00000)]
  0x000002605289c8c0 JavaThread "RMI Scheduler(0)" daemon [_thread_blocked, id=5480, stack(0x000000cbb0b00000,0x000000cbb0c00000)]
  0x00000260528a7090 JavaThread "RMI TCP Connection(2)-127.0.0.1" daemon [_thread_in_native, id=6320, stack(0x000000cbb0c00000,0x000000cbb0d00000)]
  0x00000260528a8ff0 JavaThread "JMX server connection timeout 21" daemon [_thread_blocked, id=10008, stack(0x000000cbb0d00000,0x000000cbb0e00000)]
  0x000002605388ae10 JavaThread "HikariPool-1 housekeeper" daemon [_thread_blocked, id=3520, stack(0x000000cbb0f00000,0x000000cbb1000000)]
  0x000002605388d960 JavaThread "HikariPool-1 connection adder" daemon [_thread_blocked, id=7376, stack(0x000000cbb1000000,0x000000cbb1100000)]
  0x000002605388c620 JavaThread "Catalina-utility-1" [_thread_blocked, id=7604, stack(0x000000cbb1100000,0x000000cbb1200000)]
  0x0000026053889fa0 JavaThread "Catalina-utility-2" [_thread_blocked, id=5936, stack(0x000000cbb1200000,0x000000cbb1300000)]
  0x000002605388b2e0 JavaThread "container-0" [_thread_blocked, id=11840, stack(0x000000cbb1300000,0x000000cbb1400000)]

Other Threads:
  0x000002605134d330 VMThread "VM Thread" [stack: 0x000000cbaf400000,0x000000cbaf500000] [id=12596]
  0x00000260448e4580 WatcherThread [stack: 0x000000cbb0400000,0x000000cbb0500000] [id=12756]
  0x0000026044887a30 GCTaskThread "GC Thread#0" [stack: 0x000000cbaef00000,0x000000cbaf000000] [id=6324]
  0x0000026052610cf0 GCTaskThread "GC Thread#1" [stack: 0x000000cbb0500000,0x000000cbb0600000] [id=5172]
  0x0000026052679960 GCTaskThread "GC Thread#2" [stack: 0x000000cbb0600000,0x000000cbb0700000] [id=12548]
  0x000002605267a420 GCTaskThread "GC Thread#3" [stack: 0x000000cbb0700000,0x000000cbb0800000] [id=8676]
  0x0000026044896ce0 ConcurrentGCThread "G1 Main Marker" [stack: 0x000000cbaf000000,0x000000cbaf100000] [id=13280]
  0x0000026044898610 ConcurrentGCThread "G1 Conc#0" [stack: 0x000000cbaf100000,0x000000cbaf200000] [id=8300]
  0x00000260511a8d90 ConcurrentGCThread "G1 Refine#0" [stack: 0x000000cbaf200000,0x000000cbaf300000] [id=13132]
  0x000002605267a6d0 ConcurrentGCThread "G1 Refine#1" [stack: 0x000000cbb0800000,0x000000cbb0900000] [id=2052]
  0x0000026051f657e0 ConcurrentGCThread "G1 Refine#2" [stack: 0x000000cbb0900000,0x000000cbb0a00000] [id=13100]
  0x00000260511a95c0 ConcurrentGCThread "G1 Service" [stack: 0x000000cbaf300000,0x000000cbaf400000] [id=12076]

Threads with active compile tasks:

VM state: not at safepoint (normal execution)

VM Mutex/Monitor currently owned by a thread:  ([mutex/lock_event])
[0x000002604482e320] Metaspace_lock - owner thread: 0x00000260448320f0

Heap address: 0x0000000091a00000, size: 1766 MB, Compressed Oops mode: 32-bit

CDS archive(s) not mapped
Compressed class space mapped at: 0x0000000100000000-0x0000000140000000, reserved size: 1073741824
Narrow klass base: 0x0000000000000000, Narrow klass shift: 3, Narrow klass range: 0x140000000

GC Precious Log:
 CPUs: 4 total, 4 available
 Memory: 7061M
 Large Page Support: Disabled
 NUMA Support: Disabled
 Compressed Oops: Enabled (32-bit)
 Heap Region Size: 1M
 Heap Min Capacity: 8M
 Heap Initial Capacity: 112M
 Heap Max Capacity: 1766M
 Pre-touch: Disabled
 Parallel Workers: 4
 Concurrent Workers: 1
 Concurrent Refinement Workers: 4
 Periodic GC: Disabled

Heap:
 garbage-first heap   total 73728K, used 33653K [0x0000000091a00000, 0x0000000100000000)
  region size 1024K, 10 young (10240K), 5 survivors (5120K)
 Metaspace       used 65818K, committed 66368K, reserved 1114112K
  class space    used 9046K, committed 9280K, reserved 1048576K

Heap Regions: E=young(eden), S=young(survivor), O=old, HS=humongous(starts), HC=humongous(continues), CS=collection set, F=free, OA=open archive, CA=closed archive, TAMS=top-at-mark-start (previous, next)
|   0|0x0000000091a00000, 0x0000000091b00000, 0x0000000091b00000|100%|HS|  |TAMS 0x0000000091b00000, 0x0000000091a00000| Complete 
|   1|0x0000000091b00000, 0x0000000091c00000, 0x0000000091c00000|100%| O|  |TAMS 0x0000000091c00000, 0x0000000091b00000| Untracked 
|   2|0x0000000091c00000, 0x0000000091d00000, 0x0000000091d00000|100%| O|  |TAMS 0x0000000091d00000, 0x0000000091c00000| Untracked 
|   3|0x0000000091d00000, 0x0000000091e00000, 0x0000000091e00000|100%| O|  |TAMS 0x0000000091e00000, 0x0000000091d00000| Untracked 
|   4|0x0000000091e00000, 0x0000000091f00000, 0x0000000091f00000|100%| O|  |TAMS 0x0000000091f00000, 0x0000000091e00000| Untracked 
|   5|0x0000000091f00000, 0x0000000092000000, 0x0000000092000000|100%| O|  |TAMS 0x0000000092000000, 0x0000000091f00000| Untracked 
|   6|0x0000000092000000, 0x0000000092100000, 0x0000000092100000|100%| O|  |TAMS 0x0000000092100000, 0x0000000092000000| Untracked 
|   7|0x0000000092100000, 0x0000000092200000, 0x0000000092200000|100%| O|  |TAMS 0x0000000092200000, 0x0000000092100000| Untracked 
|   8|0x0000000092200000, 0x0000000092300000, 0x0000000092300000|100%| O|  |TAMS 0x0000000092300000, 0x0000000092200000| Untracked 
|   9|0x0000000092300000, 0x0000000092400000, 0x0000000092400000|100%| O|  |TAMS 0x0000000092400000, 0x0000000092300000| Untracked 
|  10|0x0000000092400000, 0x0000000092500000, 0x0000000092500000|100%| O|  |TAMS 0x0000000092500000, 0x0000000092400000| Untracked 
|  11|0x0000000092500000, 0x0000000092600000, 0x0000000092600000|100%| O|  |TAMS 0x0000000092600000, 0x0000000092500000| Untracked 
|  12|0x0000000092600000, 0x0000000092700000, 0x0000000092700000|100%| O|  |TAMS 0x0000000092700000, 0x0000000092600000| Untracked 
|  13|0x0000000092700000, 0x0000000092800000, 0x0000000092800000|100%| O|  |TAMS 0x0000000092800000, 0x0000000092700000| Untracked 
|  14|0x0000000092800000, 0x0000000092900000, 0x0000000092900000|100%| O|  |TAMS 0x0000000092900000, 0x0000000092800000| Untracked 
|  15|0x0000000092900000, 0x00000000929eaa00, 0x0000000092a00000| 91%| O|  |TAMS 0x00000000929eaa00, 0x0000000092900000| Untracked 
|  16|0x0000000092a00000, 0x0000000092b00000, 0x0000000092b00000|100%| O|  |TAMS 0x0000000092b00000, 0x0000000092a00000| Untracked 
|  17|0x0000000092b00000, 0x0000000092c00000, 0x0000000092c00000|100%| O|  |TAMS 0x0000000092c00000, 0x0000000092b00000| Untracked 
|  18|0x0000000092c00000, 0x0000000092d00000, 0x0000000092d00000|100%| O|  |TAMS 0x0000000092d00000, 0x0000000092c00000| Untracked 
|  19|0x0000000092d00000, 0x0000000092e00000, 0x0000000092e00000|100%| O|  |TAMS 0x0000000092e00000, 0x0000000092d00000| Untracked 
|  20|0x0000000092e00000, 0x0000000092f00000, 0x0000000092f00000|100%| O|  |TAMS 0x0000000092e97a00, 0x0000000092e00000| Untracked 
|  21|0x0000000092f00000, 0x0000000093000000, 0x0000000093000000|100%| O|  |TAMS 0x0000000092f00000, 0x0000000092f00000| Untracked 
|  22|0x0000000093000000, 0x0000000093100000, 0x0000000093100000|100%| O|  |TAMS 0x0000000093000000, 0x0000000093000000| Untracked 
|  23|0x0000000093100000, 0x00000000931fce00, 0x0000000093200000| 98%| O|  |TAMS 0x0000000093100000, 0x0000000093100000| Untracked 
|  24|0x0000000093200000, 0x0000000093200000, 0x0000000093300000|  0%| F|  |TAMS 0x0000000093200000, 0x0000000093200000| Untracked 
|  25|0x0000000093300000, 0x0000000093300000, 0x0000000093400000|  0%| F|  |TAMS 0x0000000093300000, 0x0000000093300000| Untracked 
|  26|0x0000000093400000, 0x0000000093400000, 0x0000000093500000|  0%| F|  |TAMS 0x0000000093400000, 0x0000000093400000| Untracked 
|  27|0x0000000093500000, 0x0000000093500000, 0x0000000093600000|  0%| F|  |TAMS 0x0000000093500000, 0x0000000093500000| Untracked 
|  28|0x0000000093600000, 0x0000000093600000, 0x0000000093700000|  0%| F|  |TAMS 0x0000000093600000, 0x0000000093600000| Untracked 
|  29|0x0000000093700000, 0x0000000093700000, 0x0000000093800000|  0%| F|  |TAMS 0x0000000093700000, 0x0000000093700000| Untracked 
|  30|0x0000000093800000, 0x0000000093800000, 0x0000000093900000|  0%| F|  |TAMS 0x0000000093800000, 0x0000000093800000| Untracked 
|  31|0x0000000093900000, 0x0000000093900000, 0x0000000093a00000|  0%| F|  |TAMS 0x0000000093900000, 0x0000000093900000| Untracked 
|  32|0x0000000093a00000, 0x0000000093a00000, 0x0000000093b00000|  0%| F|  |TAMS 0x0000000093a00000, 0x0000000093a00000| Untracked 
|  33|0x0000000093b00000, 0x0000000093b00000, 0x0000000093c00000|  0%| F|  |TAMS 0x0000000093b00000, 0x0000000093b00000| Untracked 
|  34|0x0000000093c00000, 0x0000000093c00000, 0x0000000093d00000|  0%| F|  |TAMS 0x0000000093c00000, 0x0000000093c00000| Untracked 
|  35|0x0000000093d00000, 0x0000000093d00000, 0x0000000093e00000|  0%| F|  |TAMS 0x0000000093d00000, 0x0000000093d00000| Untracked 
|  36|0x0000000093e00000, 0x0000000093e00000, 0x0000000093f00000|  0%| F|  |TAMS 0x0000000093e00000, 0x0000000093e00000| Untracked 
|  37|0x0000000093f00000, 0x0000000093ff5cf8, 0x0000000094000000| 96%| S|CS|TAMS 0x0000000093f00000, 0x0000000093f00000| Complete 
|  38|0x0000000094000000, 0x0000000094100000, 0x0000000094100000|100%| S|CS|TAMS 0x0000000094000000, 0x0000000094000000| Complete 
|  39|0x0000000094100000, 0x0000000094200000, 0x0000000094200000|100%| S|CS|TAMS 0x0000000094100000, 0x0000000094100000| Complete 
|  40|0x0000000094200000, 0x0000000094300000, 0x0000000094300000|100%| S|CS|TAMS 0x0000000094200000, 0x0000000094200000| Complete 
|  41|0x0000000094300000, 0x0000000094400000, 0x0000000094400000|100%| S|CS|TAMS 0x0000000094300000, 0x0000000094300000| Complete 
|  42|0x0000000094400000, 0x0000000094400000, 0x0000000094500000|  0%| F|  |TAMS 0x0000000094400000, 0x0000000094400000| Untracked 
|  43|0x0000000094500000, 0x0000000094500000, 0x0000000094600000|  0%| F|  |TAMS 0x0000000094500000, 0x0000000094500000| Untracked 
|  44|0x0000000094600000, 0x0000000094600000, 0x0000000094700000|  0%| F|  |TAMS 0x0000000094600000, 0x0000000094600000| Untracked 
|  45|0x0000000094700000, 0x0000000094700000, 0x0000000094800000|  0%| F|  |TAMS 0x0000000094700000, 0x0000000094700000| Untracked 
|  46|0x0000000094800000, 0x0000000094800000, 0x0000000094900000|  0%| F|  |TAMS 0x0000000094800000, 0x0000000094800000| Untracked 
|  47|0x0000000094900000, 0x0000000094900000, 0x0000000094a00000|  0%| F|  |TAMS 0x0000000094900000, 0x0000000094900000| Untracked 
|  48|0x0000000094a00000, 0x0000000094a00000, 0x0000000094b00000|  0%| F|  |TAMS 0x0000000094a00000, 0x0000000094a00000| Untracked 
|  49|0x0000000094b00000, 0x0000000094b00000, 0x0000000094c00000|  0%| F|  |TAMS 0x0000000094b00000, 0x0000000094b00000| Untracked 
|  50|0x0000000094c00000, 0x0000000094c00000, 0x0000000094d00000|  0%| F|  |TAMS 0x0000000094c00000, 0x0000000094c00000| Untracked 
|  51|0x0000000094d00000, 0x0000000094d00000, 0x0000000094e00000|  0%| F|  |TAMS 0x0000000094d00000, 0x0000000094d00000| Untracked 
|  52|0x0000000094e00000, 0x0000000094e00000, 0x0000000094f00000|  0%| F|  |TAMS 0x0000000094e00000, 0x0000000094e00000| Untracked 
|  53|0x0000000094f00000, 0x0000000094f00000, 0x0000000095000000|  0%| F|  |TAMS 0x0000000094f00000, 0x0000000094f00000| Untracked 
|  54|0x0000000095000000, 0x0000000095000000, 0x0000000095100000|  0%| F|  |TAMS 0x0000000095000000, 0x0000000095000000| Untracked 
|  55|0x0000000095100000, 0x0000000095100000, 0x0000000095200000|  0%| F|  |TAMS 0x0000000095100000, 0x0000000095100000| Untracked 
|  56|0x0000000095200000, 0x0000000095200000, 0x0000000095300000|  0%| F|  |TAMS 0x0000000095200000, 0x0000000095200000| Untracked 
|  57|0x0000000095300000, 0x0000000095300000, 0x0000000095400000|  0%| F|  |TAMS 0x0000000095300000, 0x0000000095300000| Untracked 
|  58|0x0000000095400000, 0x0000000095400000, 0x0000000095500000|  0%| F|  |TAMS 0x0000000095400000, 0x0000000095400000| Untracked 
|  59|0x0000000095500000, 0x0000000095500000, 0x0000000095600000|  0%| F|  |TAMS 0x0000000095500000, 0x0000000095500000| Untracked 
|  60|0x0000000095600000, 0x0000000095600000, 0x0000000095700000|  0%| F|  |TAMS 0x0000000095600000, 0x0000000095600000| Untracked 
|  61|0x0000000095700000, 0x0000000095700000, 0x0000000095800000|  0%| F|  |TAMS 0x0000000095700000, 0x0000000095700000| Untracked 
|  62|0x0000000095800000, 0x0000000095800000, 0x0000000095900000|  0%| F|  |TAMS 0x0000000095800000, 0x0000000095800000| Untracked 
|  63|0x0000000095900000, 0x0000000095900000, 0x0000000095a00000|  0%| F|  |TAMS 0x0000000095900000, 0x0000000095900000| Untracked 
|  64|0x0000000095a00000, 0x0000000095a00000, 0x0000000095b00000|  0%| F|  |TAMS 0x0000000095a00000, 0x0000000095a00000| Untracked 
|  65|0x0000000095b00000, 0x0000000095b00000, 0x0000000095c00000|  0%| F|  |TAMS 0x0000000095b00000, 0x0000000095b00000| Untracked 
|  66|0x0000000095c00000, 0x0000000095c00000, 0x0000000095d00000|  0%| F|  |TAMS 0x0000000095c00000, 0x0000000095c00000| Untracked 
|  67|0x0000000095d00000, 0x0000000095d84db0, 0x0000000095e00000| 51%| E|  |TAMS 0x0000000095d00000, 0x0000000095d00000| Complete 
|  68|0x0000000095e00000, 0x0000000095f00000, 0x0000000095f00000|100%| E|CS|TAMS 0x0000000095e00000, 0x0000000095e00000| Complete 
|  69|0x0000000095f00000, 0x0000000096000000, 0x0000000096000000|100%| E|CS|TAMS 0x0000000095f00000, 0x0000000095f00000| Complete 
| 110|0x0000000098800000, 0x0000000098900000, 0x0000000098900000|100%| E|CS|TAMS 0x0000000098800000, 0x0000000098800000| Complete 
| 111|0x0000000098900000, 0x0000000098a00000, 0x0000000098a00000|100%| E|CS|TAMS 0x0000000098900000, 0x0000000098900000| Complete 

Card table byte_map: [0x000002604aee0000,0x000002604b260000] _byte_map_base: 0x000002604aa53000

Marking Bits (Prev, Next): (CMBitMap*) 0x0000026044887f50, (CMBitMap*) 0x0000026044887f90
 Prev Bits: [0x000002604b5e0000, 0x000002604d178000)
 Next Bits: [0x000002604d180000, 0x000002604ed18000)

Polling page: 0x0000026042680000

Metaspace:

Usage:
  Non-class:     55.44 MB used.
      Class:      8.83 MB used.
       Both:     64.28 MB used.

Virtual space:
  Non-class space:       64.00 MB reserved,      55.75 MB ( 87%) committed,  8 nodes.
      Class space:        1.00 GB reserved,       9.06 MB ( <1%) committed,  1 nodes.
             Both:        1.06 GB reserved,      64.81 MB (  6%) committed. 

Chunk freelists:
   Non-Class:  3.86 MB
       Class:  2.73 MB
        Both:  6.59 MB

MaxMetaspaceSize: unlimited
CompressedClassSpaceSize: 1.00 GB
Initial GC threshold: 21.00 MB
Current GC threshold: 103.75 MB
CDS: off
MetaspaceReclaimPolicy: balanced
 - commit_granule_bytes: 65536.
 - commit_granule_words: 8192.
 - virtual_space_node_default_size: 1048576.
 - enlarge_chunks_in_place: 1.
 - new_chunks_are_fully_committed: 0.
 - uncommit_free_chunks: 1.
 - use_allocation_guard: 0.
 - handle_deallocations: 1.


Internal statistics:

num_allocs_failed_limit: 15.
num_arena_births: 776.
num_arena_deaths: 0.
num_vsnodes_births: 9.
num_vsnodes_deaths: 0.
num_space_committed: 1037.
num_space_uncommitted: 0.
num_chunks_returned_to_freelist: 15.
num_chunks_taken_from_freelist: 2869.
num_chunk_merges: 15.
num_chunk_splits: 2062.
num_chunks_enlarged: 1567.
num_purges: 0.
num_inconsistent_stats: 0.

CodeCache: size=49152Kb used=12173Kb max_used=12173Kb free=36979Kb
 bounds [0x0000026047ee0000, 0x0000026048ad0000, 0x000002604aee0000]
 total_blobs=7090 nmethods=6460 adapters=555
 compilation: enabled
              stopped_count=0, restarted_count=0
 full_count=0

Compilation events (20 events):
Event: 7.473 Thread 0x0000026051d4d500 6452       1       org.springframework.transaction.annotation.SpringTransactionAnnotationParser::isCandidateClass (7 bytes)
Event: 7.473 Thread 0x0000026051d4cff0 nmethod 6450 0x0000026048abf410 code [0x0000026048abf5a0, 0x0000026048abf7d8]
Event: 7.473 Thread 0x0000026051d4cff0 6453       1       org.springframework.aop.support.StaticMethodMatcherPointcut::getMethodMatcher (2 bytes)
Event: 7.473 Thread 0x0000026051d4cff0 nmethod 6453 0x0000026048abf890 code [0x0000026048abfa20, 0x0000026048abfaf8]
Event: 7.473 Thread 0x0000026051c78140 nmethod 6451 0x0000026048abfb90 code [0x0000026048abfd60, 0x0000026048abff78]
Event: 7.473 Thread 0x0000026051d4d500 nmethod 6452 0x0000026048ac0090 code [0x0000026048ac0260, 0x0000026048ac0498]
Event: 7.481 Thread 0x0000026051d4d500 6454       1       org.springframework.boot.context.properties.ConfigurationPropertiesBean::findMergedAnnotation (24 bytes)
Event: 7.481 Thread 0x0000026051c78140 6455       1       org.springframework.util.ClassUtils::getAllInterfacesForClassAsSet (106 bytes)
Event: 7.482 Thread 0x0000026051d4d500 nmethod 6454 0x0000026048ac0690 code [0x0000026048ac0840, 0x0000026048ac09b8]
Event: 7.483 Thread 0x0000026051c78140 nmethod 6455 0x0000026048ac0a90 code [0x0000026048ac0d20, 0x0000026048ac1598]
Event: 7.490 Thread 0x0000026051c78140 6456       1       java.util.Arrays::sort (47 bytes)
Event: 7.490 Thread 0x0000026051d4cff0 6457       1       org.springframework.core.OrderComparator::getOrder (111 bytes)
Event: 7.490 Thread 0x0000026051c78140 nmethod 6456 0x0000026048ac1b90 code [0x0000026048ac1d60, 0x0000026048ac1f58]
Event: 7.490 Thread 0x0000026051d4cff0 nmethod 6457 0x0000026048ac2090 code [0x0000026048ac2280, 0x0000026048ac2538]
Event: 7.491 Thread 0x0000026051d4d500 6458       1       java.io.ObjectInputStream$PeekInputStream::readFully (48 bytes)
Event: 7.491 Thread 0x0000026051c78140 6459       1       java.io.ObjectInputStream$BlockDataInputStream::getBlockDataMode (5 bytes)
Event: 7.491 Thread 0x0000026051d4d500 nmethod 6458 0x0000026048ac2790 code [0x0000026048ac2940, 0x0000026048ac2b38]
Event: 7.491 Thread 0x0000026051c78140 nmethod 6459 0x0000026048ac2c90 code [0x0000026048ac2e20, 0x0000026048ac2ef8]
Event: 7.491 Thread 0x0000026051d4cff0 6460       1       java.lang.Class::getAnnotations (11 bytes)
Event: 7.492 Thread 0x0000026051d4cff0 nmethod 6460 0x0000026048ac2f90 code [0x0000026048ac3140, 0x0000026048ac32c8]

GC Heap History (20 events):
Event: 2.485 GC heap before
{Heap before GC invocations=7 (full 0):
 garbage-first heap   total 40960K, used 27396K [0x0000000091a00000, 0x0000000100000000)
  region size 1024K, 17 young (17408K), 2 survivors (2048K)
 Metaspace       used 30040K, committed 30272K, reserved 1081344K
  class space    used 3717K, committed 3840K, reserved 1048576K
}
Event: 2.490 GC heap after
{Heap after GC invocations=8 (full 0):
 garbage-first heap   total 76800K, used 13370K [0x0000000091a00000, 0x0000000100000000)
  region size 1024K, 3 young (3072K), 3 survivors (3072K)
 Metaspace       used 30040K, committed 30272K, reserved 1081344K
  class space    used 3717K, committed 3840K, reserved 1048576K
}
Event: 3.418 GC heap before
{Heap before GC invocations=8 (full 0):
 garbage-first heap   total 76800K, used 55354K [0x0000000091a00000, 0x0000000100000000)
  region size 1024K, 44 young (45056K), 3 survivors (3072K)
 Metaspace       used 35729K, committed 36160K, reserved 1081344K
  class space    used 4580K, committed 4800K, reserved 1048576K
}
Event: 3.428 GC heap after
{Heap after GC invocations=9 (full 0):
 garbage-first heap   total 76800K, used 16387K [0x0000000091a00000, 0x0000000100000000)
  region size 1024K, 6 young (6144K), 6 survivors (6144K)
 Metaspace       used 35729K, committed 36160K, reserved 1081344K
  class space    used 4580K, committed 4800K, reserved 1048576K
}
Event: 3.431 GC heap before
{Heap before GC invocations=9 (full 0):
 garbage-first heap   total 76800K, used 16387K [0x0000000091a00000, 0x0000000100000000)
  region size 1024K, 7 young (7168K), 6 survivors (6144K)
 Metaspace       used 35737K, committed 36160K, reserved 1081344K
  class space    used 4582K, committed 4800K, reserved 1048576K
}
Event: 3.440 GC heap after
{Heap after GC invocations=10 (full 0):
 garbage-first heap   total 76800K, used 17262K [0x0000000091a00000, 0x0000000100000000)
  region size 1024K, 1 young (1024K), 1 survivors (1024K)
 Metaspace       used 35737K, committed 36160K, reserved 1081344K
  class space    used 4582K, committed 4800K, reserved 1048576K
}
Event: 4.232 GC heap before
{Heap before GC invocations=11 (full 0):
 garbage-first heap   total 61440K, used 52078K [0x0000000091a00000, 0x0000000100000000)
  region size 1024K, 36 young (36864K), 1 survivors (1024K)
 Metaspace       used 41881K, committed 42304K, reserved 1089536K
  class space    used 5384K, committed 5632K, reserved 1048576K
}
Event: 4.241 GC heap after
{Heap after GC invocations=12 (full 0):
 garbage-first heap   total 61440K, used 19613K [0x0000000091a00000, 0x0000000100000000)
  region size 1024K, 4 young (4096K), 4 survivors (4096K)
 Metaspace       used 41881K, committed 42304K, reserved 1089536K
  class space    used 5384K, committed 5632K, reserved 1048576K
}
Event: 4.907 GC heap before
{Heap before GC invocations=12 (full 0):
 garbage-first heap   total 61440K, used 47261K [0x0000000091a00000, 0x0000000100000000)
  region size 1024K, 31 young (31744K), 4 survivors (4096K)
 Metaspace       used 48189K, committed 48576K, reserved 1097728K
  class space    used 6333K, committed 6528K, reserved 1048576K
}
Event: 4.917 GC heap after
{Heap after GC invocations=13 (full 0):
 garbage-first heap   total 61440K, used 21298K [0x0000000091a00000, 0x0000000100000000)
  region size 1024K, 2 young (2048K), 2 survivors (2048K)
 Metaspace       used 48189K, committed 48576K, reserved 1097728K
  class space    used 6333K, committed 6528K, reserved 1048576K
}
Event: 5.452 GC heap before
{Heap before GC invocations=13 (full 0):
 garbage-first heap   total 61440K, used 45874K [0x0000000091a00000, 0x0000000100000000)
  region size 1024K, 27 young (27648K), 2 survivors (2048K)
 Metaspace       used 53112K, committed 53504K, reserved 1097728K
  class space    used 7112K, committed 7296K, reserved 1048576K
}
Event: 5.458 GC heap after
{Heap after GC invocations=14 (full 0):
 garbage-first heap   total 73728K, used 22905K [0x0000000091a00000, 0x0000000100000000)
  region size 1024K, 4 young (4096K), 4 survivors (4096K)
 Metaspace       used 53112K, committed 53504K, reserved 1097728K
  class space    used 7112K, committed 7296K, reserved 1048576K
}
Event: 6.100 GC heap before
{Heap before GC invocations=14 (full 0):
 garbage-first heap   total 73728K, used 56697K [0x0000000091a00000, 0x0000000100000000)
  region size 1024K, 37 young (37888K), 4 survivors (4096K)
 Metaspace       used 57696K, committed 58176K, reserved 1105920K
  class space    used 7843K, committed 8064K, reserved 1048576K
}
Event: 6.108 GC heap after
{Heap after GC invocations=15 (full 0):
 garbage-first heap   total 73728K, used 23595K [0x0000000091a00000, 0x0000000100000000)
  region size 1024K, 3 young (3072K), 3 survivors (3072K)
 Metaspace       used 57696K, committed 58176K, reserved 1105920K
  class space    used 7843K, committed 8064K, reserved 1048576K
}
Event: 6.333 GC heap before
{Heap before GC invocations=15 (full 0):
 garbage-first heap   total 73728K, used 33835K [0x0000000091a00000, 0x0000000100000000)
  region size 1024K, 14 young (14336K), 3 survivors (3072K)
 Metaspace       used 59931K, committed 60480K, reserved 1105920K
  class space    used 8159K, committed 8448K, reserved 1048576K
}
Event: 6.340 GC heap after
{Heap after GC invocations=16 (full 0):
 garbage-first heap   total 73728K, used 24586K [0x0000000091a00000, 0x0000000100000000)
  region size 1024K, 4 young (4096K), 4 survivors (4096K)
 Metaspace       used 59931K, committed 60480K, reserved 1105920K
  class space    used 8159K, committed 8448K, reserved 1048576K
}
Event: 6.893 GC heap before
{Heap before GC invocations=17 (full 0):
 garbage-first heap   total 73728K, used 58378K [0x0000000091a00000, 0x0000000100000000)
  region size 1024K, 37 young (37888K), 4 survivors (4096K)
 Metaspace       used 63144K, committed 63616K, reserved 1105920K
  class space    used 8661K, committed 8896K, reserved 1048576K
}
Event: 6.903 GC heap after
{Heap after GC invocations=18 (full 0):
 garbage-first heap   total 73728K, used 27109K [0x0000000091a00000, 0x0000000100000000)
  region size 1024K, 5 young (5120K), 5 survivors (5120K)
 Metaspace       used 63144K, committed 63616K, reserved 1105920K
  class space    used 8661K, committed 8896K, reserved 1048576K
}
Event: 7.409 GC heap before
{Heap before GC invocations=19 (full 0):
 garbage-first heap   total 73728K, used 57829K [0x0000000091a00000, 0x0000000100000000)
  region size 1024K, 35 young (35840K), 5 survivors (5120K)
 Metaspace       used 65407K, committed 65920K, reserved 1105920K
  class space    used 8975K, committed 9216K, reserved 1048576K
}
Event: 7.419 GC heap after
{Heap after GC invocations=20 (full 0):
 garbage-first heap   total 73728K, used 29557K [0x0000000091a00000, 0x0000000100000000)
  region size 1024K, 5 young (5120K), 5 survivors (5120K)
 Metaspace       used 65407K, committed 65920K, reserved 1105920K
  class space    used 8975K, committed 9216K, reserved 1048576K
}

Dll operation events (9 events):
Event: 0.008 Loaded shared library C:\Users\Oscar Carpio\Desktop\sts-4.18.0.RELEASE\plugins\org.eclipse.justj.openjdk.hotspot.jre.full.win32.x86_64_17.0.6.v20230204-1729\jre\bin\java.dll
Event: 0.220 Loaded shared library C:\Users\Oscar Carpio\Desktop\sts-4.18.0.RELEASE\plugins\org.eclipse.justj.openjdk.hotspot.jre.full.win32.x86_64_17.0.6.v20230204-1729\jre\bin\jimage.dll
Event: 0.241 Loaded shared library C:\Users\Oscar Carpio\Desktop\sts-4.18.0.RELEASE\plugins\org.eclipse.justj.openjdk.hotspot.jre.full.win32.x86_64_17.0.6.v20230204-1729\jre\bin\net.dll
Event: 0.244 Loaded shared library C:\Users\Oscar Carpio\Desktop\sts-4.18.0.RELEASE\plugins\org.eclipse.justj.openjdk.hotspot.jre.full.win32.x86_64_17.0.6.v20230204-1729\jre\bin\nio.dll
Event: 0.255 Loaded shared library C:\Users\Oscar Carpio\Desktop\sts-4.18.0.RELEASE\plugins\org.eclipse.justj.openjdk.hotspot.jre.full.win32.x86_64_17.0.6.v20230204-1729\jre\bin\zip.dll
Event: 0.369 Loaded shared library C:\Users\Oscar Carpio\Desktop\sts-4.18.0.RELEASE\plugins\org.eclipse.justj.openjdk.hotspot.jre.full.win32.x86_64_17.0.6.v20230204-1729\jre\bin\management.dll
Event: 0.399 Loaded shared library C:\Users\Oscar Carpio\Desktop\sts-4.18.0.RELEASE\plugins\org.eclipse.justj.openjdk.hotspot.jre.full.win32.x86_64_17.0.6.v20230204-1729\jre\bin\management_ext.dll
Event: 1.596 Loaded shared library C:\Users\Oscar Carpio\Desktop\sts-4.18.0.RELEASE\plugins\org.eclipse.justj.openjdk.hotspot.jre.full.win32.x86_64_17.0.6.v20230204-1729\jre\bin\verify.dll
Event: 3.740 Loaded shared library C:\Users\Oscar Carpio\Desktop\sts-4.18.0.RELEASE\plugins\org.eclipse.justj.openjdk.hotspot.jre.full.win32.x86_64_17.0.6.v20230204-1729\jre\bin\sunmscapi.dll

Deoptimization events (14 events):
Event: 1.667 Thread 0x00000260448320f0 DEOPT PACKING pc=0x00000260483dd719 sp=0x000000cbaeefd520
Event: 1.667 Thread 0x00000260448320f0 DEOPT UNPACKING pc=0x0000026047f37143 sp=0x000000cbaeefca00 mode 3
Event: 2.108 Thread 0x00000260448320f0 DEOPT PACKING pc=0x000002604849e77d sp=0x000000cbaeefe330
Event: 2.108 Thread 0x00000260448320f0 DEOPT UNPACKING pc=0x0000026047f37143 sp=0x000000cbaeefd898 mode 3
Event: 6.443 Thread 0x00000260448320f0 DEOPT PACKING pc=0x00000260483fb694 sp=0x000000cbaeefb580
Event: 6.443 Thread 0x00000260448320f0 DEOPT UNPACKING pc=0x0000026047f37143 sp=0x000000cbaeefaad8 mode 0
Event: 6.672 Thread 0x00000260448320f0 DEOPT PACKING pc=0x0000026048669199 sp=0x000000cbaeefbb00
Event: 6.672 Thread 0x00000260448320f0 DEOPT UNPACKING pc=0x0000026047f37143 sp=0x000000cbaeefafe0 mode 3
Event: 7.425 Thread 0x00000260448320f0 DEOPT PACKING pc=0x00000260484627c2 sp=0x000000cbaeef81b0
Event: 7.425 Thread 0x00000260448320f0 DEOPT UNPACKING pc=0x0000026047f37143 sp=0x000000cbaeef76b8 mode 3
Event: 7.426 Thread 0x00000260448320f0 DEOPT PACKING pc=0x000002604844f735 sp=0x000000cbaeef8170
Event: 7.426 Thread 0x00000260448320f0 DEOPT UNPACKING pc=0x0000026047f37143 sp=0x000000cbaeef76b8 mode 3
Event: 7.426 Thread 0x00000260448320f0 DEOPT PACKING pc=0x0000026048423ffc sp=0x000000cbaeef8100
Event: 7.426 Thread 0x00000260448320f0 DEOPT UNPACKING pc=0x0000026047f37143 sp=0x000000cbaeef76b8 mode 3

Classes unloaded (0 events):
No events

Classes redefined (0 events):
No events

Internal exceptions (20 events):
Event: 6.581 Thread 0x00000260448320f0 Exception <a 'java/lang/IncompatibleClassChangeError'{0x000000009517ee10}: Found class java.lang.Object, but interface was expected> (0x000000009517ee10) 
thrown [s\src\hotspot\share\interpreter\linkResolver.cpp, line 826]
Event: 6.626 Thread 0x00000260448320f0 Exception <a 'java/lang/reflect/InvocationTargetException'{0x0000000094f0f350}> (0x0000000094f0f350) 
thrown [s\src\hotspot\share\runtime\reflection.cpp, line 1121]
Event: 6.628 Thread 0x00000260448320f0 Exception <a 'java/lang/reflect/InvocationTargetException'{0x0000000094f1a0a8}> (0x0000000094f1a0a8) 
thrown [s\src\hotspot\share\runtime\reflection.cpp, line 1121]
Event: 6.649 Thread 0x00000260448320f0 Exception <a 'java/lang/reflect/InvocationTargetException'{0x0000000094d28ce0}> (0x0000000094d28ce0) 
thrown [s\src\hotspot\share\runtime\reflection.cpp, line 1121]
Event: 6.725 Thread 0x00000260448320f0 Exception <a 'java/lang/NoSuchMethodError'{0x0000000094a596f0}: 'long java.lang.invoke.DirectMethodHandle$Holder.invokeVirtual(java.lang.Object, java.lang.Object)'> (0x0000000094a596f0) 
thrown [s\src\hotspot\share\interpreter\linkResolver.cpp, line 759]
Event: 6.796 Thread 0x00000260448320f0 Exception <a 'java/lang/reflect/InvocationTargetException'{0x000000009456d140}> (0x000000009456d140) 
thrown [s\src\hotspot\share\runtime\reflection.cpp, line 1121]
Event: 6.798 Thread 0x00000260448320f0 Exception <a 'java/lang/reflect/InvocationTargetException'{0x000000009457c070}> (0x000000009457c070) 
thrown [s\src\hotspot\share\runtime\reflection.cpp, line 1121]
Event: 6.812 Thread 0x00000260448320f0 Exception <a 'java/lang/reflect/InvocationTargetException'{0x0000000094379308}> (0x0000000094379308) 
thrown [s\src\hotspot\share\runtime\reflection.cpp, line 1121]
Event: 6.814 Thread 0x00000260448320f0 Exception <a 'java/lang/reflect/InvocationTargetException'{0x00000000943860f8}> (0x00000000943860f8) 
thrown [s\src\hotspot\share\runtime\reflection.cpp, line 1121]
Event: 6.830 Thread 0x00000260448320f0 Exception <a 'java/lang/reflect/InvocationTargetException'{0x00000000941fe200}> (0x00000000941fe200) 
thrown [s\src\hotspot\share\runtime\reflection.cpp, line 1121]
Event: 6.835 Thread 0x00000260448320f0 Exception <a 'java/lang/reflect/InvocationTargetException'{0x0000000094018d28}> (0x0000000094018d28) 
thrown [s\src\hotspot\share\runtime\reflection.cpp, line 1121]
Event: 6.837 Thread 0x00000260448320f0 Exception <a 'java/lang/reflect/InvocationTargetException'{0x0000000094025720}> (0x0000000094025720) 
thrown [s\src\hotspot\share\runtime\reflection.cpp, line 1121]
Event: 6.876 Thread 0x00000260448320f0 Exception <a 'java/lang/reflect/InvocationTargetException'{0x0000000093ecb500}> (0x0000000093ecb500) 
thrown [s\src\hotspot\share\runtime\reflection.cpp, line 1121]
Event: 6.877 Thread 0x00000260448320f0 Exception <a 'java/lang/reflect/InvocationTargetException'{0x0000000093ed5cf8}> (0x0000000093ed5cf8) 
thrown [s\src\hotspot\share\runtime\reflection.cpp, line 1121]
Event: 6.910 Thread 0x00000260448320f0 Exception <a 'java/lang/reflect/InvocationTargetException'{0x0000000098802de8}> (0x0000000098802de8) 
thrown [s\src\hotspot\share\runtime\reflection.cpp, line 1121]
Event: 6.917 Thread 0x00000260448320f0 Exception <a 'java/lang/reflect/InvocationTargetException'{0x000000009880d5a8}> (0x000000009880d5a8) 
thrown [s\src\hotspot\share\runtime\reflection.cpp, line 1121]
Event: 6.937 Thread 0x00000260448320f0 Exception <a 'java/lang/reflect/InvocationTargetException'{0x0000000095e14068}> (0x0000000095e14068) 
thrown [s\src\hotspot\share\runtime\reflection.cpp, line 1121]
Event: 6.960 Thread 0x00000260528a7090 Exception <a 'java/lang/reflect/InvocationTargetException'{0x0000000095d82370}> (0x0000000095d82370) 
thrown [s\src\hotspot\share\runtime\reflection.cpp, line 1121]
Event: 7.433 Thread 0x00000260448320f0 Exception <a 'java/lang/IncompatibleClassChangeError'{0x000000009886e3b8}: Found class java.lang.Object, but interface was expected> (0x000000009886e3b8) 
thrown [s\src\hotspot\share\interpreter\linkResolver.cpp, line 826]
Event: 7.491 Thread 0x00000260528a7090 Exception <a 'java/lang/reflect/InvocationTargetException'{0x0000000095d823b8}> (0x0000000095d823b8) 
thrown [s\src\hotspot\share\runtime\reflection.cpp, line 1121]

VM Operations (20 events):
Event: 6.732 Executing VM operation: HandshakeAllThreads
Event: 6.732 Executing VM operation: HandshakeAllThreads done
Event: 6.893 Executing VM operation: G1CollectForAllocation
Event: 6.903 Executing VM operation: G1CollectForAllocation done
Event: 6.962 Executing VM operation: G1Concurrent
Event: 6.965 Executing VM operation: G1Concurrent done
Event: 6.989 Executing VM operation: G1Concurrent
Event: 6.989 Executing VM operation: G1Concurrent done
Event: 7.155 Executing VM operation: HandshakeAllThreads
Event: 7.155 Executing VM operation: HandshakeAllThreads done
Event: 7.279 Executing VM operation: HandshakeAllThreads
Event: 7.279 Executing VM operation: HandshakeAllThreads done
Event: 7.313 Executing VM operation: HandshakeAllThreads
Event: 7.313 Executing VM operation: HandshakeAllThreads done
Event: 7.314 Executing VM operation: HandshakeAllThreads
Event: 7.314 Executing VM operation: HandshakeAllThreads done
Event: 7.314 Executing VM operation: HandshakeAllThreads
Event: 7.314 Executing VM operation: HandshakeAllThreads done
Event: 7.409 Executing VM operation: G1CollectForAllocation
Event: 7.419 Executing VM operation: G1CollectForAllocation done

Events (20 events):
Event: 6.740 loading class java/util/concurrent/ForkJoinWorkerThread done
Event: 6.743 Thread 0x000002605388b2e0 Thread added: 0x000002605388b2e0
Event: 7.154 loading class java/util/ArrayList$ListItr
Event: 7.154 loading class java/util/ArrayList$ListItr done
Event: 7.248 loading class java/nio/charset/UnsupportedCharsetException
Event: 7.248 loading class java/nio/charset/UnsupportedCharsetException done
Event: 7.298 loading class java/util/Comparators$NullComparator
Event: 7.298 loading class java/util/Comparators$NullComparator done
Event: 7.390 loading class java/util/EnumMap$EntrySet
Event: 7.391 loading class java/util/EnumMap$EntrySet done
Event: 7.391 loading class java/util/EnumMap$EntryIterator
Event: 7.391 loading class java/util/EnumMap$EnumMapIterator
Event: 7.391 loading class java/util/EnumMap$EnumMapIterator done
Event: 7.391 loading class java/util/EnumMap$EntryIterator done
Event: 7.393 loading class java/lang/reflect/MalformedParametersException
Event: 7.393 loading class java/lang/reflect/MalformedParametersException done
Event: 7.406 loading class java/util/concurrent/ConcurrentHashMap$TreeNode
Event: 7.407 loading class java/util/concurrent/ConcurrentHashMap$TreeNode done
Event: 7.407 loading class java/util/concurrent/ConcurrentHashMap$TreeBin
Event: 7.407 loading class java/util/concurrent/ConcurrentHashMap$TreeBin done


Dynamic libraries:
0x00007ff677140000 - 0x00007ff67714e000 	C:\Users\Oscar Carpio\Desktop\sts-4.18.0.RELEASE\plugins\org.eclipse.justj.openjdk.hotspot.jre.full.win32.x86_64_17.0.6.v20230204-1729\jre\bin\javaw.exe
0x00007fff6ff70000 - 0x00007fff70168000 	C:\WINDOWS\SYSTEM32\ntdll.dll
0x00007fff6f260000 - 0x00007fff6f31f000 	C:\WINDOWS\System32\KERNEL32.DLL
0x00007fff6dc30000 - 0x00007fff6df26000 	C:\WINDOWS\System32\KERNELBASE.dll
0x00007fff6dac0000 - 0x00007fff6dbc0000 	C:\WINDOWS\System32\ucrtbase.dll
0x00007fff56f50000 - 0x00007fff56f69000 	C:\Users\Oscar Carpio\Desktop\sts-4.18.0.RELEASE\plugins\org.eclipse.justj.openjdk.hotspot.jre.full.win32.x86_64_17.0.6.v20230204-1729\jre\bin\VCRUNTIME140.dll
0x00007fff58380000 - 0x00007fff58397000 	C:\Users\Oscar Carpio\Desktop\sts-4.18.0.RELEASE\plugins\org.eclipse.justj.openjdk.hotspot.jre.full.win32.x86_64_17.0.6.v20230204-1729\jre\bin\jli.dll
0x00007fff6e470000 - 0x00007fff6e60d000 	C:\WINDOWS\System32\USER32.dll
0x00007fff5bc90000 - 0x00007fff5bf2a000 	C:\WINDOWS\WinSxS\amd64_microsoft.windows.common-controls_6595b64144ccf1df_6.0.19041.1110_none_60b5254171f9507e\COMCTL32.dll
0x00007fff6d650000 - 0x00007fff6d672000 	C:\WINDOWS\System32\win32u.dll
0x00007fff6ecb0000 - 0x00007fff6ed4e000 	C:\WINDOWS\System32\msvcrt.dll
0x00007fff6e700000 - 0x00007fff6e72c000 	C:\WINDOWS\System32\GDI32.dll
0x00007fff6d680000 - 0x00007fff6d795000 	C:\WINDOWS\System32\gdi32full.dll
0x00007fff6df30000 - 0x00007fff6dfcd000 	C:\WINDOWS\System32\msvcp_win.dll
0x00007fff6dfd0000 - 0x00007fff6e000000 	C:\WINDOWS\System32\IMM32.DLL
0x00007fff5cbb0000 - 0x00007fff5cbbc000 	C:\Users\Oscar Carpio\Desktop\sts-4.18.0.RELEASE\plugins\org.eclipse.justj.openjdk.hotspot.jre.full.win32.x86_64_17.0.6.v20230204-1729\jre\bin\vcruntime140_1.dll
0x00007fff479c0000 - 0x00007fff47a51000 	C:\Users\Oscar Carpio\Desktop\sts-4.18.0.RELEASE\plugins\org.eclipse.justj.openjdk.hotspot.jre.full.win32.x86_64_17.0.6.v20230204-1729\jre\bin\msvcp140.dll
0x00007fff16980000 - 0x00007fff175c7000 	C:\Users\Oscar Carpio\Desktop\sts-4.18.0.RELEASE\plugins\org.eclipse.justj.openjdk.hotspot.jre.full.win32.x86_64_17.0.6.v20230204-1729\jre\bin\server\jvm.dll
0x00007fff6fde0000 - 0x00007fff6fe8f000 	C:\WINDOWS\System32\ADVAPI32.dll
0x00007fff6fe90000 - 0x00007fff6ff2c000 	C:\WINDOWS\System32\sechost.dll
0x00007fff6f380000 - 0x00007fff6f4a6000 	C:\WINDOWS\System32\RPCRT4.dll
0x00007fff59f50000 - 0x00007fff59f59000 	C:\WINDOWS\SYSTEM32\WSOCK32.dll
0x00007fff630f0000 - 0x00007fff63117000 	C:\WINDOWS\SYSTEM32\WINMM.dll
0x00007fff651f0000 - 0x00007fff651fa000 	C:\WINDOWS\SYSTEM32\VERSION.dll
0x00007fff6fcf0000 - 0x00007fff6fd5b000 	C:\WINDOWS\System32\WS2_32.dll
0x00007fff6b4c0000 - 0x00007fff6b4d2000 	C:\WINDOWS\SYSTEM32\kernel.appcore.dll
0x00007fff69030000 - 0x00007fff6903a000 	C:\Users\Oscar Carpio\Desktop\sts-4.18.0.RELEASE\plugins\org.eclipse.justj.openjdk.hotspot.jre.full.win32.x86_64_17.0.6.v20230204-1729\jre\bin\jimage.dll
0x00007fff66850000 - 0x00007fff66a34000 	C:\WINDOWS\SYSTEM32\DBGHELP.DLL
0x00007fff5c370000 - 0x00007fff5c3a4000 	C:\WINDOWS\SYSTEM32\dbgcore.DLL
0x00007fff6d7f0000 - 0x00007fff6d872000 	C:\WINDOWS\System32\bcryptPrimitives.dll
0x00007fff55160000 - 0x00007fff55185000 	C:\Users\Oscar Carpio\Desktop\sts-4.18.0.RELEASE\plugins\org.eclipse.justj.openjdk.hotspot.jre.full.win32.x86_64_17.0.6.v20230204-1729\jre\bin\java.dll
0x00007fff57990000 - 0x00007fff579a8000 	C:\Users\Oscar Carpio\Desktop\sts-4.18.0.RELEASE\plugins\org.eclipse.justj.openjdk.hotspot.jre.full.win32.x86_64_17.0.6.v20230204-1729\jre\bin\zip.dll
0x00007fff6f510000 - 0x00007fff6fc54000 	C:\WINDOWS\System32\SHELL32.dll
0x00007fff6b6c0000 - 0x00007fff6be53000 	C:\WINDOWS\SYSTEM32\windows.storage.dll
0x00007fff6e730000 - 0x00007fff6ea84000 	C:\WINDOWS\System32\combase.dll
0x00007fff6cfc0000 - 0x00007fff6cfee000 	C:\WINDOWS\SYSTEM32\Wldp.dll
0x00007fff6eaf0000 - 0x00007fff6eb9d000 	C:\WINDOWS\System32\SHCORE.dll
0x00007fff6ea90000 - 0x00007fff6eae5000 	C:\WINDOWS\System32\shlwapi.dll
0x00007fff6d590000 - 0x00007fff6d5af000 	C:\WINDOWS\SYSTEM32\profapi.dll
0x00007fff55d10000 - 0x00007fff55d29000 	C:\Users\Oscar Carpio\Desktop\sts-4.18.0.RELEASE\plugins\org.eclipse.justj.openjdk.hotspot.jre.full.win32.x86_64_17.0.6.v20230204-1729\jre\bin\net.dll
0x00007fff64ec0000 - 0x00007fff64fca000 	C:\WINDOWS\SYSTEM32\WINHTTP.dll
0x00007fff6cd00000 - 0x00007fff6cd6a000 	C:\WINDOWS\system32\mswsock.dll
0x00007fff52a80000 - 0x00007fff52a95000 	C:\Users\Oscar Carpio\Desktop\sts-4.18.0.RELEASE\plugins\org.eclipse.justj.openjdk.hotspot.jre.full.win32.x86_64_17.0.6.v20230204-1729\jre\bin\nio.dll
0x00007fff69020000 - 0x00007fff69029000 	C:\Users\Oscar Carpio\Desktop\sts-4.18.0.RELEASE\plugins\org.eclipse.justj.openjdk.hotspot.jre.full.win32.x86_64_17.0.6.v20230204-1729\jre\bin\management.dll
0x00007fff579c0000 - 0x00007fff579cb000 	C:\Users\Oscar Carpio\Desktop\sts-4.18.0.RELEASE\plugins\org.eclipse.justj.openjdk.hotspot.jre.full.win32.x86_64_17.0.6.v20230204-1729\jre\bin\management_ext.dll
0x00007fff6e610000 - 0x00007fff6e618000 	C:\WINDOWS\System32\PSAPI.DLL
0x00007fff50840000 - 0x00007fff50857000 	C:\WINDOWS\system32\napinsp.dll
0x00007fff50820000 - 0x00007fff5083b000 	C:\WINDOWS\system32\pnrpnsp.dll
0x00007fff51400000 - 0x00007fff51415000 	C:\WINDOWS\system32\wshbth.dll
0x00007fff68fd0000 - 0x00007fff68fed000 	C:\WINDOWS\system32\NLAapi.dll
0x00007fff6c9e0000 - 0x00007fff6ca1c000 	C:\WINDOWS\SYSTEM32\IPHLPAPI.DLL
0x00007fff6ca30000 - 0x00007fff6cafa000 	C:\WINDOWS\SYSTEM32\DNSAPI.dll
0x00007fff6f250000 - 0x00007fff6f258000 	C:\WINDOWS\System32\NSI.dll
0x00007fff506f0000 - 0x00007fff50702000 	C:\WINDOWS\System32\winrnr.dll
0x00007fff60ae0000 - 0x00007fff60aea000 	C:\Windows\System32\rasadhlp.dll
0x00007fff60b50000 - 0x00007fff60bd2000 	C:\WINDOWS\System32\fwpuclnt.dll
0x00007fff6da90000 - 0x00007fff6dab7000 	C:\WINDOWS\System32\bcrypt.dll
0x00007fff6cf10000 - 0x00007fff6cf28000 	C:\WINDOWS\SYSTEM32\CRYPTSP.dll
0x00007fff6c600000 - 0x00007fff6c634000 	C:\WINDOWS\system32\rsaenh.dll
0x00007fff6d550000 - 0x00007fff6d57e000 	C:\WINDOWS\SYSTEM32\USERENV.dll
0x00007fff6cf30000 - 0x00007fff6cf3c000 	C:\WINDOWS\SYSTEM32\CRYPTBASE.dll
0x00007fff663b0000 - 0x00007fff663c7000 	C:\WINDOWS\SYSTEM32\dhcpcsvc6.DLL
0x00007fff66390000 - 0x00007fff663ad000 	C:\WINDOWS\SYSTEM32\dhcpcsvc.DLL
0x00007fff65460000 - 0x00007fff65470000 	C:\Users\Oscar Carpio\Desktop\sts-4.18.0.RELEASE\plugins\org.eclipse.justj.openjdk.hotspot.jre.full.win32.x86_64_17.0.6.v20230204-1729\jre\bin\verify.dll
0x00007fff6adc0000 - 0x00007fff6adce000 	C:\Users\Oscar Carpio\Desktop\sts-4.18.0.RELEASE\plugins\org.eclipse.justj.openjdk.hotspot.jre.full.win32.x86_64_17.0.6.v20230204-1729\jre\bin\sunmscapi.dll
0x00007fff6d930000 - 0x00007fff6da8e000 	C:\WINDOWS\System32\CRYPT32.dll
0x00007fff6d030000 - 0x00007fff6d058000 	C:\WINDOWS\SYSTEM32\ncrypt.dll
0x00007fff6cff0000 - 0x00007fff6d02b000 	C:\WINDOWS\SYSTEM32\NTASN1.dll

dbghelp: loaded successfully - version: 4.0.5 - missing functions: none
symbol engine: initialized successfully - sym options: 0x614 - pdb path: .;C:\Users\Oscar Carpio\Desktop\sts-4.18.0.RELEASE\plugins\org.eclipse.justj.openjdk.hotspot.jre.full.win32.x86_64_17.0.6.v20230204-1729\jre\bin;C:\WINDOWS\SYSTEM32;C:\WINDOWS\WinSxS\amd64_microsoft.windows.common-controls_6595b64144ccf1df_6.0.19041.1110_none_60b5254171f9507e;C:\Users\Oscar Carpio\Desktop\sts-4.18.0.RELEASE\plugins\org.eclipse.justj.openjdk.hotspot.jre.full.win32.x86_64_17.0.6.v20230204-1729\jre\bin\server

VM Arguments:
jvm_args: -Dcom.sun.management.jmxremote -Dcom.sun.management.jmxremote.port=61864 -Dcom.sun.management.jmxremote.authenticate=false -Dcom.sun.management.jmxremote.ssl=false -Djava.rmi.server.hostname=localhost -Dspring.jmx.enabled=true -Dmanagement.endpoints.jmx.exposure.include=* -Dspring.application.admin.enabled=true -XX:TieredStopAtLevel=1 -Dspring.boot.project.name=tickchecktingAPI -Dfile.encoding=windows-1252 -XX:+ShowCodeDetailsInExceptionMessages 
java_command: com.ncapas.tickcheckting.TickchecktingApiApplication --spring.output.ansi.enabled=always
java_class_path (initial): C:\Users\Oscar Carpio\Desktop\Proyecto-NCapas\tickchecktingAPI\bin\main;C:\Users\Oscar Carpio\.gradle\caches\modules-2\files-2.1\org.projectlombok\lombok\1.18.26\8f8cf0372abf564913e9796623aac4c8ea44025a\lombok-1.18.26.jar;C:\Users\Oscar Carpio\.gradle\caches\modules-2\files-2.1\org.springframework.boot\spring-boot-starter-data-jpa\3.0.6\d0b6b836a6e3a223a92e6594c2d8c5f0a7cccec\spring-boot-starter-data-jpa-3.0.6.jar;C:\Users\Oscar Carpio\.gradle\caches\modules-2\files-2.1\org.springframework.boot\spring-boot-starter-validation\3.0.6\d5933e79435cd9459be59f297e207caa0deb01f6\spring-boot-starter-validation-3.0.6.jar;C:\Users\Oscar Carpio\.gradle\caches\modules-2\files-2.1\org.springframework.boot\spring-boot-starter-web\3.0.6\7c6597cae584c359d7e4ddea6e006176e0c15936\spring-boot-starter-web-3.0.6.jar;C:\Users\Oscar Carpio\.gradle\caches\modules-2\files-2.1\org.springframework.boot\spring-boot-starter-security\3.0.6\e9f3c6cf299f1dd967f5a7fbca7815183c4ba4b1\spring-boot-starter-security-3.0.6.jar;C:\Users\Oscar Carpio\.gradle\caches\modules-2\files-2.1\io.jsonwebtoken\jjwt-impl\0.11.5\40a599f0e8a8e4e0701596fbb15e67bfda64fdf0\jjwt-impl-0.11.5.jar;C:\Users\Oscar Carpio\.gradle\caches\modules-2\files-2.1\io.jsonwebtoken\jjwt-jackson\0.11.5\3b83a06809e98a69402d7333dcf67df6f6ea4579\jjwt-jackson-0.11.5.jar;C:\Users\Oscar Carpio\.gradle\caches\modules-2\files-2.1\io.jsonwebtoken\jjwt-api\0.11.5\f742940045619d06383e7df37b21ac422b476cf1\jjwt-api-0.11.5.jar;C:\Users\Oscar Carpio\.gradle\caches\modules-2\files-2.1\org.springframework.boot\spring-boot-starter-aop\3.0.6\bb39de062db9b7b7a277e6c026ed5ac45f544fc8\spring-boot-starter-aop-3.0.6.jar;C:\Users\Oscar Carpio\.gradle\caches\modules-2\files-2.1\org.springframework.boot\spring-boot-starter-jdbc\3.0.6\672661f4a90a9479170fba058a88892dac5ba69c\spring-boot-starter-jdbc-3.0.6.jar;C:\Users\Oscar Carpio\.gradle\caches\modules-2\files-2.1\org.hibernate.orm\hibernate-core\6.1.7.Final\343f47b34c96fe9c44bf9b219a7b3c
Launcher Type: SUN_STANDARD

[Global flags]
     intx CICompilerCount                          = 3                                         {product} {ergonomic}
     uint ConcGCThreads                            = 1                                         {product} {ergonomic}
     uint G1ConcRefinementThreads                  = 4                                         {product} {ergonomic}
   size_t G1HeapRegionSize                         = 1048576                                   {product} {ergonomic}
    uintx GCDrainStackTargetSize                   = 64                                        {product} {ergonomic}
   size_t InitialHeapSize                          = 117440512                                 {product} {ergonomic}
     bool ManagementServer                         = true                                      {product} {command line}
   size_t MarkStackSize                            = 4194304                                   {product} {ergonomic}
   size_t MaxHeapSize                              = 1851785216                                {product} {ergonomic}
   size_t MaxNewSize                               = 1110441984                                {product} {ergonomic}
   size_t MinHeapDeltaBytes                        = 1048576                                   {product} {ergonomic}
   size_t MinHeapSize                              = 8388608                                   {product} {ergonomic}
    uintx NonProfiledCodeHeapSize                  = 0                                      {pd product} {ergonomic}
     bool ProfileInterpreter                       = false                                  {pd product} {command line}
    uintx ProfiledCodeHeapSize                     = 0                                      {pd product} {ergonomic}
     bool ShowCodeDetailsInExceptionMessages       = true                                   {manageable} {command line}
   size_t SoftMaxHeapSize                          = 1851785216                             {manageable} {ergonomic}
     intx TieredStopAtLevel                        = 1                                         {product} {command line}
     bool UseCompressedClassPointers               = true                           {product lp64_product} {ergonomic}
     bool UseCompressedOops                        = true                           {product lp64_product} {ergonomic}
     bool UseG1GC                                  = true                                      {product} {ergonomic}
     bool UseLargePagesIndividualAllocation        = false                                  {pd product} {ergonomic}

Logging:
Log output configuration:
 #0: stdout all=warning uptime,level,tags
 #1: stderr all=off uptime,level,tags

Environment Variables:
PATH=C:/Users/Oscar Carpio/Desktop/sts-4.18.0.RELEASE//plugins/org.eclipse.justj.openjdk.hotspot.jre.full.win32.x86_64_17.0.6.v20230204-1729/jre/bin/server;C:/Users/Oscar Carpio/Desktop/sts-4.18.0.RELEASE//plugins/org.eclipse.justj.openjdk.hotspot.jre.full.win32.x86_64_17.0.6.v20230204-1729/jre/bin;C:\Program Files\Common Files\Oracle\Java\javapath;C:\Program Files (x86)\Common Files\Oracle\Java\javapath;C:\Python310\Scripts\;C:\Python310\;C:\Oracle\WINDOWS.X64_193000_db_home\bin;C:\WINDOWS\system32;C:\WINDOWS;C:\WINDOWS\System32\Wbem;C:\WINDOWS\System32\WindowsPowerShell\v1.0\;C:\WINDOWS\System32\OpenSSH\;C:\Program Files\dotnet\;C:\Program Files\Git\cmd;C:\ProgramData\chocolatey\bin;C:\Program Files\nodejs\;C:\NASM;C:\MinGW\bin;C:\Program Files (x86)\DOSBox-0.74-3;C:\Users\Oscar Carpio\Desktop\vckp\vcpkg;C:\Users\Oscar Carpio\AppData\Local\Microsoft\WindowsApps;C:\Program Files\JetBrains\JetBrains Rider 2021.1.2\bin;;C:\Program Files\Azure Data Studio\bin;C:\Users\Oscar Carpio\AppData\Roaming\npm;C:\Program Files\MongoDB\Server\5.0\bin;C:\Users\Oscar Carpio\.dotnet\tools;C:\Program Files\heroku\bin;C:\MinGW\bin;C:\Microsoft VS Code\bin;C:\Users\Oscar Carpio\Desktop\sts-4.18.0.RELEASE;
USERNAME=Oscar Carpio
OS=Windows_NT
PROCESSOR_IDENTIFIER=AMD64 Family 23 Model 17 Stepping 0, AuthenticAMD
TMP=C:\Users\OSCARC~1\AppData\Local\Temp
TEMP=C:\Users\OSCARC~1\AppData\Local\Temp



---------------  S Y S T E M  ---------------

OS:
 Windows 10 , 64 bit Build 19041 (10.0.19041.3031)
OS uptime: 3 days 22:19 hours
Hyper-V role detected

CPU: total 4 (initial active 4) (4 cores per cpu, 2 threads per core) family 23 model 17 stepping 0 microcode 0x0, cx8, cmov, fxsr, ht, mmx, 3dnowpref, sse, sse2, sse3, ssse3, sse4a, sse4.1, sse4.2, popcnt, lzcnt, tsc, tscinvbit, avx, avx2, aes, clmul, bmi1, bmi2, adx, sha, fma, vzeroupper, clflush, clflushopt, hv

Memory: 4k page, system-wide physical 7061M (1168M free)
TotalPageFile size 8061M (AvailPageFile size 2M)
current process WorkingSet (physical memory assigned to process): 211M, peak: 211M
current process commit charge ("private bytes"): 235M, peak: 235M

vm_info: OpenJDK 64-Bit Server VM (17.0.6+10) for windows-amd64 JRE (17.0.6+10), built on Jan 18 2023 10:08:59 by "temurin" with MS VC++ 16.7 (VS2019)

END.
