#
# There is insufficient memory for the Java Runtime Environment to continue.
# Native memory allocation (mmap) failed to map 65536 bytes for Failed to commit metaspace.
# Possible reasons:
#   The system is out of physical RAM or swap space
#   The process is running with CompressedOops enabled, and the Java Heap may be blocking the growth of the native heap
# Possible solutions:
#   Reduce memory load on the system
#   Increase physical memory or swap space
#   Check if swap backing store is full
#   Decrease Java heap size (-Xmx/-Xms)
#   Decrease number of Java threads
#   Decrease Java thread stack sizes (-Xss)
#   Set larger code cache with -XX:ReservedCodeCacheSize=
#   JVM is running with Unscaled Compressed Oops mode in which the Java heap is
#     placed in the first 4GB address space. The Java Heap base address is the
#     maximum limit for the native heap growth. Please use -XX:HeapBaseMinAddress
#     to set the Java Heap base and to place the Java Heap above 4GB virtual address.
# This output file may be truncated or incomplete.
#
#  Out of Memory Error (virtualSpaceNode.cpp:110), pid=8760, tid=11272
#
# JRE version: OpenJDK Runtime Environment Temurin-17.0.6+10 (17.0.6+10) (build 17.0.6+10)
# Java VM: OpenJDK 64-Bit Server VM Temurin-17.0.6+10 (17.0.6+10, mixed mode, emulated-client, tiered, compressed oops, compressed class ptrs, g1 gc, windows-amd64)
# No core dump will be written. Minidumps are not enabled by default on client versions of Windows
#

---------------  S U M M A R Y ------------

Command Line: -Dcom.sun.management.jmxremote -Dcom.sun.management.jmxremote.port=54371 -Dcom.sun.management.jmxremote.authenticate=false -Dcom.sun.management.jmxremote.ssl=false -Djava.rmi.server.hostname=localhost -Dspring.jmx.enabled=true -Dmanagement.endpoints.jmx.exposure.include=* -Dspring.application.admin.enabled=true -XX:TieredStopAtLevel=1 -Dspring.boot.project.name=tickchecktingAPI -Dfile.encoding=windows-1252 -XX:+ShowCodeDetailsInExceptionMessages com.ncapas.tickcheckting.TickchecktingApiApplication --spring.output.ansi.enabled=always

Host: AMD Ryzen 3 2200U with Radeon Vega Mobile Gfx  , 4 cores, 6G,  Windows 10 , 64 bit Build 19041 (10.0.19041.3031)
Time: Thu Jun 29 12:32:00 2023 Hora estándar, América Central elapsed time: 2.473035 seconds (0d 0h 0m 2s)

---------------  T H R E A D  ---------------

Current thread (0x00000200be221780):  JavaThread "main" [_thread_in_vm, id=11272, stack(0x000000b32ac00000,0x000000b32ad00000)]

Stack: [0x000000b32ac00000,0x000000b32ad00000]
Native frames: (J=compiled Java code, j=interpreted, Vv=VM code, C=native code)
V  [jvm.dll+0x67741a]
V  [jvm.dll+0x834434]
V  [jvm.dll+0x835bde]
V  [jvm.dll+0x836243]
V  [jvm.dll+0x2457b5]
V  [jvm.dll+0x8304cb]
V  [jvm.dll+0x61bca6]
V  [jvm.dll+0x1c05fe]
V  [jvm.dll+0x61e5f1]
V  [jvm.dll+0x61c646]
V  [jvm.dll+0x1ea8de]
V  [jvm.dll+0x1eb39f]
V  [jvm.dll+0x1e0841]
V  [jvm.dll+0x53c6d0]
V  [jvm.dll+0x7af5e8]
V  [jvm.dll+0x7af6d4]
V  [jvm.dll+0x40bc05]
V  [jvm.dll+0x411d58]
C  [java.dll+0x17ec]

Java frames: (J=compiled Java code, j=interpreted, Vv=VM code)
J 1139  java.lang.ClassLoader.defineClass1(Ljava/lang/ClassLoader;Ljava/lang/String;[BIILjava/security/ProtectionDomain;Ljava/lang/String;)Ljava/lang/Class; java.base@17.0.6 (0 bytes) @ 0x00000200c1c0545b [0x00000200c1c053a0+0x00000000000000bb]
J 1235 c1 java.lang.ClassLoader.defineClass(Ljava/lang/String;[BIILjava/security/ProtectionDomain;)Ljava/lang/Class; java.base@17.0.6 (43 bytes) @ 0x00000200c1c3105c [0x00000200c1c30f60+0x00000000000000fc]
J 1155 c1 jdk.internal.loader.BuiltinClassLoader.defineClass(Ljava/lang/String;Ljdk/internal/loader/Resource;)Ljava/lang/Class; java.base@17.0.6 (121 bytes) @ 0x00000200c1c0e044 [0x00000200c1c0dba0+0x00000000000004a4]
J 1145 c1 jdk.internal.loader.BuiltinClassLoader.findClassOnClassPathOrNull(Ljava/lang/String;)Ljava/lang/Class; java.base@17.0.6 (64 bytes) @ 0x00000200c1c07b44 [0x00000200c1c078a0+0x00000000000002a4]
J 997 c1 jdk.internal.loader.BuiltinClassLoader.loadClassOrNull(Ljava/lang/String;Z)Ljava/lang/Class; java.base@17.0.6 (143 bytes) @ 0x00000200c1bc24c4 [0x00000200c1bc2080+0x0000000000000444]
J 1075 c1 jdk.internal.loader.ClassLoaders$AppClassLoader.loadClass(Ljava/lang/String;Z)Ljava/lang/Class; java.base@17.0.6 (40 bytes) @ 0x00000200c1bef924 [0x00000200c1bef7e0+0x0000000000000144]
J 1065 c1 java.lang.ClassLoader.loadClass(Ljava/lang/String;)Ljava/lang/Class; java.base@17.0.6 (7 bytes) @ 0x00000200c1beae64 [0x00000200c1beae20+0x0000000000000044]
v  ~StubRoutines::call_stub
j  org.springframework.context.support.GenericApplicationContext.<init>()V+21
j  org.springframework.web.context.support.GenericWebApplicationContext.<init>()V+1
j  org.springframework.boot.web.servlet.context.ServletWebServerApplicationContext.<init>()V+1
j  org.springframework.boot.web.servlet.context.AnnotationConfigServletWebServerApplicationContext.<init>()V+1
j  org.springframework.boot.web.servlet.context.ServletWebServerApplicationContextFactory.createContext()Lorg/springframework/context/ConfigurableApplicationContext;+10
j  org.springframework.boot.web.servlet.context.ServletWebServerApplicationContextFactory.create(Lorg/springframework/boot/WebApplicationType;)Lorg/springframework/context/ConfigurableApplicationContext;+12
j  org.springframework.boot.DefaultApplicationContextFactory$$Lambda$281+0x0000000100256c38.apply(Ljava/lang/Object;Ljava/lang/Object;)Ljava/lang/Object;+8
j  org.springframework.boot.DefaultApplicationContextFactory.getFromSpringFactories(Lorg/springframework/boot/WebApplicationType;Ljava/util/function/BiFunction;Ljava/util/function/Supplier;)Ljava/lang/Object;+45
j  org.springframework.boot.DefaultApplicationContextFactory.create(Lorg/springframework/boot/WebApplicationType;)Lorg/springframework/context/ConfigurableApplicationContext;+13
j  org.springframework.boot.SpringApplication.createApplicationContext()Lorg/springframework/context/ConfigurableApplicationContext;+8
j  org.springframework.boot.SpringApplication.run([Ljava/lang/String;)Lorg/springframework/context/ConfigurableApplicationContext;+66
j  org.springframework.boot.SpringApplication.run([Ljava/lang/Class;[Ljava/lang/String;)Lorg/springframework/context/ConfigurableApplicationContext;+9
j  org.springframework.boot.SpringApplication.run(Ljava/lang/Class;[Ljava/lang/String;)Lorg/springframework/context/ConfigurableApplicationContext;+9
j  com.ncapas.tickcheckting.TickchecktingApiApplication.main([Ljava/lang/String;)V+3
v  ~StubRoutines::call_stub

---------------  P R O C E S S  ---------------

Threads class SMR info:
_java_thread_list=0x00000200cd222080, length=20, elements={
0x00000200be221780, 0x00000200cad8d270, 0x00000200cad8dff0, 0x00000200cadaa6a0,
0x00000200cadac170, 0x00000200cadaea40, 0x00000200cb812460, 0x00000200cb832020,
0x00000200cb833130, 0x00000200cacf55d0, 0x00000200cb991e00, 0x00000200cb9e2140,
0x00000200cbf297c0, 0x00000200cbf9cb00, 0x00000200cc042490, 0x00000200cd145350,
0x00000200cd145820, 0x00000200cd1a8a40, 0x00000200cd1a8f10, 0x00000200cd1b8510
}

Java Threads: ( => current thread )
=>0x00000200be221780 JavaThread "main" [_thread_in_vm, id=11272, stack(0x000000b32ac00000,0x000000b32ad00000)]
  0x00000200cad8d270 JavaThread "Reference Handler" daemon [_thread_blocked, id=11244, stack(0x000000b32b300000,0x000000b32b400000)]
  0x00000200cad8dff0 JavaThread "Finalizer" daemon [_thread_blocked, id=8076, stack(0x000000b32b400000,0x000000b32b500000)]
  0x00000200cadaa6a0 JavaThread "Signal Dispatcher" daemon [_thread_blocked, id=5936, stack(0x000000b32b500000,0x000000b32b600000)]
  0x00000200cadac170 JavaThread "Attach Listener" daemon [_thread_blocked, id=8672, stack(0x000000b32b600000,0x000000b32b700000)]
  0x00000200cadaea40 JavaThread "Service Thread" daemon [_thread_blocked, id=6572, stack(0x000000b32b700000,0x000000b32b800000)]
  0x00000200cb812460 JavaThread "Monitor Deflation Thread" daemon [_thread_blocked, id=12260, stack(0x000000b32b800000,0x000000b32b900000)]
  0x00000200cb832020 JavaThread "C1 CompilerThread0" daemon [_thread_blocked, id=10008, stack(0x000000b32b900000,0x000000b32ba00000)]
  0x00000200cb833130 JavaThread "Sweeper thread" daemon [_thread_blocked, id=11440, stack(0x000000b32ba00000,0x000000b32bb00000)]
  0x00000200cacf55d0 JavaThread "Common-Cleaner" daemon [_thread_blocked, id=4844, stack(0x000000b32bb00000,0x000000b32bc00000)]
  0x00000200cb991e00 JavaThread "C1 CompilerThread1" daemon [_thread_blocked, id=7892, stack(0x000000b32bc00000,0x000000b32bd00000)]
  0x00000200cb9e2140 JavaThread "Notification Thread" daemon [_thread_blocked, id=2976, stack(0x000000b32bd00000,0x000000b32be00000)]
  0x00000200cbf297c0 JavaThread "RMI TCP Accept-0" daemon [_thread_in_native, id=7284, stack(0x000000b32bf00000,0x000000b32c000000)]
  0x00000200cbf9cb00 JavaThread "RMI TCP Accept-54371" daemon [_thread_in_native, id=7048, stack(0x000000b32c000000,0x000000b32c100000)]
  0x00000200cc042490 JavaThread "RMI TCP Accept-0" daemon [_thread_in_native, id=2308, stack(0x000000b32c100000,0x000000b32c200000)]
  0x00000200cd145350 JavaThread "background-preinit" [_thread_in_vm, id=10072, stack(0x000000b32c800000,0x000000b32c900000)]
  0x00000200cd145820 JavaThread "RMI TCP Connection(1)-127.0.0.1" daemon [_thread_in_native, id=7072, stack(0x000000b32c900000,0x000000b32ca00000)]
  0x00000200cd1a8a40 JavaThread "RMI Scheduler(0)" daemon [_thread_blocked, id=8608, stack(0x000000b32ca00000,0x000000b32cb00000)]
  0x00000200cd1a8f10 JavaThread "RMI TCP Connection(2)-127.0.0.1" daemon [_thread_in_vm, id=4328, stack(0x000000b32cb00000,0x000000b32cc00000)]
  0x00000200cd1b8510 JavaThread "JMX server connection timeout 22" daemon [_thread_blocked, id=11648, stack(0x000000b32cc00000,0x000000b32cd00000)]

Other Threads:
  0x00000200cad0feb0 VMThread "VM Thread" [stack: 0x000000b32b200000,0x000000b32b300000] [id=4588]
  0x00000200cbf9a370 WatcherThread [stack: 0x000000b32c200000,0x000000b32c300000] [id=4592]
  0x00000200be2754b0 GCTaskThread "GC Thread#0" [stack: 0x000000b32ad00000,0x000000b32ae00000] [id=11504]
  0x00000200cc079660 GCTaskThread "GC Thread#1" [stack: 0x000000b32c300000,0x000000b32c400000] [id=9368]
  0x00000200cc079b50 GCTaskThread "GC Thread#2" [stack: 0x000000b32c400000,0x000000b32c500000] [id=2532]
  0x00000200cc0c0630 GCTaskThread "GC Thread#3" [stack: 0x000000b32c500000,0x000000b32c600000] [id=4460]
  0x00000200be284760 ConcurrentGCThread "G1 Main Marker" [stack: 0x000000b32ae00000,0x000000b32af00000] [id=1344]
  0x00000200be286090 ConcurrentGCThread "G1 Conc#0" [stack: 0x000000b32af00000,0x000000b32b000000] [id=12248]
  0x00000200cabc0090 ConcurrentGCThread "G1 Refine#0" [stack: 0x000000b32b000000,0x000000b32b100000] [id=5148]
  0x00000200cc0c08e0 ConcurrentGCThread "G1 Refine#1" [stack: 0x000000b32c600000,0x000000b32c700000] [id=7020]
  0x00000200cc0c0bc0 ConcurrentGCThread "G1 Refine#2" [stack: 0x000000b32c700000,0x000000b32c800000] [id=10144]
  0x00000200cabc09c0 ConcurrentGCThread "G1 Service" [stack: 0x000000b32b100000,0x000000b32b200000] [id=10224]

Threads with active compile tasks:

VM state: not at safepoint (normal execution)

VM Mutex/Monitor currently owned by a thread:  ([mutex/lock_event])
[0x00000200be21bfe0] Metaspace_lock - owner thread: 0x00000200be221780

Heap address: 0x0000000091a00000, size: 1766 MB, Compressed Oops mode: 32-bit

CDS archive(s) not mapped
Compressed class space mapped at: 0x0000000100000000-0x0000000140000000, reserved size: 1073741824
Narrow klass base: 0x0000000000000000, Narrow klass shift: 3, Narrow klass range: 0x140000000

GC Precious Log:
 CPUs: 4 total, 4 available
 Memory: 7061M
 Large Page Support: Disabled
 NUMA Support: Disabled
 Compressed Oops: Enabled (32-bit)
 Heap Region Size: 1M
 Heap Min Capacity: 8M
 Heap Initial Capacity: 112M
 Heap Max Capacity: 1766M
 Pre-touch: Disabled
 Parallel Workers: 4
 Concurrent Workers: 1
 Concurrent Refinement Workers: 4
 Periodic GC: Disabled

Heap:
 garbage-first heap   total 114688K, used 26079K [0x0000000091a00000, 0x0000000100000000)
  region size 1024K, 20 young (20480K), 1 survivors (1024K)
 Metaspace       used 20219K, committed 20480K, reserved 1073152K
  class space    used 2350K, committed 2496K, reserved 1048576K

Heap Regions: E=young(eden), S=young(survivor), O=old, HS=humongous(starts), HC=humongous(continues), CS=collection set, F=free, OA=open archive, CA=closed archive, TAMS=top-at-mark-start (previous, next)
|   0|0x0000000091a00000, 0x0000000091b00000, 0x0000000091b00000|100%|HS|  |TAMS 0x0000000091a00000, 0x0000000091a00000| Complete 
|   1|0x0000000091b00000, 0x0000000091c00000, 0x0000000091c00000|100%| O|  |TAMS 0x0000000091b00000, 0x0000000091b00000| Untracked 
|   2|0x0000000091c00000, 0x0000000091d00000, 0x0000000091d00000|100%| O|  |TAMS 0x0000000091c00000, 0x0000000091c00000| Untracked 
|   3|0x0000000091d00000, 0x0000000091e00000, 0x0000000091e00000|100%| O|  |TAMS 0x0000000091d00000, 0x0000000091d00000| Untracked 
|   4|0x0000000091e00000, 0x0000000091f00000, 0x0000000091f00000|100%| O|  |TAMS 0x0000000091e00000, 0x0000000091e00000| Untracked 
|   5|0x0000000091f00000, 0x0000000092000000, 0x0000000092000000|100%| O|  |TAMS 0x0000000091f00000, 0x0000000091f00000| Untracked 
|   6|0x0000000092000000, 0x0000000092087e00, 0x0000000092100000| 53%| O|  |TAMS 0x0000000092000000, 0x0000000092000000| Untracked 
|   7|0x0000000092100000, 0x0000000092100000, 0x0000000092200000|  0%| F|  |TAMS 0x0000000092100000, 0x0000000092100000| Untracked 
|   8|0x0000000092200000, 0x0000000092200000, 0x0000000092300000|  0%| F|  |TAMS 0x0000000092200000, 0x0000000092200000| Untracked 
|   9|0x0000000092300000, 0x0000000092300000, 0x0000000092400000|  0%| F|  |TAMS 0x0000000092300000, 0x0000000092300000| Untracked 
|  10|0x0000000092400000, 0x0000000092400000, 0x0000000092500000|  0%| F|  |TAMS 0x0000000092400000, 0x0000000092400000| Untracked 
|  11|0x0000000092500000, 0x0000000092500000, 0x0000000092600000|  0%| F|  |TAMS 0x0000000092500000, 0x0000000092500000| Untracked 
|  12|0x0000000092600000, 0x0000000092600000, 0x0000000092700000|  0%| F|  |TAMS 0x0000000092600000, 0x0000000092600000| Untracked 
|  13|0x0000000092700000, 0x0000000092700000, 0x0000000092800000|  0%| F|  |TAMS 0x0000000092700000, 0x0000000092700000| Untracked 
|  14|0x0000000092800000, 0x0000000092800000, 0x0000000092900000|  0%| F|  |TAMS 0x0000000092800000, 0x0000000092800000| Untracked 
|  15|0x0000000092900000, 0x0000000092900000, 0x0000000092a00000|  0%| F|  |TAMS 0x0000000092900000, 0x0000000092900000| Untracked 
|  16|0x0000000092a00000, 0x0000000092a00000, 0x0000000092b00000|  0%| F|  |TAMS 0x0000000092a00000, 0x0000000092a00000| Untracked 
|  17|0x0000000092b00000, 0x0000000092b00000, 0x0000000092c00000|  0%| F|  |TAMS 0x0000000092b00000, 0x0000000092b00000| Untracked 
|  18|0x0000000092c00000, 0x0000000092c00000, 0x0000000092d00000|  0%| F|  |TAMS 0x0000000092c00000, 0x0000000092c00000| Untracked 
|  19|0x0000000092d00000, 0x0000000092d00000, 0x0000000092e00000|  0%| F|  |TAMS 0x0000000092d00000, 0x0000000092d00000| Untracked 
|  20|0x0000000092e00000, 0x0000000092e00000, 0x0000000092f00000|  0%| F|  |TAMS 0x0000000092e00000, 0x0000000092e00000| Untracked 
|  21|0x0000000092f00000, 0x0000000092f00000, 0x0000000093000000|  0%| F|  |TAMS 0x0000000092f00000, 0x0000000092f00000| Untracked 
|  22|0x0000000093000000, 0x0000000093000000, 0x0000000093100000|  0%| F|  |TAMS 0x0000000093000000, 0x0000000093000000| Untracked 
|  23|0x0000000093100000, 0x0000000093100000, 0x0000000093200000|  0%| F|  |TAMS 0x0000000093100000, 0x0000000093100000| Untracked 
|  24|0x0000000093200000, 0x0000000093200000, 0x0000000093300000|  0%| F|  |TAMS 0x0000000093200000, 0x0000000093200000| Untracked 
|  25|0x0000000093300000, 0x0000000093300000, 0x0000000093400000|  0%| F|  |TAMS 0x0000000093300000, 0x0000000093300000| Untracked 
|  26|0x0000000093400000, 0x0000000093400000, 0x0000000093500000|  0%| F|  |TAMS 0x0000000093400000, 0x0000000093400000| Untracked 
|  27|0x0000000093500000, 0x0000000093500000, 0x0000000093600000|  0%| F|  |TAMS 0x0000000093500000, 0x0000000093500000| Untracked 
|  28|0x0000000093600000, 0x0000000093600000, 0x0000000093700000|  0%| F|  |TAMS 0x0000000093600000, 0x0000000093600000| Untracked 
|  29|0x0000000093700000, 0x0000000093700000, 0x0000000093800000|  0%| F|  |TAMS 0x0000000093700000, 0x0000000093700000| Untracked 
|  30|0x0000000093800000, 0x0000000093800000, 0x0000000093900000|  0%| F|  |TAMS 0x0000000093800000, 0x0000000093800000| Untracked 
|  31|0x0000000093900000, 0x0000000093900000, 0x0000000093a00000|  0%| F|  |TAMS 0x0000000093900000, 0x0000000093900000| Untracked 
|  32|0x0000000093a00000, 0x0000000093a00000, 0x0000000093b00000|  0%| F|  |TAMS 0x0000000093a00000, 0x0000000093a00000| Untracked 
|  33|0x0000000093b00000, 0x0000000093b00000, 0x0000000093c00000|  0%| F|  |TAMS 0x0000000093b00000, 0x0000000093b00000| Untracked 
|  34|0x0000000093c00000, 0x0000000093c00000, 0x0000000093d00000|  0%| F|  |TAMS 0x0000000093c00000, 0x0000000093c00000| Untracked 
|  35|0x0000000093d00000, 0x0000000093d00000, 0x0000000093e00000|  0%| F|  |TAMS 0x0000000093d00000, 0x0000000093d00000| Untracked 
|  36|0x0000000093e00000, 0x0000000093e00000, 0x0000000093f00000|  0%| F|  |TAMS 0x0000000093e00000, 0x0000000093e00000| Untracked 
|  37|0x0000000093f00000, 0x0000000093f00000, 0x0000000094000000|  0%| F|  |TAMS 0x0000000093f00000, 0x0000000093f00000| Untracked 
|  38|0x0000000094000000, 0x0000000094000000, 0x0000000094100000|  0%| F|  |TAMS 0x0000000094000000, 0x0000000094000000| Untracked 
|  39|0x0000000094100000, 0x0000000094100000, 0x0000000094200000|  0%| F|  |TAMS 0x0000000094100000, 0x0000000094100000| Untracked 
|  40|0x0000000094200000, 0x0000000094200000, 0x0000000094300000|  0%| F|  |TAMS 0x0000000094200000, 0x0000000094200000| Untracked 
|  41|0x0000000094300000, 0x0000000094300000, 0x0000000094400000|  0%| F|  |TAMS 0x0000000094300000, 0x0000000094300000| Untracked 
|  42|0x0000000094400000, 0x0000000094400000, 0x0000000094500000|  0%| F|  |TAMS 0x0000000094400000, 0x0000000094400000| Untracked 
|  43|0x0000000094500000, 0x0000000094500000, 0x0000000094600000|  0%| F|  |TAMS 0x0000000094500000, 0x0000000094500000| Untracked 
|  44|0x0000000094600000, 0x0000000094600000, 0x0000000094700000|  0%| F|  |TAMS 0x0000000094600000, 0x0000000094600000| Untracked 
|  45|0x0000000094700000, 0x0000000094700000, 0x0000000094800000|  0%| F|  |TAMS 0x0000000094700000, 0x0000000094700000| Untracked 
|  46|0x0000000094800000, 0x0000000094800000, 0x0000000094900000|  0%| F|  |TAMS 0x0000000094800000, 0x0000000094800000| Untracked 
|  47|0x0000000094900000, 0x0000000094900000, 0x0000000094a00000|  0%| F|  |TAMS 0x0000000094900000, 0x0000000094900000| Untracked 
|  48|0x0000000094a00000, 0x0000000094a00000, 0x0000000094b00000|  0%| F|  |TAMS 0x0000000094a00000, 0x0000000094a00000| Untracked 
|  49|0x0000000094b00000, 0x0000000094b00000, 0x0000000094c00000|  0%| F|  |TAMS 0x0000000094b00000, 0x0000000094b00000| Untracked 
|  50|0x0000000094c00000, 0x0000000094c00000, 0x0000000094d00000|  0%| F|  |TAMS 0x0000000094c00000, 0x0000000094c00000| Untracked 
|  51|0x0000000094d00000, 0x0000000094d00000, 0x0000000094e00000|  0%| F|  |TAMS 0x0000000094d00000, 0x0000000094d00000| Untracked 
|  52|0x0000000094e00000, 0x0000000094e00000, 0x0000000094f00000|  0%| F|  |TAMS 0x0000000094e00000, 0x0000000094e00000| Untracked 
|  53|0x0000000094f00000, 0x0000000094f00000, 0x0000000095000000|  0%| F|  |TAMS 0x0000000094f00000, 0x0000000094f00000| Untracked 
|  54|0x0000000095000000, 0x0000000095000000, 0x0000000095100000|  0%| F|  |TAMS 0x0000000095000000, 0x0000000095000000| Untracked 
|  55|0x0000000095100000, 0x0000000095100000, 0x0000000095200000|  0%| F|  |TAMS 0x0000000095100000, 0x0000000095100000| Untracked 
|  56|0x0000000095200000, 0x0000000095200000, 0x0000000095300000|  0%| F|  |TAMS 0x0000000095200000, 0x0000000095200000| Untracked 
|  57|0x0000000095300000, 0x0000000095300000, 0x0000000095400000|  0%| F|  |TAMS 0x0000000095300000, 0x0000000095300000| Untracked 
|  58|0x0000000095400000, 0x0000000095400000, 0x0000000095500000|  0%| F|  |TAMS 0x0000000095400000, 0x0000000095400000| Untracked 
|  59|0x0000000095500000, 0x0000000095500000, 0x0000000095600000|  0%| F|  |TAMS 0x0000000095500000, 0x0000000095500000| Untracked 
|  60|0x0000000095600000, 0x0000000095600000, 0x0000000095700000|  0%| F|  |TAMS 0x0000000095600000, 0x0000000095600000| Untracked 
|  61|0x0000000095700000, 0x0000000095700000, 0x0000000095800000|  0%| F|  |TAMS 0x0000000095700000, 0x0000000095700000| Untracked 
|  62|0x0000000095800000, 0x0000000095800000, 0x0000000095900000|  0%| F|  |TAMS 0x0000000095800000, 0x0000000095800000| Untracked 
|  63|0x0000000095900000, 0x0000000095900000, 0x0000000095a00000|  0%| F|  |TAMS 0x0000000095900000, 0x0000000095900000| Untracked 
|  64|0x0000000095a00000, 0x0000000095a00000, 0x0000000095b00000|  0%| F|  |TAMS 0x0000000095a00000, 0x0000000095a00000| Untracked 
|  65|0x0000000095b00000, 0x0000000095b00000, 0x0000000095c00000|  0%| F|  |TAMS 0x0000000095b00000, 0x0000000095b00000| Untracked 
|  66|0x0000000095c00000, 0x0000000095c00000, 0x0000000095d00000|  0%| F|  |TAMS 0x0000000095c00000, 0x0000000095c00000| Untracked 
|  67|0x0000000095d00000, 0x0000000095d00000, 0x0000000095e00000|  0%| F|  |TAMS 0x0000000095d00000, 0x0000000095d00000| Untracked 
|  68|0x0000000095e00000, 0x0000000095e00000, 0x0000000095f00000|  0%| F|  |TAMS 0x0000000095e00000, 0x0000000095e00000| Untracked 
|  69|0x0000000095f00000, 0x0000000095f00000, 0x0000000096000000|  0%| F|  |TAMS 0x0000000095f00000, 0x0000000095f00000| Untracked 
|  70|0x0000000096000000, 0x0000000096000000, 0x0000000096100000|  0%| F|  |TAMS 0x0000000096000000, 0x0000000096000000| Untracked 
|  71|0x0000000096100000, 0x0000000096100000, 0x0000000096200000|  0%| F|  |TAMS 0x0000000096100000, 0x0000000096100000| Untracked 
|  72|0x0000000096200000, 0x0000000096200000, 0x0000000096300000|  0%| F|  |TAMS 0x0000000096200000, 0x0000000096200000| Untracked 
|  73|0x0000000096300000, 0x0000000096300000, 0x0000000096400000|  0%| F|  |TAMS 0x0000000096300000, 0x0000000096300000| Untracked 
|  74|0x0000000096400000, 0x0000000096400000, 0x0000000096500000|  0%| F|  |TAMS 0x0000000096400000, 0x0000000096400000| Untracked 
|  75|0x0000000096500000, 0x0000000096500000, 0x0000000096600000|  0%| F|  |TAMS 0x0000000096500000, 0x0000000096500000| Untracked 
|  76|0x0000000096600000, 0x0000000096600000, 0x0000000096700000|  0%| F|  |TAMS 0x0000000096600000, 0x0000000096600000| Untracked 
|  77|0x0000000096700000, 0x0000000096700000, 0x0000000096800000|  0%| F|  |TAMS 0x0000000096700000, 0x0000000096700000| Untracked 
|  78|0x0000000096800000, 0x0000000096800000, 0x0000000096900000|  0%| F|  |TAMS 0x0000000096800000, 0x0000000096800000| Untracked 
|  79|0x0000000096900000, 0x0000000096900000, 0x0000000096a00000|  0%| F|  |TAMS 0x0000000096900000, 0x0000000096900000| Untracked 
|  80|0x0000000096a00000, 0x0000000096a00000, 0x0000000096b00000|  0%| F|  |TAMS 0x0000000096a00000, 0x0000000096a00000| Untracked 
|  81|0x0000000096b00000, 0x0000000096b00000, 0x0000000096c00000|  0%| F|  |TAMS 0x0000000096b00000, 0x0000000096b00000| Untracked 
|  82|0x0000000096c00000, 0x0000000096c00000, 0x0000000096d00000|  0%| F|  |TAMS 0x0000000096c00000, 0x0000000096c00000| Untracked 
|  83|0x0000000096d00000, 0x0000000096d00000, 0x0000000096e00000|  0%| F|  |TAMS 0x0000000096d00000, 0x0000000096d00000| Untracked 
|  84|0x0000000096e00000, 0x0000000096e00000, 0x0000000096f00000|  0%| F|  |TAMS 0x0000000096e00000, 0x0000000096e00000| Untracked 
|  85|0x0000000096f00000, 0x0000000096f00000, 0x0000000097000000|  0%| F|  |TAMS 0x0000000096f00000, 0x0000000096f00000| Untracked 
|  86|0x0000000097000000, 0x0000000097000000, 0x0000000097100000|  0%| F|  |TAMS 0x0000000097000000, 0x0000000097000000| Untracked 
|  87|0x0000000097100000, 0x0000000097100000, 0x0000000097200000|  0%| F|  |TAMS 0x0000000097100000, 0x0000000097100000| Untracked 
|  88|0x0000000097200000, 0x0000000097200000, 0x0000000097300000|  0%| F|  |TAMS 0x0000000097200000, 0x0000000097200000| Untracked 
|  89|0x0000000097300000, 0x0000000097300000, 0x0000000097400000|  0%| F|  |TAMS 0x0000000097300000, 0x0000000097300000| Untracked 
|  90|0x0000000097400000, 0x0000000097400000, 0x0000000097500000|  0%| F|  |TAMS 0x0000000097400000, 0x0000000097400000| Untracked 
|  91|0x0000000097500000, 0x0000000097500000, 0x0000000097600000|  0%| F|  |TAMS 0x0000000097500000, 0x0000000097500000| Untracked 
|  92|0x0000000097600000, 0x00000000976f5998, 0x0000000097700000| 95%| E|  |TAMS 0x0000000097600000, 0x0000000097600000| Complete 
|  93|0x0000000097700000, 0x0000000097800000, 0x0000000097800000|100%| E|CS|TAMS 0x0000000097700000, 0x0000000097700000| Complete 
|  94|0x0000000097800000, 0x0000000097900000, 0x0000000097900000|100%| E|CS|TAMS 0x0000000097800000, 0x0000000097800000| Complete 
|  95|0x0000000097900000, 0x0000000097a00000, 0x0000000097a00000|100%| E|CS|TAMS 0x0000000097900000, 0x0000000097900000| Complete 
|  96|0x0000000097a00000, 0x0000000097b00000, 0x0000000097b00000|100%| E|CS|TAMS 0x0000000097a00000, 0x0000000097a00000| Complete 
|  97|0x0000000097b00000, 0x0000000097c00000, 0x0000000097c00000|100%| E|CS|TAMS 0x0000000097b00000, 0x0000000097b00000| Complete 
|  98|0x0000000097c00000, 0x0000000097d00000, 0x0000000097d00000|100%| E|CS|TAMS 0x0000000097c00000, 0x0000000097c00000| Complete 
|  99|0x0000000097d00000, 0x0000000097e00000, 0x0000000097e00000|100%| E|CS|TAMS 0x0000000097d00000, 0x0000000097d00000| Complete 
| 100|0x0000000097e00000, 0x0000000097f00000, 0x0000000097f00000|100%| E|CS|TAMS 0x0000000097e00000, 0x0000000097e00000| Complete 
| 101|0x0000000097f00000, 0x0000000098000000, 0x0000000098000000|100%| E|CS|TAMS 0x0000000097f00000, 0x0000000097f00000| Complete 
| 102|0x0000000098000000, 0x0000000098100000, 0x0000000098100000|100%| E|CS|TAMS 0x0000000098000000, 0x0000000098000000| Complete 
| 103|0x0000000098100000, 0x00000000981efe50, 0x0000000098200000| 93%| S|CS|TAMS 0x0000000098100000, 0x0000000098100000| Complete 
| 104|0x0000000098200000, 0x0000000098300000, 0x0000000098300000|100%| E|CS|TAMS 0x0000000098200000, 0x0000000098200000| Complete 
| 105|0x0000000098300000, 0x0000000098400000, 0x0000000098400000|100%| E|CS|TAMS 0x0000000098300000, 0x0000000098300000| Complete 
| 106|0x0000000098400000, 0x0000000098500000, 0x0000000098500000|100%| E|CS|TAMS 0x0000000098400000, 0x0000000098400000| Complete 
| 107|0x0000000098500000, 0x0000000098600000, 0x0000000098600000|100%| E|CS|TAMS 0x0000000098500000, 0x0000000098500000| Complete 
| 108|0x0000000098600000, 0x0000000098700000, 0x0000000098700000|100%| E|CS|TAMS 0x0000000098600000, 0x0000000098600000| Complete 
| 109|0x0000000098700000, 0x0000000098800000, 0x0000000098800000|100%| E|CS|TAMS 0x0000000098700000, 0x0000000098700000| Complete 
| 110|0x0000000098800000, 0x0000000098900000, 0x0000000098900000|100%| E|CS|TAMS 0x0000000098800000, 0x0000000098800000| Complete 
| 111|0x0000000098900000, 0x0000000098a00000, 0x0000000098a00000|100%| E|CS|TAMS 0x0000000098900000, 0x0000000098900000| Complete 

Card table byte_map: [0x00000200c4c50000,0x00000200c4fd0000] _byte_map_base: 0x00000200c47c3000

Marking Bits (Prev, Next): (CMBitMap*) 0x00000200be2759d0, (CMBitMap*) 0x00000200be275a10
 Prev Bits: [0x00000200c5350000, 0x00000200c6ee8000)
 Next Bits: [0x00000200c6ef0000, 0x00000200c8a88000)

Polling page: 0x00000200bc1d0000

Metaspace:

Usage:
  Non-class:     17.45 MB used.
      Class:      2.29 MB used.
       Both:     19.75 MB used.

Virtual space:
  Non-class space:       24.00 MB reserved,      17.56 MB ( 73%) committed,  3 nodes.
      Class space:        1.00 GB reserved,       2.44 MB ( <1%) committed,  1 nodes.
             Both:        1.02 GB reserved,      20.00 MB (  2%) committed. 

Chunk freelists:
   Non-Class:  1.98 MB
       Class:  1.53 MB
        Both:  3.52 MB

MaxMetaspaceSize: unlimited
CompressedClassSpaceSize: 1.00 GB
Initial GC threshold: 21.00 MB
Current GC threshold: 21.00 MB
CDS: off
MetaspaceReclaimPolicy: balanced
 - commit_granule_bytes: 65536.
 - commit_granule_words: 8192.
 - virtual_space_node_default_size: 1048576.
 - enlarge_chunks_in_place: 1.
 - new_chunks_are_fully_committed: 0.
 - uncommit_free_chunks: 1.
 - use_allocation_guard: 0.
 - handle_deallocations: 1.


Internal statistics:

num_allocs_failed_limit: 0.
num_arena_births: 240.
num_arena_deaths: 0.
num_vsnodes_births: 4.
num_vsnodes_deaths: 0.
num_space_committed: 320.
num_space_uncommitted: 0.
num_chunks_returned_to_freelist: 0.
num_chunks_taken_from_freelist: 578.
num_chunk_merges: 0.
num_chunk_splits: 345.
num_chunks_enlarged: 226.
num_purges: 0.
num_inconsistent_stats: 0.

CodeCache: size=49152Kb used=4380Kb max_used=4380Kb free=44771Kb
 bounds [0x00000200c18d0000, 0x00000200c1d20000, 0x00000200c48d0000]
 total_blobs=2302 nmethods=1844 adapters=384
 compilation: enabled
              stopped_count=0, restarted_count=0
 full_count=0

Compilation events (20 events):
Event: 2.458 Thread 0x00000200cb832020 1820       1       java.lang.invoke.BoundMethodHandle::fieldCount (8 bytes)
Event: 2.458 Thread 0x00000200cb832020 nmethod 1820 0x00000200c1d0de10 code [0x00000200c1d0dfc0, 0x00000200c1d0e0d8]
Event: 2.458 Thread 0x00000200cb832020 1821       1       java.lang.invoke.LambdaForm::expressionCount (11 bytes)
Event: 2.458 Thread 0x00000200cb832020 nmethod 1821 0x00000200c1d0e490 code [0x00000200c1d0e620, 0x00000200c1d0e6f8]
Event: 2.459 Thread 0x00000200cb991e00 nmethod 1822 0x00000200c1d0ed90 code [0x00000200c1d0f000, 0x00000200c1d0f968]
Event: 2.460 Thread 0x00000200cb832020 1834       1       java.lang.invoke.InvokerBytecodeGenerator::isStaticallyNameable (148 bytes)
Event: 2.462 Thread 0x00000200cb832020 nmethod 1834 0x00000200c1d11190 code [0x00000200c1d113e0, 0x00000200c1d119d8]
Event: 2.463 Thread 0x00000200cb832020 1835       1       java.util.Arrays::rangeCheck (74 bytes)
Event: 2.466 Thread 0x00000200cb832020 nmethod 1835 0x00000200c1d11d10 code [0x00000200c1d11f40, 0x00000200c1d124a8]
Event: 2.467 Thread 0x00000200cb832020 1836       1       java.util.Arrays::fill (28 bytes)
Event: 2.468 Thread 0x00000200cb832020 nmethod 1836 0x00000200c1d12790 code [0x00000200c1d12940, 0x00000200c1d12b28]
Event: 2.468 Thread 0x00000200cb991e00 1837       1       java.lang.invoke.LambdaFormBuffer::indexOf (33 bytes)
Event: 2.468 Thread 0x00000200cb991e00 nmethod 1837 0x00000200c1d12c90 code [0x00000200c1d12e40, 0x00000200c1d12fb8]
Event: 2.469 Thread 0x00000200cb991e00 1838       1       java.lang.reflect.AccessibleObject::checkPermission (16 bytes)
Event: 2.469 Thread 0x00000200cb832020 1839       1       java.lang.reflect.AccessibleObject::checkCanSetAccessible (9 bytes)
Event: 2.469 Thread 0x00000200cb832020 nmethod 1839 0x00000200c1d13390 code [0x00000200c1d13520, 0x00000200c1d13608]
Event: 2.469 Thread 0x00000200cb991e00 nmethod 1838 0x00000200c1d13690 code [0x00000200c1d13820, 0x00000200c1d13908]
Event: 2.469 Thread 0x00000200cb832020 1840       1       java.lang.reflect.AccessibleObject::checkCanSetAccessible (368 bytes)
Event: 2.469 Thread 0x00000200cb991e00 1841       1       java.lang.reflect.AccessibleObject::setAccessible0 (7 bytes)
Event: 2.469 Thread 0x00000200cb991e00 nmethod 1841 0x00000200c1d13990 code [0x00000200c1d13b20, 0x00000200c1d13bf8]

GC Heap History (4 events):
Event: 1.234 GC heap before
{Heap before GC invocations=0 (full 0):
 garbage-first heap   total 114688K, used 13312K [0x0000000091a00000, 0x0000000100000000)
  region size 1024K, 13 young (13312K), 0 survivors (0K)
 Metaspace       used 12886K, committed 13056K, reserved 1064960K
  class space    used 1306K, committed 1408K, reserved 1048576K
}
Event: 1.251 GC heap after
{Heap after GC invocations=1 (full 0):
 garbage-first heap   total 114688K, used 6464K [0x0000000091a00000, 0x0000000100000000)
  region size 1024K, 2 young (2048K), 2 survivors (2048K)
 Metaspace       used 12886K, committed 13056K, reserved 1064960K
  class space    used 1306K, committed 1408K, reserved 1048576K
}
Event: 1.666 GC heap before
{Heap before GC invocations=1 (full 0):
 garbage-first heap   total 114688K, used 14656K [0x0000000091a00000, 0x0000000100000000)
  region size 1024K, 10 young (10240K), 2 survivors (2048K)
 Metaspace       used 15613K, committed 15808K, reserved 1064960K
  class space    used 1647K, committed 1728K, reserved 1048576K
}
Event: 1.674 GC heap after
{Heap after GC invocations=2 (full 0):
 garbage-first heap   total 114688K, used 7647K [0x0000000091a00000, 0x0000000100000000)
  region size 1024K, 1 young (1024K), 1 survivors (1024K)
 Metaspace       used 15613K, committed 15808K, reserved 1064960K
  class space    used 1647K, committed 1728K, reserved 1048576K
}

Dll operation events (7 events):
Event: 0.014 Loaded shared library C:\Users\Oscar Carpio\Desktop\sts-4.18.0.RELEASE\plugins\org.eclipse.justj.openjdk.hotspot.jre.full.win32.x86_64_17.0.6.v20230204-1729\jre\bin\java.dll
Event: 0.396 Loaded shared library C:\Users\Oscar Carpio\Desktop\sts-4.18.0.RELEASE\plugins\org.eclipse.justj.openjdk.hotspot.jre.full.win32.x86_64_17.0.6.v20230204-1729\jre\bin\jimage.dll
Event: 0.431 Loaded shared library C:\Users\Oscar Carpio\Desktop\sts-4.18.0.RELEASE\plugins\org.eclipse.justj.openjdk.hotspot.jre.full.win32.x86_64_17.0.6.v20230204-1729\jre\bin\net.dll
Event: 0.435 Loaded shared library C:\Users\Oscar Carpio\Desktop\sts-4.18.0.RELEASE\plugins\org.eclipse.justj.openjdk.hotspot.jre.full.win32.x86_64_17.0.6.v20230204-1729\jre\bin\nio.dll
Event: 0.453 Loaded shared library C:\Users\Oscar Carpio\Desktop\sts-4.18.0.RELEASE\plugins\org.eclipse.justj.openjdk.hotspot.jre.full.win32.x86_64_17.0.6.v20230204-1729\jre\bin\zip.dll
Event: 0.590 Loaded shared library C:\Users\Oscar Carpio\Desktop\sts-4.18.0.RELEASE\plugins\org.eclipse.justj.openjdk.hotspot.jre.full.win32.x86_64_17.0.6.v20230204-1729\jre\bin\management.dll
Event: 0.616 Loaded shared library C:\Users\Oscar Carpio\Desktop\sts-4.18.0.RELEASE\plugins\org.eclipse.justj.openjdk.hotspot.jre.full.win32.x86_64_17.0.6.v20230204-1729\jre\bin\management_ext.dll

Deoptimization events (0 events):
No events

Classes unloaded (0 events):
No events

Classes redefined (0 events):
No events

Internal exceptions (20 events):
Event: 1.980 Thread 0x00000200be221780 Exception <a 'java/lang/NoSuchMethodError'{0x00000000983541a0}: 'java.lang.Object java.lang.invoke.DirectMethodHandle$Holder.invokeSpecial(java.lang.Object, java.lang.Object, java.lang.Object, java.lang.Object, java.lang.Object, java.lang.Object, java.lang.Object, int)'> (0x00000000983541a0) 
thrown [s\src\hotspot\share\interpreter\linkResolver.cpp, line 759]
Event: 2.058 Thread 0x00000200be221780 Exception <a 'java/lang/NoSuchMethodError'{0x00000000982eebd8}: 'int java.lang.invoke.DirectMethodHandle$Holder.invokeVirtual(java.lang.Object, java.lang.Object)'> (0x00000000982eebd8) 
thrown [s\src\hotspot\share\interpreter\linkResolver.cpp, line 759]
Event: 2.149 Thread 0x00000200be221780 Exception <a 'java/lang/NoSuchMethodError'{0x0000000097fd7648}: 'java.lang.Object java.lang.invoke.DirectMethodHandle$Holder.invokeSpecial(java.lang.Object, java.lang.Object, java.lang.Object, int, java.lang.Object)'> (0x0000000097fd7648) 
thrown [s\src\hotspot\share\interpreter\linkResolver.cpp, line 759]
Event: 2.150 Thread 0x00000200be221780 Exception <a 'java/lang/NoSuchMethodError'{0x0000000097fdfca8}: 'java.lang.Object java.lang.invoke.DirectMethodHandle$Holder.newInvokeSpecial(java.lang.Object, java.lang.Object, java.lang.Object, int, java.lang.Object)'> (0x0000000097fdfca8) 
thrown [s\src\hotspot\share\interpreter\linkResolver.cpp, line 759]
Event: 2.154 Thread 0x00000200be221780 Exception <a 'java/lang/NoSuchMethodError'{0x0000000097ff5ce0}: 'java.lang.Object java.lang.invoke.DirectMethodHandle$Holder.newInvokeSpecial(java.lang.Object, int, java.lang.Object)'> (0x0000000097ff5ce0) 
thrown [s\src\hotspot\share\interpreter\linkResolver.cpp, line 759]
Event: 2.154 Thread 0x00000200be221780 Exception <a 'java/lang/NoSuchMethodError'{0x0000000097ff9cb0}: 'int java.lang.invoke.DirectMethodHandle$Holder.invokeSpecialIFC(java.lang.Object, java.lang.Object, java.lang.Object, java.lang.Object)'> (0x0000000097ff9cb0) 
thrown [s\src\hotspot\share\interpreter\linkResolver.cpp, line 759]
Event: 2.190 Thread 0x00000200be221780 Exception <a 'java/lang/NoSuchMethodError'{0x0000000097eb0068}: 'void java.lang.invoke.DirectMethodHandle$Holder.invokeInterface(java.lang.Object, java.lang.Object, java.lang.Object)'> (0x0000000097eb0068) 
thrown [s\src\hotspot\share\interpreter\linkResolver.cpp, line 759]
Event: 2.240 Thread 0x00000200be221780 Exception <a 'java/lang/NoSuchMethodError'{0x0000000097d37c68}: 'void java.lang.invoke.DirectMethodHandle$Holder.invokeStatic(java.lang.Object, java.lang.Object, int)'> (0x0000000097d37c68) 
thrown [s\src\hotspot\share\interpreter\linkResolver.cpp, line 759]
Event: 2.243 Thread 0x00000200be221780 Exception <a 'java/lang/NoSuchMethodError'{0x0000000097d3f9e8}: 'void java.lang.invoke.DirectMethodHandle$Holder.invokeStaticInit(java.lang.Object, java.lang.Object)'> (0x0000000097d3f9e8) 
thrown [s\src\hotspot\share\interpreter\linkResolver.cpp, line 759]
Event: 2.250 Thread 0x00000200be221780 Exception <a 'java/lang/NoSuchMethodError'{0x0000000097d504c8}: 'void java.lang.invoke.DirectMethodHandle$Holder.invokeStaticInit(java.lang.Object, java.lang.Object, java.lang.Object)'> (0x0000000097d504c8) 
thrown [s\src\hotspot\share\interpreter\linkResolver.cpp, line 759]
Event: 2.266 Thread 0x00000200be221780 Exception <a 'java/lang/NoSuchMethodError'{0x0000000097d8e160}: 'java.lang.Object java.lang.invoke.DirectMethodHandle$Holder.invokeStatic(java.lang.Object, java.lang.Object, long, java.lang.Object)'> (0x0000000097d8e160) 
thrown [s\src\hotspot\share\interpreter\linkResolver.cpp, line 759]
Event: 2.267 Thread 0x00000200be221780 Exception <a 'java/lang/NoSuchMethodError'{0x0000000097d91bf8}: 'java.lang.Object java.lang.invoke.DirectMethodHandle$Holder.invokeStaticInit(java.lang.Object, java.lang.Object, long, java.lang.Object)'> (0x0000000097d91bf8) 
thrown [s\src\hotspot\share\interpreter\linkResolver.cpp, line 759]
Event: 2.269 Thread 0x00000200be221780 Exception <a 'java/lang/NoSuchMethodError'{0x0000000097d98208}: 'java.lang.Object java.lang.invoke.DirectMethodHandle$Holder.newInvokeSpecial(java.lang.Object, java.lang.Object, long)'> (0x0000000097d98208) 
thrown [s\src\hotspot\share\interpreter\linkResolver.cpp, line 759]
Event: 2.271 Thread 0x00000200be221780 Exception <a 'java/lang/NoSuchMethodError'{0x0000000097d9bd78}: 'java.lang.Object java.lang.invoke.Invokers$Holder.linkToTargetMethod(java.lang.Object, long, java.lang.Object)'> (0x0000000097d9bd78) 
thrown [s\src\hotspot\share\interpreter\linkResolver.cpp, line 759]
Event: 2.306 Thread 0x00000200be221780 Exception <a 'java/lang/NoSuchMethodError'{0x0000000097de8560}: 'void java.lang.invoke.DirectMethodHandle$Holder.invokeVirtual(java.lang.Object, java.lang.Object, java.lang.Object, java.lang.Object)'> (0x0000000097de8560) 
thrown [s\src\hotspot\share\interpreter\linkResolver.cpp, line 759]
Event: 2.367 Thread 0x00000200be221780 Exception <a 'java/lang/NoSuchMethodError'{0x0000000097b72728}: 'void java.lang.invoke.DirectMethodHandle$Holder.invokeSpecial(java.lang.Object, java.lang.Object, java.lang.Object)'> (0x0000000097b72728) 
thrown [s\src\hotspot\share\interpreter\linkResolver.cpp, line 759]
Event: 2.368 Thread 0x00000200be221780 Exception <a 'java/lang/NoSuchMethodError'{0x0000000097b78d00}: 'void java.lang.invoke.DirectMethodHandle$Holder.invokeSpecial(java.lang.Object, java.lang.Object, java.lang.Object, java.lang.Object, java.lang.Object)'> (0x0000000097b78d00) 
thrown [s\src\hotspot\share\interpreter\linkResolver.cpp, line 759]
Event: 2.380 Thread 0x00000200be221780 Exception <a 'java/lang/IncompatibleClassChangeError'{0x0000000097ba9520}: Found class java.lang.Object, but interface was expected> (0x0000000097ba9520) 
thrown [s\src\hotspot\share\interpreter\linkResolver.cpp, line 826]
Event: 2.447 Thread 0x00000200cd1a8f10 Exception <a 'java/lang/NoSuchMethodError'{0x000000009772a938}: static [B.<clinit>()V> (0x000000009772a938) 
thrown [s\src\hotspot\share\prims\jni.cpp, line 1107]
Event: 2.467 Thread 0x00000200cd1a8f10 Exception <a 'java/lang/ClassNotFoundException'{0x00000000977f2a18}: javax/management/remote/rmi/RMIConnectionImpl_Skel> (0x00000000977f2a18) 
thrown [s\src\hotspot\share\classfile\systemDictionary.cpp, line 256]

VM Operations (20 events):
Event: 1.067 Executing VM operation: Cleanup
Event: 1.068 Executing VM operation: Cleanup done
Event: 1.220 Executing VM operation: HandshakeAllThreads
Event: 1.220 Executing VM operation: HandshakeAllThreads done
Event: 1.229 Executing VM operation: HandshakeAllThreads
Event: 1.229 Executing VM operation: HandshakeAllThreads done
Event: 1.234 Executing VM operation: G1CollectForAllocation
Event: 1.253 Executing VM operation: G1CollectForAllocation done
Event: 1.666 Executing VM operation: G1CollectForAllocation
Event: 1.674 Executing VM operation: G1CollectForAllocation done
Event: 1.710 Executing VM operation: HandshakeAllThreads
Event: 1.710 Executing VM operation: HandshakeAllThreads done
Event: 2.053 Executing VM operation: HandshakeAllThreads
Event: 2.053 Executing VM operation: HandshakeAllThreads done
Event: 2.362 Executing VM operation: HandshakeAllThreads
Event: 2.363 Executing VM operation: HandshakeAllThreads done
Event: 2.369 Executing VM operation: ICBufferFull
Event: 2.370 Executing VM operation: ICBufferFull done
Event: 2.465 Executing VM operation: HandshakeAllThreads
Event: 2.465 Executing VM operation: HandshakeAllThreads done

Events (20 events):
Event: 2.464 loading class javax/management/ReflectionException
Event: 2.464 loading class javax/management/ReflectionException done
Event: 2.464 loading class javax/management/AttributeList
Event: 2.464 loading class javax/management/AttributeList done
Event: 2.465 loading class javax/management/AttributeNotFoundException
Event: 2.466 loading class javax/management/AttributeNotFoundException done
Event: 2.466 loading class javax/management/InvalidAttributeValueException
Event: 2.466 loading class javax/management/InvalidAttributeValueException done
Event: 2.466 loading class javax/management/InstanceAlreadyExistsException
Event: 2.466 loading class javax/management/InstanceAlreadyExistsException done
Event: 2.466 loading class javax/management/MBeanRegistrationException
Event: 2.466 loading class javax/management/MBeanRegistrationException done
Event: 2.466 loading class javax/management/NotCompliantMBeanException
Event: 2.466 loading class javax/management/NotCompliantMBeanException done
Event: 2.466 loading class javax/management/IntrospectionException
Event: 2.466 loading class javax/management/IntrospectionException done
Event: 2.466 loading class javax/management/remote/NotificationResult
Event: 2.467 loading class javax/management/remote/NotificationResult done
Event: 2.467 loading class javax/management/remote/rmi/RMIConnectionImpl_Skel
Event: 2.467 loading class javax/management/remote/rmi/RMIConnectionImpl_Skel done


Dynamic libraries:
0x00007ff687b00000 - 0x00007ff687b0e000 	C:\Users\Oscar Carpio\Desktop\sts-4.18.0.RELEASE\plugins\org.eclipse.justj.openjdk.hotspot.jre.full.win32.x86_64_17.0.6.v20230204-1729\jre\bin\javaw.exe
0x00007ffc91d30000 - 0x00007ffc91f28000 	C:\WINDOWS\SYSTEM32\ntdll.dll
0x00007ffc912a0000 - 0x00007ffc9135f000 	C:\WINDOWS\System32\KERNEL32.DLL
0x00007ffc8f410000 - 0x00007ffc8f706000 	C:\WINDOWS\System32\KERNELBASE.dll
0x00007ffc8f7b0000 - 0x00007ffc8f8b0000 	C:\WINDOWS\System32\ucrtbase.dll
0x00007ffc86e70000 - 0x00007ffc86e87000 	C:\Users\Oscar Carpio\Desktop\sts-4.18.0.RELEASE\plugins\org.eclipse.justj.openjdk.hotspot.jre.full.win32.x86_64_17.0.6.v20230204-1729\jre\bin\jli.dll
0x00007ffc90fa0000 - 0x00007ffc9113d000 	C:\WINDOWS\System32\USER32.dll
0x00007ffc8f990000 - 0x00007ffc8f9b2000 	C:\WINDOWS\System32\win32u.dll
0x00007ffc90840000 - 0x00007ffc9086c000 	C:\WINDOWS\System32\GDI32.dll
0x00007ffc8fc70000 - 0x00007ffc8fd85000 	C:\WINDOWS\System32\gdi32full.dll
0x00007ffc8f710000 - 0x00007ffc8f7ad000 	C:\WINDOWS\System32\msvcp_win.dll
0x00007ffc79030000 - 0x00007ffc79049000 	C:\Users\Oscar Carpio\Desktop\sts-4.18.0.RELEASE\plugins\org.eclipse.justj.openjdk.hotspot.jre.full.win32.x86_64_17.0.6.v20230204-1729\jre\bin\VCRUNTIME140.dll
0x00007ffc7d210000 - 0x00007ffc7d4aa000 	C:\WINDOWS\WinSxS\amd64_microsoft.windows.common-controls_6595b64144ccf1df_6.0.19041.1110_none_60b5254171f9507e\COMCTL32.dll
0x00007ffc90070000 - 0x00007ffc9010e000 	C:\WINDOWS\System32\msvcrt.dll
0x00007ffc91270000 - 0x00007ffc912a0000 	C:\WINDOWS\System32\IMM32.DLL
0x00007ffc81240000 - 0x00007ffc8124c000 	C:\Users\Oscar Carpio\Desktop\sts-4.18.0.RELEASE\plugins\org.eclipse.justj.openjdk.hotspot.jre.full.win32.x86_64_17.0.6.v20230204-1729\jre\bin\vcruntime140_1.dll
0x00007ffc741a0000 - 0x00007ffc74231000 	C:\Users\Oscar Carpio\Desktop\sts-4.18.0.RELEASE\plugins\org.eclipse.justj.openjdk.hotspot.jre.full.win32.x86_64_17.0.6.v20230204-1729\jre\bin\msvcp140.dll
0x00007ffc3cbf0000 - 0x00007ffc3d837000 	C:\Users\Oscar Carpio\Desktop\sts-4.18.0.RELEASE\plugins\org.eclipse.justj.openjdk.hotspot.jre.full.win32.x86_64_17.0.6.v20230204-1729\jre\bin\server\jvm.dll
0x00007ffc901e0000 - 0x00007ffc9028f000 	C:\WINDOWS\System32\ADVAPI32.dll
0x00007ffc91500000 - 0x00007ffc9159c000 	C:\WINDOWS\System32\sechost.dll
0x00007ffc90350000 - 0x00007ffc90476000 	C:\WINDOWS\System32\RPCRT4.dll
0x00007ffc7b490000 - 0x00007ffc7b499000 	C:\WINDOWS\SYSTEM32\WSOCK32.dll
0x00007ffc90170000 - 0x00007ffc901db000 	C:\WINDOWS\System32\WS2_32.dll
0x00007ffc85f70000 - 0x00007ffc85f97000 	C:\WINDOWS\SYSTEM32\WINMM.dll
0x00007ffc88300000 - 0x00007ffc8830a000 	C:\WINDOWS\SYSTEM32\VERSION.dll
0x00007ffc8d280000 - 0x00007ffc8d292000 	C:\WINDOWS\SYSTEM32\kernel.appcore.dll
0x00007ffc8ad70000 - 0x00007ffc8ad7a000 	C:\Users\Oscar Carpio\Desktop\sts-4.18.0.RELEASE\plugins\org.eclipse.justj.openjdk.hotspot.jre.full.win32.x86_64_17.0.6.v20230204-1729\jre\bin\jimage.dll
0x00007ffc880c0000 - 0x00007ffc882a4000 	C:\WINDOWS\SYSTEM32\DBGHELP.DLL
0x00007ffc7e330000 - 0x00007ffc7e364000 	C:\WINDOWS\SYSTEM32\dbgcore.DLL
0x00007ffc8f900000 - 0x00007ffc8f982000 	C:\WINDOWS\System32\bcryptPrimitives.dll
0x00007ffc82680000 - 0x00007ffc826a5000 	C:\Users\Oscar Carpio\Desktop\sts-4.18.0.RELEASE\plugins\org.eclipse.justj.openjdk.hotspot.jre.full.win32.x86_64_17.0.6.v20230204-1729\jre\bin\java.dll
0x00007ffc86db0000 - 0x00007ffc86dc8000 	C:\Users\Oscar Carpio\Desktop\sts-4.18.0.RELEASE\plugins\org.eclipse.justj.openjdk.hotspot.jre.full.win32.x86_64_17.0.6.v20230204-1729\jre\bin\zip.dll
0x00007ffc915a0000 - 0x00007ffc91ce4000 	C:\WINDOWS\System32\SHELL32.dll
0x00007ffc8d480000 - 0x00007ffc8dc13000 	C:\WINDOWS\SYSTEM32\windows.storage.dll
0x00007ffc90480000 - 0x00007ffc907d4000 	C:\WINDOWS\System32\combase.dll
0x00007ffc8ed80000 - 0x00007ffc8edae000 	C:\WINDOWS\SYSTEM32\Wldp.dll
0x00007ffc902a0000 - 0x00007ffc9034d000 	C:\WINDOWS\System32\SHCORE.dll
0x00007ffc90110000 - 0x00007ffc90165000 	C:\WINDOWS\System32\shlwapi.dll
0x00007ffc8f350000 - 0x00007ffc8f36f000 	C:\WINDOWS\SYSTEM32\profapi.dll
0x00007ffc860a0000 - 0x00007ffc860b9000 	C:\Users\Oscar Carpio\Desktop\sts-4.18.0.RELEASE\plugins\org.eclipse.justj.openjdk.hotspot.jre.full.win32.x86_64_17.0.6.v20230204-1729\jre\bin\net.dll
0x00007ffc86ee0000 - 0x00007ffc86fea000 	C:\WINDOWS\SYSTEM32\WINHTTP.dll
0x00007ffc8eae0000 - 0x00007ffc8eb4a000 	C:\WINDOWS\system32\mswsock.dll
0x00007ffc81250000 - 0x00007ffc81265000 	C:\Users\Oscar Carpio\Desktop\sts-4.18.0.RELEASE\plugins\org.eclipse.justj.openjdk.hotspot.jre.full.win32.x86_64_17.0.6.v20230204-1729\jre\bin\nio.dll
0x00007ffc78e30000 - 0x00007ffc78e39000 	C:\Users\Oscar Carpio\Desktop\sts-4.18.0.RELEASE\plugins\org.eclipse.justj.openjdk.hotspot.jre.full.win32.x86_64_17.0.6.v20230204-1729\jre\bin\management.dll
0x00007ffc78cd0000 - 0x00007ffc78cdb000 	C:\Users\Oscar Carpio\Desktop\sts-4.18.0.RELEASE\plugins\org.eclipse.justj.openjdk.hotspot.jre.full.win32.x86_64_17.0.6.v20230204-1729\jre\bin\management_ext.dll
0x00007ffc90060000 - 0x00007ffc90068000 	C:\WINDOWS\System32\PSAPI.DLL
0x00007ffc7ac30000 - 0x00007ffc7ac47000 	C:\WINDOWS\system32\napinsp.dll
0x00007ffc7ac10000 - 0x00007ffc7ac2b000 	C:\WINDOWS\system32\pnrpnsp.dll
0x00007ffc7abf0000 - 0x00007ffc7ac05000 	C:\WINDOWS\system32\wshbth.dll
0x00007ffc8ad20000 - 0x00007ffc8ad3d000 	C:\WINDOWS\system32\NLAapi.dll
0x00007ffc8e7a0000 - 0x00007ffc8e7dc000 	C:\WINDOWS\SYSTEM32\IPHLPAPI.DLL
0x00007ffc8e7f0000 - 0x00007ffc8e8ba000 	C:\WINDOWS\SYSTEM32\DNSAPI.dll
0x00007ffc90050000 - 0x00007ffc90058000 	C:\WINDOWS\System32\NSI.dll
0x00007ffc7abd0000 - 0x00007ffc7abe2000 	C:\WINDOWS\System32\winrnr.dll
0x00007ffc85470000 - 0x00007ffc8547a000 	C:\Windows\System32\rasadhlp.dll
0x00007ffc828a0000 - 0x00007ffc82922000 	C:\WINDOWS\System32\fwpuclnt.dll
0x00007ffc8fc40000 - 0x00007ffc8fc67000 	C:\WINDOWS\System32\bcrypt.dll
0x00007ffc8ecd0000 - 0x00007ffc8ece8000 	C:\WINDOWS\SYSTEM32\CRYPTSP.dll
0x00007ffc8e3c0000 - 0x00007ffc8e3f4000 	C:\WINDOWS\system32\rsaenh.dll
0x00007ffc8f2d0000 - 0x00007ffc8f2fe000 	C:\WINDOWS\SYSTEM32\USERENV.dll
0x00007ffc8ecf0000 - 0x00007ffc8ecfc000 	C:\WINDOWS\SYSTEM32\CRYPTBASE.dll
0x00007ffc88310000 - 0x00007ffc88327000 	C:\WINDOWS\SYSTEM32\dhcpcsvc6.DLL
0x00007ffc87fe0000 - 0x00007ffc87ffd000 	C:\WINDOWS\SYSTEM32\dhcpcsvc.DLL

dbghelp: loaded successfully - version: 4.0.5 - missing functions: none
symbol engine: initialized successfully - sym options: 0x614 - pdb path: .;C:\Users\Oscar Carpio\Desktop\sts-4.18.0.RELEASE\plugins\org.eclipse.justj.openjdk.hotspot.jre.full.win32.x86_64_17.0.6.v20230204-1729\jre\bin;C:\WINDOWS\SYSTEM32;C:\WINDOWS\WinSxS\amd64_microsoft.windows.common-controls_6595b64144ccf1df_6.0.19041.1110_none_60b5254171f9507e;C:\Users\Oscar Carpio\Desktop\sts-4.18.0.RELEASE\plugins\org.eclipse.justj.openjdk.hotspot.jre.full.win32.x86_64_17.0.6.v20230204-1729\jre\bin\server

VM Arguments:
jvm_args: -Dcom.sun.management.jmxremote -Dcom.sun.management.jmxremote.port=54371 -Dcom.sun.management.jmxremote.authenticate=false -Dcom.sun.management.jmxremote.ssl=false -Djava.rmi.server.hostname=localhost -Dspring.jmx.enabled=true -Dmanagement.endpoints.jmx.exposure.include=* -Dspring.application.admin.enabled=true -XX:TieredStopAtLevel=1 -Dspring.boot.project.name=tickchecktingAPI -Dfile.encoding=windows-1252 -XX:+ShowCodeDetailsInExceptionMessages 
java_command: com.ncapas.tickcheckting.TickchecktingApiApplication --spring.output.ansi.enabled=always
java_class_path (initial): C:\Users\Oscar Carpio\Desktop\Proyecto-NCapas\tickchecktingAPI\bin\main;C:\Users\Oscar Carpio\.gradle\caches\modules-2\files-2.1\org.projectlombok\lombok\1.18.26\8f8cf0372abf564913e9796623aac4c8ea44025a\lombok-1.18.26.jar;C:\Users\Oscar Carpio\.gradle\caches\modules-2\files-2.1\org.springframework.boot\spring-boot-starter-data-jpa\3.0.6\d0b6b836a6e3a223a92e6594c2d8c5f0a7cccec\spring-boot-starter-data-jpa-3.0.6.jar;C:\Users\Oscar Carpio\.gradle\caches\modules-2\files-2.1\org.springframework.boot\spring-boot-starter-validation\3.0.6\d5933e79435cd9459be59f297e207caa0deb01f6\spring-boot-starter-validation-3.0.6.jar;C:\Users\Oscar Carpio\.gradle\caches\modules-2\files-2.1\org.springframework.boot\spring-boot-starter-web\3.0.6\7c6597cae584c359d7e4ddea6e006176e0c15936\spring-boot-starter-web-3.0.6.jar;C:\Users\Oscar Carpio\.gradle\caches\modules-2\files-2.1\org.springframework.boot\spring-boot-starter-security\3.0.6\e9f3c6cf299f1dd967f5a7fbca7815183c4ba4b1\spring-boot-starter-security-3.0.6.jar;C:\Users\Oscar Carpio\.gradle\caches\modules-2\files-2.1\io.jsonwebtoken\jjwt-impl\0.11.5\40a599f0e8a8e4e0701596fbb15e67bfda64fdf0\jjwt-impl-0.11.5.jar;C:\Users\Oscar Carpio\.gradle\caches\modules-2\files-2.1\io.jsonwebtoken\jjwt-jackson\0.11.5\3b83a06809e98a69402d7333dcf67df6f6ea4579\jjwt-jackson-0.11.5.jar;C:\Users\Oscar Carpio\.gradle\caches\modules-2\files-2.1\io.jsonwebtoken\jjwt-api\0.11.5\f742940045619d06383e7df37b21ac422b476cf1\jjwt-api-0.11.5.jar;C:\Users\Oscar Carpio\.gradle\caches\modules-2\files-2.1\org.springframework.boot\spring-boot-starter-aop\3.0.6\bb39de062db9b7b7a277e6c026ed5ac45f544fc8\spring-boot-starter-aop-3.0.6.jar;C:\Users\Oscar Carpio\.gradle\caches\modules-2\files-2.1\org.springframework.boot\spring-boot-starter-jdbc\3.0.6\672661f4a90a9479170fba058a88892dac5ba69c\spring-boot-starter-jdbc-3.0.6.jar;C:\Users\Oscar Carpio\.gradle\caches\modules-2\files-2.1\org.hibernate.orm\hibernate-core\6.1.7.Final\343f47b34c96fe9c44bf9b219a7b3c
Launcher Type: SUN_STANDARD

[Global flags]
     intx CICompilerCount                          = 3                                         {product} {ergonomic}
     uint ConcGCThreads                            = 1                                         {product} {ergonomic}
     uint G1ConcRefinementThreads                  = 4                                         {product} {ergonomic}
   size_t G1HeapRegionSize                         = 1048576                                   {product} {ergonomic}
    uintx GCDrainStackTargetSize                   = 64                                        {product} {ergonomic}
   size_t InitialHeapSize                          = 117440512                                 {product} {ergonomic}
     bool ManagementServer                         = true                                      {product} {command line}
   size_t MarkStackSize                            = 4194304                                   {product} {ergonomic}
   size_t MaxHeapSize                              = 1851785216                                {product} {ergonomic}
   size_t MaxNewSize                               = 1110441984                                {product} {ergonomic}
   size_t MinHeapDeltaBytes                        = 1048576                                   {product} {ergonomic}
   size_t MinHeapSize                              = 8388608                                   {product} {ergonomic}
    uintx NonProfiledCodeHeapSize                  = 0                                      {pd product} {ergonomic}
     bool ProfileInterpreter                       = false                                  {pd product} {command line}
    uintx ProfiledCodeHeapSize                     = 0                                      {pd product} {ergonomic}
     bool ShowCodeDetailsInExceptionMessages       = true                                   {manageable} {command line}
   size_t SoftMaxHeapSize                          = 1851785216                             {manageable} {ergonomic}
     intx TieredStopAtLevel                        = 1                                         {product} {command line}
     bool UseCompressedClassPointers               = true                           {product lp64_product} {ergonomic}
     bool UseCompressedOops                        = true                           {product lp64_product} {ergonomic}
     bool UseG1GC                                  = true                                      {product} {ergonomic}
     bool UseLargePagesIndividualAllocation        = false                                  {pd product} {ergonomic}

Logging:
Log output configuration:
 #0: stdout all=warning uptime,level,tags
 #1: stderr all=off uptime,level,tags

Environment Variables:
PATH=C:/Users/Oscar Carpio/Desktop/sts-4.18.0.RELEASE//plugins/org.eclipse.justj.openjdk.hotspot.jre.full.win32.x86_64_17.0.6.v20230204-1729/jre/bin/server;C:/Users/Oscar Carpio/Desktop/sts-4.18.0.RELEASE//plugins/org.eclipse.justj.openjdk.hotspot.jre.full.win32.x86_64_17.0.6.v20230204-1729/jre/bin;C:\Program Files\Common Files\Oracle\Java\javapath;C:\Python310\Scripts\;C:\Python310\;C:\Oracle\WINDOWS.X64_193000_db_home\bin;C:\WINDOWS\system32;C:\WINDOWS;C:\WINDOWS\System32\Wbem;C:\WINDOWS\System32\WindowsPowerShell\v1.0\;C:\WINDOWS\System32\OpenSSH\;C:\Program Files\dotnet\;C:\Program Files\Git\cmd;C:\ProgramData\chocolatey\bin;C:\Program Files\nodejs\;C:\NASM;C:\MinGW\bin;C:\Program Files (x86)\DOSBox-0.74-3;C:\Users\Oscar Carpio\Desktop\vckp\vcpkg;C:\PuTTY\;C:\Gradle\gradle-8.1.1\bin;C:\Program Files\MySQL\MySQL Shell 8.0\bin\;C:\Users\Oscar Carpio\AppData\Local\Microsoft\WindowsApps;C:\Program Files\JetBrains\JetBrains Rider 2021.1.2\bin;;C:\Program Files\Azure Data Studio\bin;C:\Users\Oscar Carpio\AppData\Roaming\npm;C:\Program Files\MongoDB\Server\5.0\bin;C:\Users\Oscar Carpio\.dotnet\tools;C:\Program Files\heroku\bin;C:\MinGW\bin;C:\Microsoft VS Code\bin;C:\Users\Oscar Carpio\Desktop\sts-4.18.0.RELEASE;
USERNAME=Oscar Carpio
OS=Windows_NT
PROCESSOR_IDENTIFIER=AMD64 Family 23 Model 17 Stepping 0, AuthenticAMD
TMP=C:\Users\OSCARC~1\AppData\Local\Temp
TEMP=C:\Users\OSCARC~1\AppData\Local\Temp



---------------  S Y S T E M  ---------------

OS:
 Windows 10 , 64 bit Build 19041 (10.0.19041.3031)
OS uptime: 0 days 15:12 hours
Hyper-V role detected

CPU: total 4 (initial active 4) (4 cores per cpu, 2 threads per core) family 23 model 17 stepping 0 microcode 0x0, cx8, cmov, fxsr, ht, mmx, 3dnowpref, sse, sse2, sse3, ssse3, sse4a, sse4.1, sse4.2, popcnt, lzcnt, tsc, tscinvbit, avx, avx2, aes, clmul, bmi1, bmi2, adx, sha, fma, vzeroupper, clflush, clflushopt, hv

Memory: 4k page, system-wide physical 7061M (2235M free)
TotalPageFile size 8061M (AvailPageFile size 3M)
current process WorkingSet (physical memory assigned to process): 87M, peak: 87M
current process commit charge ("private bytes"): 203M, peak: 203M

vm_info: OpenJDK 64-Bit Server VM (17.0.6+10) for windows-amd64 JRE (17.0.6+10), built on Jan 18 2023 10:08:59 by "temurin" with MS VC++ 16.7 (VS2019)

END.
