#
# There is insufficient memory for the Java Runtime Environment to continue.
# Native memory allocation (mmap) failed to map 14680064 bytes for G1 virtual space
# Possible reasons:
#   The system is out of physical RAM or swap space
#   The process is running with CompressedOops enabled, and the Java Heap may be blocking the growth of the native heap
# Possible solutions:
#   Reduce memory load on the system
#   Increase physical memory or swap space
#   Check if swap backing store is full
#   Decrease Java heap size (-Xmx/-Xms)
#   Decrease number of Java threads
#   Decrease Java thread stack sizes (-Xss)
#   Set larger code cache with -XX:ReservedCodeCacheSize=
#   JVM is running with Unscaled Compressed Oops mode in which the Java heap is
#     placed in the first 4GB address space. The Java Heap base address is the
#     maximum limit for the native heap growth. Please use -XX:HeapBaseMinAddress
#     to set the Java Heap base and to place the Java Heap above 4GB virtual address.
# This output file may be truncated or incomplete.
#
#  Out of Memory Error (os_windows.cpp:3557), pid=9152, tid=5916
#
# JRE version: OpenJDK Runtime Environment Temurin-17.0.6+10 (17.0.6+10) (build 17.0.6+10)
# Java VM: OpenJDK 64-Bit Server VM Temurin-17.0.6+10 (17.0.6+10, mixed mode, emulated-client, tiered, compressed oops, compressed class ptrs, g1 gc, windows-amd64)
# No core dump will be written. Minidumps are not enabled by default on client versions of Windows
#

---------------  S U M M A R Y ------------

Command Line: -Dcom.sun.management.jmxremote -Dcom.sun.management.jmxremote.port=64616 -Dcom.sun.management.jmxremote.authenticate=false -Dcom.sun.management.jmxremote.ssl=false -Djava.rmi.server.hostname=localhost -Dspring.jmx.enabled=true -Dmanagement.endpoints.jmx.exposure.include=* -Dspring.application.admin.enabled=true -XX:TieredStopAtLevel=1 -Dspring.boot.project.name=tickchecktingAPI -Dfile.encoding=windows-1252 -XX:+ShowCodeDetailsInExceptionMessages com.ncapas.tickcheckting.TickchecktingApiApplication --spring.output.ansi.enabled=always

Host: AMD Ryzen 3 2200U with Radeon Vega Mobile Gfx  , 4 cores, 6G,  Windows 10 , 64 bit Build 19041 (10.0.19041.3031)
Time: Fri Jun 30 17:09:39 2023 Hora estándar, América Central elapsed time: 15.858439 seconds (0d 0h 0m 15s)

---------------  T H R E A D  ---------------

Current thread (0x000001a217ef1800):  VMThread "VM Thread" [stack: 0x0000003bd9000000,0x0000003bd9100000] [id=5916]

Stack: [0x0000003bd9000000,0x0000003bd9100000]
Native frames: (J=compiled Java code, j=interpreted, Vv=VM code, C=native code)
V  [jvm.dll+0x67741a]
V  [jvm.dll+0x834434]
V  [jvm.dll+0x835bde]
V  [jvm.dll+0x836243]
V  [jvm.dll+0x2457b5]
V  [jvm.dll+0x674329]
V  [jvm.dll+0x6689da]
V  [jvm.dll+0x30489b]
V  [jvm.dll+0x30bd96]
V  [jvm.dll+0x35b57e]
V  [jvm.dll+0x35b7af]
V  [jvm.dll+0x2db778]
V  [jvm.dll+0x2d9a2c]
V  [jvm.dll+0x2d8ffc]
V  [jvm.dll+0x31cdcb]
V  [jvm.dll+0x83a6eb]
V  [jvm.dll+0x83b424]
V  [jvm.dll+0x83b93c]
V  [jvm.dll+0x83bd14]
V  [jvm.dll+0x83bde0]
V  [jvm.dll+0x7e483a]
V  [jvm.dll+0x6762c5]
C  [ucrtbase.dll+0x21bb2]
C  [KERNEL32.DLL+0x17614]
C  [ntdll.dll+0x526f1]

VM_Operation (0x0000003bdb2f8b60): G1CollectForAllocation, mode: safepoint, requested by thread 0x000001a21afb6f70


---------------  P R O C E S S  ---------------

Threads class SMR info:
_java_thread_list=0x000001a21dafc250, length=37, elements={
0x000001a217ef9520, 0x000001a217f2c010, 0x000001a217f401d0, 0x000001a217f40f50,
0x000001a217f44d90, 0x000001a217f46660, 0x000001a218959b30, 0x000001a21895b470,
0x000001a218a20fb0, 0x000001a218b4b7f0, 0x000001a2190f4d70, 0x000001a2190e4a60,
0x000001a2190e5380, 0x000001a2194c8170, 0x000001a2194c7900, 0x000001a219452f30,
0x000001a219236f90, 0x000001a21afb82b0, 0x000001a21afb7910, 0x000001a21afb8c50,
0x000001a21afb6aa0, 0x000001a21afb9120, 0x000001a21afb6f70, 0x000001a21afb7440,
0x000001a21afb7de0, 0x000001a21afb95f0, 0x000001a21afb5c30, 0x000001a21afb6100,
0x000001a21afb65d0, 0x000001a21dac65d0, 0x000001a21dac5290, 0x000001a21dac35b0,
0x000001a21dac2740, 0x000001a21dac3f50, 0x000001a21dac8780, 0x000001a21dac1da0,
0x000001a21dac9120
}

Java Threads: ( => current thread )
  0x000001a217ef9520 JavaThread "Reference Handler" daemon [_thread_blocked, id=12732, stack(0x0000003bd9100000,0x0000003bd9200000)]
  0x000001a217f2c010 JavaThread "Finalizer" daemon [_thread_blocked, id=2904, stack(0x0000003bd9200000,0x0000003bd9300000)]
  0x000001a217f401d0 JavaThread "Signal Dispatcher" daemon [_thread_blocked, id=12968, stack(0x0000003bd9400000,0x0000003bd9500000)]
  0x000001a217f40f50 JavaThread "Attach Listener" daemon [_thread_blocked, id=4756, stack(0x0000003bd9500000,0x0000003bd9600000)]
  0x000001a217f44d90 JavaThread "Service Thread" daemon [_thread_blocked, id=6100, stack(0x0000003bd9600000,0x0000003bd9700000)]
  0x000001a217f46660 JavaThread "Monitor Deflation Thread" daemon [_thread_blocked, id=7656, stack(0x0000003bd9700000,0x0000003bd9800000)]
  0x000001a218959b30 JavaThread "C1 CompilerThread0" daemon [_thread_blocked, id=868, stack(0x0000003bd9800000,0x0000003bd9900000)]
  0x000001a21895b470 JavaThread "Sweeper thread" daemon [_thread_blocked, id=11400, stack(0x0000003bd9900000,0x0000003bd9a00000)]
  0x000001a218a20fb0 JavaThread "Common-Cleaner" daemon [_thread_blocked, id=9916, stack(0x0000003bd9a00000,0x0000003bd9b00000)]
  0x000001a218b4b7f0 JavaThread "Notification Thread" daemon [_thread_blocked, id=192, stack(0x0000003bd9d00000,0x0000003bd9e00000)]
  0x000001a2190f4d70 JavaThread "RMI TCP Accept-0" daemon [_thread_in_native, id=7412, stack(0x0000003bd9e00000,0x0000003bd9f00000)]
  0x000001a2190e4a60 JavaThread "RMI TCP Accept-64616" daemon [_thread_in_native, id=5788, stack(0x0000003bd9f00000,0x0000003bda000000)]
  0x000001a2190e5380 JavaThread "RMI TCP Accept-0" daemon [_thread_in_native, id=8316, stack(0x0000003bda000000,0x0000003bda100000)]
  0x000001a2194c8170 JavaThread "RMI TCP Connection(1)-127.0.0.1" daemon [_thread_in_native, id=10728, stack(0x0000003bda700000,0x0000003bda800000)]
  0x000001a2194c7900 JavaThread "RMI Scheduler(0)" daemon [_thread_blocked, id=11512, stack(0x0000003bda800000,0x0000003bda900000)]
  0x000001a219452f30 JavaThread "RMI TCP Connection(2)-127.0.0.1" daemon [_thread_in_native, id=6076, stack(0x0000003bda900000,0x0000003bdaa00000)]
  0x000001a219236f90 JavaThread "JMX server connection timeout 21" daemon [_thread_blocked, id=4372, stack(0x0000003bdaa00000,0x0000003bdab00000)]
  0x000001a21afb82b0 JavaThread "HikariPool-1 housekeeper" daemon [_thread_blocked, id=12792, stack(0x0000003bdac00000,0x0000003bdad00000)]
  0x000001a21afb7910 JavaThread "Catalina-utility-1" [_thread_blocked, id=9556, stack(0x0000003bdae00000,0x0000003bdaf00000)]
  0x000001a21afb8c50 JavaThread "Catalina-utility-2" [_thread_blocked, id=468, stack(0x0000003bdaf00000,0x0000003bdb000000)]
  0x000001a21afb6aa0 JavaThread "container-0" [_thread_blocked, id=10308, stack(0x0000003bdb000000,0x0000003bdb100000)]
  0x000001a21afb9120 JavaThread "http-nio-8080-exec-1" daemon [_thread_blocked, id=10676, stack(0x0000003bdb100000,0x0000003bdb200000)]
  0x000001a21afb6f70 JavaThread "http-nio-8080-exec-2" daemon [_thread_blocked, id=4392, stack(0x0000003bdb200000,0x0000003bdb300000)]
  0x000001a21afb7440 JavaThread "http-nio-8080-exec-3" daemon [_thread_blocked, id=3200, stack(0x0000003bdb300000,0x0000003bdb400000)]
  0x000001a21afb7de0 JavaThread "http-nio-8080-exec-4" daemon [_thread_blocked, id=8404, stack(0x0000003bdb400000,0x0000003bdb500000)]
  0x000001a21afb95f0 JavaThread "http-nio-8080-exec-5" daemon [_thread_blocked, id=7544, stack(0x0000003bdb500000,0x0000003bdb600000)]
  0x000001a21afb5c30 JavaThread "http-nio-8080-exec-6" daemon [_thread_blocked, id=12604, stack(0x0000003bdb600000,0x0000003bdb700000)]
  0x000001a21afb6100 JavaThread "http-nio-8080-exec-7" daemon [_thread_blocked, id=8320, stack(0x0000003bdb700000,0x0000003bdb800000)]
  0x000001a21afb65d0 JavaThread "http-nio-8080-exec-8" daemon [_thread_blocked, id=8152, stack(0x0000003bdb800000,0x0000003bdb900000)]
  0x000001a21dac65d0 JavaThread "http-nio-8080-exec-9" daemon [_thread_blocked, id=12348, stack(0x0000003bdb900000,0x0000003bdba00000)]
  0x000001a21dac5290 JavaThread "http-nio-8080-exec-10" daemon [_thread_blocked, id=12504, stack(0x0000003bdba00000,0x0000003bdbb00000)]
  0x000001a21dac35b0 JavaThread "http-nio-8080-Poller" daemon [_thread_in_native, id=32, stack(0x0000003bdbb00000,0x0000003bdbc00000)]
  0x000001a21dac2740 JavaThread "http-nio-8080-Acceptor" daemon [_thread_in_native, id=11152, stack(0x0000003bdbc00000,0x0000003bdbd00000)]
  0x000001a21dac3f50 JavaThread "DestroyJavaVM" [_thread_blocked, id=11488, stack(0x0000003bd8a00000,0x0000003bd8b00000)]
  0x000001a21dac8780 JavaThread "RMI TCP Connection(3)-127.0.0.1" daemon [_thread_in_native, id=11760, stack(0x0000003bdbe00000,0x0000003bdbf00000)]
  0x000001a21dac1da0 JavaThread "RMI TCP Connection(5)-127.0.0.1" daemon [_thread_in_native, id=11084, stack(0x0000003bdbf00000,0x0000003bdc000000)]
  0x000001a21dac9120 JavaThread "RMI TCP Connection(4)-127.0.0.1" daemon [_thread_in_native, id=9292, stack(0x0000003bdc000000,0x0000003bdc100000)]

Other Threads:
=>0x000001a217ef1800 VMThread "VM Thread" [stack: 0x0000003bd9000000,0x0000003bd9100000] [id=5916]
  0x000001a20b2c2460 WatcherThread [stack: 0x0000003bda100000,0x0000003bda200000] [id=6420]
  0x000001a20b314b10 GCTaskThread "GC Thread#0" [stack: 0x0000003bd8b00000,0x0000003bd8c00000] [id=10796]
  0x000001a2191aa060 GCTaskThread "GC Thread#1" [stack: 0x0000003bda200000,0x0000003bda300000] [id=2124]
  0x000001a21923b060 GCTaskThread "GC Thread#2" [stack: 0x0000003bda300000,0x0000003bda400000] [id=12852]
  0x000001a21923d320 GCTaskThread "GC Thread#3" [stack: 0x0000003bda400000,0x0000003bda500000] [id=12828]
  0x000001a20b323dc0 ConcurrentGCThread "G1 Main Marker" [stack: 0x0000003bd8c00000,0x0000003bd8d00000] [id=12440]
  0x000001a20b3256f0 ConcurrentGCThread "G1 Conc#0" [stack: 0x0000003bd8d00000,0x0000003bd8e00000] [id=1548]
  0x000001a217d60090 ConcurrentGCThread "G1 Refine#0" [stack: 0x0000003bd8e00000,0x0000003bd8f00000] [id=8148]
  0x000001a21912a900 ConcurrentGCThread "G1 Refine#1" [stack: 0x0000003bda500000,0x0000003bda600000] [id=2000]
  0x000001a21912abe0 ConcurrentGCThread "G1 Refine#2" [stack: 0x0000003bda600000,0x0000003bda700000] [id=1288]
  0x000001a217d609c0 ConcurrentGCThread "G1 Service" [stack: 0x0000003bd8f00000,0x0000003bd9000000] [id=6388]

Threads with active compile tasks:

VM state: at safepoint (normal execution)

VM Mutex/Monitor currently owned by a thread:  ([mutex/lock_event])
[0x000001a20b2aae80] Threads_lock - owner thread: 0x000001a217ef1800
[0x000001a20b2a9d10] Heap_lock - owner thread: 0x000001a21afb6f70

Heap address: 0x0000000091a00000, size: 1766 MB, Compressed Oops mode: 32-bit

CDS archive(s) not mapped
Compressed class space mapped at: 0x0000000100000000-0x0000000140000000, reserved size: 1073741824
Narrow klass base: 0x0000000000000000, Narrow klass shift: 3, Narrow klass range: 0x140000000

GC Precious Log:
 CPUs: 4 total, 4 available
 Memory: 7061M
 Large Page Support: Disabled
 NUMA Support: Disabled
 Compressed Oops: Enabled (32-bit)
 Heap Region Size: 1M
 Heap Min Capacity: 8M
 Heap Initial Capacity: 112M
 Heap Max Capacity: 1766M
 Pre-touch: Disabled
 Parallel Workers: 4
 Concurrent Workers: 1
 Concurrent Refinement Workers: 4
 Periodic GC: Disabled

Heap:
 garbage-first heap   total 69632K, used 34111K [0x0000000091a00000, 0x0000000100000000)
  region size 1024K, 2 young (2048K), 2 survivors (2048K)
 Metaspace       used 73139K, committed 73728K, reserved 1114112K
  class space    used 10097K, committed 10432K, reserved 1048576K

Heap Regions: E=young(eden), S=young(survivor), O=old, HS=humongous(starts), HC=humongous(continues), CS=collection set, F=free, OA=open archive, CA=closed archive, TAMS=top-at-mark-start (previous, next)
|   0|0x0000000091a00000, 0x0000000091b00000, 0x0000000091b00000|100%|HS|  |TAMS 0x0000000091b00000, 0x0000000091a00000| Complete 
|   1|0x0000000091b00000, 0x0000000091c00000, 0x0000000091c00000|100%| O|  |TAMS 0x0000000091c00000, 0x0000000091b00000| Untracked 
|   2|0x0000000091c00000, 0x0000000091d00000, 0x0000000091d00000|100%| O|  |TAMS 0x0000000091d00000, 0x0000000091c00000| Untracked 
|   3|0x0000000091d00000, 0x0000000091e00000, 0x0000000091e00000|100%| O|  |TAMS 0x0000000091e00000, 0x0000000091d00000| Untracked 
|   4|0x0000000091e00000, 0x0000000091f00000, 0x0000000091f00000|100%| O|  |TAMS 0x0000000091f00000, 0x0000000091e00000| Untracked 
|   5|0x0000000091f00000, 0x0000000092000000, 0x0000000092000000|100%| O|  |TAMS 0x0000000092000000, 0x0000000091f00000| Untracked 
|   6|0x0000000092000000, 0x0000000092065800, 0x0000000092100000| 39%| O|  |TAMS 0x0000000092065800, 0x0000000092000000| Untracked 
|   7|0x0000000092100000, 0x0000000092200000, 0x0000000092200000|100%| O|  |TAMS 0x0000000092200000, 0x0000000092100000| Untracked 
|   8|0x0000000092200000, 0x0000000092300000, 0x0000000092300000|100%| O|  |TAMS 0x0000000092300000, 0x0000000092200000| Untracked 
|   9|0x0000000092300000, 0x0000000092400000, 0x0000000092400000|100%| O|  |TAMS 0x0000000092400000, 0x0000000092300000| Untracked 
|  10|0x0000000092400000, 0x0000000092500000, 0x0000000092500000|100%| O|  |TAMS 0x0000000092500000, 0x0000000092400000| Untracked 
|  11|0x0000000092500000, 0x0000000092600000, 0x0000000092600000|100%| O|  |TAMS 0x0000000092600000, 0x0000000092500000| Untracked 
|  12|0x0000000092600000, 0x0000000092700000, 0x0000000092700000|100%| O|  |TAMS 0x0000000092700000, 0x0000000092600000| Untracked 
|  13|0x0000000092700000, 0x0000000092800000, 0x0000000092800000|100%| O|  |TAMS 0x0000000092800000, 0x0000000092700000| Untracked 
|  14|0x0000000092800000, 0x0000000092900000, 0x0000000092900000|100%| O|  |TAMS 0x0000000092900000, 0x0000000092800000| Untracked 
|  15|0x0000000092900000, 0x0000000092a00000, 0x0000000092a00000|100%| O|  |TAMS 0x0000000092a00000, 0x0000000092900000| Untracked 
|  16|0x0000000092a00000, 0x0000000092b00000, 0x0000000092b00000|100%| O|  |TAMS 0x0000000092b00000, 0x0000000092a00000| Untracked 
|  17|0x0000000092b00000, 0x0000000092c00000, 0x0000000092c00000|100%| O|  |TAMS 0x0000000092c00000, 0x0000000092b00000| Untracked 
|  18|0x0000000092c00000, 0x0000000092d00000, 0x0000000092d00000|100%| O|  |TAMS 0x0000000092d00000, 0x0000000092c00000| Untracked 
|  19|0x0000000092d00000, 0x0000000092e00000, 0x0000000092e00000|100%| O|  |TAMS 0x0000000092e00000, 0x0000000092d00000| Untracked 
|  20|0x0000000092e00000, 0x0000000092f00000, 0x0000000092f00000|100%| O|  |TAMS 0x0000000092f00000, 0x0000000092e00000| Untracked 
|  21|0x0000000092f00000, 0x0000000093000000, 0x0000000093000000|100%| O|  |TAMS 0x0000000093000000, 0x0000000092f00000| Untracked 
|  22|0x0000000093000000, 0x0000000093100000, 0x0000000093100000|100%| O|  |TAMS 0x00000000930e0e00, 0x0000000093000000| Untracked 
|  23|0x0000000093100000, 0x0000000093200000, 0x0000000093200000|100%| O|  |TAMS 0x0000000093100000, 0x0000000093100000| Untracked 
|  24|0x0000000093200000, 0x0000000093300000, 0x0000000093300000|100%| O|  |TAMS 0x0000000093200000, 0x0000000093200000| Untracked 
|  25|0x0000000093300000, 0x0000000093400000, 0x0000000093400000|100%| O|  |TAMS 0x0000000093300000, 0x0000000093300000| Untracked 
|  26|0x0000000093400000, 0x0000000093500000, 0x0000000093500000|100%| O|  |TAMS 0x0000000093400000, 0x0000000093400000| Untracked 
|  27|0x0000000093500000, 0x0000000093600000, 0x0000000093600000|100%| O|  |TAMS 0x0000000093500000, 0x0000000093500000| Untracked 
|  28|0x0000000093600000, 0x0000000093700000, 0x0000000093700000|100%| O|  |TAMS 0x0000000093600000, 0x0000000093600000| Untracked 
|  29|0x0000000093700000, 0x0000000093800000, 0x0000000093800000|100%| O|  |TAMS 0x0000000093700000, 0x0000000093700000| Untracked 
|  30|0x0000000093800000, 0x0000000093900000, 0x0000000093900000|100%| O|  |TAMS 0x0000000093800000, 0x0000000093800000| Untracked 
|  31|0x0000000093900000, 0x0000000093a00000, 0x0000000093a00000|100%| O|  |TAMS 0x0000000093900000, 0x0000000093900000| Untracked 
|  32|0x0000000093a00000, 0x0000000093a59400, 0x0000000093b00000| 34%| O|  |TAMS 0x0000000093a00000, 0x0000000093a00000| Untracked 
|  33|0x0000000093b00000, 0x0000000093b00000, 0x0000000093c00000|  0%| F|  |TAMS 0x0000000093b00000, 0x0000000093b00000| Untracked 
|  34|0x0000000093c00000, 0x0000000093c00000, 0x0000000093d00000|  0%| F|  |TAMS 0x0000000093c00000, 0x0000000093c00000| Untracked 
|  35|0x0000000093d00000, 0x0000000093d00000, 0x0000000093e00000|  0%| F|  |TAMS 0x0000000093d00000, 0x0000000093d00000| Untracked 
|  36|0x0000000093e00000, 0x0000000093e00000, 0x0000000093f00000|  0%| F|  |TAMS 0x0000000093e00000, 0x0000000093e00000| Untracked 
|  37|0x0000000093f00000, 0x0000000093f00000, 0x0000000094000000|  0%| F|  |TAMS 0x0000000093f00000, 0x0000000093f00000| Untracked 
|  38|0x0000000094000000, 0x0000000094000000, 0x0000000094100000|  0%| F|  |TAMS 0x0000000094000000, 0x0000000094000000| Untracked 
|  39|0x0000000094100000, 0x0000000094100000, 0x0000000094200000|  0%| F|  |TAMS 0x0000000094100000, 0x0000000094100000| Untracked 
|  40|0x0000000094200000, 0x0000000094200000, 0x0000000094300000|  0%| F|  |TAMS 0x0000000094200000, 0x0000000094200000| Untracked 
|  41|0x0000000094300000, 0x0000000094300000, 0x0000000094400000|  0%| F|  |TAMS 0x0000000094300000, 0x0000000094300000| Untracked 
|  42|0x0000000094400000, 0x0000000094400000, 0x0000000094500000|  0%| F|  |TAMS 0x0000000094400000, 0x0000000094400000| Untracked 
|  43|0x0000000094500000, 0x0000000094500000, 0x0000000094600000|  0%| F|  |TAMS 0x0000000094500000, 0x0000000094500000| Untracked 
|  44|0x0000000094600000, 0x0000000094691308, 0x0000000094700000| 56%| S|CS|TAMS 0x0000000094600000, 0x0000000094600000| Complete 
|  45|0x0000000094700000, 0x0000000094800000, 0x0000000094800000|100%| S|CS|TAMS 0x0000000094700000, 0x0000000094700000| Complete 
|  46|0x0000000094800000, 0x0000000094800000, 0x0000000094900000|  0%| F|  |TAMS 0x0000000094800000, 0x0000000094800000| Untracked 
|  47|0x0000000094900000, 0x0000000094900000, 0x0000000094a00000|  0%| F|  |TAMS 0x0000000094900000, 0x0000000094900000| Untracked 
|  48|0x0000000094a00000, 0x0000000094a00000, 0x0000000094b00000|  0%| F|  |TAMS 0x0000000094a00000, 0x0000000094a00000| Untracked 
|  49|0x0000000094b00000, 0x0000000094b00000, 0x0000000094c00000|  0%| F|  |TAMS 0x0000000094b00000, 0x0000000094b00000| Untracked 
|  50|0x0000000094c00000, 0x0000000094c00000, 0x0000000094d00000|  0%| F|  |TAMS 0x0000000094c00000, 0x0000000094c00000| Untracked 
|  51|0x0000000094d00000, 0x0000000094d00000, 0x0000000094e00000|  0%| F|  |TAMS 0x0000000094d00000, 0x0000000094d00000| Untracked 
|  52|0x0000000094e00000, 0x0000000094e00000, 0x0000000094f00000|  0%| F|  |TAMS 0x0000000094e00000, 0x0000000094e00000| Untracked 
|  53|0x0000000094f00000, 0x0000000094f00000, 0x0000000095000000|  0%| F|  |TAMS 0x0000000094f00000, 0x0000000094f00000| Untracked 
|  54|0x0000000095000000, 0x0000000095000000, 0x0000000095100000|  0%| F|  |TAMS 0x0000000095000000, 0x0000000095000000| Untracked 
|  55|0x0000000095100000, 0x0000000095100000, 0x0000000095200000|  0%| F|  |TAMS 0x0000000095100000, 0x0000000095100000| Untracked 
|  56|0x0000000095200000, 0x0000000095200000, 0x0000000095300000|  0%| F|  |TAMS 0x0000000095200000, 0x0000000095200000| Untracked 
|  57|0x0000000095300000, 0x0000000095300000, 0x0000000095400000|  0%| F|  |TAMS 0x0000000095300000, 0x0000000095300000| Untracked 
|  58|0x0000000095400000, 0x0000000095400000, 0x0000000095500000|  0%| F|  |TAMS 0x0000000095400000, 0x0000000095400000| Untracked 
|  59|0x0000000095500000, 0x0000000095500000, 0x0000000095600000|  0%| F|  |TAMS 0x0000000095500000, 0x0000000095500000| Untracked 
|  60|0x0000000095600000, 0x0000000095600000, 0x0000000095700000|  0%| F|  |TAMS 0x0000000095600000, 0x0000000095600000| Untracked 
|  61|0x0000000095700000, 0x0000000095700000, 0x0000000095800000|  0%| F|  |TAMS 0x0000000095700000, 0x0000000095700000| Untracked 
|  62|0x0000000095800000, 0x0000000095800000, 0x0000000095900000|  0%| F|  |TAMS 0x0000000095800000, 0x0000000095800000| Untracked 
|  63|0x0000000095900000, 0x0000000095900000, 0x0000000095a00000|  0%| F|  |TAMS 0x0000000095900000, 0x0000000095900000| Untracked 
|  86|0x0000000097000000, 0x0000000097000000, 0x0000000097100000|  0%| F|  |TAMS 0x0000000097000000, 0x0000000097000000| Untracked 
|  87|0x0000000097100000, 0x0000000097100000, 0x0000000097200000|  0%| F|  |TAMS 0x0000000097100000, 0x0000000097100000| Untracked 
|  88|0x0000000097200000, 0x0000000097200000, 0x0000000097300000|  0%| F|  |TAMS 0x0000000097200000, 0x0000000097200000| Untracked 
| 111|0x0000000098900000, 0x0000000098900000, 0x0000000098a00000|  0%| F|  |TAMS 0x0000000098900000, 0x0000000098900000| Untracked 

Card table byte_map: [0x000001a211cf0000,0x000001a212070000] _byte_map_base: 0x000001a211863000

Marking Bits (Prev, Next): (CMBitMap*) 0x000001a20b315030, (CMBitMap*) 0x000001a20b315070
 Prev Bits: [0x000001a2123f0000, 0x000001a213f88000)
 Next Bits: [0x000001a213f90000, 0x000001a215b28000)

Polling page: 0x000001a20aa80000

Metaspace:

Usage:
  Non-class:     61.56 MB used.
      Class:      9.86 MB used.
       Both:     71.43 MB used.

Virtual space:
  Non-class space:       64.00 MB reserved,      61.81 MB ( 97%) committed,  8 nodes.
      Class space:        1.00 GB reserved,      10.19 MB ( <1%) committed,  1 nodes.
             Both:        1.06 GB reserved,      72.00 MB (  7%) committed. 

Chunk freelists:
   Non-Class:  2.12 MB
       Class:  1.73 MB
        Both:  3.86 MB

MaxMetaspaceSize: unlimited
CompressedClassSpaceSize: 1.00 GB
Initial GC threshold: 21.00 MB
Current GC threshold: 103.69 MB
CDS: off
MetaspaceReclaimPolicy: balanced
 - commit_granule_bytes: 65536.
 - commit_granule_words: 8192.
 - virtual_space_node_default_size: 1048576.
 - enlarge_chunks_in_place: 1.
 - new_chunks_are_fully_committed: 0.
 - uncommit_free_chunks: 1.
 - use_allocation_guard: 0.
 - handle_deallocations: 1.


Internal statistics:

num_allocs_failed_limit: 15.
num_arena_births: 890.
num_arena_deaths: 0.
num_vsnodes_births: 9.
num_vsnodes_deaths: 0.
num_space_committed: 1152.
num_space_uncommitted: 0.
num_chunks_returned_to_freelist: 15.
num_chunks_taken_from_freelist: 3275.
num_chunk_merges: 15.
num_chunk_splits: 2352.
num_chunks_enlarged: 1784.
num_purges: 0.
num_inconsistent_stats: 0.

CodeCache: size=49152Kb used=12090Kb max_used=13088Kb free=37061Kb
 bounds [0x000001a20e970000, 0x000001a20f640000, 0x000001a211970000]
 total_blobs=7709 nmethods=7063 adapters=573
 compilation: enabled
              stopped_count=0, restarted_count=0
 full_count=0

Compilation events (20 events):
Event: 15.794 Thread 0x000001a218959b30 7054       1       com.fasterxml.jackson.databind.JavaType::getRawClass (5 bytes)
Event: 15.794 Thread 0x000001a218959b30 nmethod 7054 0x000001a20eb93f10 code [0x000001a20eb940a0, 0x000001a20eb94178]
Event: 15.801 Thread 0x000001a218959b30 7055       1       java.security.DrbgParameters$Instantiation::getCapability (5 bytes)
Event: 15.802 Thread 0x000001a218959b30 nmethod 7055 0x000001a20eb93c10 code [0x000001a20eb93da0, 0x000001a20eb93e78]
Event: 15.804 Thread 0x000001a218959b30 7056       1       jdk.internal.loader.URLClassPath$1::hasMoreElements (5 bytes)
Event: 15.804 Thread 0x000001a218959b30 nmethod 7056 0x000001a20eb93910 code [0x000001a20eb93aa0, 0x000001a20eb93b88]
Event: 15.806 Thread 0x000001a218959b30 7057       1       io.jsonwebtoken.io.Base64::ctoi (70 bytes)
Event: 15.806 Thread 0x000001a218959b30 nmethod 7057 0x000001a20eb93190 code [0x000001a20eb933a0, 0x000001a20eb936d8]
Event: 15.808 Thread 0x000001a218959b30 7058       1       java.lang.String::encodeUTF8 (141 bytes)
Event: 15.808 Thread 0x000001a218959b30 nmethod 7058 0x000001a20eb92810 code [0x000001a20eb92a00, 0x000001a20eb92f88]
Event: 15.830 Thread 0x000001a218959b30 7059       1       java.util.concurrent.ConcurrentHashMap::size (31 bytes)
Event: 15.830 Thread 0x000001a218959b30 nmethod 7059 0x000001a20eb92190 code [0x000001a20eb92340, 0x000001a20eb924a8]
Event: 15.843 Thread 0x000001a218959b30 7060       1       com.fasterxml.jackson.databind.introspect.MemberKey::hashCode (14 bytes)
Event: 15.843 Thread 0x000001a218959b30 nmethod 7060 0x000001a20eb91e10 code [0x000001a20eb91fa0, 0x000001a20eb920a8]
Event: 15.843 Thread 0x000001a218959b30 7061       1       com.fasterxml.jackson.databind.AnnotationIntrospector::_findAnnotation (6 bytes)
Event: 15.843 Thread 0x000001a218959b30 nmethod 7061 0x000001a20eb91b10 code [0x000001a20eb91ca0, 0x000001a20eb91d88]
Event: 15.843 Thread 0x000001a218959b30 7062       1       com.fasterxml.jackson.databind.introspect.AnnotatedMember::getAnnotation (18 bytes)
Event: 15.843 Thread 0x000001a218959b30 nmethod 7062 0x000001a20eb91710 code [0x000001a20eb918c0, 0x000001a20eb91a68]
Event: 15.843 Thread 0x000001a218959b30 7063       1       com.fasterxml.jackson.databind.introspect.AnnotationMap::get (21 bytes)
Event: 15.844 Thread 0x000001a218959b30 nmethod 7063 0x000001a20eb91310 code [0x000001a20eb914c0, 0x000001a20eb91648]

GC Heap History (20 events):
Event: 3.778 GC heap after
{Heap after GC invocations=14 (full 0):
 garbage-first heap   total 57344K, used 20103K [0x0000000091a00000, 0x0000000100000000)
  region size 1024K, 2 young (2048K), 2 survivors (2048K)
 Metaspace       used 41539K, committed 41984K, reserved 1089536K
  class space    used 5347K, committed 5568K, reserved 1048576K
}
Event: 4.292 GC heap before
{Heap before GC invocations=14 (full 0):
 garbage-first heap   total 57344K, used 40583K [0x0000000091a00000, 0x0000000100000000)
  region size 1024K, 23 young (23552K), 2 survivors (2048K)
 Metaspace       used 46467K, committed 46912K, reserved 1097728K
  class space    used 6081K, committed 6272K, reserved 1048576K
}
Event: 4.298 GC heap after
{Heap after GC invocations=15 (full 0):
 garbage-first heap   total 57344K, used 21075K [0x0000000091a00000, 0x0000000100000000)
  region size 1024K, 3 young (3072K), 3 survivors (3072K)
 Metaspace       used 46467K, committed 46912K, reserved 1097728K
  class space    used 6081K, committed 6272K, reserved 1048576K
}
Event: 4.778 GC heap before
{Heap before GC invocations=15 (full 0):
 garbage-first heap   total 57344K, used 42579K [0x0000000091a00000, 0x0000000100000000)
  region size 1024K, 24 young (24576K), 3 survivors (3072K)
 Metaspace       used 50185K, committed 50688K, reserved 1097728K
  class space    used 6630K, committed 6848K, reserved 1048576K
}
Event: 4.785 GC heap after
{Heap after GC invocations=16 (full 0):
 garbage-first heap   total 57344K, used 23042K [0x0000000091a00000, 0x0000000100000000)
  region size 1024K, 3 young (3072K), 3 survivors (3072K)
 Metaspace       used 50185K, committed 50688K, reserved 1097728K
  class space    used 6630K, committed 6848K, reserved 1048576K
}
Event: 5.195 GC heap before
{Heap before GC invocations=16 (full 0):
 garbage-first heap   total 57344K, used 42498K [0x0000000091a00000, 0x0000000100000000)
  region size 1024K, 23 young (23552K), 3 survivors (3072K)
 Metaspace       used 55397K, committed 55808K, reserved 1097728K
  class space    used 7438K, committed 7616K, reserved 1048576K
}
Event: 5.202 GC heap after
{Heap after GC invocations=17 (full 0):
 garbage-first heap   total 57344K, used 24081K [0x0000000091a00000, 0x0000000100000000)
  region size 1024K, 2 young (2048K), 2 survivors (2048K)
 Metaspace       used 55397K, committed 55808K, reserved 1097728K
  class space    used 7438K, committed 7616K, reserved 1048576K
}
Event: 5.540 GC heap before
{Heap before GC invocations=17 (full 0):
 garbage-first heap   total 57344K, used 44561K [0x0000000091a00000, 0x0000000100000000)
  region size 1024K, 22 young (22528K), 2 survivors (2048K)
 Metaspace       used 57182K, committed 57664K, reserved 1105920K
  class space    used 7770K, committed 8000K, reserved 1048576K
}
Event: 5.544 GC heap after
{Heap after GC invocations=18 (full 0):
 garbage-first heap   total 69632K, used 24337K [0x0000000091a00000, 0x0000000100000000)
  region size 1024K, 2 young (2048K), 2 survivors (2048K)
 Metaspace       used 57182K, committed 57664K, reserved 1105920K
  class space    used 7770K, committed 8000K, reserved 1048576K
}
Event: 5.899 GC heap before
{Heap before GC invocations=18 (full 0):
 garbage-first heap   total 69632K, used 41745K [0x0000000091a00000, 0x0000000100000000)
  region size 1024K, 20 young (20480K), 2 survivors (2048K)
 Metaspace       used 60080K, committed 60608K, reserved 1105920K
  class space    used 8181K, committed 8448K, reserved 1048576K
}
Event: 5.907 GC heap after
{Heap after GC invocations=19 (full 0):
 garbage-first heap   total 69632K, used 25568K [0x0000000091a00000, 0x0000000100000000)
  region size 1024K, 3 young (3072K), 3 survivors (3072K)
 Metaspace       used 60080K, committed 60608K, reserved 1105920K
  class space    used 8181K, committed 8448K, reserved 1048576K
}
Event: 6.409 GC heap before
{Heap before GC invocations=20 (full 0):
 garbage-first heap   total 69632K, used 55264K [0x0000000091a00000, 0x0000000100000000)
  region size 1024K, 32 young (32768K), 3 survivors (3072K)
 Metaspace       used 63084K, committed 63616K, reserved 1105920K
  class space    used 8657K, committed 8896K, reserved 1048576K
}
Event: 6.416 GC heap after
{Heap after GC invocations=21 (full 0):
 garbage-first heap   total 69632K, used 27643K [0x0000000091a00000, 0x0000000100000000)
  region size 1024K, 4 young (4096K), 4 survivors (4096K)
 Metaspace       used 63084K, committed 63616K, reserved 1105920K
  class space    used 8657K, committed 8896K, reserved 1048576K
}
Event: 6.647 GC heap before
{Heap before GC invocations=22 (full 0):
 garbage-first heap   total 69632K, used 53243K [0x0000000091a00000, 0x0000000100000000)
  region size 1024K, 29 young (29696K), 4 survivors (4096K)
 Metaspace       used 63397K, committed 63936K, reserved 1105920K
  class space    used 8687K, committed 8960K, reserved 1048576K
}
Event: 6.654 GC heap after
{Heap after GC invocations=23 (full 0):
 garbage-first heap   total 69632K, used 29062K [0x0000000091a00000, 0x0000000100000000)
  region size 1024K, 2 young (2048K), 2 survivors (2048K)
 Metaspace       used 63397K, committed 63936K, reserved 1105920K
  class space    used 8687K, committed 8960K, reserved 1048576K
}
Event: 7.027 GC heap before
{Heap before GC invocations=23 (full 0):
 garbage-first heap   total 69632K, used 53638K [0x0000000091a00000, 0x0000000100000000)
  region size 1024K, 27 young (27648K), 2 survivors (2048K)
 Metaspace       used 65395K, committed 65984K, reserved 1105920K
  class space    used 8959K, committed 9216K, reserved 1048576K
}
Event: 7.031 GC heap after
{Heap after GC invocations=24 (full 0):
 garbage-first heap   total 69632K, used 30325K [0x0000000091a00000, 0x0000000100000000)
  region size 1024K, 3 young (3072K), 3 survivors (3072K)
 Metaspace       used 65395K, committed 65984K, reserved 1105920K
  class space    used 8959K, committed 9216K, reserved 1048576K
}
Event: 7.497 GC heap before
{Heap before GC invocations=24 (full 0):
 garbage-first heap   total 69632K, used 54901K [0x0000000091a00000, 0x0000000100000000)
  region size 1024K, 27 young (27648K), 3 survivors (3072K)
 Metaspace       used 67978K, committed 68608K, reserved 1114112K
  class space    used 9344K, committed 9664K, reserved 1048576K
}
Event: 7.505 GC heap after
{Heap after GC invocations=25 (full 0):
 garbage-first heap   total 69632K, used 32582K [0x0000000091a00000, 0x0000000100000000)
  region size 1024K, 4 young (4096K), 4 survivors (4096K)
 Metaspace       used 67978K, committed 68608K, reserved 1114112K
  class space    used 9344K, committed 9664K, reserved 1048576K
}
Event: 15.847 GC heap before
{Heap before GC invocations=25 (full 0):
 garbage-first heap   total 69632K, used 54086K [0x0000000091a00000, 0x0000000100000000)
  region size 1024K, 26 young (26624K), 4 survivors (4096K)
 Metaspace       used 73139K, committed 73728K, reserved 1114112K
  class space    used 10097K, committed 10432K, reserved 1048576K
}

Dll operation events (9 events):
Event: 0.009 Loaded shared library C:\Users\Oscar Carpio\Desktop\sts-4.18.0.RELEASE\plugins\org.eclipse.justj.openjdk.hotspot.jre.full.win32.x86_64_17.0.6.v20230204-1729\jre\bin\java.dll
Event: 0.243 Loaded shared library C:\Users\Oscar Carpio\Desktop\sts-4.18.0.RELEASE\plugins\org.eclipse.justj.openjdk.hotspot.jre.full.win32.x86_64_17.0.6.v20230204-1729\jre\bin\jimage.dll
Event: 0.263 Loaded shared library C:\Users\Oscar Carpio\Desktop\sts-4.18.0.RELEASE\plugins\org.eclipse.justj.openjdk.hotspot.jre.full.win32.x86_64_17.0.6.v20230204-1729\jre\bin\net.dll
Event: 0.265 Loaded shared library C:\Users\Oscar Carpio\Desktop\sts-4.18.0.RELEASE\plugins\org.eclipse.justj.openjdk.hotspot.jre.full.win32.x86_64_17.0.6.v20230204-1729\jre\bin\nio.dll
Event: 0.273 Loaded shared library C:\Users\Oscar Carpio\Desktop\sts-4.18.0.RELEASE\plugins\org.eclipse.justj.openjdk.hotspot.jre.full.win32.x86_64_17.0.6.v20230204-1729\jre\bin\zip.dll
Event: 0.339 Loaded shared library C:\Users\Oscar Carpio\Desktop\sts-4.18.0.RELEASE\plugins\org.eclipse.justj.openjdk.hotspot.jre.full.win32.x86_64_17.0.6.v20230204-1729\jre\bin\management.dll
Event: 0.354 Loaded shared library C:\Users\Oscar Carpio\Desktop\sts-4.18.0.RELEASE\plugins\org.eclipse.justj.openjdk.hotspot.jre.full.win32.x86_64_17.0.6.v20230204-1729\jre\bin\management_ext.dll
Event: 1.390 Loaded shared library C:\Users\Oscar Carpio\Desktop\sts-4.18.0.RELEASE\plugins\org.eclipse.justj.openjdk.hotspot.jre.full.win32.x86_64_17.0.6.v20230204-1729\jre\bin\verify.dll
Event: 3.284 Loaded shared library C:\Users\Oscar Carpio\Desktop\sts-4.18.0.RELEASE\plugins\org.eclipse.justj.openjdk.hotspot.jre.full.win32.x86_64_17.0.6.v20230204-1729\jre\bin\sunmscapi.dll

Deoptimization events (14 events):
Event: 1.468 Thread 0x000001a20b2c1390 DEOPT PACKING pc=0x000001a20ee6c399 sp=0x0000003bd8afd3c0
Event: 1.468 Thread 0x000001a20b2c1390 DEOPT UNPACKING pc=0x000001a20e9c7143 sp=0x0000003bd8afc8a0 mode 3
Event: 1.808 Thread 0x000001a20b2c1390 DEOPT PACKING pc=0x000001a20ef483fd sp=0x0000003bd8afe1a0
Event: 1.809 Thread 0x000001a20b2c1390 DEOPT UNPACKING pc=0x000001a20e9c7143 sp=0x0000003bd8afd708 mode 3
Event: 5.719 Thread 0x000001a20b2c1390 DEOPT PACKING pc=0x000001a20f3fd0b4 sp=0x0000003bd8af9900
Event: 5.719 Thread 0x000001a20b2c1390 DEOPT UNPACKING pc=0x000001a20e9c7143 sp=0x0000003bd8af8e88 mode 0
Event: 6.030 Thread 0x000001a20b2c1390 DEOPT PACKING pc=0x000001a20ee88314 sp=0x0000003bd8afb3f0
Event: 6.030 Thread 0x000001a20b2c1390 DEOPT UNPACKING pc=0x000001a20e9c7143 sp=0x0000003bd8afa948 mode 0
Event: 6.319 Thread 0x000001a20b2c1390 DEOPT PACKING pc=0x000001a20f107519 sp=0x0000003bd8afb970
Event: 6.319 Thread 0x000001a20b2c1390 DEOPT UNPACKING pc=0x000001a20e9c7143 sp=0x0000003bd8afae50 mode 3
Event: 7.136 Thread 0x000001a20b2c1390 DEOPT PACKING pc=0x000001a20eee1dc2 sp=0x0000003bd8af7410
Event: 7.136 Thread 0x000001a20b2c1390 DEOPT UNPACKING pc=0x000001a20e9c7143 sp=0x0000003bd8af6918 mode 3
Event: 7.136 Thread 0x000001a20b2c1390 DEOPT PACKING pc=0x000001a20eea3db5 sp=0x0000003bd8af73d0
Event: 7.136 Thread 0x000001a20b2c1390 DEOPT UNPACKING pc=0x000001a20e9c7143 sp=0x0000003bd8af6918 mode 3

Classes unloaded (0 events):
No events

Classes redefined (0 events):
No events

Internal exceptions (20 events):
Event: 6.496 Thread 0x000001a20b2c1390 Exception <a 'java/lang/reflect/InvocationTargetException'{0x00000000953ba750}> (0x00000000953ba750) 
thrown [s\src\hotspot\share\runtime\reflection.cpp, line 1121]
Event: 6.499 Thread 0x000001a20b2c1390 Exception <a 'java/lang/reflect/InvocationTargetException'{0x00000000953c73c8}> (0x00000000953c73c8) 
thrown [s\src\hotspot\share\runtime\reflection.cpp, line 1121]
Event: 6.534 Thread 0x000001a20b2c1390 Exception <a 'java/lang/reflect/InvocationTargetException'{0x000000009505ab20}> (0x000000009505ab20) 
thrown [s\src\hotspot\share\runtime\reflection.cpp, line 1121]
Event: 6.535 Thread 0x000001a20b2c1390 Exception <a 'java/lang/reflect/InvocationTargetException'{0x0000000095067220}> (0x0000000095067220) 
thrown [s\src\hotspot\share\runtime\reflection.cpp, line 1121]
Event: 6.559 Thread 0x000001a20b2c1390 Exception <a 'java/lang/reflect/InvocationTargetException'{0x0000000094ed36c8}> (0x0000000094ed36c8) 
thrown [s\src\hotspot\share\runtime\reflection.cpp, line 1121]
Event: 6.561 Thread 0x000001a20b2c1390 Exception <a 'java/lang/reflect/InvocationTargetException'{0x0000000094edf188}> (0x0000000094edf188) 
thrown [s\src\hotspot\share\runtime\reflection.cpp, line 1121]
Event: 6.586 Thread 0x000001a20b2c1390 Exception <a 'java/lang/reflect/InvocationTargetException'{0x0000000094b6dcf8}> (0x0000000094b6dcf8) 
thrown [s\src\hotspot\share\runtime\reflection.cpp, line 1121]
Event: 6.785 Thread 0x000001a219452f30 Exception <a 'java/lang/reflect/InvocationTargetException'{0x00000000951001e8}> (0x00000000951001e8) 
thrown [s\src\hotspot\share\runtime\reflection.cpp, line 1121]
Event: 7.148 Thread 0x000001a20b2c1390 Exception <a 'java/lang/IncompatibleClassChangeError'{0x0000000095609a00}: Found class java.lang.Object, but interface was expected> (0x0000000095609a00) 
thrown [s\src\hotspot\share\interpreter\linkResolver.cpp, line 826]
Event: 7.242 Thread 0x000001a20b2c1390 Exception <a 'java/lang/NoSuchMethodError'{0x000000009523a070}: 'java.lang.Object java.lang.invoke.DirectMethodHandle$Holder.invokeInterface(java.lang.Object, java.lang.Object, java.lang.Object, java.lang.Object)'> (0x000000009523a070) 
thrown [s\src\hotspot\share\interpreter\linkResolver.cpp, line 759]
Event: 7.278 Thread 0x000001a20b2c1390 Exception <a 'java/lang/NoSuchMethodError'{0x00000000951b4708}: 'void java.lang.invoke.DirectMethodHandle$Holder.invokeVirtual(java.lang.Object, java.lang.Object, int)'> (0x00000000951b4708) 
thrown [s\src\hotspot\share\interpreter\linkResolver.cpp, line 759]
Event: 7.279 Thread 0x000001a20b2c1390 Exception <a 'java/lang/NoSuchMethodError'{0x00000000951cf2b0}: 'void java.lang.invoke.DirectMethodHandle$Holder.invokeVirtual(java.lang.Object, java.lang.Object, long)'> (0x00000000951cf2b0) 
thrown [s\src\hotspot\share\interpreter\linkResolver.cpp, line 759]
Event: 7.337 Thread 0x000001a219452f30 Exception <a 'java/lang/reflect/InvocationTargetException'{0x0000000094eff890}> (0x0000000094eff890) 
thrown [s\src\hotspot\share\runtime\reflection.cpp, line 1121]
Event: 7.450 Thread 0x000001a20b2c1390 Exception <a 'java/lang/NoSuchMethodError'{0x000000009471cae0}: 'java.lang.Object java.lang.invoke.DirectMethodHandle$Holder.newInvokeSpecial(java.lang.Object, java.lang.Object, int, java.lang.Object, java.lang.Object)'> (0x000000009471cae0) 
thrown [s\src\hotspot\share\interpreter\linkResolver.cpp, line 759]
Event: 7.451 Thread 0x000001a20b2c1390 Exception <a 'java/lang/NoSuchMethodError'{0x0000000094727e70}: 'java.lang.Object java.lang.invoke.DirectMethodHandle$Holder.invokeSpecial(java.lang.Object, java.lang.Object, int, java.lang.Object, int, java.lang.Object)'> (0x0000000094727e70) 
thrown [s\src\hotspot\share\interpreter\linkResolver.cpp, line 759]
Event: 7.452 Thread 0x000001a20b2c1390 Exception <a 'java/lang/NoSuchMethodError'{0x000000009472fbe8}: 'java.lang.Object java.lang.invoke.DirectMethodHandle$Holder.newInvokeSpecial(java.lang.Object, java.lang.Object, int, java.lang.Object, int)'> (0x000000009472fbe8) 
thrown [s\src\hotspot\share\interpreter\linkResolver.cpp, line 759]
Event: 7.452 Thread 0x000001a20b2c1390 Exception <a 'java/lang/NoSuchMethodError'{0x0000000094733ce8}: 'java.lang.Object java.lang.invoke.DirectMethodHandle$Holder.invokeSpecial(java.lang.Object, java.lang.Object, java.lang.Object, int, java.lang.Object, int)'> (0x0000000094733ce8) 
thrown [s\src\hotspot\share\interpreter\linkResolver.cpp, line 759]
Event: 15.364 Thread 0x000001a21afb6f70 Exception <a 'java/lang/NoSuchMethodError'{0x00000000970a9048}: 'java.lang.Object java.lang.invoke.DirectMethodHandle$Holder.invokeSpecial(java.lang.Object, java.lang.Object, java.lang.Object, java.lang.Object, java.lang.Object, long)'> (0x00000000970a9048) 
thrown [s\src\hotspot\share\interpreter\linkResolver.cpp, line 759]
Event: 15.364 Thread 0x000001a21afb6f70 Exception <a 'java/lang/NoSuchMethodError'{0x00000000970aca88}: 'java.lang.Object java.lang.invoke.Invokers$Holder.linkToTargetMethod(java.lang.Object, java.lang.Object, java.lang.Object, long, java.lang.Object)'> (0x00000000970aca88) 
thrown [s\src\hotspot\share\interpreter\linkResolver.cpp, line 759]
Event: 15.654 Thread 0x000001a21afb6f70 Exception <a 'java/lang/IncompatibleClassChangeError'{0x0000000094e25888}: Found class java.lang.Object, but interface was expected> (0x0000000094e25888) 
thrown [s\src\hotspot\share\interpreter\linkResolver.cpp, line 826]

VM Operations (20 events):
Event: 7.297 Executing VM operation: HandshakeAllThreads done
Event: 7.497 Executing VM operation: G1CollectForAllocation
Event: 7.505 Executing VM operation: G1CollectForAllocation done
Event: 9.516 Executing VM operation: Cleanup
Event: 9.517 Executing VM operation: Cleanup done
Event: 15.378 Executing VM operation: HandshakeAllThreads
Event: 15.378 Executing VM operation: HandshakeAllThreads done
Event: 15.378 Executing VM operation: Cleanup
Event: 15.378 Executing VM operation: Cleanup done
Event: 15.457 Executing VM operation: HandshakeAllThreads
Event: 15.457 Executing VM operation: HandshakeAllThreads done
Event: 15.526 Executing VM operation: HandshakeAllThreads
Event: 15.526 Executing VM operation: HandshakeAllThreads done
Event: 15.595 Executing VM operation: HandshakeAllThreads
Event: 15.595 Executing VM operation: HandshakeAllThreads done
Event: 15.607 Executing VM operation: HandshakeAllThreads
Event: 15.608 Executing VM operation: HandshakeAllThreads done
Event: 15.796 Executing VM operation: HandshakeAllThreads
Event: 15.796 Executing VM operation: HandshakeAllThreads done
Event: 15.847 Executing VM operation: G1CollectForAllocation

Events (20 events):
Event: 15.330 loading class sun/nio/ch/SocketChannelImpl$DefaultOptionsHolder
Event: 15.330 loading class sun/nio/ch/SocketChannelImpl$DefaultOptionsHolder done
Event: 15.331 loading class sun/nio/ch/SelectionKeyImpl
Event: 15.331 loading class java/nio/channels/spi/AbstractSelectionKey
Event: 15.331 loading class java/nio/channels/SelectionKey
Event: 15.331 loading class java/nio/channels/SelectionKey done
Event: 15.331 loading class java/nio/channels/spi/AbstractSelectionKey done
Event: 15.331 loading class sun/nio/ch/SelectionKeyImpl done
Event: 15.331 loading class java/lang/invoke/ConstantBootstraps
Event: 15.332 loading class java/lang/invoke/ConstantBootstraps done
Event: 15.480 loading class sun/reflect/annotation/AnnotationInvocationHandler$1
Event: 15.480 loading class sun/reflect/annotation/AnnotationInvocationHandler$1 done
Event: 15.500 loading class sun/reflect/annotation/TypeAnnotation$TypeAnnotationTargetInfo
Event: 15.500 loading class sun/reflect/annotation/TypeAnnotation$TypeAnnotationTargetInfo done
Event: 15.750 loading class java/util/zip/DeflaterOutputStream
Event: 15.750 loading class java/util/zip/DeflaterOutputStream done
Event: 15.751 loading class java/util/zip/GZIPInputStream
Event: 15.751 loading class java/util/zip/GZIPInputStream done
Event: 15.752 loading class java/util/zip/GZIPOutputStream
Event: 15.752 loading class java/util/zip/GZIPOutputStream done


Dynamic libraries:
0x00007ff7eeeb0000 - 0x00007ff7eeebe000 	C:\Users\Oscar Carpio\Desktop\sts-4.18.0.RELEASE\plugins\org.eclipse.justj.openjdk.hotspot.jre.full.win32.x86_64_17.0.6.v20230204-1729\jre\bin\javaw.exe
0x00007ffc91d30000 - 0x00007ffc91f28000 	C:\WINDOWS\SYSTEM32\ntdll.dll
0x00007ffc912a0000 - 0x00007ffc9135f000 	C:\WINDOWS\System32\KERNEL32.DLL
0x00007ffc8f410000 - 0x00007ffc8f706000 	C:\WINDOWS\System32\KERNELBASE.dll
0x00007ffc8f7b0000 - 0x00007ffc8f8b0000 	C:\WINDOWS\System32\ucrtbase.dll
0x00007ffc78030000 - 0x00007ffc78047000 	C:\Users\Oscar Carpio\Desktop\sts-4.18.0.RELEASE\plugins\org.eclipse.justj.openjdk.hotspot.jre.full.win32.x86_64_17.0.6.v20230204-1729\jre\bin\jli.dll
0x00007ffc90fa0000 - 0x00007ffc9113d000 	C:\WINDOWS\System32\USER32.dll
0x00007ffc8f990000 - 0x00007ffc8f9b2000 	C:\WINDOWS\System32\win32u.dll
0x00007ffc90840000 - 0x00007ffc9086c000 	C:\WINDOWS\System32\GDI32.dll
0x00007ffc8fc70000 - 0x00007ffc8fd85000 	C:\WINDOWS\System32\gdi32full.dll
0x00007ffc8f710000 - 0x00007ffc8f7ad000 	C:\WINDOWS\System32\msvcp_win.dll
0x00007ffc86e00000 - 0x00007ffc86e19000 	C:\Users\Oscar Carpio\Desktop\sts-4.18.0.RELEASE\plugins\org.eclipse.justj.openjdk.hotspot.jre.full.win32.x86_64_17.0.6.v20230204-1729\jre\bin\VCRUNTIME140.dll
0x00007ffc7d210000 - 0x00007ffc7d4aa000 	C:\WINDOWS\WinSxS\amd64_microsoft.windows.common-controls_6595b64144ccf1df_6.0.19041.1110_none_60b5254171f9507e\COMCTL32.dll
0x00007ffc90070000 - 0x00007ffc9010e000 	C:\WINDOWS\System32\msvcrt.dll
0x00007ffc91270000 - 0x00007ffc912a0000 	C:\WINDOWS\System32\IMM32.DLL
0x00007ffc8ca10000 - 0x00007ffc8ca1c000 	C:\Users\Oscar Carpio\Desktop\sts-4.18.0.RELEASE\plugins\org.eclipse.justj.openjdk.hotspot.jre.full.win32.x86_64_17.0.6.v20230204-1729\jre\bin\vcruntime140_1.dll
0x00007ffc77930000 - 0x00007ffc779c1000 	C:\Users\Oscar Carpio\Desktop\sts-4.18.0.RELEASE\plugins\org.eclipse.justj.openjdk.hotspot.jre.full.win32.x86_64_17.0.6.v20230204-1729\jre\bin\msvcp140.dll
0x00007ffc2f1c0000 - 0x00007ffc2fe07000 	C:\Users\Oscar Carpio\Desktop\sts-4.18.0.RELEASE\plugins\org.eclipse.justj.openjdk.hotspot.jre.full.win32.x86_64_17.0.6.v20230204-1729\jre\bin\server\jvm.dll
0x00007ffc901e0000 - 0x00007ffc9028f000 	C:\WINDOWS\System32\ADVAPI32.dll
0x00007ffc91500000 - 0x00007ffc9159c000 	C:\WINDOWS\System32\sechost.dll
0x00007ffc90350000 - 0x00007ffc90476000 	C:\WINDOWS\System32\RPCRT4.dll
0x00007ffc7b490000 - 0x00007ffc7b499000 	C:\WINDOWS\SYSTEM32\WSOCK32.dll
0x00007ffc85f70000 - 0x00007ffc85f97000 	C:\WINDOWS\SYSTEM32\WINMM.dll
0x00007ffc90170000 - 0x00007ffc901db000 	C:\WINDOWS\System32\WS2_32.dll
0x00007ffc88300000 - 0x00007ffc8830a000 	C:\WINDOWS\SYSTEM32\VERSION.dll
0x00007ffc8d280000 - 0x00007ffc8d292000 	C:\WINDOWS\SYSTEM32\kernel.appcore.dll
0x00007ffc8ca00000 - 0x00007ffc8ca0a000 	C:\Users\Oscar Carpio\Desktop\sts-4.18.0.RELEASE\plugins\org.eclipse.justj.openjdk.hotspot.jre.full.win32.x86_64_17.0.6.v20230204-1729\jre\bin\jimage.dll
0x00007ffc880c0000 - 0x00007ffc882a4000 	C:\WINDOWS\SYSTEM32\DBGHELP.DLL
0x00007ffc7e330000 - 0x00007ffc7e364000 	C:\WINDOWS\SYSTEM32\dbgcore.DLL
0x00007ffc8f900000 - 0x00007ffc8f982000 	C:\WINDOWS\System32\bcryptPrimitives.dll
0x00007ffc78000000 - 0x00007ffc78025000 	C:\Users\Oscar Carpio\Desktop\sts-4.18.0.RELEASE\plugins\org.eclipse.justj.openjdk.hotspot.jre.full.win32.x86_64_17.0.6.v20230204-1729\jre\bin\java.dll
0x00007ffc76a00000 - 0x00007ffc76a18000 	C:\Users\Oscar Carpio\Desktop\sts-4.18.0.RELEASE\plugins\org.eclipse.justj.openjdk.hotspot.jre.full.win32.x86_64_17.0.6.v20230204-1729\jre\bin\zip.dll
0x00007ffc915a0000 - 0x00007ffc91ce4000 	C:\WINDOWS\System32\SHELL32.dll
0x00007ffc8d480000 - 0x00007ffc8dc13000 	C:\WINDOWS\SYSTEM32\windows.storage.dll
0x00007ffc90480000 - 0x00007ffc907d4000 	C:\WINDOWS\System32\combase.dll
0x00007ffc8ed80000 - 0x00007ffc8edae000 	C:\WINDOWS\SYSTEM32\Wldp.dll
0x00007ffc902a0000 - 0x00007ffc9034d000 	C:\WINDOWS\System32\SHCORE.dll
0x00007ffc90110000 - 0x00007ffc90165000 	C:\WINDOWS\System32\shlwapi.dll
0x00007ffc8f350000 - 0x00007ffc8f36f000 	C:\WINDOWS\SYSTEM32\profapi.dll
0x00007ffc769e0000 - 0x00007ffc769f9000 	C:\Users\Oscar Carpio\Desktop\sts-4.18.0.RELEASE\plugins\org.eclipse.justj.openjdk.hotspot.jre.full.win32.x86_64_17.0.6.v20230204-1729\jre\bin\net.dll
0x00007ffc86ee0000 - 0x00007ffc86fea000 	C:\WINDOWS\SYSTEM32\WINHTTP.dll
0x00007ffc8eae0000 - 0x00007ffc8eb4a000 	C:\WINDOWS\system32\mswsock.dll
0x00007ffc769c0000 - 0x00007ffc769d5000 	C:\Users\Oscar Carpio\Desktop\sts-4.18.0.RELEASE\plugins\org.eclipse.justj.openjdk.hotspot.jre.full.win32.x86_64_17.0.6.v20230204-1729\jre\bin\nio.dll
0x00007ffc79100000 - 0x00007ffc79109000 	C:\Users\Oscar Carpio\Desktop\sts-4.18.0.RELEASE\plugins\org.eclipse.justj.openjdk.hotspot.jre.full.win32.x86_64_17.0.6.v20230204-1729\jre\bin\management.dll
0x00007ffc78e70000 - 0x00007ffc78e7b000 	C:\Users\Oscar Carpio\Desktop\sts-4.18.0.RELEASE\plugins\org.eclipse.justj.openjdk.hotspot.jre.full.win32.x86_64_17.0.6.v20230204-1729\jre\bin\management_ext.dll
0x00007ffc90060000 - 0x00007ffc90068000 	C:\WINDOWS\System32\PSAPI.DLL
0x00007ffc7ac30000 - 0x00007ffc7ac47000 	C:\WINDOWS\system32\napinsp.dll
0x00007ffc7ac10000 - 0x00007ffc7ac2b000 	C:\WINDOWS\system32\pnrpnsp.dll
0x00007ffc7abf0000 - 0x00007ffc7ac05000 	C:\WINDOWS\system32\wshbth.dll
0x00007ffc8ad20000 - 0x00007ffc8ad3d000 	C:\WINDOWS\system32\NLAapi.dll
0x00007ffc8e7a0000 - 0x00007ffc8e7dc000 	C:\WINDOWS\SYSTEM32\IPHLPAPI.DLL
0x00007ffc8e7f0000 - 0x00007ffc8e8ba000 	C:\WINDOWS\SYSTEM32\DNSAPI.dll
0x00007ffc90050000 - 0x00007ffc90058000 	C:\WINDOWS\System32\NSI.dll
0x00007ffc7abd0000 - 0x00007ffc7abe2000 	C:\WINDOWS\System32\winrnr.dll
0x00007ffc85470000 - 0x00007ffc8547a000 	C:\Windows\System32\rasadhlp.dll
0x00007ffc828a0000 - 0x00007ffc82922000 	C:\WINDOWS\System32\fwpuclnt.dll
0x00007ffc8fc40000 - 0x00007ffc8fc67000 	C:\WINDOWS\System32\bcrypt.dll
0x00007ffc8ecd0000 - 0x00007ffc8ece8000 	C:\WINDOWS\SYSTEM32\CRYPTSP.dll
0x00007ffc8e3c0000 - 0x00007ffc8e3f4000 	C:\WINDOWS\system32\rsaenh.dll
0x00007ffc8f2d0000 - 0x00007ffc8f2fe000 	C:\WINDOWS\SYSTEM32\USERENV.dll
0x00007ffc8ecf0000 - 0x00007ffc8ecfc000 	C:\WINDOWS\SYSTEM32\CRYPTBASE.dll
0x00007ffc88310000 - 0x00007ffc88327000 	C:\WINDOWS\SYSTEM32\dhcpcsvc6.DLL
0x00007ffc87fe0000 - 0x00007ffc87ffd000 	C:\WINDOWS\SYSTEM32\dhcpcsvc.DLL
0x00007ffc8ab30000 - 0x00007ffc8ab40000 	C:\Users\Oscar Carpio\Desktop\sts-4.18.0.RELEASE\plugins\org.eclipse.justj.openjdk.hotspot.jre.full.win32.x86_64_17.0.6.v20230204-1729\jre\bin\verify.dll
0x00007ffc8b070000 - 0x00007ffc8b07e000 	C:\Users\Oscar Carpio\Desktop\sts-4.18.0.RELEASE\plugins\org.eclipse.justj.openjdk.hotspot.jre.full.win32.x86_64_17.0.6.v20230204-1729\jre\bin\sunmscapi.dll
0x00007ffc8fae0000 - 0x00007ffc8fc3e000 	C:\WINDOWS\System32\CRYPT32.dll
0x00007ffc8edf0000 - 0x00007ffc8ee18000 	C:\WINDOWS\SYSTEM32\ncrypt.dll
0x00007ffc8edb0000 - 0x00007ffc8edeb000 	C:\WINDOWS\SYSTEM32\NTASN1.dll
0x00007ffc8ca20000 - 0x00007ffc8ca27000 	C:\WINDOWS\system32\wshunix.dll

dbghelp: loaded successfully - version: 4.0.5 - missing functions: none
symbol engine: initialized successfully - sym options: 0x614 - pdb path: .;C:\Users\Oscar Carpio\Desktop\sts-4.18.0.RELEASE\plugins\org.eclipse.justj.openjdk.hotspot.jre.full.win32.x86_64_17.0.6.v20230204-1729\jre\bin;C:\WINDOWS\SYSTEM32;C:\WINDOWS\WinSxS\amd64_microsoft.windows.common-controls_6595b64144ccf1df_6.0.19041.1110_none_60b5254171f9507e;C:\Users\Oscar Carpio\Desktop\sts-4.18.0.RELEASE\plugins\org.eclipse.justj.openjdk.hotspot.jre.full.win32.x86_64_17.0.6.v20230204-1729\jre\bin\server

VM Arguments:
jvm_args: -Dcom.sun.management.jmxremote -Dcom.sun.management.jmxremote.port=64616 -Dcom.sun.management.jmxremote.authenticate=false -Dcom.sun.management.jmxremote.ssl=false -Djava.rmi.server.hostname=localhost -Dspring.jmx.enabled=true -Dmanagement.endpoints.jmx.exposure.include=* -Dspring.application.admin.enabled=true -XX:TieredStopAtLevel=1 -Dspring.boot.project.name=tickchecktingAPI -Dfile.encoding=windows-1252 -XX:+ShowCodeDetailsInExceptionMessages 
java_command: com.ncapas.tickcheckting.TickchecktingApiApplication --spring.output.ansi.enabled=always
java_class_path (initial): C:\Users\Oscar Carpio\Desktop\Proyecto-NCapas\tickchecktingAPI\bin\main;C:\Users\Oscar Carpio\.gradle\caches\modules-2\files-2.1\org.projectlombok\lombok\1.18.26\8f8cf0372abf564913e9796623aac4c8ea44025a\lombok-1.18.26.jar;C:\Users\Oscar Carpio\.gradle\caches\modules-2\files-2.1\org.springframework.boot\spring-boot-starter-data-jpa\3.0.6\d0b6b836a6e3a223a92e6594c2d8c5f0a7cccec\spring-boot-starter-data-jpa-3.0.6.jar;C:\Users\Oscar Carpio\.gradle\caches\modules-2\files-2.1\org.springframework.boot\spring-boot-starter-validation\3.0.6\d5933e79435cd9459be59f297e207caa0deb01f6\spring-boot-starter-validation-3.0.6.jar;C:\Users\Oscar Carpio\.gradle\caches\modules-2\files-2.1\org.springframework.boot\spring-boot-starter-web\3.0.6\7c6597cae584c359d7e4ddea6e006176e0c15936\spring-boot-starter-web-3.0.6.jar;C:\Users\Oscar Carpio\.gradle\caches\modules-2\files-2.1\org.springframework.boot\spring-boot-starter-security\3.0.6\e9f3c6cf299f1dd967f5a7fbca7815183c4ba4b1\spring-boot-starter-security-3.0.6.jar;C:\Users\Oscar Carpio\.gradle\caches\modules-2\files-2.1\io.jsonwebtoken\jjwt-impl\0.11.5\40a599f0e8a8e4e0701596fbb15e67bfda64fdf0\jjwt-impl-0.11.5.jar;C:\Users\Oscar Carpio\.gradle\caches\modules-2\files-2.1\io.jsonwebtoken\jjwt-jackson\0.11.5\3b83a06809e98a69402d7333dcf67df6f6ea4579\jjwt-jackson-0.11.5.jar;C:\Users\Oscar Carpio\.gradle\caches\modules-2\files-2.1\io.jsonwebtoken\jjwt-api\0.11.5\f742940045619d06383e7df37b21ac422b476cf1\jjwt-api-0.11.5.jar;C:\Users\Oscar Carpio\.gradle\caches\modules-2\files-2.1\org.springframework.boot\spring-boot-starter-aop\3.0.6\bb39de062db9b7b7a277e6c026ed5ac45f544fc8\spring-boot-starter-aop-3.0.6.jar;C:\Users\Oscar Carpio\.gradle\caches\modules-2\files-2.1\org.springframework.boot\spring-boot-starter-jdbc\3.0.6\672661f4a90a9479170fba058a88892dac5ba69c\spring-boot-starter-jdbc-3.0.6.jar;C:\Users\Oscar Carpio\.gradle\caches\modules-2\files-2.1\org.hibernate.orm\hibernate-core\6.1.7.Final\343f47b34c96fe9c44bf9b219a7b3c
Launcher Type: SUN_STANDARD

[Global flags]
     intx CICompilerCount                          = 3                                         {product} {ergonomic}
     uint ConcGCThreads                            = 1                                         {product} {ergonomic}
     uint G1ConcRefinementThreads                  = 4                                         {product} {ergonomic}
   size_t G1HeapRegionSize                         = 1048576                                   {product} {ergonomic}
    uintx GCDrainStackTargetSize                   = 64                                        {product} {ergonomic}
   size_t InitialHeapSize                          = 117440512                                 {product} {ergonomic}
     bool ManagementServer                         = true                                      {product} {command line}
   size_t MarkStackSize                            = 4194304                                   {product} {ergonomic}
   size_t MaxHeapSize                              = 1851785216                                {product} {ergonomic}
   size_t MaxNewSize                               = 1110441984                                {product} {ergonomic}
   size_t MinHeapDeltaBytes                        = 1048576                                   {product} {ergonomic}
   size_t MinHeapSize                              = 8388608                                   {product} {ergonomic}
    uintx NonProfiledCodeHeapSize                  = 0                                      {pd product} {ergonomic}
     bool ProfileInterpreter                       = false                                  {pd product} {command line}
    uintx ProfiledCodeHeapSize                     = 0                                      {pd product} {ergonomic}
     bool ShowCodeDetailsInExceptionMessages       = true                                   {manageable} {command line}
   size_t SoftMaxHeapSize                          = 1851785216                             {manageable} {ergonomic}
     intx TieredStopAtLevel                        = 1                                         {product} {command line}
     bool UseCompressedClassPointers               = true                           {product lp64_product} {ergonomic}
     bool UseCompressedOops                        = true                           {product lp64_product} {ergonomic}
     bool UseG1GC                                  = true                                      {product} {ergonomic}
     bool UseLargePagesIndividualAllocation        = false                                  {pd product} {ergonomic}

Logging:
Log output configuration:
 #0: stdout all=warning uptime,level,tags
 #1: stderr all=off uptime,level,tags

Environment Variables:
PATH=C:/Users/Oscar Carpio/Desktop/sts-4.18.0.RELEASE//plugins/org.eclipse.justj.openjdk.hotspot.jre.full.win32.x86_64_17.0.6.v20230204-1729/jre/bin/server;C:/Users/Oscar Carpio/Desktop/sts-4.18.0.RELEASE//plugins/org.eclipse.justj.openjdk.hotspot.jre.full.win32.x86_64_17.0.6.v20230204-1729/jre/bin;C:\Program Files\Common Files\Oracle\Java\javapath;C:\Python310\Scripts\;C:\Python310\;C:\Oracle\WINDOWS.X64_193000_db_home\bin;C:\WINDOWS\system32;C:\WINDOWS;C:\WINDOWS\System32\Wbem;C:\WINDOWS\System32\WindowsPowerShell\v1.0\;C:\WINDOWS\System32\OpenSSH\;C:\Program Files\dotnet\;C:\Program Files\Git\cmd;C:\ProgramData\chocolatey\bin;C:\Program Files\nodejs\;C:\NASM;C:\MinGW\bin;C:\Program Files (x86)\DOSBox-0.74-3;C:\Users\Oscar Carpio\Desktop\vckp\vcpkg;C:\PuTTY\;C:\Gradle\gradle-8.1.1\bin;C:\Program Files\MySQL\MySQL Shell 8.0\bin\;C:\Users\Oscar Carpio\AppData\Local\Microsoft\WindowsApps;C:\Program Files\JetBrains\JetBrains Rider 2021.1.2\bin;;C:\Program Files\Azure Data Studio\bin;C:\Users\Oscar Carpio\AppData\Roaming\npm;C:\Program Files\MongoDB\Server\5.0\bin;C:\Users\Oscar Carpio\.dotnet\tools;C:\Program Files\heroku\bin;C:\MinGW\bin;C:\Microsoft VS Code\bin;C:\Users\Oscar Carpio\Desktop\sts-4.18.0.RELEASE;
USERNAME=Oscar Carpio
OS=Windows_NT
PROCESSOR_IDENTIFIER=AMD64 Family 23 Model 17 Stepping 0, AuthenticAMD
TMP=C:\Users\OSCARC~1\AppData\Local\Temp
TEMP=C:\Users\OSCARC~1\AppData\Local\Temp



---------------  S Y S T E M  ---------------

OS:
 Windows 10 , 64 bit Build 19041 (10.0.19041.3031)
OS uptime: 1 days 19:49 hours
Hyper-V role detected

CPU: total 4 (initial active 4) (4 cores per cpu, 2 threads per core) family 23 model 17 stepping 0 microcode 0x0, cx8, cmov, fxsr, ht, mmx, 3dnowpref, sse, sse2, sse3, ssse3, sse4a, sse4.1, sse4.2, popcnt, lzcnt, tsc, tscinvbit, avx, avx2, aes, clmul, bmi1, bmi2, adx, sha, fma, vzeroupper, clflush, clflushopt, hv

Memory: 4k page, system-wide physical 7061M (1340M free)
TotalPageFile size 8061M (AvailPageFile size 9M)
current process WorkingSet (physical memory assigned to process): 217M, peak: 217M
current process commit charge ("private bytes"): 242M, peak: 256M

vm_info: OpenJDK 64-Bit Server VM (17.0.6+10) for windows-amd64 JRE (17.0.6+10), built on Jan 18 2023 10:08:59 by "temurin" with MS VC++ 16.7 (VS2019)

END.
