#
# There is insufficient memory for the Java Runtime Environment to continue.
# Native memory allocation (mmap) failed to map 46137344 bytes for G1 virtual space
# Possible reasons:
#   The system is out of physical RAM or swap space
#   The process is running with CompressedOops enabled, and the Java Heap may be blocking the growth of the native heap
# Possible solutions:
#   Reduce memory load on the system
#   Increase physical memory or swap space
#   Check if swap backing store is full
#   Decrease Java heap size (-Xmx/-Xms)
#   Decrease number of Java threads
#   Decrease Java thread stack sizes (-Xss)
#   Set larger code cache with -XX:ReservedCodeCacheSize=
#   JVM is running with Unscaled Compressed Oops mode in which the Java heap is
#     placed in the first 4GB address space. The Java Heap base address is the
#     maximum limit for the native heap growth. Please use -XX:HeapBaseMinAddress
#     to set the Java Heap base and to place the Java Heap above 4GB virtual address.
# This output file may be truncated or incomplete.
#
#  Out of Memory Error (os_windows.cpp:3557), pid=8144, tid=2432
#
# JRE version: OpenJDK Runtime Environment Temurin-17.0.6+10 (17.0.6+10) (build 17.0.6+10)
# Java VM: OpenJDK 64-Bit Server VM Temurin-17.0.6+10 (17.0.6+10, mixed mode, emulated-client, tiered, compressed oops, compressed class ptrs, g1 gc, windows-amd64)
# No core dump will be written. Minidumps are not enabled by default on client versions of Windows
#

---------------  S U M M A R Y ------------

Command Line: -Dcom.sun.management.jmxremote -Dcom.sun.management.jmxremote.port=64594 -Dcom.sun.management.jmxremote.authenticate=false -Dcom.sun.management.jmxremote.ssl=false -Djava.rmi.server.hostname=localhost -Dspring.jmx.enabled=true -Dmanagement.endpoints.jmx.exposure.include=* -Dspring.application.admin.enabled=true -XX:TieredStopAtLevel=1 -Dspring.boot.project.name=tickchecktingAPI -Dfile.encoding=windows-1252 -XX:+ShowCodeDetailsInExceptionMessages com.ncapas.tickcheckting.TickchecktingApiApplication --spring.output.ansi.enabled=always

Host: AMD Ryzen 3 2200U with Radeon Vega Mobile Gfx  , 4 cores, 6G,  Windows 10 , 64 bit Build 19041 (10.0.19041.3031)
Time: Fri Jun 30 17:09:17 2023 Hora estándar, América Central elapsed time: 6.226236 seconds (0d 0h 0m 6s)

---------------  T H R E A D  ---------------

Current thread (0x00000210bb989170):  VMThread "VM Thread" [stack: 0x0000005abc500000,0x0000005abc600000] [id=2432]

Stack: [0x0000005abc500000,0x0000005abc600000]
Native frames: (J=compiled Java code, j=interpreted, Vv=VM code, C=native code)
V  [jvm.dll+0x67741a]
V  [jvm.dll+0x834434]
V  [jvm.dll+0x835bde]
V  [jvm.dll+0x836243]
V  [jvm.dll+0x2457b5]
V  [jvm.dll+0x674329]
V  [jvm.dll+0x6689da]
V  [jvm.dll+0x30489b]
V  [jvm.dll+0x30bd96]
V  [jvm.dll+0x35b57e]
V  [jvm.dll+0x35b7af]
V  [jvm.dll+0x2db778]
V  [jvm.dll+0x2d9a2c]
V  [jvm.dll+0x2d8ffc]
V  [jvm.dll+0x31cdcb]
V  [jvm.dll+0x83a6eb]
V  [jvm.dll+0x83b424]
V  [jvm.dll+0x83b93c]
V  [jvm.dll+0x83bd14]
V  [jvm.dll+0x83bde0]
V  [jvm.dll+0x7e483a]
V  [jvm.dll+0x6762c5]
C  [ucrtbase.dll+0x21bb2]
C  [KERNEL32.DLL+0x17614]
C  [ntdll.dll+0x526f1]

VM_Operation (0x0000005abbff7850): G1CollectForAllocation, mode: safepoint, requested by thread 0x00000210aed65aa0


---------------  P R O C E S S  ---------------

Threads class SMR info:
_java_thread_list=0x00000210be9dae10, length=22, elements={
0x00000210aed65aa0, 0x00000210bb98eb90, 0x00000210bb990130, 0x00000210bc44e540,
0x00000210bc44f2c0, 0x00000210bc44fe40, 0x00000210bb9e0e00, 0x00000210bb9e1ad0,
0x00000210bb9e27e0, 0x00000210bc4f99c0, 0x00000210bc4e7680, 0x00000210bc5ddf30,
0x00000210bcb89a00, 0x00000210bcba1420, 0x00000210bcb847b0, 0x00000210bcc5d190,
0x00000210bcc67130, 0x00000210bc70a9d0, 0x00000210bcca2440, 0x00000210bcca2910,
0x00000210be40a560, 0x00000210be40bd70
}

Java Threads: ( => current thread )
  0x00000210aed65aa0 JavaThread "main" [_thread_blocked, id=12808, stack(0x0000005abbf00000,0x0000005abc000000)]
  0x00000210bb98eb90 JavaThread "Reference Handler" daemon [_thread_blocked, id=1668, stack(0x0000005abc600000,0x0000005abc700000)]
  0x00000210bb990130 JavaThread "Finalizer" daemon [_thread_blocked, id=8324, stack(0x0000005abc700000,0x0000005abc800000)]
  0x00000210bc44e540 JavaThread "Signal Dispatcher" daemon [_thread_blocked, id=7324, stack(0x0000005abc800000,0x0000005abc900000)]
  0x00000210bc44f2c0 JavaThread "Attach Listener" daemon [_thread_blocked, id=9476, stack(0x0000005abc900000,0x0000005abca00000)]
  0x00000210bc44fe40 JavaThread "Service Thread" daemon [_thread_blocked, id=2496, stack(0x0000005abca00000,0x0000005abcb00000)]
  0x00000210bb9e0e00 JavaThread "Monitor Deflation Thread" daemon [_thread_blocked, id=12844, stack(0x0000005abcb00000,0x0000005abcc00000)]
  0x00000210bb9e1ad0 JavaThread "C1 CompilerThread0" daemon [_thread_blocked, id=10416, stack(0x0000005abcc00000,0x0000005abcd00000)]
  0x00000210bb9e27e0 JavaThread "Sweeper thread" daemon [_thread_blocked, id=12720, stack(0x0000005abcd00000,0x0000005abce00000)]
  0x00000210bc4f99c0 JavaThread "Common-Cleaner" daemon [_thread_blocked, id=8680, stack(0x0000005abce00000,0x0000005abcf00000)]
  0x00000210bc4e7680 JavaThread "C1 CompilerThread1" daemon [_thread_blocked, id=892, stack(0x0000005abcf00000,0x0000005abd000000)]
  0x00000210bc5ddf30 JavaThread "Notification Thread" daemon [_thread_blocked, id=12600, stack(0x0000005abd000000,0x0000005abd100000)]
  0x00000210bcb89a00 JavaThread "C1 CompilerThread2" daemon [_thread_blocked, id=3096, stack(0x0000005abd100000,0x0000005abd200000)]
  0x00000210bcba1420 JavaThread "RMI TCP Accept-0" daemon [_thread_in_native, id=10016, stack(0x0000005abd200000,0x0000005abd300000)]
  0x00000210bcb847b0 JavaThread "RMI TCP Accept-64594" daemon [_thread_in_native, id=3960, stack(0x0000005abd300000,0x0000005abd400000)]
  0x00000210bcc5d190 JavaThread "RMI TCP Accept-0" daemon [_thread_in_native, id=6236, stack(0x0000005abd400000,0x0000005abd500000)]
  0x00000210bcc67130 JavaThread "RMI TCP Connection(1)-127.0.0.1" daemon [_thread_in_native, id=12312, stack(0x0000005abd600000,0x0000005abd700000)]
  0x00000210bc70a9d0 JavaThread "RMI TCP Connection(2)-127.0.0.1" daemon [_thread_in_native, id=4588, stack(0x0000005abdc00000,0x0000005abdd00000)]
  0x00000210bcca2440 JavaThread "RMI Scheduler(0)" daemon [_thread_blocked, id=13200, stack(0x0000005abdd00000,0x0000005abde00000)]
  0x00000210bcca2910 JavaThread "JMX server connection timeout 21" daemon [_thread_blocked, id=10936, stack(0x0000005abde00000,0x0000005abdf00000)]
  0x00000210be40a560 JavaThread "HikariPool-1 housekeeper" daemon [_thread_blocked, id=7308, stack(0x0000005abe000000,0x0000005abe100000)]
  0x00000210be40bd70 JavaThread "HikariPool-1 connection adder" daemon [_thread_blocked, id=12980, stack(0x0000005abe100000,0x0000005abe200000)]

Other Threads:
=>0x00000210bb989170 VMThread "VM Thread" [stack: 0x0000005abc500000,0x0000005abc600000] [id=2432]
  0x00000210aed66a30 WatcherThread [stack: 0x0000005abd500000,0x0000005abd600000] [id=6800]
  0x00000210aedb8870 GCTaskThread "GC Thread#0" [stack: 0x0000005abc000000,0x0000005abc100000] [id=10600]
  0x00000210bcc813f0 GCTaskThread "GC Thread#1" [stack: 0x0000005abd700000,0x0000005abd800000] [id=6896]
  0x00000210bcc846d0 GCTaskThread "GC Thread#2" [stack: 0x0000005abd800000,0x0000005abd900000] [id=5940]
  0x00000210bccc50c0 GCTaskThread "GC Thread#3" [stack: 0x0000005abd900000,0x0000005abda00000] [id=11768]
  0x00000210aedc7b20 ConcurrentGCThread "G1 Main Marker" [stack: 0x0000005abc100000,0x0000005abc200000] [id=6556]
  0x00000210aedc9450 ConcurrentGCThread "G1 Conc#0" [stack: 0x0000005abc200000,0x0000005abc300000] [id=1516]
  0x00000210aee1e3e0 ConcurrentGCThread "G1 Refine#0" [stack: 0x0000005abc300000,0x0000005abc400000] [id=12524]
  0x00000210bcc83bc0 ConcurrentGCThread "G1 Refine#1" [stack: 0x0000005abda00000,0x0000005abdb00000] [id=5336]
  0x00000210bcc83ea0 ConcurrentGCThread "G1 Refine#2" [stack: 0x0000005abdb00000,0x0000005abdc00000] [id=11372]
  0x00000210bb8020a0 ConcurrentGCThread "G1 Service" [stack: 0x0000005abc400000,0x0000005abc500000] [id=13184]

Threads with active compile tasks:

VM state: at safepoint (normal execution)

VM Mutex/Monitor currently owned by a thread:  ([mutex/lock_event])
[0x00000210aed4e2c0] Threads_lock - owner thread: 0x00000210bb989170
[0x00000210aed4e230] Heap_lock - owner thread: 0x00000210aed65aa0

Heap address: 0x0000000091a00000, size: 1766 MB, Compressed Oops mode: 32-bit

CDS archive(s) not mapped
Compressed class space mapped at: 0x0000000100000000-0x0000000140000000, reserved size: 1073741824
Narrow klass base: 0x0000000000000000, Narrow klass shift: 3, Narrow klass range: 0x140000000

GC Precious Log:
 CPUs: 4 total, 4 available
 Memory: 7061M
 Large Page Support: Disabled
 NUMA Support: Disabled
 Compressed Oops: Enabled (32-bit)
 Heap Region Size: 1M
 Heap Min Capacity: 8M
 Heap Initial Capacity: 112M
 Heap Max Capacity: 1766M
 Pre-touch: Disabled
 Parallel Workers: 4
 Concurrent Workers: 1
 Concurrent Refinement Workers: 4
 Periodic GC: Disabled

Heap:
 garbage-first heap   total 68608K, used 24514K [0x0000000091a00000, 0x0000000100000000)
  region size 1024K, 3 young (3072K), 3 survivors (3072K)
 Metaspace       used 57933K, committed 58368K, reserved 1105920K
  class space    used 7877K, committed 8064K, reserved 1048576K

Heap Regions: E=young(eden), S=young(survivor), O=old, HS=humongous(starts), HC=humongous(continues), CS=collection set, F=free, OA=open archive, CA=closed archive, TAMS=top-at-mark-start (previous, next)
|   0|0x0000000091a00000, 0x0000000091b00000, 0x0000000091b00000|100%|HS|  |TAMS 0x0000000091b00000, 0x0000000091a00000| Complete 
|   1|0x0000000091b00000, 0x0000000091c00000, 0x0000000091c00000|100%| O|  |TAMS 0x0000000091c00000, 0x0000000091b00000| Untracked 
|   2|0x0000000091c00000, 0x0000000091d00000, 0x0000000091d00000|100%| O|  |TAMS 0x0000000091d00000, 0x0000000091c00000| Untracked 
|   3|0x0000000091d00000, 0x0000000091e00000, 0x0000000091e00000|100%| O|  |TAMS 0x0000000091e00000, 0x0000000091d00000| Untracked 
|   4|0x0000000091e00000, 0x0000000091f00000, 0x0000000091f00000|100%| O|  |TAMS 0x0000000091f00000, 0x0000000091e00000| Untracked 
|   5|0x0000000091f00000, 0x0000000092000000, 0x0000000092000000|100%| O|  |TAMS 0x0000000092000000, 0x0000000091f00000| Untracked 
|   6|0x0000000092000000, 0x0000000092100000, 0x0000000092100000|100%| O|  |TAMS 0x00000000920aea00, 0x0000000092000000| Untracked 
|   7|0x0000000092100000, 0x0000000092200000, 0x0000000092200000|100%| O|  |TAMS 0x0000000092200000, 0x0000000092100000| Untracked 
|   8|0x0000000092200000, 0x0000000092300000, 0x0000000092300000|100%| O|  |TAMS 0x0000000092300000, 0x0000000092200000| Untracked 
|   9|0x0000000092300000, 0x0000000092400000, 0x0000000092400000|100%| O|  |TAMS 0x0000000092400000, 0x0000000092300000| Untracked 
|  10|0x0000000092400000, 0x0000000092500000, 0x0000000092500000|100%| O|  |TAMS 0x0000000092500000, 0x0000000092400000| Untracked 
|  11|0x0000000092500000, 0x0000000092600000, 0x0000000092600000|100%| O|  |TAMS 0x0000000092500000, 0x0000000092500000| Untracked 
|  12|0x0000000092600000, 0x0000000092700000, 0x0000000092700000|100%| O|  |TAMS 0x0000000092600000, 0x0000000092600000| Untracked 
|  13|0x0000000092700000, 0x0000000092800000, 0x0000000092800000|100%| O|  |TAMS 0x0000000092700000, 0x0000000092700000| Untracked 
|  14|0x0000000092800000, 0x0000000092900000, 0x0000000092900000|100%| O|  |TAMS 0x0000000092800000, 0x0000000092800000| Untracked 
|  15|0x0000000092900000, 0x0000000092a00000, 0x0000000092a00000|100%| O|  |TAMS 0x0000000092a00000, 0x0000000092900000| Untracked 
|  16|0x0000000092a00000, 0x0000000092b00000, 0x0000000092b00000|100%| O|  |TAMS 0x0000000092a00000, 0x0000000092a00000| Untracked 
|  17|0x0000000092b00000, 0x0000000092c00000, 0x0000000092c00000|100%| O|  |TAMS 0x0000000092b00000, 0x0000000092b00000| Untracked 
|  18|0x0000000092c00000, 0x0000000092d00000, 0x0000000092d00000|100%| O|  |TAMS 0x0000000092c00000, 0x0000000092c00000| Untracked 
|  19|0x0000000092d00000, 0x0000000092e00000, 0x0000000092e00000|100%| O|  |TAMS 0x0000000092d00000, 0x0000000092d00000| Untracked 
|  20|0x0000000092e00000, 0x0000000092f00000, 0x0000000092f00000|100%| O|  |TAMS 0x0000000092e00000, 0x0000000092e00000| Untracked 
|  21|0x0000000092f00000, 0x0000000092f0ac00, 0x0000000093000000|  4%| O|  |TAMS 0x0000000092f00000, 0x0000000092f00000| Untracked 
|  22|0x0000000093000000, 0x0000000093000000, 0x0000000093100000|  0%| F|  |TAMS 0x0000000093000000, 0x0000000093000000| Untracked 
|  23|0x0000000093100000, 0x0000000093100000, 0x0000000093200000|  0%| F|  |TAMS 0x0000000093100000, 0x0000000093100000| Untracked 
|  24|0x0000000093200000, 0x0000000093200000, 0x0000000093300000|  0%| F|  |TAMS 0x0000000093200000, 0x0000000093200000| Untracked 
|  25|0x0000000093300000, 0x0000000093300000, 0x0000000093400000|  0%| F|  |TAMS 0x0000000093300000, 0x0000000093300000| Untracked 
|  26|0x0000000093400000, 0x0000000093400000, 0x0000000093500000|  0%| F|  |TAMS 0x0000000093400000, 0x0000000093400000| Untracked 
|  27|0x0000000093500000, 0x0000000093500000, 0x0000000093600000|  0%| F|  |TAMS 0x0000000093500000, 0x0000000093500000| Untracked 
|  28|0x0000000093600000, 0x0000000093600000, 0x0000000093700000|  0%| F|  |TAMS 0x0000000093600000, 0x0000000093600000| Untracked 
|  29|0x0000000093700000, 0x0000000093700000, 0x0000000093800000|  0%| F|  |TAMS 0x0000000093700000, 0x0000000093700000| Untracked 
|  30|0x0000000093800000, 0x0000000093800000, 0x0000000093900000|  0%| F|  |TAMS 0x0000000093800000, 0x0000000093800000| Untracked 
|  31|0x0000000093900000, 0x0000000093900000, 0x0000000093a00000|  0%| F|  |TAMS 0x0000000093900000, 0x0000000093900000| Untracked 
|  32|0x0000000093a00000, 0x0000000093a00000, 0x0000000093b00000|  0%| F|  |TAMS 0x0000000093a00000, 0x0000000093a00000| Untracked 
|  33|0x0000000093b00000, 0x0000000093b00000, 0x0000000093c00000|  0%| F|  |TAMS 0x0000000093b00000, 0x0000000093b00000| Untracked 
|  34|0x0000000093c00000, 0x0000000093c00000, 0x0000000093d00000|  0%| F|  |TAMS 0x0000000093c00000, 0x0000000093c00000| Untracked 
|  35|0x0000000093d00000, 0x0000000093de5c68, 0x0000000093e00000| 89%| S|CS|TAMS 0x0000000093d00000, 0x0000000093d00000| Complete 
|  36|0x0000000093e00000, 0x0000000093f00000, 0x0000000093f00000|100%| S|CS|TAMS 0x0000000093e00000, 0x0000000093e00000| Complete 
|  37|0x0000000093f00000, 0x0000000094000000, 0x0000000094000000|100%| S|CS|TAMS 0x0000000093f00000, 0x0000000093f00000| Complete 
|  38|0x0000000094000000, 0x0000000094000000, 0x0000000094100000|  0%| F|  |TAMS 0x0000000094000000, 0x0000000094000000| Untracked 
|  39|0x0000000094100000, 0x0000000094100000, 0x0000000094200000|  0%| F|  |TAMS 0x0000000094100000, 0x0000000094100000| Untracked 
|  40|0x0000000094200000, 0x0000000094200000, 0x0000000094300000|  0%| F|  |TAMS 0x0000000094200000, 0x0000000094200000| Untracked 
|  41|0x0000000094300000, 0x0000000094300000, 0x0000000094400000|  0%| F|  |TAMS 0x0000000094300000, 0x0000000094300000| Untracked 
|  42|0x0000000094400000, 0x0000000094400000, 0x0000000094500000|  0%| F|  |TAMS 0x0000000094400000, 0x0000000094400000| Untracked 
|  43|0x0000000094500000, 0x0000000094500000, 0x0000000094600000|  0%| F|  |TAMS 0x0000000094500000, 0x0000000094500000| Untracked 
|  44|0x0000000094600000, 0x0000000094600000, 0x0000000094700000|  0%| F|  |TAMS 0x0000000094600000, 0x0000000094600000| Untracked 
|  45|0x0000000094700000, 0x0000000094700000, 0x0000000094800000|  0%| F|  |TAMS 0x0000000094700000, 0x0000000094700000| Untracked 
|  46|0x0000000094800000, 0x0000000094800000, 0x0000000094900000|  0%| F|  |TAMS 0x0000000094800000, 0x0000000094800000| Untracked 
|  47|0x0000000094900000, 0x0000000094900000, 0x0000000094a00000|  0%| F|  |TAMS 0x0000000094900000, 0x0000000094900000| Untracked 
|  48|0x0000000094a00000, 0x0000000094a00000, 0x0000000094b00000|  0%| F|  |TAMS 0x0000000094a00000, 0x0000000094a00000| Untracked 
|  49|0x0000000094b00000, 0x0000000094b00000, 0x0000000094c00000|  0%| F|  |TAMS 0x0000000094b00000, 0x0000000094b00000| Untracked 
|  50|0x0000000094c00000, 0x0000000094c00000, 0x0000000094d00000|  0%| F|  |TAMS 0x0000000094c00000, 0x0000000094c00000| Untracked 
|  51|0x0000000094d00000, 0x0000000094d00000, 0x0000000094e00000|  0%| F|  |TAMS 0x0000000094d00000, 0x0000000094d00000| Untracked 
|  52|0x0000000094e00000, 0x0000000094e00000, 0x0000000094f00000|  0%| F|  |TAMS 0x0000000094e00000, 0x0000000094e00000| Untracked 
|  53|0x0000000094f00000, 0x0000000094f00000, 0x0000000095000000|  0%| F|  |TAMS 0x0000000094f00000, 0x0000000094f00000| Untracked 
|  54|0x0000000095000000, 0x0000000095000000, 0x0000000095100000|  0%| F|  |TAMS 0x0000000095000000, 0x0000000095000000| Untracked 
|  55|0x0000000095100000, 0x0000000095100000, 0x0000000095200000|  0%| F|  |TAMS 0x0000000095100000, 0x0000000095100000| Untracked 
|  56|0x0000000095200000, 0x0000000095200000, 0x0000000095300000|  0%| F|  |TAMS 0x0000000095200000, 0x0000000095200000| Untracked 
|  57|0x0000000095300000, 0x0000000095300000, 0x0000000095400000|  0%| F|  |TAMS 0x0000000095300000, 0x0000000095300000| Untracked 
|  58|0x0000000095400000, 0x0000000095400000, 0x0000000095500000|  0%| F|  |TAMS 0x0000000095400000, 0x0000000095400000| Untracked 
|  59|0x0000000095500000, 0x0000000095500000, 0x0000000095600000|  0%| F|  |TAMS 0x0000000095500000, 0x0000000095500000| Untracked 
|  60|0x0000000095600000, 0x0000000095600000, 0x0000000095700000|  0%| F|  |TAMS 0x0000000095600000, 0x0000000095600000| Untracked 
|  61|0x0000000095700000, 0x0000000095700000, 0x0000000095800000|  0%| F|  |TAMS 0x0000000095700000, 0x0000000095700000| Untracked 
|  62|0x0000000095800000, 0x0000000095800000, 0x0000000095900000|  0%| F|  |TAMS 0x0000000095800000, 0x0000000095800000| Untracked 
|  63|0x0000000095900000, 0x0000000095900000, 0x0000000095a00000|  0%| F|  |TAMS 0x0000000095900000, 0x0000000095900000| Untracked 
|  64|0x0000000095a00000, 0x0000000095a00000, 0x0000000095b00000|  0%| F|  |TAMS 0x0000000095a00000, 0x0000000095a00000| Untracked 
| 109|0x0000000098700000, 0x0000000098700000, 0x0000000098800000|  0%| F|  |TAMS 0x0000000098700000, 0x0000000098700000| Untracked 
| 111|0x0000000098900000, 0x0000000098900000, 0x0000000098a00000|  0%| F|  |TAMS 0x0000000098900000, 0x0000000098900000| Untracked 

Card table byte_map: [0x00000210b5790000,0x00000210b5b10000] _byte_map_base: 0x00000210b5303000

Marking Bits (Prev, Next): (CMBitMap*) 0x00000210aedb8d90, (CMBitMap*) 0x00000210aedb8dd0
 Prev Bits: [0x00000210b5e90000, 0x00000210b7a28000)
 Next Bits: [0x00000210b7a30000, 0x00000210b95c8000)

Polling page: 0x00000210acb80000

Metaspace:

Usage:
  Non-class:     48.88 MB used.
      Class:      7.69 MB used.
       Both:     56.58 MB used.

Virtual space:
  Non-class space:       56.00 MB reserved,      49.12 MB ( 88%) committed,  7 nodes.
      Class space:        1.00 GB reserved,       7.88 MB ( <1%) committed,  1 nodes.
             Both:        1.05 GB reserved,      57.00 MB (  5%) committed. 

Chunk freelists:
   Non-Class:  2.45 MB
       Class:  144.00 KB
        Both:  2.59 MB

MaxMetaspaceSize: unlimited
CompressedClassSpaceSize: 1.00 GB
Initial GC threshold: 21.00 MB
Current GC threshold: 59.06 MB
CDS: off
MetaspaceReclaimPolicy: balanced
 - commit_granule_bytes: 65536.
 - commit_granule_words: 8192.
 - virtual_space_node_default_size: 1048576.
 - enlarge_chunks_in_place: 1.
 - new_chunks_are_fully_committed: 0.
 - uncommit_free_chunks: 1.
 - use_allocation_guard: 0.
 - handle_deallocations: 1.


Internal statistics:

num_allocs_failed_limit: 6.
num_arena_births: 672.
num_arena_deaths: 0.
num_vsnodes_births: 8.
num_vsnodes_deaths: 0.
num_space_committed: 912.
num_space_uncommitted: 0.
num_chunks_returned_to_freelist: 6.
num_chunks_taken_from_freelist: 2457.
num_chunk_merges: 3.
num_chunk_splits: 1747.
num_chunks_enlarged: 1319.
num_purges: 0.
num_inconsistent_stats: 0.

CodeCache: size=49152Kb used=10641Kb max_used=10641Kb free=38511Kb
 bounds [0x00000210b2410000, 0x00000210b2e80000, 0x00000210b5410000]
 total_blobs=6128 nmethods=5517 adapters=536
 compilation: enabled
              stopped_count=0, restarted_count=0
 full_count=0

Compilation events (20 events):
Event: 6.200 Thread 0x00000210bcb89a00 nmethod 5508 0x00000210b2e71110 code [0x00000210b2e712a0, 0x00000210b2e71378]
Event: 6.201 Thread 0x00000210bb9e1ad0 nmethod 5507 0x00000210b2e71410 code [0x00000210b2e71620, 0x00000210b2e719f8]
Event: 6.201 Thread 0x00000210bb9e1ad0 5509       1       org.hibernate.mapping.Property::isNaturalIdentifier (5 bytes)
Event: 6.201 Thread 0x00000210bb9e1ad0 nmethod 5509 0x00000210b2e71e10 code [0x00000210b2e71fa0, 0x00000210b2e72078]
Event: 6.201 Thread 0x00000210bc4e7680 5510       1       org.hibernate.metamodel.model.domain.internal.MappingMetamodelImpl::getTypeConfiguration (5 bytes)
Event: 6.201 Thread 0x00000210bc4e7680 nmethod 5510 0x00000210b2e72110 code [0x00000210b2e722a0, 0x00000210b2e72378]
Event: 6.201 Thread 0x00000210bcb89a00 5511       1       org.hibernate.persister.entity.AbstractEntityPersister::getRepresentationStrategy (5 bytes)
Event: 6.201 Thread 0x00000210bcb89a00 nmethod 5511 0x00000210b2e72410 code [0x00000210b2e725a0, 0x00000210b2e72678]
Event: 6.201 Thread 0x00000210bc4e7680 5512       1       org.hibernate.internal.util.collections.JoinedIterator::hasNext (14 bytes)
Event: 6.202 Thread 0x00000210bc4e7680 nmethod 5512 0x00000210b2e72710 code [0x00000210b2e728c0, 0x00000210b2e729d8]
Event: 6.202 Thread 0x00000210bcb89a00 5513       1       org.hibernate.type.EntityType::isEntityType (2 bytes)
Event: 6.202 Thread 0x00000210bcb89a00 nmethod 5513 0x00000210b2e72a90 code [0x00000210b2e72c20, 0x00000210b2e72cf8]
Event: 6.202 Thread 0x00000210bcb89a00 5514       1       org.hibernate.mapping.PersistentClass::getIdentifierMapper (5 bytes)
Event: 6.202 Thread 0x00000210bcb89a00 nmethod 5514 0x00000210b2e72d90 code [0x00000210b2e72f20, 0x00000210b2e72ff8]
Event: 6.208 Thread 0x00000210bc4e7680 5515       1       org.hibernate.boot.model.relational.QualifiedNameParser$NameParts::getCatalogName (5 bytes)
Event: 6.208 Thread 0x00000210bb9e1ad0 5516       1       org.hibernate.boot.model.relational.QualifiedNameParser$NameParts::getSchemaName (5 bytes)
Event: 6.208 Thread 0x00000210bb9e1ad0 nmethod 5516 0x00000210b2e73690 code [0x00000210b2e73820, 0x00000210b2e738f8]
Event: 6.208 Thread 0x00000210bc4e7680 nmethod 5515 0x00000210b2e73990 code [0x00000210b2e73b20, 0x00000210b2e73bf8]
Event: 6.208 Thread 0x00000210bcb89a00 5517       1       java.util.ArrayList::fastRemove (44 bytes)
Event: 6.208 Thread 0x00000210bcb89a00 nmethod 5517 0x00000210b2e73c90 code [0x00000210b2e73e40, 0x00000210b2e74048]

GC Heap History (20 events):
Event: 2.152 GC heap after
{Heap after GC invocations=6 (full 0):
 garbage-first heap   total 37888K, used 10571K [0x0000000091a00000, 0x0000000100000000)
  region size 1024K, 4 young (4096K), 4 survivors (4096K)
 Metaspace       used 25061K, committed 25344K, reserved 1073152K
  class space    used 3078K, committed 3200K, reserved 1048576K
}
Event: 2.168 GC heap before
{Heap before GC invocations=6 (full 0):
 garbage-first heap   total 37888K, used 11595K [0x0000000091a00000, 0x0000000100000000)
  region size 1024K, 5 young (5120K), 4 survivors (4096K)
 Metaspace       used 25238K, committed 25472K, reserved 1073152K
  class space    used 3094K, committed 3200K, reserved 1048576K
}
Event: 2.174 GC heap after
{Heap after GC invocations=7 (full 0):
 garbage-first heap   total 37888K, used 10870K [0x0000000091a00000, 0x0000000100000000)
  region size 1024K, 1 young (1024K), 1 survivors (1024K)
 Metaspace       used 25238K, committed 25472K, reserved 1073152K
  class space    used 3094K, committed 3200K, reserved 1048576K
}
Event: 2.382 GC heap before
{Heap before GC invocations=7 (full 0):
 garbage-first heap   total 37888K, used 23158K [0x0000000091a00000, 0x0000000100000000)
  region size 1024K, 14 young (14336K), 1 survivors (1024K)
 Metaspace       used 27581K, committed 27904K, reserved 1081344K
  class space    used 3348K, committed 3520K, reserved 1048576K
}
Event: 2.384 GC heap after
{Heap after GC invocations=8 (full 0):
 garbage-first heap   total 37888K, used 11989K [0x0000000091a00000, 0x0000000100000000)
  region size 1024K, 2 young (2048K), 2 survivors (2048K)
 Metaspace       used 27581K, committed 27904K, reserved 1081344K
  class space    used 3348K, committed 3520K, reserved 1048576K
}
Event: 2.574 GC heap before
{Heap before GC invocations=8 (full 0):
 garbage-first heap   total 37888K, used 24277K [0x0000000091a00000, 0x0000000100000000)
  region size 1024K, 15 young (15360K), 2 survivors (2048K)
 Metaspace       used 29690K, committed 30016K, reserved 1081344K
  class space    used 3663K, committed 3840K, reserved 1048576K
}
Event: 2.578 GC heap after
{Heap after GC invocations=9 (full 0):
 garbage-first heap   total 72704K, used 13078K [0x0000000091a00000, 0x0000000100000000)
  region size 1024K, 2 young (2048K), 2 survivors (2048K)
 Metaspace       used 29690K, committed 30016K, reserved 1081344K
  class space    used 3663K, committed 3840K, reserved 1048576K
}
Event: 3.378 GC heap before
{Heap before GC invocations=9 (full 0):
 garbage-first heap   total 72704K, used 53014K [0x0000000091a00000, 0x0000000100000000)
  region size 1024K, 41 young (41984K), 2 survivors (2048K)
 Metaspace       used 34053K, committed 34432K, reserved 1081344K
  class space    used 4323K, committed 4480K, reserved 1048576K
}
Event: 3.386 GC heap after
{Heap after GC invocations=10 (full 0):
 garbage-first heap   total 72704K, used 15767K [0x0000000091a00000, 0x0000000100000000)
  region size 1024K, 4 young (4096K), 4 survivors (4096K)
 Metaspace       used 34053K, committed 34432K, reserved 1081344K
  class space    used 4323K, committed 4480K, reserved 1048576K
}
Event: 3.582 GC heap before
{Heap before GC invocations=10 (full 0):
 garbage-first heap   total 72704K, used 24983K [0x0000000091a00000, 0x0000000100000000)
  region size 1024K, 14 young (14336K), 4 survivors (4096K)
 Metaspace       used 35695K, committed 36096K, reserved 1081344K
  class space    used 4574K, committed 4800K, reserved 1048576K
}
Event: 3.592 GC heap after
{Heap after GC invocations=11 (full 0):
 garbage-first heap   total 72704K, used 16882K [0x0000000091a00000, 0x0000000100000000)
  region size 1024K, 2 young (2048K), 2 survivors (2048K)
 Metaspace       used 35695K, committed 36096K, reserved 1081344K
  class space    used 4574K, committed 4800K, reserved 1048576K
}
Event: 4.332 GC heap before
{Heap before GC invocations=12 (full 0):
 garbage-first heap   total 68608K, used 51698K [0x0000000091a00000, 0x0000000100000000)
  region size 1024K, 36 young (36864K), 2 survivors (2048K)
 Metaspace       used 41517K, committed 41984K, reserved 1089536K
  class space    used 5351K, committed 5568K, reserved 1048576K
}
Event: 4.343 GC heap after
{Heap after GC invocations=13 (full 0):
 garbage-first heap   total 68608K, used 20142K [0x0000000091a00000, 0x0000000100000000)
  region size 1024K, 5 young (5120K), 5 survivors (5120K)
 Metaspace       used 41517K, committed 41984K, reserved 1089536K
  class space    used 5351K, committed 5568K, reserved 1048576K
}
Event: 4.364 GC heap before
{Heap before GC invocations=13 (full 0):
 garbage-first heap   total 68608K, used 20142K [0x0000000091a00000, 0x0000000100000000)
  region size 1024K, 6 young (6144K), 5 survivors (5120K)
 Metaspace       used 41799K, committed 42240K, reserved 1089536K
  class space    used 5373K, committed 5568K, reserved 1048576K
}
Event: 4.373 GC heap after
{Heap after GC invocations=14 (full 0):
 garbage-first heap   total 68608K, used 20532K [0x0000000091a00000, 0x0000000100000000)
  region size 1024K, 1 young (1024K), 1 survivors (1024K)
 Metaspace       used 41799K, committed 42240K, reserved 1089536K
  class space    used 5373K, committed 5568K, reserved 1048576K
}
Event: 5.116 GC heap before
{Heap before GC invocations=14 (full 0):
 garbage-first heap   total 68608K, used 50228K [0x0000000091a00000, 0x0000000100000000)
  region size 1024K, 30 young (30720K), 1 survivors (1024K)
 Metaspace       used 48411K, committed 48896K, reserved 1097728K
  class space    used 6373K, committed 6592K, reserved 1048576K
}
Event: 5.122 GC heap after
{Heap after GC invocations=15 (full 0):
 garbage-first heap   total 68608K, used 21648K [0x0000000091a00000, 0x0000000100000000)
  region size 1024K, 2 young (2048K), 2 survivors (2048K)
 Metaspace       used 48411K, committed 48896K, reserved 1097728K
  class space    used 6373K, committed 6592K, reserved 1048576K
}
Event: 5.722 GC heap before
{Heap before GC invocations=15 (full 0):
 garbage-first heap   total 68608K, used 52368K [0x0000000091a00000, 0x0000000100000000)
  region size 1024K, 32 young (32768K), 2 survivors (2048K)
 Metaspace       used 54923K, committed 55424K, reserved 1097728K
  class space    used 7329K, committed 7552K, reserved 1048576K
}
Event: 5.729 GC heap after
{Heap after GC invocations=16 (full 0):
 garbage-first heap   total 68608K, used 23466K [0x0000000091a00000, 0x0000000100000000)
  region size 1024K, 4 young (4096K), 4 survivors (4096K)
 Metaspace       used 54923K, committed 55424K, reserved 1097728K
  class space    used 7329K, committed 7552K, reserved 1048576K
}
Event: 6.217 GC heap before
{Heap before GC invocations=16 (full 0):
 garbage-first heap   total 68608K, used 53162K [0x0000000091a00000, 0x0000000100000000)
  region size 1024K, 33 young (33792K), 4 survivors (4096K)
 Metaspace       used 57933K, committed 58368K, reserved 1105920K
  class space    used 7877K, committed 8064K, reserved 1048576K
}

Dll operation events (9 events):
Event: 0.009 Loaded shared library C:\Users\Oscar Carpio\Desktop\sts-4.18.0.RELEASE\plugins\org.eclipse.justj.openjdk.hotspot.jre.full.win32.x86_64_17.0.6.v20230204-1729\jre\bin\java.dll
Event: 0.205 Loaded shared library C:\Users\Oscar Carpio\Desktop\sts-4.18.0.RELEASE\plugins\org.eclipse.justj.openjdk.hotspot.jre.full.win32.x86_64_17.0.6.v20230204-1729\jre\bin\jimage.dll
Event: 0.222 Loaded shared library C:\Users\Oscar Carpio\Desktop\sts-4.18.0.RELEASE\plugins\org.eclipse.justj.openjdk.hotspot.jre.full.win32.x86_64_17.0.6.v20230204-1729\jre\bin\net.dll
Event: 0.224 Loaded shared library C:\Users\Oscar Carpio\Desktop\sts-4.18.0.RELEASE\plugins\org.eclipse.justj.openjdk.hotspot.jre.full.win32.x86_64_17.0.6.v20230204-1729\jre\bin\nio.dll
Event: 0.231 Loaded shared library C:\Users\Oscar Carpio\Desktop\sts-4.18.0.RELEASE\plugins\org.eclipse.justj.openjdk.hotspot.jre.full.win32.x86_64_17.0.6.v20230204-1729\jre\bin\zip.dll
Event: 0.304 Loaded shared library C:\Users\Oscar Carpio\Desktop\sts-4.18.0.RELEASE\plugins\org.eclipse.justj.openjdk.hotspot.jre.full.win32.x86_64_17.0.6.v20230204-1729\jre\bin\management.dll
Event: 0.320 Loaded shared library C:\Users\Oscar Carpio\Desktop\sts-4.18.0.RELEASE\plugins\org.eclipse.justj.openjdk.hotspot.jre.full.win32.x86_64_17.0.6.v20230204-1729\jre\bin\management_ext.dll
Event: 1.805 Loaded shared library C:\Users\Oscar Carpio\Desktop\sts-4.18.0.RELEASE\plugins\org.eclipse.justj.openjdk.hotspot.jre.full.win32.x86_64_17.0.6.v20230204-1729\jre\bin\verify.dll
Event: 3.895 Loaded shared library C:\Users\Oscar Carpio\Desktop\sts-4.18.0.RELEASE\plugins\org.eclipse.justj.openjdk.hotspot.jre.full.win32.x86_64_17.0.6.v20230204-1729\jre\bin\sunmscapi.dll

Deoptimization events (4 events):
Event: 1.896 Thread 0x00000210aed65aa0 DEOPT PACKING pc=0x00000210b2910299 sp=0x0000005abbffd7e0
Event: 1.896 Thread 0x00000210aed65aa0 DEOPT UNPACKING pc=0x00000210b2467143 sp=0x0000005abbffccc0 mode 3
Event: 2.363 Thread 0x00000210aed65aa0 DEOPT PACKING pc=0x00000210b29edb7d sp=0x0000005abbffe5c0
Event: 2.363 Thread 0x00000210aed65aa0 DEOPT UNPACKING pc=0x00000210b2467143 sp=0x0000005abbffdb28 mode 3

Classes unloaded (0 events):
No events

Classes redefined (0 events):
No events

Internal exceptions (20 events):
Event: 3.838 Thread 0x00000210aed65aa0 Exception <a 'java/lang/NoSuchMethodError'{0x0000000094e50640}: 'java.lang.Object java.lang.invoke.DelegatingMethodHandle$Holder.reinvoke_L(java.lang.Object, long, java.lang.Object, java.lang.Object, java.lang.Object, java.lang.Object, java.lang.Object, java.lang.Object)'> (0x0000000094e50640) 
thrown [s\src\hotspot\share\interpreter\linkResolver.cpp, line 759]
Event: 3.839 Thread 0x00000210aed65aa0 Exception <a 'java/lang/NoSuchMethodError'{0x0000000094e5d040}: 'java.lang.Object java.lang.invoke.Invokers$Holder.linkToTargetMethod(java.lang.Object, java.lang.Object, java.lang.Object, java.lang.Object, java.lang.Object, java.lang.Object, java.lang.Object)'> (0x0000000094e5d040) 
thrown [s\src\hotspot\share\interpreter\linkResolver.cpp, line 759]
Event: 3.932 Thread 0x00000210aed65aa0 Exception <a 'java/io/FileNotFoundException'{0x0000000094a229d8}> (0x0000000094a229d8) 
thrown [s\src\hotspot\share\prims\jni.cpp, line 516]
Event: 3.963 Thread 0x00000210aed65aa0 Exception <a 'java/lang/NoSuchMethodError'{0x00000000949a3c38}: 'int java.lang.invoke.DirectMethodHandle$Holder.invokeInterface(java.lang.Object, java.lang.Object, java.lang.Object, java.lang.Object)'> (0x00000000949a3c38) 
thrown [s\src\hotspot\share\interpreter\linkResolver.cpp, line 759]
Event: 4.121 Thread 0x00000210bc70a9d0 Exception <a 'java/lang/reflect/InvocationTargetException'{0x0000000098705cf0}> (0x0000000098705cf0) 
thrown [s\src\hotspot\share\runtime\reflection.cpp, line 1121]
Event: 4.144 Thread 0x00000210aed65aa0 Exception <a 'java/lang/NoSuchMethodError'{0x0000000093fabbb0}: 'int java.lang.invoke.DirectMethodHandle$Holder.invokeStaticInit(java.lang.Object, java.lang.Object, java.lang.Object, java.lang.Object)'> (0x0000000093fabbb0) 
thrown [s\src\hotspot\share\interpreter\linkResolver.cpp, line 759]
Event: 4.238 Thread 0x00000210aed65aa0 Exception <a 'sun/nio/fs/WindowsException'{0x0000000093c32c80}> (0x0000000093c32c80) 
thrown [s\src\hotspot\share\prims\jni.cpp, line 516]
Event: 4.356 Thread 0x00000210aed65aa0 Exception <a 'java/lang/NoSuchMethodError'{0x0000000098971ad8}: 'java.lang.Object java.lang.invoke.DirectMethodHandle$Holder.invokeStaticInit(java.lang.Object, java.lang.Object, java.lang.Object, java.lang.Object)'> (0x0000000098971ad8) 
thrown [s\src\hotspot\share\interpreter\linkResolver.cpp, line 759]
Event: 4.646 Thread 0x00000210bc70a9d0 Exception <a 'java/lang/reflect/InvocationTargetException'{0x00000000951a8d78}> (0x00000000951a8d78) 
thrown [s\src\hotspot\share\runtime\reflection.cpp, line 1121]
Event: 5.143 Thread 0x00000210aed65aa0 Exception <a 'java/lang/NoSuchMethodError'{0x000000009872c430}: 'java.lang.Object java.lang.invoke.DirectMethodHandle$Holder.invokeSpecial(java.lang.Object, java.lang.Object, int, java.lang.Object, int)'> (0x000000009872c430) 
thrown [s\src\hotspot\share\interpreter\linkResolver.cpp, line 759]
Event: 5.154 Thread 0x00000210aed65aa0 Exception <a 'java/lang/NoSuchMethodError'{0x00000000987a98d0}: 'java.lang.Object java.lang.invoke.DirectMethodHandle$Holder.newInvokeSpecial(java.lang.Object, java.lang.Object, java.lang.Object, int)'> (0x00000000987a98d0) 
thrown [s\src\hotspot\share\interpreter\linkResolver.cpp, line 759]
Event: 5.155 Thread 0x00000210aed65aa0 Exception <a 'java/lang/NoSuchMethodError'{0x00000000987ae3b0}: 'java.lang.Object java.lang.invoke.DirectMethodHandle$Holder.invokeSpecial(java.lang.Object, java.lang.Object, java.lang.Object, java.lang.Object, int)'> (0x00000000987ae3b0) 
thrown [s\src\hotspot\share\interpreter\linkResolver.cpp, line 759]
Event: 5.155 Thread 0x00000210aed65aa0 Exception <a 'java/lang/NoSuchMethodError'{0x00000000987b2770}: 'java.lang.Object java.lang.invoke.Invokers$Holder.linkToTargetMethod(java.lang.Object, java.lang.Object, int, java.lang.Object)'> (0x00000000987b2770) 
thrown [s\src\hotspot\share\interpreter\linkResolver.cpp, line 759]
Event: 5.199 Thread 0x00000210bc70a9d0 Exception <a 'java/lang/reflect/InvocationTargetException'{0x0000000095982770}> (0x0000000095982770) 
thrown [s\src\hotspot\share\runtime\reflection.cpp, line 1121]
Event: 5.609 Thread 0x00000210aed65aa0 Exception <a 'java/lang/NoSuchMethodError'{0x00000000944a29c0}: 'java.lang.Object java.lang.invoke.DirectMethodHandle$Holder.invokeStatic(java.lang.Object, java.lang.Object, int, java.lang.Object)'> (0x00000000944a29c0) 
thrown [s\src\hotspot\share\interpreter\linkResolver.cpp, line 759]
Event: 5.610 Thread 0x00000210aed65aa0 Exception <a 'java/lang/NoSuchMethodError'{0x00000000944a6c50}: 'java.lang.Object java.lang.invoke.DirectMethodHandle$Holder.invokeStaticInit(java.lang.Object, java.lang.Object, int, java.lang.Object)'> (0x00000000944a6c50) 
thrown [s\src\hotspot\share\interpreter\linkResolver.cpp, line 759]
Event: 5.633 Thread 0x00000210aed65aa0 Exception <a 'java/lang/IncompatibleClassChangeError'{0x0000000094213358}: Found class java.lang.Object, but interface was expected> (0x0000000094213358) 
thrown [s\src\hotspot\share\interpreter\linkResolver.cpp, line 826]
Event: 5.752 Thread 0x00000210bc70a9d0 Exception <a 'java/lang/reflect/InvocationTargetException'{0x0000000098782360}> (0x0000000098782360) 
thrown [s\src\hotspot\share\runtime\reflection.cpp, line 1121]
Event: 6.197 Thread 0x00000210aed65aa0 Exception <a 'java/lang/NoSuchMethodError'{0x000000009400de60}: 'int java.lang.invoke.DirectMethodHandle$Holder.invokeStatic(java.lang.Object, java.lang.Object, java.lang.Object, java.lang.Object, java.lang.Object)'> (0x000000009400de60) 
thrown [s\src\hotspot\share\interpreter\linkResolver.cpp, line 759]
Event: 6.198 Thread 0x00000210aed65aa0 Exception <a 'java/lang/NoSuchMethodError'{0x00000000940220e0}: 'java.lang.Object java.lang.invoke.DirectMethodHandle$Holder.newInvokeSpecial(java.lang.Object, java.lang.Object, java.lang.Object, java.lang.Object, java.lang.Object, java.lang.Object, java.lang.Object)'> (0x00000000940220e0) 
thrown [s\src\hotspot\share\interpreter\linkResolver.cpp, line 759]

VM Operations (20 events):
Event: 4.240 Executing VM operation: HandshakeAllThreads done
Event: 4.243 Executing VM operation: HandshakeAllThreads
Event: 4.243 Executing VM operation: HandshakeAllThreads done
Event: 4.332 Executing VM operation: G1CollectForAllocation
Event: 4.344 Executing VM operation: G1CollectForAllocation done
Event: 4.364 Executing VM operation: G1CollectForAllocation
Event: 4.373 Executing VM operation: G1CollectForAllocation done
Event: 5.115 Executing VM operation: G1CollectForAllocation
Event: 5.122 Executing VM operation: G1CollectForAllocation done
Event: 5.174 Executing VM operation: HandshakeAllThreads
Event: 5.174 Executing VM operation: HandshakeAllThreads done
Event: 5.520 Executing VM operation: ICBufferFull
Event: 5.520 Executing VM operation: ICBufferFull done
Event: 5.721 Executing VM operation: G1CollectForAllocation
Event: 5.729 Executing VM operation: G1CollectForAllocation done
Event: 6.008 Executing VM operation: ICBufferFull
Event: 6.008 Executing VM operation: ICBufferFull done
Event: 6.153 Executing VM operation: ICBufferFull
Event: 6.153 Executing VM operation: ICBufferFull done
Event: 6.217 Executing VM operation: G1CollectForAllocation

Events (20 events):
Event: 5.397 loading class java/lang/invoke/VarHandleInts$FieldStaticReadOnly done
Event: 5.397 loading class java/lang/invoke/VarHandleInts$FieldStaticReadWrite done
Event: 5.397 loading class java/util/concurrent/ForkJoinPool$DefaultForkJoinWorkerThreadFactory
Event: 5.397 loading class java/util/concurrent/ForkJoinPool$ForkJoinWorkerThreadFactory
Event: 5.397 loading class java/util/concurrent/ForkJoinPool$ForkJoinWorkerThreadFactory done
Event: 5.397 loading class java/util/concurrent/ForkJoinPool$DefaultForkJoinWorkerThreadFactory done
Event: 5.397 loading class java/util/concurrent/ForkJoinPool$1
Event: 5.397 loading class java/util/concurrent/ForkJoinPool$1 done
Event: 5.397 loading class java/util/concurrent/ForkJoinPool$DefaultCommonPoolForkJoinWorkerThreadFactory
Event: 5.397 loading class java/util/concurrent/ForkJoinPool$DefaultCommonPoolForkJoinWorkerThreadFactory done
Event: 5.397 loading class java/util/concurrent/ForkJoinPool$WorkQueue
Event: 5.398 loading class java/util/concurrent/ForkJoinPool$WorkQueue done
Event: 5.398 loading class java/util/concurrent/CompletableFuture$Completion
Event: 5.398 loading class java/util/concurrent/CompletableFuture$AsynchronousCompletionTask
Event: 5.398 loading class java/util/concurrent/CompletableFuture$AsynchronousCompletionTask done
Event: 5.398 loading class java/util/concurrent/ForkJoinTask
Event: 5.398 loading class java/util/concurrent/ForkJoinTask done
Event: 5.398 loading class java/util/concurrent/CompletableFuture$Completion done
Event: 5.530 loading class java/util/concurrent/CancellationException
Event: 5.530 loading class java/util/concurrent/CancellationException done


Dynamic libraries:
0x00007ff7eeeb0000 - 0x00007ff7eeebe000 	C:\Users\Oscar Carpio\Desktop\sts-4.18.0.RELEASE\plugins\org.eclipse.justj.openjdk.hotspot.jre.full.win32.x86_64_17.0.6.v20230204-1729\jre\bin\javaw.exe
0x00007ffc91d30000 - 0x00007ffc91f28000 	C:\WINDOWS\SYSTEM32\ntdll.dll
0x00007ffc912a0000 - 0x00007ffc9135f000 	C:\WINDOWS\System32\KERNEL32.DLL
0x00007ffc8f410000 - 0x00007ffc8f706000 	C:\WINDOWS\System32\KERNELBASE.dll
0x00007ffc8f7b0000 - 0x00007ffc8f8b0000 	C:\WINDOWS\System32\ucrtbase.dll
0x00007ffc78030000 - 0x00007ffc78047000 	C:\Users\Oscar Carpio\Desktop\sts-4.18.0.RELEASE\plugins\org.eclipse.justj.openjdk.hotspot.jre.full.win32.x86_64_17.0.6.v20230204-1729\jre\bin\jli.dll
0x00007ffc90fa0000 - 0x00007ffc9113d000 	C:\WINDOWS\System32\USER32.dll
0x00007ffc8f990000 - 0x00007ffc8f9b2000 	C:\WINDOWS\System32\win32u.dll
0x00007ffc90840000 - 0x00007ffc9086c000 	C:\WINDOWS\System32\GDI32.dll
0x00007ffc8fc70000 - 0x00007ffc8fd85000 	C:\WINDOWS\System32\gdi32full.dll
0x00007ffc8f710000 - 0x00007ffc8f7ad000 	C:\WINDOWS\System32\msvcp_win.dll
0x00007ffc86e00000 - 0x00007ffc86e19000 	C:\Users\Oscar Carpio\Desktop\sts-4.18.0.RELEASE\plugins\org.eclipse.justj.openjdk.hotspot.jre.full.win32.x86_64_17.0.6.v20230204-1729\jre\bin\VCRUNTIME140.dll
0x00007ffc7d210000 - 0x00007ffc7d4aa000 	C:\WINDOWS\WinSxS\amd64_microsoft.windows.common-controls_6595b64144ccf1df_6.0.19041.1110_none_60b5254171f9507e\COMCTL32.dll
0x00007ffc90070000 - 0x00007ffc9010e000 	C:\WINDOWS\System32\msvcrt.dll
0x00007ffc91270000 - 0x00007ffc912a0000 	C:\WINDOWS\System32\IMM32.DLL
0x00007ffc8ca10000 - 0x00007ffc8ca1c000 	C:\Users\Oscar Carpio\Desktop\sts-4.18.0.RELEASE\plugins\org.eclipse.justj.openjdk.hotspot.jre.full.win32.x86_64_17.0.6.v20230204-1729\jre\bin\vcruntime140_1.dll
0x00007ffc77930000 - 0x00007ffc779c1000 	C:\Users\Oscar Carpio\Desktop\sts-4.18.0.RELEASE\plugins\org.eclipse.justj.openjdk.hotspot.jre.full.win32.x86_64_17.0.6.v20230204-1729\jre\bin\msvcp140.dll
0x00007ffc2f1c0000 - 0x00007ffc2fe07000 	C:\Users\Oscar Carpio\Desktop\sts-4.18.0.RELEASE\plugins\org.eclipse.justj.openjdk.hotspot.jre.full.win32.x86_64_17.0.6.v20230204-1729\jre\bin\server\jvm.dll
0x00007ffc901e0000 - 0x00007ffc9028f000 	C:\WINDOWS\System32\ADVAPI32.dll
0x00007ffc91500000 - 0x00007ffc9159c000 	C:\WINDOWS\System32\sechost.dll
0x00007ffc90350000 - 0x00007ffc90476000 	C:\WINDOWS\System32\RPCRT4.dll
0x00007ffc85f70000 - 0x00007ffc85f97000 	C:\WINDOWS\SYSTEM32\WINMM.dll
0x00007ffc7b490000 - 0x00007ffc7b499000 	C:\WINDOWS\SYSTEM32\WSOCK32.dll
0x00007ffc88300000 - 0x00007ffc8830a000 	C:\WINDOWS\SYSTEM32\VERSION.dll
0x00007ffc90170000 - 0x00007ffc901db000 	C:\WINDOWS\System32\WS2_32.dll
0x00007ffc8d280000 - 0x00007ffc8d292000 	C:\WINDOWS\SYSTEM32\kernel.appcore.dll
0x00007ffc8ca00000 - 0x00007ffc8ca0a000 	C:\Users\Oscar Carpio\Desktop\sts-4.18.0.RELEASE\plugins\org.eclipse.justj.openjdk.hotspot.jre.full.win32.x86_64_17.0.6.v20230204-1729\jre\bin\jimage.dll
0x00007ffc880c0000 - 0x00007ffc882a4000 	C:\WINDOWS\SYSTEM32\DBGHELP.DLL
0x00007ffc7e330000 - 0x00007ffc7e364000 	C:\WINDOWS\SYSTEM32\dbgcore.DLL
0x00007ffc8f900000 - 0x00007ffc8f982000 	C:\WINDOWS\System32\bcryptPrimitives.dll
0x00007ffc78000000 - 0x00007ffc78025000 	C:\Users\Oscar Carpio\Desktop\sts-4.18.0.RELEASE\plugins\org.eclipse.justj.openjdk.hotspot.jre.full.win32.x86_64_17.0.6.v20230204-1729\jre\bin\java.dll
0x00007ffc76a00000 - 0x00007ffc76a18000 	C:\Users\Oscar Carpio\Desktop\sts-4.18.0.RELEASE\plugins\org.eclipse.justj.openjdk.hotspot.jre.full.win32.x86_64_17.0.6.v20230204-1729\jre\bin\zip.dll
0x00007ffc915a0000 - 0x00007ffc91ce4000 	C:\WINDOWS\System32\SHELL32.dll
0x00007ffc8d480000 - 0x00007ffc8dc13000 	C:\WINDOWS\SYSTEM32\windows.storage.dll
0x00007ffc90480000 - 0x00007ffc907d4000 	C:\WINDOWS\System32\combase.dll
0x00007ffc8ed80000 - 0x00007ffc8edae000 	C:\WINDOWS\SYSTEM32\Wldp.dll
0x00007ffc902a0000 - 0x00007ffc9034d000 	C:\WINDOWS\System32\SHCORE.dll
0x00007ffc90110000 - 0x00007ffc90165000 	C:\WINDOWS\System32\shlwapi.dll
0x00007ffc8f350000 - 0x00007ffc8f36f000 	C:\WINDOWS\SYSTEM32\profapi.dll
0x00007ffc769e0000 - 0x00007ffc769f9000 	C:\Users\Oscar Carpio\Desktop\sts-4.18.0.RELEASE\plugins\org.eclipse.justj.openjdk.hotspot.jre.full.win32.x86_64_17.0.6.v20230204-1729\jre\bin\net.dll
0x00007ffc86ee0000 - 0x00007ffc86fea000 	C:\WINDOWS\SYSTEM32\WINHTTP.dll
0x00007ffc8eae0000 - 0x00007ffc8eb4a000 	C:\WINDOWS\system32\mswsock.dll
0x00007ffc769c0000 - 0x00007ffc769d5000 	C:\Users\Oscar Carpio\Desktop\sts-4.18.0.RELEASE\plugins\org.eclipse.justj.openjdk.hotspot.jre.full.win32.x86_64_17.0.6.v20230204-1729\jre\bin\nio.dll
0x00007ffc79100000 - 0x00007ffc79109000 	C:\Users\Oscar Carpio\Desktop\sts-4.18.0.RELEASE\plugins\org.eclipse.justj.openjdk.hotspot.jre.full.win32.x86_64_17.0.6.v20230204-1729\jre\bin\management.dll
0x00007ffc78e70000 - 0x00007ffc78e7b000 	C:\Users\Oscar Carpio\Desktop\sts-4.18.0.RELEASE\plugins\org.eclipse.justj.openjdk.hotspot.jre.full.win32.x86_64_17.0.6.v20230204-1729\jre\bin\management_ext.dll
0x00007ffc90060000 - 0x00007ffc90068000 	C:\WINDOWS\System32\PSAPI.DLL
0x00007ffc7ac30000 - 0x00007ffc7ac47000 	C:\WINDOWS\system32\napinsp.dll
0x00007ffc7ac10000 - 0x00007ffc7ac2b000 	C:\WINDOWS\system32\pnrpnsp.dll
0x00007ffc7abf0000 - 0x00007ffc7ac05000 	C:\WINDOWS\system32\wshbth.dll
0x00007ffc8ad20000 - 0x00007ffc8ad3d000 	C:\WINDOWS\system32\NLAapi.dll
0x00007ffc8e7a0000 - 0x00007ffc8e7dc000 	C:\WINDOWS\SYSTEM32\IPHLPAPI.DLL
0x00007ffc8e7f0000 - 0x00007ffc8e8ba000 	C:\WINDOWS\SYSTEM32\DNSAPI.dll
0x00007ffc90050000 - 0x00007ffc90058000 	C:\WINDOWS\System32\NSI.dll
0x00007ffc7abd0000 - 0x00007ffc7abe2000 	C:\WINDOWS\System32\winrnr.dll
0x00007ffc85470000 - 0x00007ffc8547a000 	C:\Windows\System32\rasadhlp.dll
0x00007ffc828a0000 - 0x00007ffc82922000 	C:\WINDOWS\System32\fwpuclnt.dll
0x00007ffc8fc40000 - 0x00007ffc8fc67000 	C:\WINDOWS\System32\bcrypt.dll
0x00007ffc8ecd0000 - 0x00007ffc8ece8000 	C:\WINDOWS\SYSTEM32\CRYPTSP.dll
0x00007ffc8e3c0000 - 0x00007ffc8e3f4000 	C:\WINDOWS\system32\rsaenh.dll
0x00007ffc8f2d0000 - 0x00007ffc8f2fe000 	C:\WINDOWS\SYSTEM32\USERENV.dll
0x00007ffc8ecf0000 - 0x00007ffc8ecfc000 	C:\WINDOWS\SYSTEM32\CRYPTBASE.dll
0x00007ffc88310000 - 0x00007ffc88327000 	C:\WINDOWS\SYSTEM32\dhcpcsvc6.DLL
0x00007ffc87fe0000 - 0x00007ffc87ffd000 	C:\WINDOWS\SYSTEM32\dhcpcsvc.DLL
0x00007ffc8ab30000 - 0x00007ffc8ab40000 	C:\Users\Oscar Carpio\Desktop\sts-4.18.0.RELEASE\plugins\org.eclipse.justj.openjdk.hotspot.jre.full.win32.x86_64_17.0.6.v20230204-1729\jre\bin\verify.dll
0x00007ffc8b070000 - 0x00007ffc8b07e000 	C:\Users\Oscar Carpio\Desktop\sts-4.18.0.RELEASE\plugins\org.eclipse.justj.openjdk.hotspot.jre.full.win32.x86_64_17.0.6.v20230204-1729\jre\bin\sunmscapi.dll
0x00007ffc8fae0000 - 0x00007ffc8fc3e000 	C:\WINDOWS\System32\CRYPT32.dll
0x00007ffc8edf0000 - 0x00007ffc8ee18000 	C:\WINDOWS\SYSTEM32\ncrypt.dll
0x00007ffc8edb0000 - 0x00007ffc8edeb000 	C:\WINDOWS\SYSTEM32\NTASN1.dll

dbghelp: loaded successfully - version: 4.0.5 - missing functions: none
symbol engine: initialized successfully - sym options: 0x614 - pdb path: .;C:\Users\Oscar Carpio\Desktop\sts-4.18.0.RELEASE\plugins\org.eclipse.justj.openjdk.hotspot.jre.full.win32.x86_64_17.0.6.v20230204-1729\jre\bin;C:\WINDOWS\SYSTEM32;C:\WINDOWS\WinSxS\amd64_microsoft.windows.common-controls_6595b64144ccf1df_6.0.19041.1110_none_60b5254171f9507e;C:\Users\Oscar Carpio\Desktop\sts-4.18.0.RELEASE\plugins\org.eclipse.justj.openjdk.hotspot.jre.full.win32.x86_64_17.0.6.v20230204-1729\jre\bin\server

VM Arguments:
jvm_args: -Dcom.sun.management.jmxremote -Dcom.sun.management.jmxremote.port=64594 -Dcom.sun.management.jmxremote.authenticate=false -Dcom.sun.management.jmxremote.ssl=false -Djava.rmi.server.hostname=localhost -Dspring.jmx.enabled=true -Dmanagement.endpoints.jmx.exposure.include=* -Dspring.application.admin.enabled=true -XX:TieredStopAtLevel=1 -Dspring.boot.project.name=tickchecktingAPI -Dfile.encoding=windows-1252 -XX:+ShowCodeDetailsInExceptionMessages 
java_command: com.ncapas.tickcheckting.TickchecktingApiApplication --spring.output.ansi.enabled=always
java_class_path (initial): C:\Users\Oscar Carpio\Desktop\Proyecto-NCapas\tickchecktingAPI\bin\main;C:\Users\Oscar Carpio\.gradle\caches\modules-2\files-2.1\org.projectlombok\lombok\1.18.26\8f8cf0372abf564913e9796623aac4c8ea44025a\lombok-1.18.26.jar;C:\Users\Oscar Carpio\.gradle\caches\modules-2\files-2.1\org.springframework.boot\spring-boot-starter-data-jpa\3.0.6\d0b6b836a6e3a223a92e6594c2d8c5f0a7cccec\spring-boot-starter-data-jpa-3.0.6.jar;C:\Users\Oscar Carpio\.gradle\caches\modules-2\files-2.1\org.springframework.boot\spring-boot-starter-validation\3.0.6\d5933e79435cd9459be59f297e207caa0deb01f6\spring-boot-starter-validation-3.0.6.jar;C:\Users\Oscar Carpio\.gradle\caches\modules-2\files-2.1\org.springframework.boot\spring-boot-starter-web\3.0.6\7c6597cae584c359d7e4ddea6e006176e0c15936\spring-boot-starter-web-3.0.6.jar;C:\Users\Oscar Carpio\.gradle\caches\modules-2\files-2.1\org.springframework.boot\spring-boot-starter-security\3.0.6\e9f3c6cf299f1dd967f5a7fbca7815183c4ba4b1\spring-boot-starter-security-3.0.6.jar;C:\Users\Oscar Carpio\.gradle\caches\modules-2\files-2.1\io.jsonwebtoken\jjwt-impl\0.11.5\40a599f0e8a8e4e0701596fbb15e67bfda64fdf0\jjwt-impl-0.11.5.jar;C:\Users\Oscar Carpio\.gradle\caches\modules-2\files-2.1\io.jsonwebtoken\jjwt-jackson\0.11.5\3b83a06809e98a69402d7333dcf67df6f6ea4579\jjwt-jackson-0.11.5.jar;C:\Users\Oscar Carpio\.gradle\caches\modules-2\files-2.1\io.jsonwebtoken\jjwt-api\0.11.5\f742940045619d06383e7df37b21ac422b476cf1\jjwt-api-0.11.5.jar;C:\Users\Oscar Carpio\.gradle\caches\modules-2\files-2.1\org.springframework.boot\spring-boot-starter-aop\3.0.6\bb39de062db9b7b7a277e6c026ed5ac45f544fc8\spring-boot-starter-aop-3.0.6.jar;C:\Users\Oscar Carpio\.gradle\caches\modules-2\files-2.1\org.springframework.boot\spring-boot-starter-jdbc\3.0.6\672661f4a90a9479170fba058a88892dac5ba69c\spring-boot-starter-jdbc-3.0.6.jar;C:\Users\Oscar Carpio\.gradle\caches\modules-2\files-2.1\org.hibernate.orm\hibernate-core\6.1.7.Final\343f47b34c96fe9c44bf9b219a7b3c
Launcher Type: SUN_STANDARD

[Global flags]
     intx CICompilerCount                          = 3                                         {product} {ergonomic}
     uint ConcGCThreads                            = 1                                         {product} {ergonomic}
     uint G1ConcRefinementThreads                  = 4                                         {product} {ergonomic}
   size_t G1HeapRegionSize                         = 1048576                                   {product} {ergonomic}
    uintx GCDrainStackTargetSize                   = 64                                        {product} {ergonomic}
   size_t InitialHeapSize                          = 117440512                                 {product} {ergonomic}
     bool ManagementServer                         = true                                      {product} {command line}
   size_t MarkStackSize                            = 4194304                                   {product} {ergonomic}
   size_t MaxHeapSize                              = 1851785216                                {product} {ergonomic}
   size_t MaxNewSize                               = 1110441984                                {product} {ergonomic}
   size_t MinHeapDeltaBytes                        = 1048576                                   {product} {ergonomic}
   size_t MinHeapSize                              = 8388608                                   {product} {ergonomic}
    uintx NonProfiledCodeHeapSize                  = 0                                      {pd product} {ergonomic}
     bool ProfileInterpreter                       = false                                  {pd product} {command line}
    uintx ProfiledCodeHeapSize                     = 0                                      {pd product} {ergonomic}
     bool ShowCodeDetailsInExceptionMessages       = true                                   {manageable} {command line}
   size_t SoftMaxHeapSize                          = 1851785216                             {manageable} {ergonomic}
     intx TieredStopAtLevel                        = 1                                         {product} {command line}
     bool UseCompressedClassPointers               = true                           {product lp64_product} {ergonomic}
     bool UseCompressedOops                        = true                           {product lp64_product} {ergonomic}
     bool UseG1GC                                  = true                                      {product} {ergonomic}
     bool UseLargePagesIndividualAllocation        = false                                  {pd product} {ergonomic}

Logging:
Log output configuration:
 #0: stdout all=warning uptime,level,tags
 #1: stderr all=off uptime,level,tags

Environment Variables:
PATH=C:/Users/Oscar Carpio/Desktop/sts-4.18.0.RELEASE//plugins/org.eclipse.justj.openjdk.hotspot.jre.full.win32.x86_64_17.0.6.v20230204-1729/jre/bin/server;C:/Users/Oscar Carpio/Desktop/sts-4.18.0.RELEASE//plugins/org.eclipse.justj.openjdk.hotspot.jre.full.win32.x86_64_17.0.6.v20230204-1729/jre/bin;C:\Program Files\Common Files\Oracle\Java\javapath;C:\Python310\Scripts\;C:\Python310\;C:\Oracle\WINDOWS.X64_193000_db_home\bin;C:\WINDOWS\system32;C:\WINDOWS;C:\WINDOWS\System32\Wbem;C:\WINDOWS\System32\WindowsPowerShell\v1.0\;C:\WINDOWS\System32\OpenSSH\;C:\Program Files\dotnet\;C:\Program Files\Git\cmd;C:\ProgramData\chocolatey\bin;C:\Program Files\nodejs\;C:\NASM;C:\MinGW\bin;C:\Program Files (x86)\DOSBox-0.74-3;C:\Users\Oscar Carpio\Desktop\vckp\vcpkg;C:\PuTTY\;C:\Gradle\gradle-8.1.1\bin;C:\Program Files\MySQL\MySQL Shell 8.0\bin\;C:\Users\Oscar Carpio\AppData\Local\Microsoft\WindowsApps;C:\Program Files\JetBrains\JetBrains Rider 2021.1.2\bin;;C:\Program Files\Azure Data Studio\bin;C:\Users\Oscar Carpio\AppData\Roaming\npm;C:\Program Files\MongoDB\Server\5.0\bin;C:\Users\Oscar Carpio\.dotnet\tools;C:\Program Files\heroku\bin;C:\MinGW\bin;C:\Microsoft VS Code\bin;C:\Users\Oscar Carpio\Desktop\sts-4.18.0.RELEASE;
USERNAME=Oscar Carpio
OS=Windows_NT
PROCESSOR_IDENTIFIER=AMD64 Family 23 Model 17 Stepping 0, AuthenticAMD
TMP=C:\Users\OSCARC~1\AppData\Local\Temp
TEMP=C:\Users\OSCARC~1\AppData\Local\Temp



---------------  S Y S T E M  ---------------

OS:
 Windows 10 , 64 bit Build 19041 (10.0.19041.3031)
OS uptime: 1 days 19:49 hours
Hyper-V role detected

CPU: total 4 (initial active 4) (4 cores per cpu, 2 threads per core) family 23 model 17 stepping 0 microcode 0x0, cx8, cmov, fxsr, ht, mmx, 3dnowpref, sse, sse2, sse3, ssse3, sse4a, sse4.1, sse4.2, popcnt, lzcnt, tsc, tscinvbit, avx, avx2, aes, clmul, bmi1, bmi2, adx, sha, fma, vzeroupper, clflush, clflushopt, hv

Memory: 4k page, system-wide physical 7061M (1346M free)
TotalPageFile size 8061M (AvailPageFile size 13M)
current process WorkingSet (physical memory assigned to process): 192M, peak: 192M
current process commit charge ("private bytes"): 217M, peak: 261M

vm_info: OpenJDK 64-Bit Server VM (17.0.6+10) for windows-amd64 JRE (17.0.6+10), built on Jan 18 2023 10:08:59 by "temurin" with MS VC++ 16.7 (VS2019)

END.
