#
# There is insufficient memory for the Java Runtime Environment to continue.
# Native memory allocation (mmap) failed to map 65536 bytes for Failed to commit metaspace.
# Possible reasons:
#   The system is out of physical RAM or swap space
#   The process is running with CompressedOops enabled, and the Java Heap may be blocking the growth of the native heap
# Possible solutions:
#   Reduce memory load on the system
#   Increase physical memory or swap space
#   Check if swap backing store is full
#   Decrease Java heap size (-Xmx/-Xms)
#   Decrease number of Java threads
#   Decrease Java thread stack sizes (-Xss)
#   Set larger code cache with -XX:ReservedCodeCacheSize=
#   JVM is running with Unscaled Compressed Oops mode in which the Java heap is
#     placed in the first 4GB address space. The Java Heap base address is the
#     maximum limit for the native heap growth. Please use -XX:HeapBaseMinAddress
#     to set the Java Heap base and to place the Java Heap above 4GB virtual address.
# This output file may be truncated or incomplete.
#
#  Out of Memory Error (virtualSpaceNode.cpp:110), pid=2820, tid=3472
#
# JRE version: OpenJDK Runtime Environment Temurin-17.0.6+10 (17.0.6+10) (build 17.0.6+10)
# Java VM: OpenJDK 64-Bit Server VM Temurin-17.0.6+10 (17.0.6+10, mixed mode, emulated-client, tiered, compressed oops, compressed class ptrs, g1 gc, windows-amd64)
# No core dump will be written. Minidumps are not enabled by default on client versions of Windows
#

---------------  S U M M A R Y ------------

Command Line: -Dcom.sun.management.jmxremote -Dcom.sun.management.jmxremote.port=50080 -Dcom.sun.management.jmxremote.authenticate=false -Dcom.sun.management.jmxremote.ssl=false -Djava.rmi.server.hostname=localhost -Dspring.jmx.enabled=true -Dmanagement.endpoints.jmx.exposure.include=* -Dspring.application.admin.enabled=true -XX:TieredStopAtLevel=1 -Dspring.boot.project.name=tickchecktingAPI -Dfile.encoding=windows-1252 -XX:+ShowCodeDetailsInExceptionMessages com.ncapas.tickcheckting.TickchecktingApiApplication --spring.output.ansi.enabled=always

Host: AMD Ryzen 3 2200U with Radeon Vega Mobile Gfx  , 4 cores, 6G,  Windows 10 , 64 bit Build 19041 (10.0.19041.3031)
Time: Sat Jun 24 21:08:28 2023 Hora estándar, América Central elapsed time: 0.244159 seconds (0d 0h 0m 0s)

---------------  T H R E A D  ---------------

Current thread (0x000001ce201d1080):  JavaThread "main" [_thread_in_vm, id=3472, stack(0x000000b925200000,0x000000b925300000)]

Stack: [0x000000b925200000,0x000000b925300000]
Native frames: (J=compiled Java code, j=interpreted, Vv=VM code, C=native code)
V  [jvm.dll+0x67741a]
V  [jvm.dll+0x834434]
V  [jvm.dll+0x835bde]
V  [jvm.dll+0x836243]
V  [jvm.dll+0x2457b5]
V  [jvm.dll+0x8304cb]
V  [jvm.dll+0x61bca6]
V  [jvm.dll+0x61bd0a]
V  [jvm.dll+0x61e52a]
V  [jvm.dll+0x61c646]
V  [jvm.dll+0x626487]
V  [jvm.dll+0x1ea42b]
V  [jvm.dll+0x1ea965]
V  [jvm.dll+0x1eb39f]
V  [jvm.dll+0x1e0841]
V  [jvm.dll+0x53c6d0]
V  [jvm.dll+0x1f1017]
V  [jvm.dll+0x7aea1b]
V  [jvm.dll+0x7afdc2]
V  [jvm.dll+0x7b0559]
V  [jvm.dll+0x1eb654]
V  [jvm.dll+0x1e085a]
V  [jvm.dll+0x53c6d0]
V  [jvm.dll+0x1f1017]
V  [jvm.dll+0x7aea1b]
V  [jvm.dll+0x7afdc2]
V  [jvm.dll+0x7b00f8]
V  [jvm.dll+0x23dbbe]
V  [jvm.dll+0x37ecce]
C  0x000001ce2389993b

Java frames: (J=compiled Java code, j=interpreted, Vv=VM code)
j  java.nio.DirectByteBuffer.asLongBuffer()Ljava/nio/LongBuffer;+137 java.base@17.0.6
j  jdk.internal.perf.PerfCounter.<init>(Ljava/lang/String;I)V+30 java.base@17.0.6
j  jdk.internal.perf.PerfCounter.newPerfCounter(Ljava/lang/String;)Ljdk/internal/perf/PerfCounter;+6 java.base@17.0.6
j  jdk.internal.perf.PerfCounter$CoreCounters.<clinit>()V+2 java.base@17.0.6
v  ~StubRoutines::call_stub
j  jdk.internal.perf.PerfCounter.getZipFileOpenTime()Ljdk/internal/perf/PerfCounter;+0 java.base@17.0.6
j  java.util.zip.ZipFile.<init>(Ljava/io/File;ILjava/nio/charset/Charset;)V+129 java.base@17.0.6
j  java.util.zip.ZipFile.<init>(Ljava/io/File;I)V+6 java.base@17.0.6
j  java.util.jar.JarFile.<init>(Ljava/io/File;ZILjava/lang/Runtime$Version;)V+3 java.base@17.0.6
j  jdk.internal.loader.URLClassPath$JarLoader.getJarFile(Ljava/net/URL;)Ljava/util/jar/JarFile;+56 java.base@17.0.6
j  jdk.internal.loader.URLClassPath$JarLoader$1.run()Ljava/lang/Void;+55 java.base@17.0.6
j  jdk.internal.loader.URLClassPath$JarLoader$1.run()Ljava/lang/Object;+1 java.base@17.0.6
j  java.security.AccessController.executePrivileged(Ljava/security/PrivilegedExceptionAction;Ljava/security/AccessControlContext;Ljava/lang/Class;)Ljava/lang/Object;+29 java.base@17.0.6
j  java.security.AccessController.doPrivileged(Ljava/security/PrivilegedExceptionAction;Ljava/security/AccessControlContext;)Ljava/lang/Object;+13 java.base@17.0.6
j  jdk.internal.loader.URLClassPath$JarLoader.ensureOpen()V+19 java.base@17.0.6
j  jdk.internal.loader.URLClassPath$JarLoader.<init>(Ljava/net/URL;Ljava/net/URLStreamHandler;Ljava/util/HashMap;Ljava/security/AccessControlContext;)V+63 java.base@17.0.6
j  jdk.internal.loader.URLClassPath$3.run()Ljdk/internal/loader/URLClassPath$Loader;+168 java.base@17.0.6
j  jdk.internal.loader.URLClassPath$3.run()Ljava/lang/Object;+1 java.base@17.0.6
j  java.security.AccessController.executePrivileged(Ljava/security/PrivilegedExceptionAction;Ljava/security/AccessControlContext;Ljava/lang/Class;)Ljava/lang/Object;+29 java.base@17.0.6
j  java.security.AccessController.doPrivileged(Ljava/security/PrivilegedExceptionAction;Ljava/security/AccessControlContext;)Ljava/lang/Object;+13 java.base@17.0.6
j  jdk.internal.loader.URLClassPath.getLoader(Ljava/net/URL;)Ljdk/internal/loader/URLClassPath$Loader;+13 java.base@17.0.6
j  jdk.internal.loader.URLClassPath.getLoader(I)Ljdk/internal/loader/URLClassPath$Loader;+81 java.base@17.0.6
j  jdk.internal.loader.URLClassPath$1.next()Z+24 java.base@17.0.6
j  jdk.internal.loader.URLClassPath$1.hasMoreElements()Z+1 java.base@17.0.6
j  jdk.internal.loader.BuiltinClassLoader$1.hasNext()Z+43 java.base@17.0.6
j  jdk.internal.loader.BuiltinClassLoader$1.hasMoreElements()Z+1 java.base@17.0.6
j  java.lang.CompoundEnumeration.next()Z+33 java.base@17.0.6
j  java.lang.CompoundEnumeration.hasMoreElements()Z+1 java.base@17.0.6
j  java.util.ServiceLoader$LazyClassPathLookupIterator.nextProviderClass()Ljava/lang/Class;+152 java.base@17.0.6
j  java.util.ServiceLoader$LazyClassPathLookupIterator.hasNextService()Z+15 java.base@17.0.6
j  java.util.ServiceLoader$LazyClassPathLookupIterator.hasNext()Z+11 java.base@17.0.6
j  java.util.ServiceLoader$2.hasNext()Z+16 java.base@17.0.6
j  java.util.ServiceLoader$3.hasNext()Z+32 java.base@17.0.6
j  jdk.internal.logger.BootstrapLogger$DetectBackend$1.run()Ljdk/internal/logger/BootstrapLogger$LoggingBackend;+13 java.base@17.0.6
j  jdk.internal.logger.BootstrapLogger$DetectBackend$1.run()Ljava/lang/Object;+1 java.base@17.0.6
j  java.security.AccessController.executePrivileged(Ljava/security/PrivilegedAction;Ljava/security/AccessControlContext;Ljava/lang/Class;)Ljava/lang/Object;+29 java.base@17.0.6
j  java.security.AccessController.doPrivileged(Ljava/security/PrivilegedAction;)Ljava/lang/Object;+5 java.base@17.0.6
j  jdk.internal.logger.BootstrapLogger$DetectBackend.<clinit>()V+7 java.base@17.0.6
v  ~StubRoutines::call_stub
j  jdk.internal.logger.BootstrapLogger.useLazyLoggers()Z+6 java.base@17.0.6
j  jdk.internal.logger.LazyLoggers.getLazyLogger(Ljava/lang/String;Ljava/lang/Module;)Ljava/lang/System$Logger;+0 java.base@17.0.6
j  jdk.internal.logger.LazyLoggers.getLogger(Ljava/lang/String;Ljava/lang/Module;)Ljava/lang/System$Logger;+9 java.base@17.0.6
j  java.lang.System.getLogger(Ljava/lang/String;)Ljava/lang/System$Logger;+29 java.base@17.0.6
j  sun.management.jmxremote.ConnectorBootstrap.<clinit>()V+9 jdk.management.agent@17.0.6
v  ~StubRoutines::call_stub
j  jdk.internal.agent.Agent.startAgent(Ljava/util/Properties;)V+48 jdk.management.agent@17.0.6
j  jdk.internal.agent.Agent.startAgent()V+20 jdk.management.agent@17.0.6
v  ~StubRoutines::call_stub

---------------  P R O C E S S  ---------------

Threads class SMR info:
_java_thread_list=0x000001ce2d9b5850, length=12, elements={
0x000001ce201d1080, 0x000001ce2ccda270, 0x000001ce2ccdaff0, 0x000001ce2ccf55d0,
0x000001ce2ccf6350, 0x000001ce2d814190, 0x000001ce2d816a70, 0x000001ce2d81bb00,
0x000001ce2d836d60, 0x000001ce2cc400f0, 0x000001ce2d8a0a60, 0x000001ce2d9d93e0
}

Java Threads: ( => current thread )
=>0x000001ce201d1080 JavaThread "main" [_thread_in_vm, id=3472, stack(0x000000b925200000,0x000000b925300000)]
  0x000001ce2ccda270 JavaThread "Reference Handler" daemon [_thread_blocked, id=7536, stack(0x000000b925900000,0x000000b925a00000)]
  0x000001ce2ccdaff0 JavaThread "Finalizer" daemon [_thread_blocked, id=9188, stack(0x000000b925a00000,0x000000b925b00000)]
  0x000001ce2ccf55d0 JavaThread "Signal Dispatcher" daemon [_thread_blocked, id=2264, stack(0x000000b925b00000,0x000000b925c00000)]
  0x000001ce2ccf6350 JavaThread "Attach Listener" daemon [_thread_blocked, id=8948, stack(0x000000b925c00000,0x000000b925d00000)]
  0x000001ce2d814190 JavaThread "Service Thread" daemon [_thread_blocked, id=1372, stack(0x000000b925d00000,0x000000b925e00000)]
  0x000001ce2d816a70 JavaThread "Monitor Deflation Thread" daemon [_thread_blocked, id=2160, stack(0x000000b925e00000,0x000000b925f00000)]
  0x000001ce2d81bb00 JavaThread "C1 CompilerThread0" daemon [_thread_blocked, id=2172, stack(0x000000b925f00000,0x000000b926000000)]
  0x000001ce2d836d60 JavaThread "Sweeper thread" daemon [_thread_blocked, id=6660, stack(0x000000b926000000,0x000000b926100000)]
  0x000001ce2cc400f0 JavaThread "Common-Cleaner" daemon [_thread_blocked, id=2480, stack(0x000000b926100000,0x000000b926200000)]
  0x000001ce2d8a0a60 JavaThread "C1 CompilerThread1" daemon [_thread_blocked, id=2184, stack(0x000000b926200000,0x000000b926300000)]
  0x000001ce2d9d93e0 JavaThread "Notification Thread" daemon [_thread_blocked, id=7240, stack(0x000000b926300000,0x000000b926400000)]

Other Threads:
  0x000001ce2ccc3130 VMThread "VM Thread" [stack: 0x000000b925800000,0x000000b925900000] [id=1540]
  0x000001ce20224ce0 GCTaskThread "GC Thread#0" [stack: 0x000000b925300000,0x000000b925400000] [id=1252]
  0x000001ce20233f90 ConcurrentGCThread "G1 Main Marker" [stack: 0x000000b925400000,0x000000b925500000] [id=4704]
  0x000001ce202398d0 ConcurrentGCThread "G1 Conc#0" [stack: 0x000000b925500000,0x000000b925600000] [id=7916]
  0x000001ce2028d250 ConcurrentGCThread "G1 Refine#0" [stack: 0x000000b925600000,0x000000b925700000] [id=1976]
  0x000001ce2028db80 ConcurrentGCThread "G1 Service" [stack: 0x000000b925700000,0x000000b925800000] [id=5920]

Threads with active compile tasks:

VM state: not at safepoint (normal execution)

VM Mutex/Monitor currently owned by a thread:  ([mutex/lock_event])
[0x000001ce201cb340] Metaspace_lock - owner thread: 0x000001ce201d1080

Heap address: 0x0000000091a00000, size: 1766 MB, Compressed Oops mode: 32-bit

CDS archive(s) not mapped
Compressed class space mapped at: 0x0000000100000000-0x0000000140000000, reserved size: 1073741824
Narrow klass base: 0x0000000000000000, Narrow klass shift: 3, Narrow klass range: 0x140000000

GC Precious Log:
 CPUs: 4 total, 4 available
 Memory: 7061M
 Large Page Support: Disabled
 NUMA Support: Disabled
 Compressed Oops: Enabled (32-bit)
 Heap Region Size: 1M
 Heap Min Capacity: 8M
 Heap Initial Capacity: 112M
 Heap Max Capacity: 1766M
 Pre-touch: Disabled
 Parallel Workers: 4
 Concurrent Workers: 1
 Concurrent Refinement Workers: 4
 Periodic GC: Disabled

Heap:
 garbage-first heap   total 114688K, used 2048K [0x0000000091a00000, 0x0000000100000000)
  region size 1024K, 3 young (3072K), 0 survivors (0K)
 Metaspace       used 6090K, committed 6208K, reserved 1056768K
  class space    used 521K, committed 576K, reserved 1048576K

Heap Regions: E=young(eden), S=young(survivor), O=old, HS=humongous(starts), HC=humongous(continues), CS=collection set, F=free, OA=open archive, CA=closed archive, TAMS=top-at-mark-start (previous, next)
|   0|0x0000000091a00000, 0x0000000091a00000, 0x0000000091b00000|  0%| F|  |TAMS 0x0000000091a00000, 0x0000000091a00000| Untracked 
|   1|0x0000000091b00000, 0x0000000091b00000, 0x0000000091c00000|  0%| F|  |TAMS 0x0000000091b00000, 0x0000000091b00000| Untracked 
|   2|0x0000000091c00000, 0x0000000091c00000, 0x0000000091d00000|  0%| F|  |TAMS 0x0000000091c00000, 0x0000000091c00000| Untracked 
|   3|0x0000000091d00000, 0x0000000091d00000, 0x0000000091e00000|  0%| F|  |TAMS 0x0000000091d00000, 0x0000000091d00000| Untracked 
|   4|0x0000000091e00000, 0x0000000091e00000, 0x0000000091f00000|  0%| F|  |TAMS 0x0000000091e00000, 0x0000000091e00000| Untracked 
|   5|0x0000000091f00000, 0x0000000091f00000, 0x0000000092000000|  0%| F|  |TAMS 0x0000000091f00000, 0x0000000091f00000| Untracked 
|   6|0x0000000092000000, 0x0000000092000000, 0x0000000092100000|  0%| F|  |TAMS 0x0000000092000000, 0x0000000092000000| Untracked 
|   7|0x0000000092100000, 0x0000000092100000, 0x0000000092200000|  0%| F|  |TAMS 0x0000000092100000, 0x0000000092100000| Untracked 
|   8|0x0000000092200000, 0x0000000092200000, 0x0000000092300000|  0%| F|  |TAMS 0x0000000092200000, 0x0000000092200000| Untracked 
|   9|0x0000000092300000, 0x0000000092300000, 0x0000000092400000|  0%| F|  |TAMS 0x0000000092300000, 0x0000000092300000| Untracked 
|  10|0x0000000092400000, 0x0000000092400000, 0x0000000092500000|  0%| F|  |TAMS 0x0000000092400000, 0x0000000092400000| Untracked 
|  11|0x0000000092500000, 0x0000000092500000, 0x0000000092600000|  0%| F|  |TAMS 0x0000000092500000, 0x0000000092500000| Untracked 
|  12|0x0000000092600000, 0x0000000092600000, 0x0000000092700000|  0%| F|  |TAMS 0x0000000092600000, 0x0000000092600000| Untracked 
|  13|0x0000000092700000, 0x0000000092700000, 0x0000000092800000|  0%| F|  |TAMS 0x0000000092700000, 0x0000000092700000| Untracked 
|  14|0x0000000092800000, 0x0000000092800000, 0x0000000092900000|  0%| F|  |TAMS 0x0000000092800000, 0x0000000092800000| Untracked 
|  15|0x0000000092900000, 0x0000000092900000, 0x0000000092a00000|  0%| F|  |TAMS 0x0000000092900000, 0x0000000092900000| Untracked 
|  16|0x0000000092a00000, 0x0000000092a00000, 0x0000000092b00000|  0%| F|  |TAMS 0x0000000092a00000, 0x0000000092a00000| Untracked 
|  17|0x0000000092b00000, 0x0000000092b00000, 0x0000000092c00000|  0%| F|  |TAMS 0x0000000092b00000, 0x0000000092b00000| Untracked 
|  18|0x0000000092c00000, 0x0000000092c00000, 0x0000000092d00000|  0%| F|  |TAMS 0x0000000092c00000, 0x0000000092c00000| Untracked 
|  19|0x0000000092d00000, 0x0000000092d00000, 0x0000000092e00000|  0%| F|  |TAMS 0x0000000092d00000, 0x0000000092d00000| Untracked 
|  20|0x0000000092e00000, 0x0000000092e00000, 0x0000000092f00000|  0%| F|  |TAMS 0x0000000092e00000, 0x0000000092e00000| Untracked 
|  21|0x0000000092f00000, 0x0000000092f00000, 0x0000000093000000|  0%| F|  |TAMS 0x0000000092f00000, 0x0000000092f00000| Untracked 
|  22|0x0000000093000000, 0x0000000093000000, 0x0000000093100000|  0%| F|  |TAMS 0x0000000093000000, 0x0000000093000000| Untracked 
|  23|0x0000000093100000, 0x0000000093100000, 0x0000000093200000|  0%| F|  |TAMS 0x0000000093100000, 0x0000000093100000| Untracked 
|  24|0x0000000093200000, 0x0000000093200000, 0x0000000093300000|  0%| F|  |TAMS 0x0000000093200000, 0x0000000093200000| Untracked 
|  25|0x0000000093300000, 0x0000000093300000, 0x0000000093400000|  0%| F|  |TAMS 0x0000000093300000, 0x0000000093300000| Untracked 
|  26|0x0000000093400000, 0x0000000093400000, 0x0000000093500000|  0%| F|  |TAMS 0x0000000093400000, 0x0000000093400000| Untracked 
|  27|0x0000000093500000, 0x0000000093500000, 0x0000000093600000|  0%| F|  |TAMS 0x0000000093500000, 0x0000000093500000| Untracked 
|  28|0x0000000093600000, 0x0000000093600000, 0x0000000093700000|  0%| F|  |TAMS 0x0000000093600000, 0x0000000093600000| Untracked 
|  29|0x0000000093700000, 0x0000000093700000, 0x0000000093800000|  0%| F|  |TAMS 0x0000000093700000, 0x0000000093700000| Untracked 
|  30|0x0000000093800000, 0x0000000093800000, 0x0000000093900000|  0%| F|  |TAMS 0x0000000093800000, 0x0000000093800000| Untracked 
|  31|0x0000000093900000, 0x0000000093900000, 0x0000000093a00000|  0%| F|  |TAMS 0x0000000093900000, 0x0000000093900000| Untracked 
|  32|0x0000000093a00000, 0x0000000093a00000, 0x0000000093b00000|  0%| F|  |TAMS 0x0000000093a00000, 0x0000000093a00000| Untracked 
|  33|0x0000000093b00000, 0x0000000093b00000, 0x0000000093c00000|  0%| F|  |TAMS 0x0000000093b00000, 0x0000000093b00000| Untracked 
|  34|0x0000000093c00000, 0x0000000093c00000, 0x0000000093d00000|  0%| F|  |TAMS 0x0000000093c00000, 0x0000000093c00000| Untracked 
|  35|0x0000000093d00000, 0x0000000093d00000, 0x0000000093e00000|  0%| F|  |TAMS 0x0000000093d00000, 0x0000000093d00000| Untracked 
|  36|0x0000000093e00000, 0x0000000093e00000, 0x0000000093f00000|  0%| F|  |TAMS 0x0000000093e00000, 0x0000000093e00000| Untracked 
|  37|0x0000000093f00000, 0x0000000093f00000, 0x0000000094000000|  0%| F|  |TAMS 0x0000000093f00000, 0x0000000093f00000| Untracked 
|  38|0x0000000094000000, 0x0000000094000000, 0x0000000094100000|  0%| F|  |TAMS 0x0000000094000000, 0x0000000094000000| Untracked 
|  39|0x0000000094100000, 0x0000000094100000, 0x0000000094200000|  0%| F|  |TAMS 0x0000000094100000, 0x0000000094100000| Untracked 
|  40|0x0000000094200000, 0x0000000094200000, 0x0000000094300000|  0%| F|  |TAMS 0x0000000094200000, 0x0000000094200000| Untracked 
|  41|0x0000000094300000, 0x0000000094300000, 0x0000000094400000|  0%| F|  |TAMS 0x0000000094300000, 0x0000000094300000| Untracked 
|  42|0x0000000094400000, 0x0000000094400000, 0x0000000094500000|  0%| F|  |TAMS 0x0000000094400000, 0x0000000094400000| Untracked 
|  43|0x0000000094500000, 0x0000000094500000, 0x0000000094600000|  0%| F|  |TAMS 0x0000000094500000, 0x0000000094500000| Untracked 
|  44|0x0000000094600000, 0x0000000094600000, 0x0000000094700000|  0%| F|  |TAMS 0x0000000094600000, 0x0000000094600000| Untracked 
|  45|0x0000000094700000, 0x0000000094700000, 0x0000000094800000|  0%| F|  |TAMS 0x0000000094700000, 0x0000000094700000| Untracked 
|  46|0x0000000094800000, 0x0000000094800000, 0x0000000094900000|  0%| F|  |TAMS 0x0000000094800000, 0x0000000094800000| Untracked 
|  47|0x0000000094900000, 0x0000000094900000, 0x0000000094a00000|  0%| F|  |TAMS 0x0000000094900000, 0x0000000094900000| Untracked 
|  48|0x0000000094a00000, 0x0000000094a00000, 0x0000000094b00000|  0%| F|  |TAMS 0x0000000094a00000, 0x0000000094a00000| Untracked 
|  49|0x0000000094b00000, 0x0000000094b00000, 0x0000000094c00000|  0%| F|  |TAMS 0x0000000094b00000, 0x0000000094b00000| Untracked 
|  50|0x0000000094c00000, 0x0000000094c00000, 0x0000000094d00000|  0%| F|  |TAMS 0x0000000094c00000, 0x0000000094c00000| Untracked 
|  51|0x0000000094d00000, 0x0000000094d00000, 0x0000000094e00000|  0%| F|  |TAMS 0x0000000094d00000, 0x0000000094d00000| Untracked 
|  52|0x0000000094e00000, 0x0000000094e00000, 0x0000000094f00000|  0%| F|  |TAMS 0x0000000094e00000, 0x0000000094e00000| Untracked 
|  53|0x0000000094f00000, 0x0000000094f00000, 0x0000000095000000|  0%| F|  |TAMS 0x0000000094f00000, 0x0000000094f00000| Untracked 
|  54|0x0000000095000000, 0x0000000095000000, 0x0000000095100000|  0%| F|  |TAMS 0x0000000095000000, 0x0000000095000000| Untracked 
|  55|0x0000000095100000, 0x0000000095100000, 0x0000000095200000|  0%| F|  |TAMS 0x0000000095100000, 0x0000000095100000| Untracked 
|  56|0x0000000095200000, 0x0000000095200000, 0x0000000095300000|  0%| F|  |TAMS 0x0000000095200000, 0x0000000095200000| Untracked 
|  57|0x0000000095300000, 0x0000000095300000, 0x0000000095400000|  0%| F|  |TAMS 0x0000000095300000, 0x0000000095300000| Untracked 
|  58|0x0000000095400000, 0x0000000095400000, 0x0000000095500000|  0%| F|  |TAMS 0x0000000095400000, 0x0000000095400000| Untracked 
|  59|0x0000000095500000, 0x0000000095500000, 0x0000000095600000|  0%| F|  |TAMS 0x0000000095500000, 0x0000000095500000| Untracked 
|  60|0x0000000095600000, 0x0000000095600000, 0x0000000095700000|  0%| F|  |TAMS 0x0000000095600000, 0x0000000095600000| Untracked 
|  61|0x0000000095700000, 0x0000000095700000, 0x0000000095800000|  0%| F|  |TAMS 0x0000000095700000, 0x0000000095700000| Untracked 
|  62|0x0000000095800000, 0x0000000095800000, 0x0000000095900000|  0%| F|  |TAMS 0x0000000095800000, 0x0000000095800000| Untracked 
|  63|0x0000000095900000, 0x0000000095900000, 0x0000000095a00000|  0%| F|  |TAMS 0x0000000095900000, 0x0000000095900000| Untracked 
|  64|0x0000000095a00000, 0x0000000095a00000, 0x0000000095b00000|  0%| F|  |TAMS 0x0000000095a00000, 0x0000000095a00000| Untracked 
|  65|0x0000000095b00000, 0x0000000095b00000, 0x0000000095c00000|  0%| F|  |TAMS 0x0000000095b00000, 0x0000000095b00000| Untracked 
|  66|0x0000000095c00000, 0x0000000095c00000, 0x0000000095d00000|  0%| F|  |TAMS 0x0000000095c00000, 0x0000000095c00000| Untracked 
|  67|0x0000000095d00000, 0x0000000095d00000, 0x0000000095e00000|  0%| F|  |TAMS 0x0000000095d00000, 0x0000000095d00000| Untracked 
|  68|0x0000000095e00000, 0x0000000095e00000, 0x0000000095f00000|  0%| F|  |TAMS 0x0000000095e00000, 0x0000000095e00000| Untracked 
|  69|0x0000000095f00000, 0x0000000095f00000, 0x0000000096000000|  0%| F|  |TAMS 0x0000000095f00000, 0x0000000095f00000| Untracked 
|  70|0x0000000096000000, 0x0000000096000000, 0x0000000096100000|  0%| F|  |TAMS 0x0000000096000000, 0x0000000096000000| Untracked 
|  71|0x0000000096100000, 0x0000000096100000, 0x0000000096200000|  0%| F|  |TAMS 0x0000000096100000, 0x0000000096100000| Untracked 
|  72|0x0000000096200000, 0x0000000096200000, 0x0000000096300000|  0%| F|  |TAMS 0x0000000096200000, 0x0000000096200000| Untracked 
|  73|0x0000000096300000, 0x0000000096300000, 0x0000000096400000|  0%| F|  |TAMS 0x0000000096300000, 0x0000000096300000| Untracked 
|  74|0x0000000096400000, 0x0000000096400000, 0x0000000096500000|  0%| F|  |TAMS 0x0000000096400000, 0x0000000096400000| Untracked 
|  75|0x0000000096500000, 0x0000000096500000, 0x0000000096600000|  0%| F|  |TAMS 0x0000000096500000, 0x0000000096500000| Untracked 
|  76|0x0000000096600000, 0x0000000096600000, 0x0000000096700000|  0%| F|  |TAMS 0x0000000096600000, 0x0000000096600000| Untracked 
|  77|0x0000000096700000, 0x0000000096700000, 0x0000000096800000|  0%| F|  |TAMS 0x0000000096700000, 0x0000000096700000| Untracked 
|  78|0x0000000096800000, 0x0000000096800000, 0x0000000096900000|  0%| F|  |TAMS 0x0000000096800000, 0x0000000096800000| Untracked 
|  79|0x0000000096900000, 0x0000000096900000, 0x0000000096a00000|  0%| F|  |TAMS 0x0000000096900000, 0x0000000096900000| Untracked 
|  80|0x0000000096a00000, 0x0000000096a00000, 0x0000000096b00000|  0%| F|  |TAMS 0x0000000096a00000, 0x0000000096a00000| Untracked 
|  81|0x0000000096b00000, 0x0000000096b00000, 0x0000000096c00000|  0%| F|  |TAMS 0x0000000096b00000, 0x0000000096b00000| Untracked 
|  82|0x0000000096c00000, 0x0000000096c00000, 0x0000000096d00000|  0%| F|  |TAMS 0x0000000096c00000, 0x0000000096c00000| Untracked 
|  83|0x0000000096d00000, 0x0000000096d00000, 0x0000000096e00000|  0%| F|  |TAMS 0x0000000096d00000, 0x0000000096d00000| Untracked 
|  84|0x0000000096e00000, 0x0000000096e00000, 0x0000000096f00000|  0%| F|  |TAMS 0x0000000096e00000, 0x0000000096e00000| Untracked 
|  85|0x0000000096f00000, 0x0000000096f00000, 0x0000000097000000|  0%| F|  |TAMS 0x0000000096f00000, 0x0000000096f00000| Untracked 
|  86|0x0000000097000000, 0x0000000097000000, 0x0000000097100000|  0%| F|  |TAMS 0x0000000097000000, 0x0000000097000000| Untracked 
|  87|0x0000000097100000, 0x0000000097100000, 0x0000000097200000|  0%| F|  |TAMS 0x0000000097100000, 0x0000000097100000| Untracked 
|  88|0x0000000097200000, 0x0000000097200000, 0x0000000097300000|  0%| F|  |TAMS 0x0000000097200000, 0x0000000097200000| Untracked 
|  89|0x0000000097300000, 0x0000000097300000, 0x0000000097400000|  0%| F|  |TAMS 0x0000000097300000, 0x0000000097300000| Untracked 
|  90|0x0000000097400000, 0x0000000097400000, 0x0000000097500000|  0%| F|  |TAMS 0x0000000097400000, 0x0000000097400000| Untracked 
|  91|0x0000000097500000, 0x0000000097500000, 0x0000000097600000|  0%| F|  |TAMS 0x0000000097500000, 0x0000000097500000| Untracked 
|  92|0x0000000097600000, 0x0000000097600000, 0x0000000097700000|  0%| F|  |TAMS 0x0000000097600000, 0x0000000097600000| Untracked 
|  93|0x0000000097700000, 0x0000000097700000, 0x0000000097800000|  0%| F|  |TAMS 0x0000000097700000, 0x0000000097700000| Untracked 
|  94|0x0000000097800000, 0x0000000097800000, 0x0000000097900000|  0%| F|  |TAMS 0x0000000097800000, 0x0000000097800000| Untracked 
|  95|0x0000000097900000, 0x0000000097900000, 0x0000000097a00000|  0%| F|  |TAMS 0x0000000097900000, 0x0000000097900000| Untracked 
|  96|0x0000000097a00000, 0x0000000097a00000, 0x0000000097b00000|  0%| F|  |TAMS 0x0000000097a00000, 0x0000000097a00000| Untracked 
|  97|0x0000000097b00000, 0x0000000097b00000, 0x0000000097c00000|  0%| F|  |TAMS 0x0000000097b00000, 0x0000000097b00000| Untracked 
|  98|0x0000000097c00000, 0x0000000097c00000, 0x0000000097d00000|  0%| F|  |TAMS 0x0000000097c00000, 0x0000000097c00000| Untracked 
|  99|0x0000000097d00000, 0x0000000097d00000, 0x0000000097e00000|  0%| F|  |TAMS 0x0000000097d00000, 0x0000000097d00000| Untracked 
| 100|0x0000000097e00000, 0x0000000097e00000, 0x0000000097f00000|  0%| F|  |TAMS 0x0000000097e00000, 0x0000000097e00000| Untracked 
| 101|0x0000000097f00000, 0x0000000097f00000, 0x0000000098000000|  0%| F|  |TAMS 0x0000000097f00000, 0x0000000097f00000| Untracked 
| 102|0x0000000098000000, 0x0000000098000000, 0x0000000098100000|  0%| F|  |TAMS 0x0000000098000000, 0x0000000098000000| Untracked 
| 103|0x0000000098100000, 0x0000000098100000, 0x0000000098200000|  0%| F|  |TAMS 0x0000000098100000, 0x0000000098100000| Untracked 
| 104|0x0000000098200000, 0x0000000098200000, 0x0000000098300000|  0%| F|  |TAMS 0x0000000098200000, 0x0000000098200000| Untracked 
| 105|0x0000000098300000, 0x0000000098300000, 0x0000000098400000|  0%| F|  |TAMS 0x0000000098300000, 0x0000000098300000| Untracked 
| 106|0x0000000098400000, 0x0000000098400000, 0x0000000098500000|  0%| F|  |TAMS 0x0000000098400000, 0x0000000098400000| Untracked 
| 107|0x0000000098500000, 0x0000000098500000, 0x0000000098600000|  0%| F|  |TAMS 0x0000000098500000, 0x0000000098500000| Untracked 
| 108|0x0000000098600000, 0x0000000098600000, 0x0000000098700000|  0%| F|  |TAMS 0x0000000098600000, 0x0000000098600000| Untracked 
| 109|0x0000000098700000, 0x0000000098717f70, 0x0000000098800000|  9%| E|  |TAMS 0x0000000098700000, 0x0000000098700000| Complete 
| 110|0x0000000098800000, 0x0000000098900000, 0x0000000098900000|100%| E|CS|TAMS 0x0000000098800000, 0x0000000098800000| Complete 
| 111|0x0000000098900000, 0x0000000098a00000, 0x0000000098a00000|100%| E|CS|TAMS 0x0000000098900000, 0x0000000098900000| Complete 

Card table byte_map: [0x000001ce26880000,0x000001ce26c00000] _byte_map_base: 0x000001ce263f3000

Marking Bits (Prev, Next): (CMBitMap*) 0x000001ce20225200, (CMBitMap*) 0x000001ce20225240
 Prev Bits: [0x000001ce26f80000, 0x000001ce28b18000)
 Next Bits: [0x000001ce28b20000, 0x000001ce2a6b8000)

Polling page: 0x000001ce1e110000

Metaspace:

Usage:
  Non-class:      5.44 MB used.
      Class:    521.16 KB used.
       Both:      5.95 MB used.

Virtual space:
  Non-class space:        8.00 MB reserved,       5.50 MB ( 69%) committed,  1 nodes.
      Class space:        1.00 GB reserved,     576.00 KB ( <1%) committed,  1 nodes.
             Both:        1.01 GB reserved,       6.06 MB ( <1%) committed. 

Chunk freelists:
   Non-Class:  2.50 MB
       Class:  3.25 MB
        Both:  5.75 MB

MaxMetaspaceSize: unlimited
CompressedClassSpaceSize: 1.00 GB
Initial GC threshold: 21.00 MB
Current GC threshold: 21.00 MB
CDS: off
MetaspaceReclaimPolicy: balanced
 - commit_granule_bytes: 65536.
 - commit_granule_words: 8192.
 - virtual_space_node_default_size: 1048576.
 - enlarge_chunks_in_place: 1.
 - new_chunks_are_fully_committed: 0.
 - uncommit_free_chunks: 1.
 - use_allocation_guard: 0.
 - handle_deallocations: 1.


Internal statistics:

num_allocs_failed_limit: 0.
num_arena_births: 4.
num_arena_deaths: 0.
num_vsnodes_births: 2.
num_vsnodes_deaths: 0.
num_space_committed: 97.
num_space_uncommitted: 0.
num_chunks_returned_to_freelist: 0.
num_chunks_taken_from_freelist: 15.
num_chunk_merges: 0.
num_chunk_splits: 4.
num_chunks_enlarged: 1.
num_purges: 0.
num_inconsistent_stats: 0.

CodeCache: size=49152Kb used=1862Kb max_used=1862Kb free=47289Kb
 bounds [0x000001ce23880000, 0x000001ce23af0000, 0x000001ce26880000]
 total_blobs=564 nmethods=213 adapters=278
 compilation: enabled
              stopped_count=0, restarted_count=0
 full_count=0

Compilation events (20 events):
Event: 0.240 Thread 0x000001ce2d8a0a60 nmethod 204 0x000001ce23a4de10 code [0x000001ce23a4dfa0, 0x000001ce23a4e0d8]
Event: 0.240 Thread 0x000001ce2d8a0a60  209       1       java.util.zip.ZipFile$Source::isMetaName (141 bytes)
Event: 0.240 Thread 0x000001ce2d8a0a60 nmethod 209 0x000001ce23a4e190 code [0x000001ce23a4e340, 0x000001ce23a4e5d8]
Event: 0.240 Thread 0x000001ce2d8a0a60  210       1       java.util.zip.ZipFile$Source::nextEntryPos (22 bytes)
Event: 0.240 Thread 0x000001ce2d8a0a60 nmethod 210 0x000001ce23a4e790 code [0x000001ce23a4e920, 0x000001ce23a4ea78]
Event: 0.240 Thread 0x000001ce2d8a0a60  205       1       java.util.zip.ZipUtils::CENHOW (9 bytes)
Event: 0.240 Thread 0x000001ce2d8a0a60 nmethod 205 0x000001ce23a4eb90 code [0x000001ce23a4ed20, 0x000001ce23a4ee38]
Event: 0.240 Thread 0x000001ce2d8a0a60  206       1       java.util.zip.ZipUtils::CENFLG (9 bytes)
Event: 0.240 Thread 0x000001ce2d8a0a60 nmethod 206 0x000001ce23a4ef10 code [0x000001ce23a4f0a0, 0x000001ce23a4f1b8]
Event: 0.240 Thread 0x000001ce2d8a0a60  207       1       java.util.zip.ZipUtils::CENNAM (9 bytes)
Event: 0.241 Thread 0x000001ce2d8a0a60 nmethod 207 0x000001ce23a4f290 code [0x000001ce23a4f420, 0x000001ce23a4f538]
Event: 0.241 Thread 0x000001ce2d8a0a60  208       1       java.util.zip.ZipFile$Source::zipCoderForPos (39 bytes)
Event: 0.241 Thread 0x000001ce2d8a0a60 nmethod 208 0x000001ce23a4f610 code [0x000001ce23a4f7c0, 0x000001ce23a4f9c8]
Event: 0.241 Thread 0x000001ce2d8a0a60  211       1       java.util.zip.ZipUtils::CENCOM (9 bytes)
Event: 0.241 Thread 0x000001ce2d8a0a60 nmethod 211 0x000001ce23a4fb10 code [0x000001ce23a4fca0, 0x000001ce23a4fdb8]
Event: 0.241 Thread 0x000001ce2d8a0a60  212       1       java.util.zip.ZipUtils::CENEXT (9 bytes)
Event: 0.241 Thread 0x000001ce2d81bb00 nmethod 203 0x000001ce23a4fe90 code [0x000001ce23a50120, 0x000001ce23a509e8]
Event: 0.241 Thread 0x000001ce2d8a0a60 nmethod 212 0x000001ce23a51110 code [0x000001ce23a512a0, 0x000001ce23a513b8]
Event: 0.241 Thread 0x000001ce2d8a0a60  213       1       java.lang.CharacterDataLatin1::getProperties (11 bytes)
Event: 0.241 Thread 0x000001ce2d8a0a60 nmethod 213 0x000001ce23a51490 code [0x000001ce23a51620, 0x000001ce23a51718]

GC Heap History (0 events):
No events

Dll operation events (4 events):
Event: 0.009 Loaded shared library C:\Users\Oscar Carpio\Desktop\sts-4.18.0.RELEASE\plugins\org.eclipse.justj.openjdk.hotspot.jre.full.win32.x86_64_17.0.6.v20230204-1729\jre\bin\java.dll
Event: 0.217 Loaded shared library C:\Users\Oscar Carpio\Desktop\sts-4.18.0.RELEASE\plugins\org.eclipse.justj.openjdk.hotspot.jre.full.win32.x86_64_17.0.6.v20230204-1729\jre\bin\jimage.dll
Event: 0.235 Loaded shared library C:\Users\Oscar Carpio\Desktop\sts-4.18.0.RELEASE\plugins\org.eclipse.justj.openjdk.hotspot.jre.full.win32.x86_64_17.0.6.v20230204-1729\jre\bin\net.dll
Event: 0.237 Loaded shared library C:\Users\Oscar Carpio\Desktop\sts-4.18.0.RELEASE\plugins\org.eclipse.justj.openjdk.hotspot.jre.full.win32.x86_64_17.0.6.v20230204-1729\jre\bin\nio.dll

Deoptimization events (0 events):
No events

Classes unloaded (0 events):
No events

Classes redefined (0 events):
No events

Internal exceptions (0 events):
No events

VM Operations (2 events):
Event: 0.191 Executing VM operation: HandshakeAllThreads
Event: 0.191 Executing VM operation: HandshakeAllThreads done

Events (20 events):
Event: 0.238 loading class jdk/internal/access/JavaIORandomAccessFileAccess done
Event: 0.238 loading class java/io/RandomAccessFile$2 done
Event: 0.239 loading class java/util/zip/ZipFile$Source$End
Event: 0.239 loading class java/util/zip/ZipFile$Source$End done
Event: 0.239 loading class java/util/zip/ZipUtils
Event: 0.239 loading class java/util/zip/ZipUtils done
Event: 0.241 loading class java/util/concurrent/TimeUnit
Event: 0.241 loading class java/util/concurrent/TimeUnit done
Event: 0.241 loading class java/nio/file/attribute/FileTime
Event: 0.241 loading class java/nio/file/attribute/FileTime done
Event: 0.241 loading class jdk/internal/perf/PerfCounter
Event: 0.241 loading class jdk/internal/perf/PerfCounter done
Event: 0.241 loading class jdk/internal/perf/Perf$GetPerfAction
Event: 0.241 loading class jdk/internal/perf/Perf$GetPerfAction done
Event: 0.241 loading class jdk/internal/perf/Perf
Event: 0.242 loading class jdk/internal/perf/Perf done
Event: 0.242 loading class jdk/internal/perf/PerfCounter$CoreCounters
Event: 0.242 loading class jdk/internal/perf/PerfCounter$CoreCounters done
Event: 0.242 loading class java/nio/DirectLongBufferU
Event: 0.242 loading class java/nio/LongBuffer


Dynamic libraries:
0x00007ff60f150000 - 0x00007ff60f15e000 	C:\Users\Oscar Carpio\Desktop\sts-4.18.0.RELEASE\plugins\org.eclipse.justj.openjdk.hotspot.jre.full.win32.x86_64_17.0.6.v20230204-1729\jre\bin\javaw.exe
0x00007ffa5f930000 - 0x00007ffa5fb28000 	C:\WINDOWS\SYSTEM32\ntdll.dll
0x00007ffa5d9b0000 - 0x00007ffa5da6f000 	C:\WINDOWS\System32\KERNEL32.DLL
0x00007ffa5d220000 - 0x00007ffa5d516000 	C:\WINDOWS\System32\KERNELBASE.dll
0x00007ffa5d520000 - 0x00007ffa5d620000 	C:\WINDOWS\System32\ucrtbase.dll
0x00007ffa3b960000 - 0x00007ffa3b977000 	C:\Users\Oscar Carpio\Desktop\sts-4.18.0.RELEASE\plugins\org.eclipse.justj.openjdk.hotspot.jre.full.win32.x86_64_17.0.6.v20230204-1729\jre\bin\jli.dll
0x00007ffa5e970000 - 0x00007ffa5eb0d000 	C:\WINDOWS\System32\USER32.dll
0x00007ffa5d960000 - 0x00007ffa5d982000 	C:\WINDOWS\System32\win32u.dll
0x00007ffa5f4a0000 - 0x00007ffa5f4cc000 	C:\WINDOWS\System32\GDI32.dll
0x00007ffa5d730000 - 0x00007ffa5d845000 	C:\WINDOWS\System32\gdi32full.dll
0x00007ffa5d620000 - 0x00007ffa5d6bd000 	C:\WINDOWS\System32\msvcp_win.dll
0x00007ffa505b0000 - 0x00007ffa505c9000 	C:\Users\Oscar Carpio\Desktop\sts-4.18.0.RELEASE\plugins\org.eclipse.justj.openjdk.hotspot.jre.full.win32.x86_64_17.0.6.v20230204-1729\jre\bin\VCRUNTIME140.dll
0x00007ffa4c030000 - 0x00007ffa4c2ca000 	C:\WINDOWS\WinSxS\amd64_microsoft.windows.common-controls_6595b64144ccf1df_6.0.19041.1110_none_60b5254171f9507e\COMCTL32.dll
0x00007ffa5da70000 - 0x00007ffa5db0e000 	C:\WINDOWS\System32\msvcrt.dll
0x00007ffa5f100000 - 0x00007ffa5f130000 	C:\WINDOWS\System32\IMM32.DLL
0x00007ffa58a30000 - 0x00007ffa58a3c000 	C:\Users\Oscar Carpio\Desktop\sts-4.18.0.RELEASE\plugins\org.eclipse.justj.openjdk.hotspot.jre.full.win32.x86_64_17.0.6.v20230204-1729\jre\bin\vcruntime140_1.dll
0x00007ffa27e10000 - 0x00007ffa27ea1000 	C:\Users\Oscar Carpio\Desktop\sts-4.18.0.RELEASE\plugins\org.eclipse.justj.openjdk.hotspot.jre.full.win32.x86_64_17.0.6.v20230204-1729\jre\bin\msvcp140.dll
0x00007ffa18920000 - 0x00007ffa19567000 	C:\Users\Oscar Carpio\Desktop\sts-4.18.0.RELEASE\plugins\org.eclipse.justj.openjdk.hotspot.jre.full.win32.x86_64_17.0.6.v20230204-1729\jre\bin\server\jvm.dll
0x00007ffa5e0c0000 - 0x00007ffa5e16f000 	C:\WINDOWS\System32\ADVAPI32.dll
0x00007ffa5f400000 - 0x00007ffa5f49c000 	C:\WINDOWS\System32\sechost.dll
0x00007ffa5f5d0000 - 0x00007ffa5f6f6000 	C:\WINDOWS\System32\RPCRT4.dll
0x00007ffa49820000 - 0x00007ffa49829000 	C:\WINDOWS\SYSTEM32\WSOCK32.dll
0x00007ffa5f4d0000 - 0x00007ffa5f53b000 	C:\WINDOWS\System32\WS2_32.dll
0x00007ffa53590000 - 0x00007ffa535b7000 	C:\WINDOWS\SYSTEM32\WINMM.dll
0x00007ffa556b0000 - 0x00007ffa556ba000 	C:\WINDOWS\SYSTEM32\VERSION.dll
0x00007ffa5ae80000 - 0x00007ffa5ae92000 	C:\WINDOWS\SYSTEM32\kernel.appcore.dll
0x00007ffa589d0000 - 0x00007ffa589da000 	C:\Users\Oscar Carpio\Desktop\sts-4.18.0.RELEASE\plugins\org.eclipse.justj.openjdk.hotspot.jre.full.win32.x86_64_17.0.6.v20230204-1729\jre\bin\jimage.dll
0x00007ffa55ed0000 - 0x00007ffa560b4000 	C:\WINDOWS\SYSTEM32\DBGHELP.DLL
0x00007ffa4bc10000 - 0x00007ffa4bc44000 	C:\WINDOWS\SYSTEM32\dbgcore.DLL
0x00007ffa5d8d0000 - 0x00007ffa5d952000 	C:\WINDOWS\System32\bcryptPrimitives.dll
0x00007ffa3a480000 - 0x00007ffa3a4a5000 	C:\Users\Oscar Carpio\Desktop\sts-4.18.0.RELEASE\plugins\org.eclipse.justj.openjdk.hotspot.jre.full.win32.x86_64_17.0.6.v20230204-1729\jre\bin\java.dll
0x00007ffa3a460000 - 0x00007ffa3a478000 	C:\Users\Oscar Carpio\Desktop\sts-4.18.0.RELEASE\plugins\org.eclipse.justj.openjdk.hotspot.jre.full.win32.x86_64_17.0.6.v20230204-1729\jre\bin\zip.dll
0x00007ffa5e170000 - 0x00007ffa5e8b4000 	C:\WINDOWS\System32\SHELL32.dll
0x00007ffa5b080000 - 0x00007ffa5b813000 	C:\WINDOWS\SYSTEM32\windows.storage.dll
0x00007ffa5eb10000 - 0x00007ffa5ee64000 	C:\WINDOWS\System32\combase.dll
0x00007ffa5c980000 - 0x00007ffa5c9ae000 	C:\WINDOWS\SYSTEM32\Wldp.dll
0x00007ffa5f700000 - 0x00007ffa5f7ad000 	C:\WINDOWS\System32\SHCORE.dll
0x00007ffa5f130000 - 0x00007ffa5f185000 	C:\WINDOWS\System32\shlwapi.dll
0x00007ffa5cf50000 - 0x00007ffa5cf6f000 	C:\WINDOWS\SYSTEM32\profapi.dll
0x00007ffa39a80000 - 0x00007ffa39a99000 	C:\Users\Oscar Carpio\Desktop\sts-4.18.0.RELEASE\plugins\org.eclipse.justj.openjdk.hotspot.jre.full.win32.x86_64_17.0.6.v20230204-1729\jre\bin\net.dll
0x00007ffa548b0000 - 0x00007ffa549ba000 	C:\WINDOWS\SYSTEM32\WINHTTP.dll
0x00007ffa5c6e0000 - 0x00007ffa5c74a000 	C:\WINDOWS\system32\mswsock.dll
0x00007ffa38df0000 - 0x00007ffa38e05000 	C:\Users\Oscar Carpio\Desktop\sts-4.18.0.RELEASE\plugins\org.eclipse.justj.openjdk.hotspot.jre.full.win32.x86_64_17.0.6.v20230204-1729\jre\bin\nio.dll

dbghelp: loaded successfully - version: 4.0.5 - missing functions: none
symbol engine: initialized successfully - sym options: 0x614 - pdb path: .;C:\Users\Oscar Carpio\Desktop\sts-4.18.0.RELEASE\plugins\org.eclipse.justj.openjdk.hotspot.jre.full.win32.x86_64_17.0.6.v20230204-1729\jre\bin;C:\WINDOWS\SYSTEM32;C:\WINDOWS\WinSxS\amd64_microsoft.windows.common-controls_6595b64144ccf1df_6.0.19041.1110_none_60b5254171f9507e;C:\Users\Oscar Carpio\Desktop\sts-4.18.0.RELEASE\plugins\org.eclipse.justj.openjdk.hotspot.jre.full.win32.x86_64_17.0.6.v20230204-1729\jre\bin\server

VM Arguments:
jvm_args: -Dcom.sun.management.jmxremote -Dcom.sun.management.jmxremote.port=50080 -Dcom.sun.management.jmxremote.authenticate=false -Dcom.sun.management.jmxremote.ssl=false -Djava.rmi.server.hostname=localhost -Dspring.jmx.enabled=true -Dmanagement.endpoints.jmx.exposure.include=* -Dspring.application.admin.enabled=true -XX:TieredStopAtLevel=1 -Dspring.boot.project.name=tickchecktingAPI -Dfile.encoding=windows-1252 -XX:+ShowCodeDetailsInExceptionMessages 
java_command: com.ncapas.tickcheckting.TickchecktingApiApplication --spring.output.ansi.enabled=always
java_class_path (initial): C:\Users\Oscar Carpio\Desktop\Proyecto-NCapas\tickchecktingAPI\bin\main;C:\Users\Oscar Carpio\.gradle\caches\modules-2\files-2.1\org.projectlombok\lombok\1.18.26\8f8cf0372abf564913e9796623aac4c8ea44025a\lombok-1.18.26.jar;C:\Users\Oscar Carpio\.gradle\caches\modules-2\files-2.1\org.springframework.boot\spring-boot-starter-data-jpa\3.0.6\d0b6b836a6e3a223a92e6594c2d8c5f0a7cccec\spring-boot-starter-data-jpa-3.0.6.jar;C:\Users\Oscar Carpio\.gradle\caches\modules-2\files-2.1\org.springframework.boot\spring-boot-starter-validation\3.0.6\d5933e79435cd9459be59f297e207caa0deb01f6\spring-boot-starter-validation-3.0.6.jar;C:\Users\Oscar Carpio\.gradle\caches\modules-2\files-2.1\org.springframework.boot\spring-boot-starter-web\3.0.6\7c6597cae584c359d7e4ddea6e006176e0c15936\spring-boot-starter-web-3.0.6.jar;C:\Users\Oscar Carpio\.gradle\caches\modules-2\files-2.1\org.springframework.boot\spring-boot-starter-security\3.0.6\e9f3c6cf299f1dd967f5a7fbca7815183c4ba4b1\spring-boot-starter-security-3.0.6.jar;C:\Users\Oscar Carpio\.gradle\caches\modules-2\files-2.1\io.jsonwebtoken\jjwt-impl\0.11.5\40a599f0e8a8e4e0701596fbb15e67bfda64fdf0\jjwt-impl-0.11.5.jar;C:\Users\Oscar Carpio\.gradle\caches\modules-2\files-2.1\io.jsonwebtoken\jjwt-jackson\0.11.5\3b83a06809e98a69402d7333dcf67df6f6ea4579\jjwt-jackson-0.11.5.jar;C:\Users\Oscar Carpio\.gradle\caches\modules-2\files-2.1\io.jsonwebtoken\jjwt-api\0.11.5\f742940045619d06383e7df37b21ac422b476cf1\jjwt-api-0.11.5.jar;C:\Users\Oscar Carpio\.gradle\caches\modules-2\files-2.1\org.springframework.boot\spring-boot-starter-aop\3.0.6\bb39de062db9b7b7a277e6c026ed5ac45f544fc8\spring-boot-starter-aop-3.0.6.jar;C:\Users\Oscar Carpio\.gradle\caches\modules-2\files-2.1\org.springframework.boot\spring-boot-starter-jdbc\3.0.6\672661f4a90a9479170fba058a88892dac5ba69c\spring-boot-starter-jdbc-3.0.6.jar;C:\Users\Oscar Carpio\.gradle\caches\modules-2\files-2.1\org.hibernate.orm\hibernate-core\6.1.7.Final\343f47b34c96fe9c44bf9b219a7b3c
Launcher Type: SUN_STANDARD

[Global flags]
     intx CICompilerCount                          = 3                                         {product} {ergonomic}
     uint ConcGCThreads                            = 1                                         {product} {ergonomic}
     uint G1ConcRefinementThreads                  = 4                                         {product} {ergonomic}
   size_t G1HeapRegionSize                         = 1048576                                   {product} {ergonomic}
    uintx GCDrainStackTargetSize                   = 64                                        {product} {ergonomic}
   size_t InitialHeapSize                          = 117440512                                 {product} {ergonomic}
     bool ManagementServer                         = true                                      {product} {command line}
   size_t MarkStackSize                            = 4194304                                   {product} {ergonomic}
   size_t MaxHeapSize                              = 1851785216                                {product} {ergonomic}
   size_t MaxNewSize                               = 1110441984                                {product} {ergonomic}
   size_t MinHeapDeltaBytes                        = 1048576                                   {product} {ergonomic}
   size_t MinHeapSize                              = 8388608                                   {product} {ergonomic}
    uintx NonProfiledCodeHeapSize                  = 0                                      {pd product} {ergonomic}
     bool ProfileInterpreter                       = false                                  {pd product} {command line}
    uintx ProfiledCodeHeapSize                     = 0                                      {pd product} {ergonomic}
     bool ShowCodeDetailsInExceptionMessages       = true                                   {manageable} {command line}
   size_t SoftMaxHeapSize                          = 1851785216                             {manageable} {ergonomic}
     intx TieredStopAtLevel                        = 1                                         {product} {command line}
     bool UseCompressedClassPointers               = true                           {product lp64_product} {ergonomic}
     bool UseCompressedOops                        = true                           {product lp64_product} {ergonomic}
     bool UseG1GC                                  = true                                      {product} {ergonomic}
     bool UseLargePagesIndividualAllocation        = false                                  {pd product} {ergonomic}

Logging:
Log output configuration:
 #0: stdout all=warning uptime,level,tags
 #1: stderr all=off uptime,level,tags

Environment Variables:
PATH=C:/Users/Oscar Carpio/Desktop/sts-4.18.0.RELEASE//plugins/org.eclipse.justj.openjdk.hotspot.jre.full.win32.x86_64_17.0.6.v20230204-1729/jre/bin/server;C:/Users/Oscar Carpio/Desktop/sts-4.18.0.RELEASE//plugins/org.eclipse.justj.openjdk.hotspot.jre.full.win32.x86_64_17.0.6.v20230204-1729/jre/bin;C:\Program Files\Common Files\Oracle\Java\javapath;C:\Python310\Scripts\;C:\Python310\;C:\Oracle\WINDOWS.X64_193000_db_home\bin;C:\WINDOWS\system32;C:\WINDOWS;C:\WINDOWS\System32\Wbem;C:\WINDOWS\System32\WindowsPowerShell\v1.0\;C:\WINDOWS\System32\OpenSSH\;C:\Program Files\dotnet\;C:\Program Files\Git\cmd;C:\ProgramData\chocolatey\bin;C:\Program Files\nodejs\;C:\NASM;C:\MinGW\bin;C:\Program Files (x86)\DOSBox-0.74-3;C:\Users\Oscar Carpio\Desktop\vckp\vcpkg;C:\Users\Oscar Carpio\AppData\Local\Microsoft\WindowsApps;C:\Program Files\JetBrains\JetBrains Rider 2021.1.2\bin;;C:\Program Files\Azure Data Studio\bin;C:\Users\Oscar Carpio\AppData\Roaming\npm;C:\Program Files\MongoDB\Server\5.0\bin;C:\Users\Oscar Carpio\.dotnet\tools;C:\Program Files\heroku\bin;C:\MinGW\bin;C:\Microsoft VS Code\bin;C:\Users\Oscar Carpio\Desktop\sts-4.18.0.RELEASE;
USERNAME=Oscar Carpio
OS=Windows_NT
PROCESSOR_IDENTIFIER=AMD64 Family 23 Model 17 Stepping 0, AuthenticAMD
TMP=C:\Users\OSCARC~1\AppData\Local\Temp
TEMP=C:\Users\OSCARC~1\AppData\Local\Temp



---------------  S Y S T E M  ---------------

OS:
 Windows 10 , 64 bit Build 19041 (10.0.19041.3031)
OS uptime: 0 days 22:11 hours
Hyper-V role detected

CPU: total 4 (initial active 4) (4 cores per cpu, 2 threads per core) family 23 model 17 stepping 0 microcode 0x0, cx8, cmov, fxsr, ht, mmx, 3dnowpref, sse, sse2, sse3, ssse3, sse4a, sse4.1, sse4.2, popcnt, lzcnt, tsc, tscinvbit, avx, avx2, aes, clmul, bmi1, bmi2, adx, sha, fma, vzeroupper, clflush, clflushopt, hv

Memory: 4k page, system-wide physical 7061M (1059M free)
TotalPageFile size 8061M (AvailPageFile size 4M)
current process WorkingSet (physical memory assigned to process): 31M, peak: 31M
current process commit charge ("private bytes"): 174M, peak: 174M

vm_info: OpenJDK 64-Bit Server VM (17.0.6+10) for windows-amd64 JRE (17.0.6+10), built on Jan 18 2023 10:08:59 by "temurin" with MS VC++ 16.7 (VS2019)

END.
