#
# There is insufficient memory for the Java Runtime Environment to continue.
# Native memory allocation (mmap) failed to map 65536 bytes for Failed to commit metaspace.
# Possible reasons:
#   The system is out of physical RAM or swap space
#   The process is running with CompressedOops enabled, and the Java Heap may be blocking the growth of the native heap
# Possible solutions:
#   Reduce memory load on the system
#   Increase physical memory or swap space
#   Check if swap backing store is full
#   Decrease Java heap size (-Xmx/-Xms)
#   Decrease number of Java threads
#   Decrease Java thread stack sizes (-Xss)
#   Set larger code cache with -XX:ReservedCodeCacheSize=
#   JVM is running with Unscaled Compressed Oops mode in which the Java heap is
#     placed in the first 4GB address space. The Java Heap base address is the
#     maximum limit for the native heap growth. Please use -XX:HeapBaseMinAddress
#     to set the Java Heap base and to place the Java Heap above 4GB virtual address.
# This output file may be truncated or incomplete.
#
#  Out of Memory Error (virtualSpaceNode.cpp:110), pid=10788, tid=3392
#
# JRE version: OpenJDK Runtime Environment Temurin-17.0.6+10 (17.0.6+10) (build 17.0.6+10)
# Java VM: OpenJDK 64-Bit Server VM Temurin-17.0.6+10 (17.0.6+10, mixed mode, emulated-client, tiered, compressed oops, compressed class ptrs, g1 gc, windows-amd64)
# No core dump will be written. Minidumps are not enabled by default on client versions of Windows
#

---------------  S U M M A R Y ------------

Command Line: -Dcom.sun.management.jmxremote -Dcom.sun.management.jmxremote.port=54411 -Dcom.sun.management.jmxremote.authenticate=false -Dcom.sun.management.jmxremote.ssl=false -Djava.rmi.server.hostname=localhost -Dspring.jmx.enabled=true -Dmanagement.endpoints.jmx.exposure.include=* -Dspring.application.admin.enabled=true -XX:TieredStopAtLevel=1 -Dspring.boot.project.name=tickchecktingAPI -Dfile.encoding=windows-1252 -XX:+ShowCodeDetailsInExceptionMessages com.ncapas.tickcheckting.TickchecktingApiApplication --spring.output.ansi.enabled=always

Host: AMD Ryzen 3 2200U with Radeon Vega Mobile Gfx  , 4 cores, 6G,  Windows 10 , 64 bit Build 19041 (10.0.19041.3031)
Time: Thu Jun 29 12:34:05 2023 Hora estándar, América Central elapsed time: 1.892908 seconds (0d 0h 0m 1s)

---------------  T H R E A D  ---------------

Current thread (0x000001f6f77f1fa0):  JavaThread "main" [_thread_in_vm, id=3392, stack(0x000000403eb00000,0x000000403ec00000)]

Stack: [0x000000403eb00000,0x000000403ec00000]
Native frames: (J=compiled Java code, j=interpreted, Vv=VM code, C=native code)
V  [jvm.dll+0x67741a]
V  [jvm.dll+0x834434]
V  [jvm.dll+0x835bde]
V  [jvm.dll+0x836243]
V  [jvm.dll+0x2457b5]
V  [jvm.dll+0x8304cb]
V  [jvm.dll+0x61bca6]
V  [jvm.dll+0x61bd0a]
V  [jvm.dll+0x61e52a]
V  [jvm.dll+0x61c646]
V  [jvm.dll+0x24320c]
V  [jvm.dll+0x6cd84d]
V  [jvm.dll+0x6ce27f]
V  [jvm.dll+0x36fd73]
V  [jvm.dll+0x36fbe6]
V  [jvm.dll+0x36ef52]
V  [jvm.dll+0x36eef8]
V  [jvm.dll+0x4130a4]
C  [java.dll+0x13e9]

Java frames: (J=compiled Java code, j=interpreted, Vv=VM code)
j  java.lang.Class.forName0(Ljava/lang/String;ZLjava/lang/ClassLoader;Ljava/lang/Class;)Ljava/lang/Class;+0 java.base@17.0.6
j  java.lang.Class.forName(Ljava/lang/String;)Ljava/lang/Class;+11 java.base@17.0.6
j  sun.util.locale.provider.LocaleProviderAdapter.forType(Lsun/util/locale/provider/LocaleProviderAdapter$Type;)Lsun/util/locale/provider/LocaleProviderAdapter;+65 java.base@17.0.6
j  sun.util.locale.provider.LocaleProviderAdapter.findAdapter(Ljava/lang/Class;Ljava/util/Locale;)Lsun/util/locale/provider/LocaleProviderAdapter;+29 java.base@17.0.6
j  sun.util.locale.provider.LocaleProviderAdapter.getAdapter(Ljava/lang/Class;Ljava/util/Locale;)Lsun/util/locale/provider/LocaleProviderAdapter;+55 java.base@17.0.6
j  java.text.DecimalFormatSymbols.getInstance(Ljava/util/Locale;)Ljava/text/DecimalFormatSymbols;+3 java.base@17.0.6
j  java.util.Formatter.zero()C+35 java.base@17.0.6
j  java.util.Formatter$FormatSpecifier.getZero(Ljava/util/Locale;)C+32 java.base@17.0.6
j  java.util.Formatter$FormatSpecifier.localizedMagnitude(Ljava/lang/StringBuilder;Ljava/lang/CharSequence;ILjava/util/Formatter$Flags;ILjava/util/Locale;)Ljava/lang/StringBuilder;+21 java.base@17.0.6
j  java.util.Formatter$FormatSpecifier.print(JLjava/util/Locale;)V+82 java.base@17.0.6
j  java.util.Formatter$FormatSpecifier.print(ILjava/util/Locale;)V+55 java.base@17.0.6
j  java.util.Formatter$FormatSpecifier.printInteger(Ljava/lang/Object;Ljava/util/Locale;)V+74 java.base@17.0.6
j  java.util.Formatter$FormatSpecifier.print(Ljava/lang/Object;Ljava/util/Locale;)V+135 java.base@17.0.6
j  java.util.Formatter.format(Ljava/util/Locale;Ljava/lang/String;[Ljava/lang/Object;)Ljava/util/Formatter;+202 java.base@17.0.6
j  java.util.Formatter.format(Ljava/lang/String;[Ljava/lang/Object;)Ljava/util/Formatter;+7 java.base@17.0.6
j  java.lang.String.format(Ljava/lang/String;[Ljava/lang/Object;)Ljava/lang/String;+9 java.base@17.0.6
j  sun.management.jmxremote.ConnectorBootstrap.exportMBeanServer(Ljavax/management/MBeanServer;IIZZLjava/lang/String;[Ljava/lang/String;[Ljava/lang/String;ZZLjava/lang/String;Ljava/lang/String;ZLjava/lang/String;Ljava/lang/String;Ljava/lang/String;)Lsun/management/jmxremote/ConnectorBootstrap$JMXConnectorServerData;+546 jdk.management.agent@17.0.6
j  sun.management.jmxremote.ConnectorBootstrap.startRemoteConnectorServer(Ljava/lang/String;Ljava/util/Properties;)Ljavax/management/remote/JMXConnectorServer;+620 jdk.management.agent@17.0.6
j  jdk.internal.agent.Agent.startAgent(Ljava/util/Properties;)V+48 jdk.management.agent@17.0.6
j  jdk.internal.agent.Agent.startAgent()V+20 jdk.management.agent@17.0.6
v  ~StubRoutines::call_stub

---------------  P R O C E S S  ---------------

Threads class SMR info:
_java_thread_list=0x000001f6876f2690, length=14, elements={
0x000001f6f77f1fa0, 0x000001f686434ea0, 0x000001f686436c50, 0x000001f68647fa90,
0x000001f686480810, 0x000001f686484250, 0x000001f686484b10, 0x000001f686485880,
0x000001f68704e9a0, 0x000001f6863ce490, 0x000001f687180050, 0x000001f6871e62d0,
0x000001f6877d0a90, 0x000001f68770e170
}

Java Threads: ( => current thread )
=>0x000001f6f77f1fa0 JavaThread "main" [_thread_in_vm, id=3392, stack(0x000000403eb00000,0x000000403ec00000)]
  0x000001f686434ea0 JavaThread "Reference Handler" daemon [_thread_blocked, id=10096, stack(0x000000403f200000,0x000000403f300000)]
  0x000001f686436c50 JavaThread "Finalizer" daemon [_thread_blocked, id=9388, stack(0x000000403f300000,0x000000403f400000)]
  0x000001f68647fa90 JavaThread "Signal Dispatcher" daemon [_thread_blocked, id=6316, stack(0x000000403f400000,0x000000403f500000)]
  0x000001f686480810 JavaThread "Attach Listener" daemon [_thread_blocked, id=8188, stack(0x000000403f500000,0x000000403f600000)]
  0x000001f686484250 JavaThread "Service Thread" daemon [_thread_blocked, id=1980, stack(0x000000403f600000,0x000000403f700000)]
  0x000001f686484b10 JavaThread "Monitor Deflation Thread" daemon [_thread_blocked, id=8296, stack(0x000000403f700000,0x000000403f800000)]
  0x000001f686485880 JavaThread "C1 CompilerThread0" daemon [_thread_blocked, id=2204, stack(0x000000403f800000,0x000000403f900000)]
  0x000001f68704e9a0 JavaThread "Sweeper thread" daemon [_thread_blocked, id=10888, stack(0x000000403f900000,0x000000403fa00000)]
  0x000001f6863ce490 JavaThread "Common-Cleaner" daemon [_thread_blocked, id=10044, stack(0x000000403fa00000,0x000000403fb00000)]
  0x000001f687180050 JavaThread "C1 CompilerThread1" daemon [_thread_blocked, id=8556, stack(0x000000403fb00000,0x000000403fc00000)]
  0x000001f6871e62d0 JavaThread "Notification Thread" daemon [_thread_blocked, id=3704, stack(0x000000403fc00000,0x000000403fd00000)]
  0x000001f6877d0a90 JavaThread "C1 CompilerThread2" daemon [_thread_blocked, id=6216, stack(0x000000403fd00000,0x000000403fe00000)]
  0x000001f68770e170 JavaThread "RMI TCP Accept-0" daemon [_thread_in_native, id=3428, stack(0x000000403fe00000,0x000000403ff00000)]

Other Threads:
  0x000001f68642e5f0 VMThread "VM Thread" [stack: 0x000000403f100000,0x000000403f200000] [id=3688]
  0x000001f6f7845880 GCTaskThread "GC Thread#0" [stack: 0x000000403ec00000,0x000000403ed00000] [id=6328]
  0x000001f6f7854390 ConcurrentGCThread "G1 Main Marker" [stack: 0x000000403ed00000,0x000000403ee00000] [id=5352]
  0x000001f6f7855cc0 ConcurrentGCThread "G1 Conc#0" [stack: 0x000000403ee00000,0x000000403ef00000] [id=12148]
  0x000001f6862a0090 ConcurrentGCThread "G1 Refine#0" [stack: 0x000000403ef00000,0x000000403f000000] [id=4524]
  0x000001f6862a09c0 ConcurrentGCThread "G1 Service" [stack: 0x000000403f000000,0x000000403f100000] [id=4312]

Threads with active compile tasks:

VM state: not at safepoint (normal execution)

VM Mutex/Monitor currently owned by a thread:  ([mutex/lock_event])
[0x000001f6f77ec4a0] Metaspace_lock - owner thread: 0x000001f6f77f1fa0

OutOfMemory and StackOverflow Exception counts:
StackOverflowErrors=1
LinkageErrors=9

Heap address: 0x0000000091a00000, size: 1766 MB, Compressed Oops mode: 32-bit

CDS archive(s) not mapped
Compressed class space mapped at: 0x0000000100000000-0x0000000140000000, reserved size: 1073741824
Narrow klass base: 0x0000000000000000, Narrow klass shift: 3, Narrow klass range: 0x140000000

GC Precious Log:
 CPUs: 4 total, 4 available
 Memory: 7061M
 Large Page Support: Disabled
 NUMA Support: Disabled
 Compressed Oops: Enabled (32-bit)
 Heap Region Size: 1M
 Heap Min Capacity: 8M
 Heap Initial Capacity: 112M
 Heap Max Capacity: 1766M
 Pre-touch: Disabled
 Parallel Workers: 4
 Concurrent Workers: 1
 Concurrent Refinement Workers: 4
 Periodic GC: Disabled

Heap:
 garbage-first heap   total 114688K, used 11264K [0x0000000091a00000, 0x0000000100000000)
  region size 1024K, 12 young (12288K), 0 survivors (0K)
 Metaspace       used 11721K, committed 11904K, reserved 1064960K
  class space    used 1178K, committed 1280K, reserved 1048576K

Heap Regions: E=young(eden), S=young(survivor), O=old, HS=humongous(starts), HC=humongous(continues), CS=collection set, F=free, OA=open archive, CA=closed archive, TAMS=top-at-mark-start (previous, next)
|   0|0x0000000091a00000, 0x0000000091b00000, 0x0000000091b00000|100%|HS|  |TAMS 0x0000000091a00000, 0x0000000091a00000| Complete 
|   1|0x0000000091b00000, 0x0000000091b00000, 0x0000000091c00000|  0%| F|  |TAMS 0x0000000091b00000, 0x0000000091b00000| Untracked 
|   2|0x0000000091c00000, 0x0000000091c00000, 0x0000000091d00000|  0%| F|  |TAMS 0x0000000091c00000, 0x0000000091c00000| Untracked 
|   3|0x0000000091d00000, 0x0000000091d00000, 0x0000000091e00000|  0%| F|  |TAMS 0x0000000091d00000, 0x0000000091d00000| Untracked 
|   4|0x0000000091e00000, 0x0000000091e00000, 0x0000000091f00000|  0%| F|  |TAMS 0x0000000091e00000, 0x0000000091e00000| Untracked 
|   5|0x0000000091f00000, 0x0000000091f00000, 0x0000000092000000|  0%| F|  |TAMS 0x0000000091f00000, 0x0000000091f00000| Untracked 
|   6|0x0000000092000000, 0x0000000092000000, 0x0000000092100000|  0%| F|  |TAMS 0x0000000092000000, 0x0000000092000000| Untracked 
|   7|0x0000000092100000, 0x0000000092100000, 0x0000000092200000|  0%| F|  |TAMS 0x0000000092100000, 0x0000000092100000| Untracked 
|   8|0x0000000092200000, 0x0000000092200000, 0x0000000092300000|  0%| F|  |TAMS 0x0000000092200000, 0x0000000092200000| Untracked 
|   9|0x0000000092300000, 0x0000000092300000, 0x0000000092400000|  0%| F|  |TAMS 0x0000000092300000, 0x0000000092300000| Untracked 
|  10|0x0000000092400000, 0x0000000092400000, 0x0000000092500000|  0%| F|  |TAMS 0x0000000092400000, 0x0000000092400000| Untracked 
|  11|0x0000000092500000, 0x0000000092500000, 0x0000000092600000|  0%| F|  |TAMS 0x0000000092500000, 0x0000000092500000| Untracked 
|  12|0x0000000092600000, 0x0000000092600000, 0x0000000092700000|  0%| F|  |TAMS 0x0000000092600000, 0x0000000092600000| Untracked 
|  13|0x0000000092700000, 0x0000000092700000, 0x0000000092800000|  0%| F|  |TAMS 0x0000000092700000, 0x0000000092700000| Untracked 
|  14|0x0000000092800000, 0x0000000092800000, 0x0000000092900000|  0%| F|  |TAMS 0x0000000092800000, 0x0000000092800000| Untracked 
|  15|0x0000000092900000, 0x0000000092900000, 0x0000000092a00000|  0%| F|  |TAMS 0x0000000092900000, 0x0000000092900000| Untracked 
|  16|0x0000000092a00000, 0x0000000092a00000, 0x0000000092b00000|  0%| F|  |TAMS 0x0000000092a00000, 0x0000000092a00000| Untracked 
|  17|0x0000000092b00000, 0x0000000092b00000, 0x0000000092c00000|  0%| F|  |TAMS 0x0000000092b00000, 0x0000000092b00000| Untracked 
|  18|0x0000000092c00000, 0x0000000092c00000, 0x0000000092d00000|  0%| F|  |TAMS 0x0000000092c00000, 0x0000000092c00000| Untracked 
|  19|0x0000000092d00000, 0x0000000092d00000, 0x0000000092e00000|  0%| F|  |TAMS 0x0000000092d00000, 0x0000000092d00000| Untracked 
|  20|0x0000000092e00000, 0x0000000092e00000, 0x0000000092f00000|  0%| F|  |TAMS 0x0000000092e00000, 0x0000000092e00000| Untracked 
|  21|0x0000000092f00000, 0x0000000092f00000, 0x0000000093000000|  0%| F|  |TAMS 0x0000000092f00000, 0x0000000092f00000| Untracked 
|  22|0x0000000093000000, 0x0000000093000000, 0x0000000093100000|  0%| F|  |TAMS 0x0000000093000000, 0x0000000093000000| Untracked 
|  23|0x0000000093100000, 0x0000000093100000, 0x0000000093200000|  0%| F|  |TAMS 0x0000000093100000, 0x0000000093100000| Untracked 
|  24|0x0000000093200000, 0x0000000093200000, 0x0000000093300000|  0%| F|  |TAMS 0x0000000093200000, 0x0000000093200000| Untracked 
|  25|0x0000000093300000, 0x0000000093300000, 0x0000000093400000|  0%| F|  |TAMS 0x0000000093300000, 0x0000000093300000| Untracked 
|  26|0x0000000093400000, 0x0000000093400000, 0x0000000093500000|  0%| F|  |TAMS 0x0000000093400000, 0x0000000093400000| Untracked 
|  27|0x0000000093500000, 0x0000000093500000, 0x0000000093600000|  0%| F|  |TAMS 0x0000000093500000, 0x0000000093500000| Untracked 
|  28|0x0000000093600000, 0x0000000093600000, 0x0000000093700000|  0%| F|  |TAMS 0x0000000093600000, 0x0000000093600000| Untracked 
|  29|0x0000000093700000, 0x0000000093700000, 0x0000000093800000|  0%| F|  |TAMS 0x0000000093700000, 0x0000000093700000| Untracked 
|  30|0x0000000093800000, 0x0000000093800000, 0x0000000093900000|  0%| F|  |TAMS 0x0000000093800000, 0x0000000093800000| Untracked 
|  31|0x0000000093900000, 0x0000000093900000, 0x0000000093a00000|  0%| F|  |TAMS 0x0000000093900000, 0x0000000093900000| Untracked 
|  32|0x0000000093a00000, 0x0000000093a00000, 0x0000000093b00000|  0%| F|  |TAMS 0x0000000093a00000, 0x0000000093a00000| Untracked 
|  33|0x0000000093b00000, 0x0000000093b00000, 0x0000000093c00000|  0%| F|  |TAMS 0x0000000093b00000, 0x0000000093b00000| Untracked 
|  34|0x0000000093c00000, 0x0000000093c00000, 0x0000000093d00000|  0%| F|  |TAMS 0x0000000093c00000, 0x0000000093c00000| Untracked 
|  35|0x0000000093d00000, 0x0000000093d00000, 0x0000000093e00000|  0%| F|  |TAMS 0x0000000093d00000, 0x0000000093d00000| Untracked 
|  36|0x0000000093e00000, 0x0000000093e00000, 0x0000000093f00000|  0%| F|  |TAMS 0x0000000093e00000, 0x0000000093e00000| Untracked 
|  37|0x0000000093f00000, 0x0000000093f00000, 0x0000000094000000|  0%| F|  |TAMS 0x0000000093f00000, 0x0000000093f00000| Untracked 
|  38|0x0000000094000000, 0x0000000094000000, 0x0000000094100000|  0%| F|  |TAMS 0x0000000094000000, 0x0000000094000000| Untracked 
|  39|0x0000000094100000, 0x0000000094100000, 0x0000000094200000|  0%| F|  |TAMS 0x0000000094100000, 0x0000000094100000| Untracked 
|  40|0x0000000094200000, 0x0000000094200000, 0x0000000094300000|  0%| F|  |TAMS 0x0000000094200000, 0x0000000094200000| Untracked 
|  41|0x0000000094300000, 0x0000000094300000, 0x0000000094400000|  0%| F|  |TAMS 0x0000000094300000, 0x0000000094300000| Untracked 
|  42|0x0000000094400000, 0x0000000094400000, 0x0000000094500000|  0%| F|  |TAMS 0x0000000094400000, 0x0000000094400000| Untracked 
|  43|0x0000000094500000, 0x0000000094500000, 0x0000000094600000|  0%| F|  |TAMS 0x0000000094500000, 0x0000000094500000| Untracked 
|  44|0x0000000094600000, 0x0000000094600000, 0x0000000094700000|  0%| F|  |TAMS 0x0000000094600000, 0x0000000094600000| Untracked 
|  45|0x0000000094700000, 0x0000000094700000, 0x0000000094800000|  0%| F|  |TAMS 0x0000000094700000, 0x0000000094700000| Untracked 
|  46|0x0000000094800000, 0x0000000094800000, 0x0000000094900000|  0%| F|  |TAMS 0x0000000094800000, 0x0000000094800000| Untracked 
|  47|0x0000000094900000, 0x0000000094900000, 0x0000000094a00000|  0%| F|  |TAMS 0x0000000094900000, 0x0000000094900000| Untracked 
|  48|0x0000000094a00000, 0x0000000094a00000, 0x0000000094b00000|  0%| F|  |TAMS 0x0000000094a00000, 0x0000000094a00000| Untracked 
|  49|0x0000000094b00000, 0x0000000094b00000, 0x0000000094c00000|  0%| F|  |TAMS 0x0000000094b00000, 0x0000000094b00000| Untracked 
|  50|0x0000000094c00000, 0x0000000094c00000, 0x0000000094d00000|  0%| F|  |TAMS 0x0000000094c00000, 0x0000000094c00000| Untracked 
|  51|0x0000000094d00000, 0x0000000094d00000, 0x0000000094e00000|  0%| F|  |TAMS 0x0000000094d00000, 0x0000000094d00000| Untracked 
|  52|0x0000000094e00000, 0x0000000094e00000, 0x0000000094f00000|  0%| F|  |TAMS 0x0000000094e00000, 0x0000000094e00000| Untracked 
|  53|0x0000000094f00000, 0x0000000094f00000, 0x0000000095000000|  0%| F|  |TAMS 0x0000000094f00000, 0x0000000094f00000| Untracked 
|  54|0x0000000095000000, 0x0000000095000000, 0x0000000095100000|  0%| F|  |TAMS 0x0000000095000000, 0x0000000095000000| Untracked 
|  55|0x0000000095100000, 0x0000000095100000, 0x0000000095200000|  0%| F|  |TAMS 0x0000000095100000, 0x0000000095100000| Untracked 
|  56|0x0000000095200000, 0x0000000095200000, 0x0000000095300000|  0%| F|  |TAMS 0x0000000095200000, 0x0000000095200000| Untracked 
|  57|0x0000000095300000, 0x0000000095300000, 0x0000000095400000|  0%| F|  |TAMS 0x0000000095300000, 0x0000000095300000| Untracked 
|  58|0x0000000095400000, 0x0000000095400000, 0x0000000095500000|  0%| F|  |TAMS 0x0000000095400000, 0x0000000095400000| Untracked 
|  59|0x0000000095500000, 0x0000000095500000, 0x0000000095600000|  0%| F|  |TAMS 0x0000000095500000, 0x0000000095500000| Untracked 
|  60|0x0000000095600000, 0x0000000095600000, 0x0000000095700000|  0%| F|  |TAMS 0x0000000095600000, 0x0000000095600000| Untracked 
|  61|0x0000000095700000, 0x0000000095700000, 0x0000000095800000|  0%| F|  |TAMS 0x0000000095700000, 0x0000000095700000| Untracked 
|  62|0x0000000095800000, 0x0000000095800000, 0x0000000095900000|  0%| F|  |TAMS 0x0000000095800000, 0x0000000095800000| Untracked 
|  63|0x0000000095900000, 0x0000000095900000, 0x0000000095a00000|  0%| F|  |TAMS 0x0000000095900000, 0x0000000095900000| Untracked 
|  64|0x0000000095a00000, 0x0000000095a00000, 0x0000000095b00000|  0%| F|  |TAMS 0x0000000095a00000, 0x0000000095a00000| Untracked 
|  65|0x0000000095b00000, 0x0000000095b00000, 0x0000000095c00000|  0%| F|  |TAMS 0x0000000095b00000, 0x0000000095b00000| Untracked 
|  66|0x0000000095c00000, 0x0000000095c00000, 0x0000000095d00000|  0%| F|  |TAMS 0x0000000095c00000, 0x0000000095c00000| Untracked 
|  67|0x0000000095d00000, 0x0000000095d00000, 0x0000000095e00000|  0%| F|  |TAMS 0x0000000095d00000, 0x0000000095d00000| Untracked 
|  68|0x0000000095e00000, 0x0000000095e00000, 0x0000000095f00000|  0%| F|  |TAMS 0x0000000095e00000, 0x0000000095e00000| Untracked 
|  69|0x0000000095f00000, 0x0000000095f00000, 0x0000000096000000|  0%| F|  |TAMS 0x0000000095f00000, 0x0000000095f00000| Untracked 
|  70|0x0000000096000000, 0x0000000096000000, 0x0000000096100000|  0%| F|  |TAMS 0x0000000096000000, 0x0000000096000000| Untracked 
|  71|0x0000000096100000, 0x0000000096100000, 0x0000000096200000|  0%| F|  |TAMS 0x0000000096100000, 0x0000000096100000| Untracked 
|  72|0x0000000096200000, 0x0000000096200000, 0x0000000096300000|  0%| F|  |TAMS 0x0000000096200000, 0x0000000096200000| Untracked 
|  73|0x0000000096300000, 0x0000000096300000, 0x0000000096400000|  0%| F|  |TAMS 0x0000000096300000, 0x0000000096300000| Untracked 
|  74|0x0000000096400000, 0x0000000096400000, 0x0000000096500000|  0%| F|  |TAMS 0x0000000096400000, 0x0000000096400000| Untracked 
|  75|0x0000000096500000, 0x0000000096500000, 0x0000000096600000|  0%| F|  |TAMS 0x0000000096500000, 0x0000000096500000| Untracked 
|  76|0x0000000096600000, 0x0000000096600000, 0x0000000096700000|  0%| F|  |TAMS 0x0000000096600000, 0x0000000096600000| Untracked 
|  77|0x0000000096700000, 0x0000000096700000, 0x0000000096800000|  0%| F|  |TAMS 0x0000000096700000, 0x0000000096700000| Untracked 
|  78|0x0000000096800000, 0x0000000096800000, 0x0000000096900000|  0%| F|  |TAMS 0x0000000096800000, 0x0000000096800000| Untracked 
|  79|0x0000000096900000, 0x0000000096900000, 0x0000000096a00000|  0%| F|  |TAMS 0x0000000096900000, 0x0000000096900000| Untracked 
|  80|0x0000000096a00000, 0x0000000096a00000, 0x0000000096b00000|  0%| F|  |TAMS 0x0000000096a00000, 0x0000000096a00000| Untracked 
|  81|0x0000000096b00000, 0x0000000096b00000, 0x0000000096c00000|  0%| F|  |TAMS 0x0000000096b00000, 0x0000000096b00000| Untracked 
|  82|0x0000000096c00000, 0x0000000096c00000, 0x0000000096d00000|  0%| F|  |TAMS 0x0000000096c00000, 0x0000000096c00000| Untracked 
|  83|0x0000000096d00000, 0x0000000096d00000, 0x0000000096e00000|  0%| F|  |TAMS 0x0000000096d00000, 0x0000000096d00000| Untracked 
|  84|0x0000000096e00000, 0x0000000096e00000, 0x0000000096f00000|  0%| F|  |TAMS 0x0000000096e00000, 0x0000000096e00000| Untracked 
|  85|0x0000000096f00000, 0x0000000096f00000, 0x0000000097000000|  0%| F|  |TAMS 0x0000000096f00000, 0x0000000096f00000| Untracked 
|  86|0x0000000097000000, 0x0000000097000000, 0x0000000097100000|  0%| F|  |TAMS 0x0000000097000000, 0x0000000097000000| Untracked 
|  87|0x0000000097100000, 0x0000000097100000, 0x0000000097200000|  0%| F|  |TAMS 0x0000000097100000, 0x0000000097100000| Untracked 
|  88|0x0000000097200000, 0x0000000097200000, 0x0000000097300000|  0%| F|  |TAMS 0x0000000097200000, 0x0000000097200000| Untracked 
|  89|0x0000000097300000, 0x0000000097300000, 0x0000000097400000|  0%| F|  |TAMS 0x0000000097300000, 0x0000000097300000| Untracked 
|  90|0x0000000097400000, 0x0000000097400000, 0x0000000097500000|  0%| F|  |TAMS 0x0000000097400000, 0x0000000097400000| Untracked 
|  91|0x0000000097500000, 0x0000000097500000, 0x0000000097600000|  0%| F|  |TAMS 0x0000000097500000, 0x0000000097500000| Untracked 
|  92|0x0000000097600000, 0x0000000097600000, 0x0000000097700000|  0%| F|  |TAMS 0x0000000097600000, 0x0000000097600000| Untracked 
|  93|0x0000000097700000, 0x0000000097700000, 0x0000000097800000|  0%| F|  |TAMS 0x0000000097700000, 0x0000000097700000| Untracked 
|  94|0x0000000097800000, 0x0000000097800000, 0x0000000097900000|  0%| F|  |TAMS 0x0000000097800000, 0x0000000097800000| Untracked 
|  95|0x0000000097900000, 0x0000000097900000, 0x0000000097a00000|  0%| F|  |TAMS 0x0000000097900000, 0x0000000097900000| Untracked 
|  96|0x0000000097a00000, 0x0000000097a00000, 0x0000000097b00000|  0%| F|  |TAMS 0x0000000097a00000, 0x0000000097a00000| Untracked 
|  97|0x0000000097b00000, 0x0000000097b00000, 0x0000000097c00000|  0%| F|  |TAMS 0x0000000097b00000, 0x0000000097b00000| Untracked 
|  98|0x0000000097c00000, 0x0000000097c00000, 0x0000000097d00000|  0%| F|  |TAMS 0x0000000097c00000, 0x0000000097c00000| Untracked 
|  99|0x0000000097d00000, 0x0000000097d00000, 0x0000000097e00000|  0%| F|  |TAMS 0x0000000097d00000, 0x0000000097d00000| Untracked 
| 100|0x0000000097e00000, 0x0000000097e43120, 0x0000000097f00000| 26%| E|  |TAMS 0x0000000097e00000, 0x0000000097e00000| Complete 
| 101|0x0000000097f00000, 0x0000000098000000, 0x0000000098000000|100%| E|CS|TAMS 0x0000000097f00000, 0x0000000097f00000| Complete 
| 102|0x0000000098000000, 0x0000000098100000, 0x0000000098100000|100%| E|CS|TAMS 0x0000000098000000, 0x0000000098000000| Complete 
| 103|0x0000000098100000, 0x0000000098200000, 0x0000000098200000|100%| E|CS|TAMS 0x0000000098100000, 0x0000000098100000| Complete 
| 104|0x0000000098200000, 0x0000000098300000, 0x0000000098300000|100%| E|CS|TAMS 0x0000000098200000, 0x0000000098200000| Complete 
| 105|0x0000000098300000, 0x0000000098400000, 0x0000000098400000|100%| E|CS|TAMS 0x0000000098300000, 0x0000000098300000| Complete 
| 106|0x0000000098400000, 0x0000000098500000, 0x0000000098500000|100%| E|  |TAMS 0x0000000098400000, 0x0000000098400000| Complete 
| 107|0x0000000098500000, 0x0000000098600000, 0x0000000098600000|100%| E|CS|TAMS 0x0000000098500000, 0x0000000098500000| Complete 
| 108|0x0000000098600000, 0x0000000098700000, 0x0000000098700000|100%| E|CS|TAMS 0x0000000098600000, 0x0000000098600000| Complete 
| 109|0x0000000098700000, 0x0000000098800000, 0x0000000098800000|100%| E|CS|TAMS 0x0000000098700000, 0x0000000098700000| Complete 
| 110|0x0000000098800000, 0x0000000098900000, 0x0000000098900000|100%| E|CS|TAMS 0x0000000098800000, 0x0000000098800000| Complete 
| 111|0x0000000098900000, 0x0000000098a00000, 0x0000000098a00000|100%| E|CS|TAMS 0x0000000098900000, 0x0000000098900000| Complete 

Card table byte_map: [0x000001f680000000,0x000001f680380000] _byte_map_base: 0x000001f67fb73000

Marking Bits (Prev, Next): (CMBitMap*) 0x000001f6f7845da0, (CMBitMap*) 0x000001f6f7845de0
 Prev Bits: [0x000001f680700000, 0x000001f682298000)
 Next Bits: [0x000001f6822a0000, 0x000001f683e38000)

Polling page: 0x000001f6f78b0000

Metaspace:

Usage:
  Non-class:     10.30 MB used.
      Class:      1.15 MB used.
       Both:     11.45 MB used.

Virtual space:
  Non-class space:       16.00 MB reserved,      10.38 MB ( 65%) committed,  2 nodes.
      Class space:        1.00 GB reserved,       1.25 MB ( <1%) committed,  1 nodes.
             Both:        1.02 GB reserved,      11.62 MB (  1%) committed. 

Chunk freelists:
   Non-Class:  1015.00 KB
       Class:  2.74 MB
        Both:  3.73 MB

MaxMetaspaceSize: unlimited
CompressedClassSpaceSize: 1.00 GB
Initial GC threshold: 21.00 MB
Current GC threshold: 21.00 MB
CDS: off
MetaspaceReclaimPolicy: balanced
 - commit_granule_bytes: 65536.
 - commit_granule_words: 8192.
 - virtual_space_node_default_size: 1048576.
 - enlarge_chunks_in_place: 1.
 - new_chunks_are_fully_committed: 0.
 - uncommit_free_chunks: 1.
 - use_allocation_guard: 0.
 - handle_deallocations: 1.


Internal statistics:

num_allocs_failed_limit: 0.
num_arena_births: 78.
num_arena_deaths: 0.
num_vsnodes_births: 3.
num_vsnodes_deaths: 0.
num_space_committed: 186.
num_space_uncommitted: 0.
num_chunks_returned_to_freelist: 0.
num_chunks_taken_from_freelist: 127.
num_chunk_merges: 0.
num_chunk_splits: 66.
num_chunks_enlarged: 29.
num_purges: 0.
num_inconsistent_stats: 0.

CodeCache: size=49152Kb used=3374Kb max_used=3374Kb free=45777Kb
 bounds [0x000001f6fc6a0000, 0x000001f6fc9f0000, 0x000001f6ff6a0000]
 total_blobs=1292 nmethods=865 adapters=353
 compilation: enabled
              stopped_count=0, restarted_count=0
 full_count=0

Compilation events (20 events):
Event: 1.877 Thread 0x000001f687180050  855       1       jdk.internal.reflect.ClassFileAssembler::emitConstantPoolUTF8 (50 bytes)
Event: 1.877 Thread 0x000001f687180050 nmethod 855 0x000001f6fc9e5190 code [0x000001f6fc9e5380, 0x000001f6fc9e5668]
Event: 1.877 Thread 0x000001f687180050  856       1       jdk.internal.reflect.ByteVectorImpl::getLength (7 bytes)
Event: 1.877 Thread 0x000001f686485880 nmethod 853 0x000001f6fc9e5910 code [0x000001f6fc9e5ac0, 0x000001f6fc9e5d78]
Event: 1.878 Thread 0x000001f687180050 nmethod 856 0x000001f6fc9e6010 code [0x000001f6fc9e61a0, 0x000001f6fc9e6278]
Event: 1.878 Thread 0x000001f6877d0a90 nmethod 854 0x000001f6fc9e6310 code [0x000001f6fc9e6500, 0x000001f6fc9e6a78]
Event: 1.878 Thread 0x000001f6877d0a90  857       1       jdk.internal.reflect.ByteVectorImpl::get (26 bytes)
Event: 1.879 Thread 0x000001f6877d0a90 nmethod 857 0x000001f6fc9e6f10 code [0x000001f6fc9e70a0, 0x000001f6fc9e71e8]
Event: 1.881 Thread 0x000001f6877d0a90  858       1       sun.invoke.util.VerifyAccess::isMemberAccessible (338 bytes)
Event: 1.882 Thread 0x000001f686485880  859       1       java.lang.invoke.BoundMethodHandle::<init> (32 bytes)
Event: 1.882 Thread 0x000001f686485880 nmethod 859 0x000001f6fc9e7310 code [0x000001f6fc9e74a0, 0x000001f6fc9e7588]
Event: 1.882 Thread 0x000001f6877d0a90 nmethod 858 0x000001f6fc9e7610 code [0x000001f6fc9e78e0, 0x000001f6fc9e8228]
Event: 1.885 Thread 0x000001f686485880  861       1       java.lang.invoke.VarHandleGuards::guard_LII_V (137 bytes)
Event: 1.885 Thread 0x000001f687180050  862       1       java.lang.invoke.VarHandleByteArrayAsInts$ArrayHandle::set (39 bytes)
Event: 1.885 Thread 0x000001f6877d0a90  863       1       jdk.internal.misc.Unsafe::putIntUnaligned (14 bytes)
Event: 1.885 Thread 0x000001f6877d0a90 nmethod 863 0x000001f6fc9e8a90 code [0x000001f6fc9e8c20, 0x000001f6fc9e8d38]
Event: 1.885 Thread 0x000001f6877d0a90  864       1       jdk.internal.misc.Unsafe::putIntUnaligned (79 bytes)
Event: 1.886 Thread 0x000001f6877d0a90 nmethod 864 0x000001f6fc9e8d90 code [0x000001f6fc9e8f40, 0x000001f6fc9e9128]
Event: 1.886 Thread 0x000001f687180050 nmethod 862 0x000001f6fc9e9490 code [0x000001f6fc9e9680, 0x000001f6fc9e9ad8]
Event: 1.888 Thread 0x000001f686485880 nmethod 861 0x000001f6fc9e9d90 code [0x000001f6fc9ea0a0, 0x000001f6fc9eafb8]

GC Heap History (0 events):
No events

Dll operation events (7 events):
Event: 0.018 Loaded shared library C:\Users\Oscar Carpio\Desktop\sts-4.18.0.RELEASE\plugins\org.eclipse.justj.openjdk.hotspot.jre.full.win32.x86_64_17.0.6.v20230204-1729\jre\bin\java.dll
Event: 0.599 Loaded shared library C:\Users\Oscar Carpio\Desktop\sts-4.18.0.RELEASE\plugins\org.eclipse.justj.openjdk.hotspot.jre.full.win32.x86_64_17.0.6.v20230204-1729\jre\bin\jimage.dll
Event: 0.638 Loaded shared library C:\Users\Oscar Carpio\Desktop\sts-4.18.0.RELEASE\plugins\org.eclipse.justj.openjdk.hotspot.jre.full.win32.x86_64_17.0.6.v20230204-1729\jre\bin\net.dll
Event: 0.642 Loaded shared library C:\Users\Oscar Carpio\Desktop\sts-4.18.0.RELEASE\plugins\org.eclipse.justj.openjdk.hotspot.jre.full.win32.x86_64_17.0.6.v20230204-1729\jre\bin\nio.dll
Event: 0.660 Loaded shared library C:\Users\Oscar Carpio\Desktop\sts-4.18.0.RELEASE\plugins\org.eclipse.justj.openjdk.hotspot.jre.full.win32.x86_64_17.0.6.v20230204-1729\jre\bin\zip.dll
Event: 0.935 Loaded shared library C:\Users\Oscar Carpio\Desktop\sts-4.18.0.RELEASE\plugins\org.eclipse.justj.openjdk.hotspot.jre.full.win32.x86_64_17.0.6.v20230204-1729\jre\bin\management.dll
Event: 0.977 Loaded shared library C:\Users\Oscar Carpio\Desktop\sts-4.18.0.RELEASE\plugins\org.eclipse.justj.openjdk.hotspot.jre.full.win32.x86_64_17.0.6.v20230204-1729\jre\bin\management_ext.dll

Deoptimization events (0 events):
No events

Classes unloaded (0 events):
No events

Classes redefined (0 events):
No events

Internal exceptions (11 events):
Event: 0.924 Thread 0x000001f6f77f1fa0 Exception <a 'java/lang/NoSuchMethodError'{0x00000000984e74b0}: 'java.lang.Object java.lang.invoke.DirectMethodHandle$Holder.invokeStaticInit(java.lang.Object)'> (0x00000000984e74b0) 
thrown [s\src\hotspot\share\interpreter\linkResolver.cpp, line 759]
Event: 0.991 Thread 0x000001f6f77f1fa0 Exception <a 'java/lang/NoSuchMethodError'{0x00000000983540f0}: 'int java.lang.invoke.DirectMethodHandle$Holder.invokeInterface(java.lang.Object, java.lang.Object)'> (0x00000000983540f0) 
thrown [s\src\hotspot\share\interpreter\linkResolver.cpp, line 759]
Event: 0.992 Thread 0x000001f6f77f1fa0 Exception <a 'java/lang/IncompatibleClassChangeError'{0x00000000983576f0}: Found class java.lang.Object, but interface was expected> (0x00000000983576f0) 
thrown [s\src\hotspot\share\interpreter\linkResolver.cpp, line 826]
Event: 1.000 Thread 0x000001f6f77f1fa0 Exception <a 'java/lang/NoSuchMethodError'{0x000000009835d2a0}: 'void java.lang.invoke.DirectMethodHandle$Holder.invokeStatic(java.lang.Object, java.lang.Object)'> (0x000000009835d2a0) 
thrown [s\src\hotspot\share\interpreter\linkResolver.cpp, line 759]
Event: 1.185 Thread 0x000001f6f77f1fa0 Exception <a 'java/lang/NoSuchMethodError'{0x000000009822b2e8}: 'int java.lang.invoke.DirectMethodHandle$Holder.invokeSpecial(java.lang.Object, java.lang.Object, java.lang.Object)'> (0x000000009822b2e8) 
thrown [s\src\hotspot\share\interpreter\linkResolver.cpp, line 759]
Event: 1.430 Thread 0x000001f6f77f1fa0 Exception <a 'java/lang/NoSuchMethodError'{0x00000000981364b8}: 'void java.lang.invoke.DirectMethodHandle$Holder.invokeStatic(java.lang.Object, java.lang.Object, java.lang.Object)'> (0x00000000981364b8) 
thrown [s\src\hotspot\share\interpreter\linkResolver.cpp, line 759]
Event: 1.536 Thread 0x000001f6f77f1fa0 Exception <a 'java/lang/NoSuchMethodError'{0x0000000098181090}: 'int java.lang.invoke.DirectMethodHandle$Holder.invokeSpecialIFC(java.lang.Object, java.lang.Object, java.lang.Object)'> (0x0000000098181090) 
thrown [s\src\hotspot\share\interpreter\linkResolver.cpp, line 759]
Event: 1.614 Thread 0x000001f6f77f1fa0 Exception <a 'java/lang/NoSuchMethodError'{0x000000009802f6d8}: 'java.lang.Object java.lang.invoke.DirectMethodHandle$Holder.invokeStaticInit(java.lang.Object, int, int, int, int)'> (0x000000009802f6d8) 
thrown [s\src\hotspot\share\interpreter\linkResolver.cpp, line 759]
Event: 1.823 Thread 0x000001f6f77f1fa0 Exception <a 'java/lang/NoSuchMethodError'{0x0000000097f27738}: 'java.lang.Object java.lang.invoke.DirectMethodHandle$Holder.invokeStaticInit(java.lang.Object, java.lang.Object, int, int, int, int)'> (0x0000000097f27738) 
thrown [s\src\hotspot\share\interpreter\linkResolver.cpp, line 759]
Event: 1.843 Thread 0x000001f6f77f1fa0 Exception <a 'java/lang/ClassNotFoundException'{0x0000000097f42e88}: javax/management/remote/rmi/RMIServerImpl_Skel> (0x0000000097f42e88) 
thrown [s\src\hotspot\share\classfile\systemDictionary.cpp, line 256]
Event: 1.884 Thread 0x000001f6877b8e10 Exception <a 'java/lang/StackOverflowError'{0x0000000097e00000}> (0x0000000097e00000) 
thrown [s\src\hotspot\share\interpreter\interpreterRuntime.cpp, line 374]

VM Operations (10 events):
Event: 0.550 Executing VM operation: HandshakeAllThreads
Event: 0.550 Executing VM operation: HandshakeAllThreads done
Event: 1.475 Executing VM operation: HandshakeAllThreads
Event: 1.475 Executing VM operation: HandshakeAllThreads done
Event: 1.475 Executing VM operation: Cleanup
Event: 1.476 Executing VM operation: Cleanup done
Event: 1.581 Executing VM operation: HandshakeAllThreads
Event: 1.581 Executing VM operation: HandshakeAllThreads done
Event: 1.843 Executing VM operation: HandshakeAllThreads
Event: 1.843 Executing VM operation: HandshakeAllThreads done

Events (20 events):
Event: 1.887 loading class java/lang/StackTraceElement$HashedModules
Event: 1.887 loading class java/lang/StackTraceElement$HashedModules done
Event: 1.887 Thread 0x000001f6877b8e10 Thread exited: 0x000001f6877b8e10
Event: 1.888 loading class java/text/DecimalFormatSymbols done
Event: 1.888 loading class java/text/spi/DecimalFormatSymbolsProvider
Event: 1.888 loading class java/util/spi/LocaleServiceProvider
Event: 1.888 loading class java/util/spi/LocaleServiceProvider done
Event: 1.888 loading class java/text/spi/DecimalFormatSymbolsProvider done
Event: 1.888 loading class sun/util/locale/provider/LocaleProviderAdapter
Event: 1.889 loading class sun/util/locale/provider/LocaleProviderAdapter done
Event: 1.889 loading class sun/util/locale/provider/LocaleProviderAdapter$Type
Event: 1.889 loading class sun/util/locale/provider/LocaleProviderAdapter$Type done
Event: 1.889 loading class sun/util/locale/provider/LocaleProviderAdapter$1
Event: 1.889 loading class sun/util/locale/provider/LocaleProviderAdapter$1 done
Event: 1.889 loading class sun/util/cldr/CLDRLocaleProviderAdapter
Event: 1.890 loading class sun/util/locale/provider/JRELocaleProviderAdapter
Event: 1.890 loading class sun/util/locale/provider/ResourceBundleBasedAdapter
Event: 1.890 loading class sun/util/locale/provider/ResourceBundleBasedAdapter done
Event: 1.890 loading class sun/util/locale/provider/JRELocaleProviderAdapter done
Event: 1.890 loading class sun/util/cldr/CLDRLocaleProviderAdapter done


Dynamic libraries:
0x00007ff687b00000 - 0x00007ff687b0e000 	C:\Users\Oscar Carpio\Desktop\sts-4.18.0.RELEASE\plugins\org.eclipse.justj.openjdk.hotspot.jre.full.win32.x86_64_17.0.6.v20230204-1729\jre\bin\javaw.exe
0x00007ffc91d30000 - 0x00007ffc91f28000 	C:\WINDOWS\SYSTEM32\ntdll.dll
0x00007ffc912a0000 - 0x00007ffc9135f000 	C:\WINDOWS\System32\KERNEL32.DLL
0x00007ffc8f410000 - 0x00007ffc8f706000 	C:\WINDOWS\System32\KERNELBASE.dll
0x00007ffc8f7b0000 - 0x00007ffc8f8b0000 	C:\WINDOWS\System32\ucrtbase.dll
0x00007ffc86e70000 - 0x00007ffc86e87000 	C:\Users\Oscar Carpio\Desktop\sts-4.18.0.RELEASE\plugins\org.eclipse.justj.openjdk.hotspot.jre.full.win32.x86_64_17.0.6.v20230204-1729\jre\bin\jli.dll
0x00007ffc90fa0000 - 0x00007ffc9113d000 	C:\WINDOWS\System32\USER32.dll
0x00007ffc8f990000 - 0x00007ffc8f9b2000 	C:\WINDOWS\System32\win32u.dll
0x00007ffc90840000 - 0x00007ffc9086c000 	C:\WINDOWS\System32\GDI32.dll
0x00007ffc8fc70000 - 0x00007ffc8fd85000 	C:\WINDOWS\System32\gdi32full.dll
0x00007ffc8f710000 - 0x00007ffc8f7ad000 	C:\WINDOWS\System32\msvcp_win.dll
0x00007ffc79030000 - 0x00007ffc79049000 	C:\Users\Oscar Carpio\Desktop\sts-4.18.0.RELEASE\plugins\org.eclipse.justj.openjdk.hotspot.jre.full.win32.x86_64_17.0.6.v20230204-1729\jre\bin\VCRUNTIME140.dll
0x00007ffc7d210000 - 0x00007ffc7d4aa000 	C:\WINDOWS\WinSxS\amd64_microsoft.windows.common-controls_6595b64144ccf1df_6.0.19041.1110_none_60b5254171f9507e\COMCTL32.dll
0x00007ffc90070000 - 0x00007ffc9010e000 	C:\WINDOWS\System32\msvcrt.dll
0x00007ffc91270000 - 0x00007ffc912a0000 	C:\WINDOWS\System32\IMM32.DLL
0x00007ffc81240000 - 0x00007ffc8124c000 	C:\Users\Oscar Carpio\Desktop\sts-4.18.0.RELEASE\plugins\org.eclipse.justj.openjdk.hotspot.jre.full.win32.x86_64_17.0.6.v20230204-1729\jre\bin\vcruntime140_1.dll
0x00007ffc741a0000 - 0x00007ffc74231000 	C:\Users\Oscar Carpio\Desktop\sts-4.18.0.RELEASE\plugins\org.eclipse.justj.openjdk.hotspot.jre.full.win32.x86_64_17.0.6.v20230204-1729\jre\bin\msvcp140.dll
0x00007ffc3cbf0000 - 0x00007ffc3d837000 	C:\Users\Oscar Carpio\Desktop\sts-4.18.0.RELEASE\plugins\org.eclipse.justj.openjdk.hotspot.jre.full.win32.x86_64_17.0.6.v20230204-1729\jre\bin\server\jvm.dll
0x00007ffc901e0000 - 0x00007ffc9028f000 	C:\WINDOWS\System32\ADVAPI32.dll
0x00007ffc91500000 - 0x00007ffc9159c000 	C:\WINDOWS\System32\sechost.dll
0x00007ffc90350000 - 0x00007ffc90476000 	C:\WINDOWS\System32\RPCRT4.dll
0x00007ffc7b490000 - 0x00007ffc7b499000 	C:\WINDOWS\SYSTEM32\WSOCK32.dll
0x00007ffc90170000 - 0x00007ffc901db000 	C:\WINDOWS\System32\WS2_32.dll
0x00007ffc85f70000 - 0x00007ffc85f97000 	C:\WINDOWS\SYSTEM32\WINMM.dll
0x00007ffc88300000 - 0x00007ffc8830a000 	C:\WINDOWS\SYSTEM32\VERSION.dll
0x00007ffc8d280000 - 0x00007ffc8d292000 	C:\WINDOWS\SYSTEM32\kernel.appcore.dll
0x00007ffc8ad70000 - 0x00007ffc8ad7a000 	C:\Users\Oscar Carpio\Desktop\sts-4.18.0.RELEASE\plugins\org.eclipse.justj.openjdk.hotspot.jre.full.win32.x86_64_17.0.6.v20230204-1729\jre\bin\jimage.dll
0x00007ffc880c0000 - 0x00007ffc882a4000 	C:\WINDOWS\SYSTEM32\DBGHELP.DLL
0x00007ffc7e330000 - 0x00007ffc7e364000 	C:\WINDOWS\SYSTEM32\dbgcore.DLL
0x00007ffc8f900000 - 0x00007ffc8f982000 	C:\WINDOWS\System32\bcryptPrimitives.dll
0x00007ffc82680000 - 0x00007ffc826a5000 	C:\Users\Oscar Carpio\Desktop\sts-4.18.0.RELEASE\plugins\org.eclipse.justj.openjdk.hotspot.jre.full.win32.x86_64_17.0.6.v20230204-1729\jre\bin\java.dll
0x00007ffc86db0000 - 0x00007ffc86dc8000 	C:\Users\Oscar Carpio\Desktop\sts-4.18.0.RELEASE\plugins\org.eclipse.justj.openjdk.hotspot.jre.full.win32.x86_64_17.0.6.v20230204-1729\jre\bin\zip.dll
0x00007ffc915a0000 - 0x00007ffc91ce4000 	C:\WINDOWS\System32\SHELL32.dll
0x00007ffc8d480000 - 0x00007ffc8dc13000 	C:\WINDOWS\SYSTEM32\windows.storage.dll
0x00007ffc90480000 - 0x00007ffc907d4000 	C:\WINDOWS\System32\combase.dll
0x00007ffc8ed80000 - 0x00007ffc8edae000 	C:\WINDOWS\SYSTEM32\Wldp.dll
0x00007ffc902a0000 - 0x00007ffc9034d000 	C:\WINDOWS\System32\SHCORE.dll
0x00007ffc90110000 - 0x00007ffc90165000 	C:\WINDOWS\System32\shlwapi.dll
0x00007ffc8f350000 - 0x00007ffc8f36f000 	C:\WINDOWS\SYSTEM32\profapi.dll
0x00007ffc860a0000 - 0x00007ffc860b9000 	C:\Users\Oscar Carpio\Desktop\sts-4.18.0.RELEASE\plugins\org.eclipse.justj.openjdk.hotspot.jre.full.win32.x86_64_17.0.6.v20230204-1729\jre\bin\net.dll
0x00007ffc86ee0000 - 0x00007ffc86fea000 	C:\WINDOWS\SYSTEM32\WINHTTP.dll
0x00007ffc8eae0000 - 0x00007ffc8eb4a000 	C:\WINDOWS\system32\mswsock.dll
0x00007ffc81250000 - 0x00007ffc81265000 	C:\Users\Oscar Carpio\Desktop\sts-4.18.0.RELEASE\plugins\org.eclipse.justj.openjdk.hotspot.jre.full.win32.x86_64_17.0.6.v20230204-1729\jre\bin\nio.dll
0x00007ffc78e30000 - 0x00007ffc78e39000 	C:\Users\Oscar Carpio\Desktop\sts-4.18.0.RELEASE\plugins\org.eclipse.justj.openjdk.hotspot.jre.full.win32.x86_64_17.0.6.v20230204-1729\jre\bin\management.dll
0x00007ffc78cd0000 - 0x00007ffc78cdb000 	C:\Users\Oscar Carpio\Desktop\sts-4.18.0.RELEASE\plugins\org.eclipse.justj.openjdk.hotspot.jre.full.win32.x86_64_17.0.6.v20230204-1729\jre\bin\management_ext.dll
0x00007ffc90060000 - 0x00007ffc90068000 	C:\WINDOWS\System32\PSAPI.DLL
0x00007ffc7ac30000 - 0x00007ffc7ac47000 	C:\WINDOWS\system32\napinsp.dll
0x00007ffc7ac10000 - 0x00007ffc7ac2b000 	C:\WINDOWS\system32\pnrpnsp.dll
0x00007ffc7abf0000 - 0x00007ffc7ac05000 	C:\WINDOWS\system32\wshbth.dll
0x00007ffc8ad20000 - 0x00007ffc8ad3d000 	C:\WINDOWS\system32\NLAapi.dll
0x00007ffc8e7a0000 - 0x00007ffc8e7dc000 	C:\WINDOWS\SYSTEM32\IPHLPAPI.DLL
0x00007ffc8e7f0000 - 0x00007ffc8e8ba000 	C:\WINDOWS\SYSTEM32\DNSAPI.dll
0x00007ffc90050000 - 0x00007ffc90058000 	C:\WINDOWS\System32\NSI.dll
0x00007ffc7abd0000 - 0x00007ffc7abe2000 	C:\WINDOWS\System32\winrnr.dll
0x00007ffc85470000 - 0x00007ffc8547a000 	C:\Windows\System32\rasadhlp.dll
0x00007ffc828a0000 - 0x00007ffc82922000 	C:\WINDOWS\System32\fwpuclnt.dll
0x00007ffc8fc40000 - 0x00007ffc8fc67000 	C:\WINDOWS\System32\bcrypt.dll
0x00007ffc8ecd0000 - 0x00007ffc8ece8000 	C:\WINDOWS\SYSTEM32\CRYPTSP.dll
0x00007ffc8e3c0000 - 0x00007ffc8e3f4000 	C:\WINDOWS\system32\rsaenh.dll
0x00007ffc8f2d0000 - 0x00007ffc8f2fe000 	C:\WINDOWS\SYSTEM32\USERENV.dll
0x00007ffc8ecf0000 - 0x00007ffc8ecfc000 	C:\WINDOWS\SYSTEM32\CRYPTBASE.dll
0x00007ffc88310000 - 0x00007ffc88327000 	C:\WINDOWS\SYSTEM32\dhcpcsvc6.DLL
0x00007ffc87fe0000 - 0x00007ffc87ffd000 	C:\WINDOWS\SYSTEM32\dhcpcsvc.DLL

dbghelp: loaded successfully - version: 4.0.5 - missing functions: none
symbol engine: initialized successfully - sym options: 0x614 - pdb path: .;C:\Users\Oscar Carpio\Desktop\sts-4.18.0.RELEASE\plugins\org.eclipse.justj.openjdk.hotspot.jre.full.win32.x86_64_17.0.6.v20230204-1729\jre\bin;C:\WINDOWS\SYSTEM32;C:\WINDOWS\WinSxS\amd64_microsoft.windows.common-controls_6595b64144ccf1df_6.0.19041.1110_none_60b5254171f9507e;C:\Users\Oscar Carpio\Desktop\sts-4.18.0.RELEASE\plugins\org.eclipse.justj.openjdk.hotspot.jre.full.win32.x86_64_17.0.6.v20230204-1729\jre\bin\server

VM Arguments:
jvm_args: -Dcom.sun.management.jmxremote -Dcom.sun.management.jmxremote.port=54411 -Dcom.sun.management.jmxremote.authenticate=false -Dcom.sun.management.jmxremote.ssl=false -Djava.rmi.server.hostname=localhost -Dspring.jmx.enabled=true -Dmanagement.endpoints.jmx.exposure.include=* -Dspring.application.admin.enabled=true -XX:TieredStopAtLevel=1 -Dspring.boot.project.name=tickchecktingAPI -Dfile.encoding=windows-1252 -XX:+ShowCodeDetailsInExceptionMessages 
java_command: com.ncapas.tickcheckting.TickchecktingApiApplication --spring.output.ansi.enabled=always
java_class_path (initial): C:\Users\Oscar Carpio\Desktop\Proyecto-NCapas\tickchecktingAPI\bin\main;C:\Users\Oscar Carpio\.gradle\caches\modules-2\files-2.1\org.projectlombok\lombok\1.18.26\8f8cf0372abf564913e9796623aac4c8ea44025a\lombok-1.18.26.jar;C:\Users\Oscar Carpio\.gradle\caches\modules-2\files-2.1\org.springframework.boot\spring-boot-starter-data-jpa\3.0.6\d0b6b836a6e3a223a92e6594c2d8c5f0a7cccec\spring-boot-starter-data-jpa-3.0.6.jar;C:\Users\Oscar Carpio\.gradle\caches\modules-2\files-2.1\org.springframework.boot\spring-boot-starter-validation\3.0.6\d5933e79435cd9459be59f297e207caa0deb01f6\spring-boot-starter-validation-3.0.6.jar;C:\Users\Oscar Carpio\.gradle\caches\modules-2\files-2.1\org.springframework.boot\spring-boot-starter-web\3.0.6\7c6597cae584c359d7e4ddea6e006176e0c15936\spring-boot-starter-web-3.0.6.jar;C:\Users\Oscar Carpio\.gradle\caches\modules-2\files-2.1\org.springframework.boot\spring-boot-starter-security\3.0.6\e9f3c6cf299f1dd967f5a7fbca7815183c4ba4b1\spring-boot-starter-security-3.0.6.jar;C:\Users\Oscar Carpio\.gradle\caches\modules-2\files-2.1\io.jsonwebtoken\jjwt-impl\0.11.5\40a599f0e8a8e4e0701596fbb15e67bfda64fdf0\jjwt-impl-0.11.5.jar;C:\Users\Oscar Carpio\.gradle\caches\modules-2\files-2.1\io.jsonwebtoken\jjwt-jackson\0.11.5\3b83a06809e98a69402d7333dcf67df6f6ea4579\jjwt-jackson-0.11.5.jar;C:\Users\Oscar Carpio\.gradle\caches\modules-2\files-2.1\io.jsonwebtoken\jjwt-api\0.11.5\f742940045619d06383e7df37b21ac422b476cf1\jjwt-api-0.11.5.jar;C:\Users\Oscar Carpio\.gradle\caches\modules-2\files-2.1\org.springframework.boot\spring-boot-starter-aop\3.0.6\bb39de062db9b7b7a277e6c026ed5ac45f544fc8\spring-boot-starter-aop-3.0.6.jar;C:\Users\Oscar Carpio\.gradle\caches\modules-2\files-2.1\org.springframework.boot\spring-boot-starter-jdbc\3.0.6\672661f4a90a9479170fba058a88892dac5ba69c\spring-boot-starter-jdbc-3.0.6.jar;C:\Users\Oscar Carpio\.gradle\caches\modules-2\files-2.1\org.hibernate.orm\hibernate-core\6.1.7.Final\343f47b34c96fe9c44bf9b219a7b3c
Launcher Type: SUN_STANDARD

[Global flags]
     intx CICompilerCount                          = 3                                         {product} {ergonomic}
     uint ConcGCThreads                            = 1                                         {product} {ergonomic}
     uint G1ConcRefinementThreads                  = 4                                         {product} {ergonomic}
   size_t G1HeapRegionSize                         = 1048576                                   {product} {ergonomic}
    uintx GCDrainStackTargetSize                   = 64                                        {product} {ergonomic}
   size_t InitialHeapSize                          = 117440512                                 {product} {ergonomic}
     bool ManagementServer                         = true                                      {product} {command line}
   size_t MarkStackSize                            = 4194304                                   {product} {ergonomic}
   size_t MaxHeapSize                              = 1851785216                                {product} {ergonomic}
   size_t MaxNewSize                               = 1110441984                                {product} {ergonomic}
   size_t MinHeapDeltaBytes                        = 1048576                                   {product} {ergonomic}
   size_t MinHeapSize                              = 8388608                                   {product} {ergonomic}
    uintx NonProfiledCodeHeapSize                  = 0                                      {pd product} {ergonomic}
     bool ProfileInterpreter                       = false                                  {pd product} {command line}
    uintx ProfiledCodeHeapSize                     = 0                                      {pd product} {ergonomic}
     bool ShowCodeDetailsInExceptionMessages       = true                                   {manageable} {command line}
   size_t SoftMaxHeapSize                          = 1851785216                             {manageable} {ergonomic}
     intx TieredStopAtLevel                        = 1                                         {product} {command line}
     bool UseCompressedClassPointers               = true                           {product lp64_product} {ergonomic}
     bool UseCompressedOops                        = true                           {product lp64_product} {ergonomic}
     bool UseG1GC                                  = true                                      {product} {ergonomic}
     bool UseLargePagesIndividualAllocation        = false                                  {pd product} {ergonomic}

Logging:
Log output configuration:
 #0: stdout all=warning uptime,level,tags
 #1: stderr all=off uptime,level,tags

Environment Variables:
PATH=C:/Users/Oscar Carpio/Desktop/sts-4.18.0.RELEASE//plugins/org.eclipse.justj.openjdk.hotspot.jre.full.win32.x86_64_17.0.6.v20230204-1729/jre/bin/server;C:/Users/Oscar Carpio/Desktop/sts-4.18.0.RELEASE//plugins/org.eclipse.justj.openjdk.hotspot.jre.full.win32.x86_64_17.0.6.v20230204-1729/jre/bin;C:\Program Files\Common Files\Oracle\Java\javapath;C:\Python310\Scripts\;C:\Python310\;C:\Oracle\WINDOWS.X64_193000_db_home\bin;C:\WINDOWS\system32;C:\WINDOWS;C:\WINDOWS\System32\Wbem;C:\WINDOWS\System32\WindowsPowerShell\v1.0\;C:\WINDOWS\System32\OpenSSH\;C:\Program Files\dotnet\;C:\Program Files\Git\cmd;C:\ProgramData\chocolatey\bin;C:\Program Files\nodejs\;C:\NASM;C:\MinGW\bin;C:\Program Files (x86)\DOSBox-0.74-3;C:\Users\Oscar Carpio\Desktop\vckp\vcpkg;C:\PuTTY\;C:\Gradle\gradle-8.1.1\bin;C:\Program Files\MySQL\MySQL Shell 8.0\bin\;C:\Users\Oscar Carpio\AppData\Local\Microsoft\WindowsApps;C:\Program Files\JetBrains\JetBrains Rider 2021.1.2\bin;;C:\Program Files\Azure Data Studio\bin;C:\Users\Oscar Carpio\AppData\Roaming\npm;C:\Program Files\MongoDB\Server\5.0\bin;C:\Users\Oscar Carpio\.dotnet\tools;C:\Program Files\heroku\bin;C:\MinGW\bin;C:\Microsoft VS Code\bin;C:\Users\Oscar Carpio\Desktop\sts-4.18.0.RELEASE;
USERNAME=Oscar Carpio
OS=Windows_NT
PROCESSOR_IDENTIFIER=AMD64 Family 23 Model 17 Stepping 0, AuthenticAMD
TMP=C:\Users\OSCARC~1\AppData\Local\Temp
TEMP=C:\Users\OSCARC~1\AppData\Local\Temp



---------------  S Y S T E M  ---------------

OS:
 Windows 10 , 64 bit Build 19041 (10.0.19041.3031)
OS uptime: 0 days 15:14 hours
Hyper-V role detected

CPU: total 4 (initial active 4) (4 cores per cpu, 2 threads per core) family 23 model 17 stepping 0 microcode 0x0, cx8, cmov, fxsr, ht, mmx, 3dnowpref, sse, sse2, sse3, ssse3, sse4a, sse4.1, sse4.2, popcnt, lzcnt, tsc, tscinvbit, avx, avx2, aes, clmul, bmi1, bmi2, adx, sha, fma, vzeroupper, clflush, clflushopt, hv

Memory: 4k page, system-wide physical 7061M (2226M free)
TotalPageFile size 8061M (AvailPageFile size 2M)
current process WorkingSet (physical memory assigned to process): 55M, peak: 55M
current process commit charge ("private bytes"): 187M, peak: 187M

vm_info: OpenJDK 64-Bit Server VM (17.0.6+10) for windows-amd64 JRE (17.0.6+10), built on Jan 18 2023 10:08:59 by "temurin" with MS VC++ 16.7 (VS2019)

END.
