#
# There is insufficient memory for the Java Runtime Environment to continue.
# Native memory allocation (mmap) failed to map 50331648 bytes for G1 virtual space
# Possible reasons:
#   The system is out of physical RAM or swap space
#   The process is running with CompressedOops enabled, and the Java Heap may be blocking the growth of the native heap
# Possible solutions:
#   Reduce memory load on the system
#   Increase physical memory or swap space
#   Check if swap backing store is full
#   Decrease Java heap size (-Xmx/-Xms)
#   Decrease number of Java threads
#   Decrease Java thread stack sizes (-Xss)
#   Set larger code cache with -XX:ReservedCodeCacheSize=
#   JVM is running with Unscaled Compressed Oops mode in which the Java heap is
#     placed in the first 4GB address space. The Java Heap base address is the
#     maximum limit for the native heap growth. Please use -XX:HeapBaseMinAddress
#     to set the Java Heap base and to place the Java Heap above 4GB virtual address.
# This output file may be truncated or incomplete.
#
#  Out of Memory Error (os_windows.cpp:3557), pid=3356, tid=6904
#
# JRE version: OpenJDK Runtime Environment Temurin-17.0.6+10 (17.0.6+10) (build 17.0.6+10)
# Java VM: OpenJDK 64-Bit Server VM Temurin-17.0.6+10 (17.0.6+10, mixed mode, emulated-client, tiered, compressed oops, compressed class ptrs, g1 gc, windows-amd64)
# No core dump will be written. Minidumps are not enabled by default on client versions of Windows
#

---------------  S U M M A R Y ------------

Command Line: -Dcom.sun.management.jmxremote -Dcom.sun.management.jmxremote.port=50993 -Dcom.sun.management.jmxremote.authenticate=false -Dcom.sun.management.jmxremote.ssl=false -Djava.rmi.server.hostname=localhost -Dspring.jmx.enabled=true -Dmanagement.endpoints.jmx.exposure.include=* -Dspring.application.admin.enabled=true -XX:TieredStopAtLevel=1 -Dspring.boot.project.name=tickchecktingAPI -Dfile.encoding=windows-1252 -XX:+ShowCodeDetailsInExceptionMessages com.ncapas.tickcheckting.TickchecktingApiApplication --spring.output.ansi.enabled=always

Host: AMD Ryzen 3 2200U with Radeon Vega Mobile Gfx  , 4 cores, 6G,  Windows 10 , 64 bit Build 19041 (10.0.19041.3031)
Time: Sat Jul  1 13:18:57 2023 Hora estándar, América Central elapsed time: 6.314968 seconds (0d 0h 0m 6s)

---------------  T H R E A D  ---------------

Current thread (0x0000019dff7e0d70):  VMThread "VM Thread" [stack: 0x0000008f24000000,0x0000008f24100000] [id=6904]

Stack: [0x0000008f24000000,0x0000008f24100000]
Native frames: (J=compiled Java code, j=interpreted, Vv=VM code, C=native code)
V  [jvm.dll+0x67741a]
V  [jvm.dll+0x834434]
V  [jvm.dll+0x835bde]
V  [jvm.dll+0x836243]
V  [jvm.dll+0x2457b5]
V  [jvm.dll+0x674329]
V  [jvm.dll+0x6689da]
V  [jvm.dll+0x30489b]
V  [jvm.dll+0x30bd96]
V  [jvm.dll+0x35b57e]
V  [jvm.dll+0x35b7af]
V  [jvm.dll+0x2db778]
V  [jvm.dll+0x2d9a2c]
V  [jvm.dll+0x2d8ffc]
V  [jvm.dll+0x31cdcb]
V  [jvm.dll+0x83a6eb]
V  [jvm.dll+0x83b424]
V  [jvm.dll+0x83b93c]
V  [jvm.dll+0x83bd14]
V  [jvm.dll+0x83bde0]
V  [jvm.dll+0x7e483a]
V  [jvm.dll+0x6762c5]
C  [ucrtbase.dll+0x21bb2]
C  [KERNEL32.DLL+0x17614]
C  [ntdll.dll+0x526f1]

VM_Operation (0x0000008f23af87f0): G1CollectForAllocation, mode: safepoint, requested by thread 0x0000019df4ce2e10


---------------  P R O C E S S  ---------------

Threads class SMR info:
_java_thread_list=0x0000019d847476a0, length=22, elements={
0x0000019df4ce2e10, 0x0000019dff7c02f0, 0x0000019dff7c1810, 0x0000019dff818800,
0x0000019dff952470, 0x0000019dff9558e0, 0x0000019dff957950, 0x0000019dff9589b0,
0x0000019dff971460, 0x0000019dffa18d70, 0x0000019dffa33fa0, 0x0000019dffa344b0,
0x0000019dffb22900, 0x0000019d82af2130, 0x0000019d82af2ce0, 0x0000019d82c12f00,
0x0000019d82fb0c20, 0x0000019d82fe1580, 0x0000019d82ffda00, 0x0000019d83b76820,
0x0000019d846b3b50, 0x0000019d846b4020
}

Java Threads: ( => current thread )
  0x0000019df4ce2e10 JavaThread "main" [_thread_blocked, id=6220, stack(0x0000008f23a00000,0x0000008f23b00000)]
  0x0000019dff7c02f0 JavaThread "Reference Handler" daemon [_thread_blocked, id=12916, stack(0x0000008f24100000,0x0000008f24200000)]
  0x0000019dff7c1810 JavaThread "Finalizer" daemon [_thread_blocked, id=908, stack(0x0000008f24200000,0x0000008f24300000)]
  0x0000019dff818800 JavaThread "Signal Dispatcher" daemon [_thread_blocked, id=5368, stack(0x0000008f24300000,0x0000008f24400000)]
  0x0000019dff952470 JavaThread "Attach Listener" daemon [_thread_blocked, id=12352, stack(0x0000008f24400000,0x0000008f24500000)]
  0x0000019dff9558e0 JavaThread "Service Thread" daemon [_thread_blocked, id=7476, stack(0x0000008f24500000,0x0000008f24600000)]
  0x0000019dff957950 JavaThread "Monitor Deflation Thread" daemon [_thread_blocked, id=11220, stack(0x0000008f24600000,0x0000008f24700000)]
  0x0000019dff9589b0 JavaThread "C1 CompilerThread0" daemon [_thread_blocked, id=12400, stack(0x0000008f24700000,0x0000008f24800000)]
  0x0000019dff971460 JavaThread "Sweeper thread" daemon [_thread_blocked, id=12708, stack(0x0000008f24800000,0x0000008f24900000)]
  0x0000019dffa18d70 JavaThread "Common-Cleaner" daemon [_thread_blocked, id=2212, stack(0x0000008f24900000,0x0000008f24a00000)]
  0x0000019dffa33fa0 JavaThread "C1 CompilerThread1" daemon [_thread_blocked, id=3616, stack(0x0000008f24a00000,0x0000008f24b00000)]
  0x0000019dffa344b0 JavaThread "C1 CompilerThread2" daemon [_thread_blocked, id=5888, stack(0x0000008f24b00000,0x0000008f24c00000)]
  0x0000019dffb22900 JavaThread "Notification Thread" daemon [_thread_blocked, id=11536, stack(0x0000008f24c00000,0x0000008f24d00000)]
  0x0000019d82af2130 JavaThread "RMI TCP Accept-0" daemon [_thread_in_native, id=8976, stack(0x0000008f24d00000,0x0000008f24e00000)]
  0x0000019d82af2ce0 JavaThread "RMI TCP Accept-50993" daemon [_thread_in_native, id=11508, stack(0x0000008f24e00000,0x0000008f24f00000)]
  0x0000019d82c12f00 JavaThread "RMI TCP Accept-0" daemon [_thread_in_native, id=6396, stack(0x0000008f24f00000,0x0000008f25000000)]
  0x0000019d82fb0c20 JavaThread "RMI TCP Connection(1)-127.0.0.1" daemon [_thread_in_native, id=10536, stack(0x0000008f25600000,0x0000008f25700000)]
  0x0000019d82fe1580 JavaThread "RMI Scheduler(0)" daemon [_thread_blocked, id=1612, stack(0x0000008f25700000,0x0000008f25800000)]
  0x0000019d82ffda00 JavaThread "RMI TCP Connection(2)-127.0.0.1" daemon [_thread_in_native, id=4280, stack(0x0000008f25800000,0x0000008f25900000)]
  0x0000019d83b76820 JavaThread "JMX server connection timeout 21" daemon [_thread_blocked, id=1936, stack(0x0000008f25900000,0x0000008f25a00000)]
  0x0000019d846b3b50 JavaThread "HikariPool-1 housekeeper" daemon [_thread_blocked, id=11980, stack(0x0000008f25b00000,0x0000008f25c00000)]
  0x0000019d846b4020 JavaThread "HikariPool-1 connection adder" daemon [_thread_blocked, id=7804, stack(0x0000008f25c00000,0x0000008f25d00000)]

Other Threads:
=>0x0000019dff7e0d70 VMThread "VM Thread" [stack: 0x0000008f24000000,0x0000008f24100000] [id=6904]
  0x0000019d82af31b0 WatcherThread [stack: 0x0000008f25000000,0x0000008f25100000] [id=9208]
  0x0000019df4d38680 GCTaskThread "GC Thread#0" [stack: 0x0000008f23b00000,0x0000008f23c00000] [id=7004]
  0x0000019d82bb9760 GCTaskThread "GC Thread#1" [stack: 0x0000008f25100000,0x0000008f25200000] [id=11332]
  0x0000019d82d5faa0 GCTaskThread "GC Thread#2" [stack: 0x0000008f25200000,0x0000008f25300000] [id=13152]
  0x0000019d82d61d60 GCTaskThread "GC Thread#3" [stack: 0x0000008f25300000,0x0000008f25400000] [id=12804]
  0x0000019df4d47930 ConcurrentGCThread "G1 Main Marker" [stack: 0x0000008f23c00000,0x0000008f23d00000] [id=12496]
  0x0000019df4d49260 ConcurrentGCThread "G1 Conc#0" [stack: 0x0000008f23d00000,0x0000008f23e00000] [id=7236]
  0x0000019dff630090 ConcurrentGCThread "G1 Refine#0" [stack: 0x0000008f23e00000,0x0000008f23f00000] [id=13076]
  0x0000019d82c133d0 ConcurrentGCThread "G1 Refine#1" [stack: 0x0000008f25400000,0x0000008f25500000] [id=12440]
  0x0000019d82d2a3f0 ConcurrentGCThread "G1 Refine#2" [stack: 0x0000008f25500000,0x0000008f25600000] [id=10576]
  0x0000019dff6309c0 ConcurrentGCThread "G1 Service" [stack: 0x0000008f23f00000,0x0000008f24000000] [id=7408]

Threads with active compile tasks:

VM state: at safepoint (normal execution)

VM Mutex/Monitor currently owned by a thread:  ([mutex/lock_event])
[0x0000019df4ccb390] Threads_lock - owner thread: 0x0000019dff7e0d70
[0x0000019df4ccab20] Heap_lock - owner thread: 0x0000019df4ce2e10

Heap address: 0x0000000091a00000, size: 1766 MB, Compressed Oops mode: 32-bit

CDS archive(s) not mapped
Compressed class space mapped at: 0x0000000100000000-0x0000000140000000, reserved size: 1073741824
Narrow klass base: 0x0000000000000000, Narrow klass shift: 3, Narrow klass range: 0x140000000

GC Precious Log:
 CPUs: 4 total, 4 available
 Memory: 7061M
 Large Page Support: Disabled
 NUMA Support: Disabled
 Compressed Oops: Enabled (32-bit)
 Heap Region Size: 1M
 Heap Min Capacity: 8M
 Heap Initial Capacity: 112M
 Heap Max Capacity: 1766M
 Pre-touch: Disabled
 Parallel Workers: 4
 Concurrent Workers: 1
 Concurrent Refinement Workers: 4
 Periodic GC: Disabled

Heap:
 garbage-first heap   total 65536K, used 23572K [0x0000000091a00000, 0x0000000100000000)
  region size 1024K, 3 young (3072K), 3 survivors (3072K)
 Metaspace       used 57197K, committed 57664K, reserved 1105920K
  class space    used 7771K, committed 8000K, reserved 1048576K

Heap Regions: E=young(eden), S=young(survivor), O=old, HS=humongous(starts), HC=humongous(continues), CS=collection set, F=free, OA=open archive, CA=closed archive, TAMS=top-at-mark-start (previous, next)
|   0|0x0000000091a00000, 0x0000000091b00000, 0x0000000091b00000|100%|HS|  |TAMS 0x0000000091b00000, 0x0000000091a00000| Complete 
|   1|0x0000000091b00000, 0x0000000091c00000, 0x0000000091c00000|100%| O|  |TAMS 0x0000000091c00000, 0x0000000091b00000| Untracked 
|   2|0x0000000091c00000, 0x0000000091d00000, 0x0000000091d00000|100%| O|  |TAMS 0x0000000091d00000, 0x0000000091c00000| Untracked 
|   3|0x0000000091d00000, 0x0000000091e00000, 0x0000000091e00000|100%| O|  |TAMS 0x0000000091e00000, 0x0000000091d00000| Untracked 
|   4|0x0000000091e00000, 0x0000000091f00000, 0x0000000091f00000|100%| O|  |TAMS 0x0000000091f00000, 0x0000000091e00000| Untracked 
|   5|0x0000000091f00000, 0x0000000092000000, 0x0000000092000000|100%| O|  |TAMS 0x0000000092000000, 0x0000000091f00000| Untracked 
|   6|0x0000000092000000, 0x0000000092100000, 0x0000000092100000|100%| O|  |TAMS 0x0000000092000000, 0x0000000092000000| Untracked 
|   7|0x0000000092100000, 0x0000000092200000, 0x0000000092200000|100%| O|  |TAMS 0x0000000092200000, 0x0000000092100000| Untracked 
|   8|0x0000000092200000, 0x0000000092300000, 0x0000000092300000|100%| O|  |TAMS 0x0000000092300000, 0x0000000092200000| Untracked 
|   9|0x0000000092300000, 0x0000000092400000, 0x0000000092400000|100%| O|  |TAMS 0x0000000092400000, 0x0000000092300000| Untracked 
|  10|0x0000000092400000, 0x0000000092500000, 0x0000000092500000|100%| O|  |TAMS 0x0000000092500000, 0x0000000092400000| Untracked 
|  11|0x0000000092500000, 0x0000000092600000, 0x0000000092600000|100%| O|  |TAMS 0x0000000092550600, 0x0000000092500000| Untracked 
|  12|0x0000000092600000, 0x0000000092700000, 0x0000000092700000|100%| O|  |TAMS 0x0000000092600000, 0x0000000092600000| Untracked 
|  13|0x0000000092700000, 0x0000000092800000, 0x0000000092800000|100%| O|  |TAMS 0x0000000092700000, 0x0000000092700000| Untracked 
|  14|0x0000000092800000, 0x0000000092900000, 0x0000000092900000|100%| O|  |TAMS 0x0000000092800000, 0x0000000092800000| Untracked 
|  15|0x0000000092900000, 0x0000000092a00000, 0x0000000092a00000|100%| O|  |TAMS 0x0000000092900000, 0x0000000092900000| Untracked 
|  16|0x0000000092a00000, 0x0000000092b00000, 0x0000000092b00000|100%| O|  |TAMS 0x0000000092a00000, 0x0000000092a00000| Untracked 
|  17|0x0000000092b00000, 0x0000000092c00000, 0x0000000092c00000|100%| O|  |TAMS 0x0000000092b00000, 0x0000000092b00000| Untracked 
|  18|0x0000000092c00000, 0x0000000092d00000, 0x0000000092d00000|100%| O|  |TAMS 0x0000000092c00000, 0x0000000092c00000| Untracked 
|  19|0x0000000092d00000, 0x0000000092e00000, 0x0000000092e00000|100%| O|  |TAMS 0x0000000092d00000, 0x0000000092d00000| Untracked 
|  20|0x0000000092e00000, 0x0000000092e75000, 0x0000000092f00000| 45%| O|  |TAMS 0x0000000092e00000, 0x0000000092e00000| Untracked 
|  21|0x0000000092f00000, 0x0000000092f00000, 0x0000000093000000|  0%| F|  |TAMS 0x0000000092f00000, 0x0000000092f00000| Untracked 
|  22|0x0000000093000000, 0x0000000093000000, 0x0000000093100000|  0%| F|  |TAMS 0x0000000093000000, 0x0000000093000000| Untracked 
|  23|0x0000000093100000, 0x0000000093100000, 0x0000000093200000|  0%| F|  |TAMS 0x0000000093100000, 0x0000000093100000| Untracked 
|  24|0x0000000093200000, 0x0000000093200000, 0x0000000093300000|  0%| F|  |TAMS 0x0000000093200000, 0x0000000093200000| Untracked 
|  25|0x0000000093300000, 0x0000000093300000, 0x0000000093400000|  0%| F|  |TAMS 0x0000000093300000, 0x0000000093300000| Untracked 
|  26|0x0000000093400000, 0x0000000093400000, 0x0000000093500000|  0%| F|  |TAMS 0x0000000093400000, 0x0000000093400000| Untracked 
|  27|0x0000000093500000, 0x0000000093500000, 0x0000000093600000|  0%| F|  |TAMS 0x0000000093500000, 0x0000000093500000| Untracked 
|  28|0x0000000093600000, 0x0000000093600000, 0x0000000093700000|  0%| F|  |TAMS 0x0000000093600000, 0x0000000093600000| Untracked 
|  29|0x0000000093700000, 0x0000000093700000, 0x0000000093800000|  0%| F|  |TAMS 0x0000000093700000, 0x0000000093700000| Untracked 
|  30|0x0000000093800000, 0x0000000093800000, 0x0000000093900000|  0%| F|  |TAMS 0x0000000093800000, 0x0000000093800000| Untracked 
|  31|0x0000000093900000, 0x0000000093900000, 0x0000000093a00000|  0%| F|  |TAMS 0x0000000093900000, 0x0000000093900000| Untracked 
|  32|0x0000000093a00000, 0x0000000093a00000, 0x0000000093b00000|  0%| F|  |TAMS 0x0000000093a00000, 0x0000000093a00000| Untracked 
|  33|0x0000000093b00000, 0x0000000093b90010, 0x0000000093c00000| 56%| S|CS|TAMS 0x0000000093b00000, 0x0000000093b00000| Complete 
|  34|0x0000000093c00000, 0x0000000093d00000, 0x0000000093d00000|100%| S|CS|TAMS 0x0000000093c00000, 0x0000000093c00000| Complete 
|  35|0x0000000093d00000, 0x0000000093d00000, 0x0000000093e00000|  0%| F|  |TAMS 0x0000000093d00000, 0x0000000093d00000| Untracked 
|  36|0x0000000093e00000, 0x0000000093f00000, 0x0000000093f00000|100%| S|CS|TAMS 0x0000000093e00000, 0x0000000093e00000| Complete 
|  37|0x0000000093f00000, 0x0000000093f00000, 0x0000000094000000|  0%| F|  |TAMS 0x0000000093f00000, 0x0000000093f00000| Untracked 
|  38|0x0000000094000000, 0x0000000094000000, 0x0000000094100000|  0%| F|  |TAMS 0x0000000094000000, 0x0000000094000000| Untracked 
|  39|0x0000000094100000, 0x0000000094100000, 0x0000000094200000|  0%| F|  |TAMS 0x0000000094100000, 0x0000000094100000| Untracked 
|  40|0x0000000094200000, 0x0000000094200000, 0x0000000094300000|  0%| F|  |TAMS 0x0000000094200000, 0x0000000094200000| Untracked 
|  41|0x0000000094300000, 0x0000000094300000, 0x0000000094400000|  0%| F|  |TAMS 0x0000000094300000, 0x0000000094300000| Untracked 
|  42|0x0000000094400000, 0x0000000094400000, 0x0000000094500000|  0%| F|  |TAMS 0x0000000094400000, 0x0000000094400000| Untracked 
|  43|0x0000000094500000, 0x0000000094500000, 0x0000000094600000|  0%| F|  |TAMS 0x0000000094500000, 0x0000000094500000| Untracked 
|  44|0x0000000094600000, 0x0000000094600000, 0x0000000094700000|  0%| F|  |TAMS 0x0000000094600000, 0x0000000094600000| Untracked 
|  45|0x0000000094700000, 0x0000000094700000, 0x0000000094800000|  0%| F|  |TAMS 0x0000000094700000, 0x0000000094700000| Untracked 
|  46|0x0000000094800000, 0x0000000094800000, 0x0000000094900000|  0%| F|  |TAMS 0x0000000094800000, 0x0000000094800000| Untracked 
|  47|0x0000000094900000, 0x0000000094900000, 0x0000000094a00000|  0%| F|  |TAMS 0x0000000094900000, 0x0000000094900000| Untracked 
|  48|0x0000000094a00000, 0x0000000094a00000, 0x0000000094b00000|  0%| F|  |TAMS 0x0000000094a00000, 0x0000000094a00000| Untracked 
|  49|0x0000000094b00000, 0x0000000094b00000, 0x0000000094c00000|  0%| F|  |TAMS 0x0000000094b00000, 0x0000000094b00000| Untracked 
|  50|0x0000000094c00000, 0x0000000094c00000, 0x0000000094d00000|  0%| F|  |TAMS 0x0000000094c00000, 0x0000000094c00000| Untracked 
|  51|0x0000000094d00000, 0x0000000094d00000, 0x0000000094e00000|  0%| F|  |TAMS 0x0000000094d00000, 0x0000000094d00000| Untracked 
|  52|0x0000000094e00000, 0x0000000094e00000, 0x0000000094f00000|  0%| F|  |TAMS 0x0000000094e00000, 0x0000000094e00000| Untracked 
|  53|0x0000000094f00000, 0x0000000094f00000, 0x0000000095000000|  0%| F|  |TAMS 0x0000000094f00000, 0x0000000094f00000| Untracked 
|  54|0x0000000095000000, 0x0000000095000000, 0x0000000095100000|  0%| F|  |TAMS 0x0000000095000000, 0x0000000095000000| Untracked 
|  55|0x0000000095100000, 0x0000000095100000, 0x0000000095200000|  0%| F|  |TAMS 0x0000000095100000, 0x0000000095100000| Untracked 
|  56|0x0000000095200000, 0x0000000095200000, 0x0000000095300000|  0%| F|  |TAMS 0x0000000095200000, 0x0000000095200000| Untracked 
|  57|0x0000000095300000, 0x0000000095300000, 0x0000000095400000|  0%| F|  |TAMS 0x0000000095300000, 0x0000000095300000| Untracked 
|  58|0x0000000095400000, 0x0000000095400000, 0x0000000095500000|  0%| F|  |TAMS 0x0000000095400000, 0x0000000095400000| Untracked 
|  59|0x0000000095500000, 0x0000000095500000, 0x0000000095600000|  0%| F|  |TAMS 0x0000000095500000, 0x0000000095500000| Untracked 
|  60|0x0000000095600000, 0x0000000095600000, 0x0000000095700000|  0%| F|  |TAMS 0x0000000095600000, 0x0000000095600000| Untracked 
|  61|0x0000000095700000, 0x0000000095700000, 0x0000000095800000|  0%| F|  |TAMS 0x0000000095700000, 0x0000000095700000| Untracked 
| 110|0x0000000098800000, 0x0000000098800000, 0x0000000098900000|  0%| F|  |TAMS 0x0000000098800000, 0x0000000098800000| Untracked 
| 111|0x0000000098900000, 0x0000000098900000, 0x0000000098a00000|  0%| F|  |TAMS 0x0000000098900000, 0x0000000098900000| Untracked 

Card table byte_map: [0x0000019dfb390000,0x0000019dfb710000] _byte_map_base: 0x0000019dfaf03000

Marking Bits (Prev, Next): (CMBitMap*) 0x0000019df4d38ba0, (CMBitMap*) 0x0000019df4d38be0
 Prev Bits: [0x0000019dfba90000, 0x0000019dfd628000)
 Next Bits: [0x0000019dfd630000, 0x0000019dff1c8000)

Polling page: 0x0000019df2a40000

Metaspace:

Usage:
  Non-class:     48.27 MB used.
      Class:      7.59 MB used.
       Both:     55.86 MB used.

Virtual space:
  Non-class space:       56.00 MB reserved,      48.50 MB ( 87%) committed,  7 nodes.
      Class space:        1.00 GB reserved,       7.81 MB ( <1%) committed,  1 nodes.
             Both:        1.05 GB reserved,      56.31 MB (  5%) committed. 

Chunk freelists:
   Non-Class:  2.91 MB
       Class:  240.00 KB
        Both:  3.14 MB

MaxMetaspaceSize: unlimited
CompressedClassSpaceSize: 1.00 GB
Initial GC threshold: 21.00 MB
Current GC threshold: 59.06 MB
CDS: off
MetaspaceReclaimPolicy: balanced
 - commit_granule_bytes: 65536.
 - commit_granule_words: 8192.
 - virtual_space_node_default_size: 1048576.
 - enlarge_chunks_in_place: 1.
 - new_chunks_are_fully_committed: 0.
 - uncommit_free_chunks: 1.
 - use_allocation_guard: 0.
 - handle_deallocations: 1.


Internal statistics:

num_allocs_failed_limit: 6.
num_arena_births: 654.
num_arena_deaths: 0.
num_vsnodes_births: 8.
num_vsnodes_deaths: 0.
num_space_committed: 901.
num_space_uncommitted: 0.
num_chunks_returned_to_freelist: 6.
num_chunks_taken_from_freelist: 2405.
num_chunk_merges: 6.
num_chunk_splits: 1710.
num_chunks_enlarged: 1302.
num_purges: 0.
num_inconsistent_stats: 0.

CodeCache: size=49152Kb used=10515Kb max_used=10515Kb free=38636Kb
 bounds [0x0000019df8390000, 0x0000019df8de0000, 0x0000019dfb390000]
 total_blobs=6021 nmethods=5420 adapters=526
 compilation: enabled
              stopped_count=0, restarted_count=0
 full_count=0

Compilation events (20 events):
Event: 6.298 Thread 0x0000019dffa33fa0 5411       1       java.lang.reflect.Constructor::getGenericParameterTypes (5 bytes)
Event: 6.299 Thread 0x0000019dffa33fa0 nmethod 5411 0x0000019df8dd0e10 code [0x0000019df8dd1000, 0x0000019df8dd1538]
Event: 6.300 Thread 0x0000019dffa33fa0 5412       1       org.hibernate.property.access.internal.PropertyAccessFieldImpl::getSetter (5 bytes)
Event: 6.300 Thread 0x0000019dff9589b0 5413       1       org.hibernate.type.descriptor.java.AbstractClassJavaType::getJavaTypeClass (5 bytes)
Event: 6.300 Thread 0x0000019dffa33fa0 nmethod 5412 0x0000019df8dd1790 code [0x0000019df8dd1920, 0x0000019df8dd19f8]
Event: 6.300 Thread 0x0000019dff9589b0 nmethod 5413 0x0000019df8dd1a90 code [0x0000019df8dd1c20, 0x0000019df8dd1cf8]
Event: 6.300 Thread 0x0000019dff9589b0 5414       1       org.hibernate.mapping.BasicValue::getType (36 bytes)
Event: 6.301 Thread 0x0000019dff9589b0 nmethod 5414 0x0000019df8dd1d90 code [0x0000019df8dd1f20, 0x0000019df8dd2048]
Event: 6.301 Thread 0x0000019dff9589b0 5415       1       org.hibernate.persister.entity.AbstractPropertyMapping::addPropertyPath (465 bytes)
Event: 6.301 Thread 0x0000019dffa33fa0 5416       1       org.hibernate.internal.SessionFactoryImpl::getSessionFactoryOptions (5 bytes)
Event: 6.301 Thread 0x0000019dffa33fa0 nmethod 5416 0x0000019df8dd2190 code [0x0000019df8dd2320, 0x0000019df8dd23f8]
Event: 6.301 Thread 0x0000019dffa33fa0 5418       1       org.hibernate.mapping.Property::getValueGenerationStrategy (5 bytes)
Event: 6.301 Thread 0x0000019dffa33fa0 nmethod 5418 0x0000019df8dd2490 code [0x0000019df8dd2620, 0x0000019df8dd26f8]
Event: 6.301 Thread 0x0000019dffa33fa0 5417       1       org.hibernate.tuple.BaselineAttributeInformation::isUpdateable (5 bytes)
Event: 6.301 Thread 0x0000019dffa33fa0 nmethod 5417 0x0000019df8dd2790 code [0x0000019df8dd2920, 0x0000019df8dd29f8]
Event: 6.301 Thread 0x0000019dffa33fa0 5419       1       org.hibernate.tuple.BaselineAttributeInformation::getCascadeStyle (5 bytes)
Event: 6.302 Thread 0x0000019dffa33fa0 nmethod 5419 0x0000019df8dd2a90 code [0x0000019df8dd2c20, 0x0000019df8dd2cf8]
Event: 6.302 Thread 0x0000019dffa33fa0 5420       1       org.hibernate.mapping.Column::isNullable (5 bytes)
Event: 6.302 Thread 0x0000019dffa33fa0 nmethod 5420 0x0000019df8dd2d90 code [0x0000019df8dd2f20, 0x0000019df8dd2ff8]
Event: 6.303 Thread 0x0000019dff9589b0 nmethod 5415 0x0000019df8dd3090 code [0x0000019df8dd3480, 0x0000019df8dd4548]

GC Heap History (20 events):
Event: 1.448 GC heap after
{Heap after GC invocations=3 (full 0):
 garbage-first heap   total 114688K, used 9506K [0x0000000091a00000, 0x0000000100000000)
  region size 1024K, 3 young (3072K), 3 survivors (3072K)
 Metaspace       used 21284K, committed 21504K, reserved 1073152K
  class space    used 2496K, committed 2624K, reserved 1048576K
}
Event: 1.776 GC heap before
{Heap before GC invocations=4 (full 0):
 garbage-first heap   total 40960K, used 28962K [0x0000000091a00000, 0x0000000100000000)
  region size 1024K, 24 young (24576K), 3 survivors (3072K)
 Metaspace       used 25391K, committed 25664K, reserved 1073152K
  class space    used 3110K, committed 3200K, reserved 1048576K
}
Event: 1.782 GC heap after
{Heap after GC invocations=5 (full 0):
 garbage-first heap   total 40960K, used 10880K [0x0000000091a00000, 0x0000000100000000)
  region size 1024K, 4 young (4096K), 4 survivors (4096K)
 Metaspace       used 25391K, committed 25664K, reserved 1073152K
  class space    used 3110K, committed 3200K, reserved 1048576K
}
Event: 1.808 GC heap before
{Heap before GC invocations=5 (full 0):
 garbage-first heap   total 40960K, used 11904K [0x0000000091a00000, 0x0000000100000000)
  region size 1024K, 5 young (5120K), 4 survivors (4096K)
 Metaspace       used 25565K, committed 25856K, reserved 1073152K
  class space    used 3126K, committed 3264K, reserved 1048576K
}
Event: 1.818 GC heap after
{Heap after GC invocations=6 (full 0):
 garbage-first heap   total 40960K, used 11082K [0x0000000091a00000, 0x0000000100000000)
  region size 1024K, 1 young (1024K), 1 survivors (1024K)
 Metaspace       used 25565K, committed 25856K, reserved 1073152K
  class space    used 3126K, committed 3264K, reserved 1048576K
}
Event: 2.046 GC heap before
{Heap before GC invocations=6 (full 0):
 garbage-first heap   total 40960K, used 25418K [0x0000000091a00000, 0x0000000100000000)
  region size 1024K, 16 young (16384K), 1 survivors (1024K)
 Metaspace       used 28385K, committed 28672K, reserved 1081344K
  class space    used 3437K, committed 3584K, reserved 1048576K
}
Event: 2.048 GC heap after
{Heap after GC invocations=7 (full 0):
 garbage-first heap   total 77824K, used 12149K [0x0000000091a00000, 0x0000000100000000)
  region size 1024K, 2 young (2048K), 2 survivors (2048K)
 Metaspace       used 28385K, committed 28672K, reserved 1081344K
  class space    used 3437K, committed 3584K, reserved 1048576K
}
Event: 2.924 GC heap before
{Heap before GC invocations=7 (full 0):
 garbage-first heap   total 77824K, used 53109K [0x0000000091a00000, 0x0000000100000000)
  region size 1024K, 42 young (43008K), 2 survivors (2048K)
 Metaspace       used 32727K, committed 33088K, reserved 1081344K
  class space    used 4117K, committed 4288K, reserved 1048576K
}
Event: 2.931 GC heap after
{Heap after GC invocations=8 (full 0):
 garbage-first heap   total 77824K, used 14927K [0x0000000091a00000, 0x0000000100000000)
  region size 1024K, 5 young (5120K), 5 survivors (5120K)
 Metaspace       used 32727K, committed 33088K, reserved 1081344K
  class space    used 4117K, committed 4288K, reserved 1048576K
}
Event: 3.305 GC heap before
{Heap before GC invocations=8 (full 0):
 garbage-first heap   total 77824K, used 33359K [0x0000000091a00000, 0x0000000100000000)
  region size 1024K, 24 young (24576K), 5 survivors (5120K)
 Metaspace       used 35728K, committed 36160K, reserved 1081344K
  class space    used 4574K, committed 4800K, reserved 1048576K
}
Event: 3.314 GC heap after
{Heap after GC invocations=9 (full 0):
 garbage-first heap   total 77824K, used 16808K [0x0000000091a00000, 0x0000000100000000)
  region size 1024K, 5 young (5120K), 5 survivors (5120K)
 Metaspace       used 35728K, committed 36160K, reserved 1081344K
  class space    used 4574K, committed 4800K, reserved 1048576K
}
Event: 4.124 GC heap before
{Heap before GC invocations=10 (full 0):
 garbage-first heap   total 65536K, used 50600K [0x0000000091a00000, 0x0000000100000000)
  region size 1024K, 38 young (38912K), 5 survivors (5120K)
 Metaspace       used 41270K, committed 41728K, reserved 1089536K
  class space    used 5325K, committed 5568K, reserved 1048576K
}
Event: 4.137 GC heap after
{Heap after GC invocations=11 (full 0):
 garbage-first heap   total 65536K, used 19834K [0x0000000091a00000, 0x0000000100000000)
  region size 1024K, 5 young (5120K), 5 survivors (5120K)
 Metaspace       used 41270K, committed 41728K, reserved 1089536K
  class space    used 5325K, committed 5568K, reserved 1048576K
}
Event: 4.158 GC heap before
{Heap before GC invocations=11 (full 0):
 garbage-first heap   total 65536K, used 19834K [0x0000000091a00000, 0x0000000100000000)
  region size 1024K, 6 young (6144K), 5 survivors (5120K)
 Metaspace       used 41542K, committed 41984K, reserved 1089536K
  class space    used 5347K, committed 5568K, reserved 1048576K
}
Event: 4.167 GC heap after
{Heap after GC invocations=12 (full 0):
 garbage-first heap   total 65536K, used 20244K [0x0000000091a00000, 0x0000000100000000)
  region size 1024K, 1 young (1024K), 1 survivors (1024K)
 Metaspace       used 41542K, committed 41984K, reserved 1089536K
  class space    used 5347K, committed 5568K, reserved 1048576K
}
Event: 4.803 GC heap before
{Heap before GC invocations=12 (full 0):
 garbage-first heap   total 65536K, used 47892K [0x0000000091a00000, 0x0000000100000000)
  region size 1024K, 29 young (29696K), 1 survivors (1024K)
 Metaspace       used 48062K, committed 48448K, reserved 1097728K
  class space    used 6327K, committed 6528K, reserved 1048576K
}
Event: 4.808 GC heap after
{Heap after GC invocations=13 (full 0):
 garbage-first heap   total 65536K, used 20951K [0x0000000091a00000, 0x0000000100000000)
  region size 1024K, 2 young (2048K), 2 survivors (2048K)
 Metaspace       used 48062K, committed 48448K, reserved 1097728K
  class space    used 6327K, committed 6528K, reserved 1048576K
}
Event: 5.560 GC heap before
{Heap before GC invocations=13 (full 0):
 garbage-first heap   total 65536K, used 48599K [0x0000000091a00000, 0x0000000100000000)
  region size 1024K, 30 young (30720K), 2 survivors (2048K)
 Metaspace       used 53501K, committed 53952K, reserved 1097728K
  class space    used 7164K, committed 7360K, reserved 1048576K
}
Event: 5.570 GC heap after
{Heap after GC invocations=14 (full 0):
 garbage-first heap   total 65536K, used 22841K [0x0000000091a00000, 0x0000000100000000)
  region size 1024K, 4 young (4096K), 4 survivors (4096K)
 Metaspace       used 53501K, committed 53952K, reserved 1097728K
  class space    used 7164K, committed 7360K, reserved 1048576K
}
Event: 6.303 GC heap before
{Heap before GC invocations=14 (full 0):
 garbage-first heap   total 65536K, used 49465K [0x0000000091a00000, 0x0000000100000000)
  region size 1024K, 31 young (31744K), 4 survivors (4096K)
 Metaspace       used 57197K, committed 57664K, reserved 1105920K
  class space    used 7771K, committed 8000K, reserved 1048576K
}

Dll operation events (9 events):
Event: 0.010 Loaded shared library C:\Users\Oscar Carpio\Desktop\sts-4.18.0.RELEASE\plugins\org.eclipse.justj.openjdk.hotspot.jre.full.win32.x86_64_17.0.6.v20230204-1729\jre\bin\java.dll
Event: 0.216 Loaded shared library C:\Users\Oscar Carpio\Desktop\sts-4.18.0.RELEASE\plugins\org.eclipse.justj.openjdk.hotspot.jre.full.win32.x86_64_17.0.6.v20230204-1729\jre\bin\jimage.dll
Event: 0.233 Loaded shared library C:\Users\Oscar Carpio\Desktop\sts-4.18.0.RELEASE\plugins\org.eclipse.justj.openjdk.hotspot.jre.full.win32.x86_64_17.0.6.v20230204-1729\jre\bin\net.dll
Event: 0.235 Loaded shared library C:\Users\Oscar Carpio\Desktop\sts-4.18.0.RELEASE\plugins\org.eclipse.justj.openjdk.hotspot.jre.full.win32.x86_64_17.0.6.v20230204-1729\jre\bin\nio.dll
Event: 0.242 Loaded shared library C:\Users\Oscar Carpio\Desktop\sts-4.18.0.RELEASE\plugins\org.eclipse.justj.openjdk.hotspot.jre.full.win32.x86_64_17.0.6.v20230204-1729\jre\bin\zip.dll
Event: 0.317 Loaded shared library C:\Users\Oscar Carpio\Desktop\sts-4.18.0.RELEASE\plugins\org.eclipse.justj.openjdk.hotspot.jre.full.win32.x86_64_17.0.6.v20230204-1729\jre\bin\management.dll
Event: 0.333 Loaded shared library C:\Users\Oscar Carpio\Desktop\sts-4.18.0.RELEASE\plugins\org.eclipse.justj.openjdk.hotspot.jre.full.win32.x86_64_17.0.6.v20230204-1729\jre\bin\management_ext.dll
Event: 1.424 Loaded shared library C:\Users\Oscar Carpio\Desktop\sts-4.18.0.RELEASE\plugins\org.eclipse.justj.openjdk.hotspot.jre.full.win32.x86_64_17.0.6.v20230204-1729\jre\bin\verify.dll
Event: 3.625 Loaded shared library C:\Users\Oscar Carpio\Desktop\sts-4.18.0.RELEASE\plugins\org.eclipse.justj.openjdk.hotspot.jre.full.win32.x86_64_17.0.6.v20230204-1729\jre\bin\sunmscapi.dll

Deoptimization events (4 events):
Event: 1.502 Thread 0x0000019df4ce2e10 DEOPT PACKING pc=0x0000019df8891799 sp=0x0000008f23afd570
Event: 1.502 Thread 0x0000019df4ce2e10 DEOPT UNPACKING pc=0x0000019df83e7143 sp=0x0000008f23afca50 mode 3
Event: 1.997 Thread 0x0000019df4ce2e10 DEOPT PACKING pc=0x0000019df896e47d sp=0x0000008f23afe350
Event: 1.997 Thread 0x0000019df4ce2e10 DEOPT UNPACKING pc=0x0000019df83e7143 sp=0x0000008f23afd8b8 mode 3

Classes unloaded (0 events):
No events

Classes redefined (0 events):
No events

Internal exceptions (20 events):
Event: 3.553 Thread 0x0000019df4ce2e10 Exception <a 'java/lang/NoSuchMethodError'{0x00000000948377e0}: 'java.lang.Object java.lang.invoke.DelegatingMethodHandle$Holder.reinvoke_L(java.lang.Object, long, java.lang.Object, java.lang.Object, java.lang.Object, java.lang.Object, java.lang.Object, java.lang.Object)'> (0x00000000948377e0) 
thrown [s\src\hotspot\share\interpreter\linkResolver.cpp, line 759]
Event: 3.554 Thread 0x0000019df4ce2e10 Exception <a 'java/lang/NoSuchMethodError'{0x00000000948441e0}: 'java.lang.Object java.lang.invoke.Invokers$Holder.linkToTargetMethod(java.lang.Object, java.lang.Object, java.lang.Object, java.lang.Object, java.lang.Object, java.lang.Object, java.lang.Object)'> (0x00000000948441e0) 
thrown [s\src\hotspot\share\interpreter\linkResolver.cpp, line 759]
Event: 3.587 Thread 0x0000019d82ffda00 Exception <a 'java/lang/reflect/InvocationTargetException'{0x0000000094601b90}> (0x0000000094601b90) 
thrown [s\src\hotspot\share\runtime\reflection.cpp, line 1121]
Event: 3.643 Thread 0x0000019df4ce2e10 Exception <a 'java/io/FileNotFoundException'{0x0000000094420b48}> (0x0000000094420b48) 
thrown [s\src\hotspot\share\prims\jni.cpp, line 516]
Event: 3.671 Thread 0x0000019df4ce2e10 Exception <a 'java/lang/NoSuchMethodError'{0x000000009439fd80}: 'int java.lang.invoke.DirectMethodHandle$Holder.invokeInterface(java.lang.Object, java.lang.Object, java.lang.Object, java.lang.Object)'> (0x000000009439fd80) 
thrown [s\src\hotspot\share\interpreter\linkResolver.cpp, line 759]
Event: 3.846 Thread 0x0000019df4ce2e10 Exception <a 'java/lang/NoSuchMethodError'{0x00000000939a59a0}: 'int java.lang.invoke.DirectMethodHandle$Holder.invokeStaticInit(java.lang.Object, java.lang.Object, java.lang.Object, java.lang.Object)'> (0x00000000939a59a0) 
thrown [s\src\hotspot\share\interpreter\linkResolver.cpp, line 759]
Event: 3.951 Thread 0x0000019df4ce2e10 Exception <a 'sun/nio/fs/WindowsException'{0x0000000093629890}> (0x0000000093629890) 
thrown [s\src\hotspot\share\prims\jni.cpp, line 516]
Event: 4.095 Thread 0x0000019d82ffda00 Exception <a 'java/lang/reflect/InvocationTargetException'{0x00000000946054f0}> (0x00000000946054f0) 
thrown [s\src\hotspot\share\runtime\reflection.cpp, line 1121]
Event: 4.174 Thread 0x0000019df4ce2e10 Exception <a 'java/lang/NoSuchMethodError'{0x00000000989486e0}: 'java.lang.Object java.lang.invoke.DirectMethodHandle$Holder.invokeStaticInit(java.lang.Object, java.lang.Object, java.lang.Object, java.lang.Object)'> (0x00000000989486e0) 
thrown [s\src\hotspot\share\interpreter\linkResolver.cpp, line 759]
Event: 4.605 Thread 0x0000019d82ffda00 Exception <a 'java/lang/reflect/InvocationTargetException'{0x0000000094402360}> (0x0000000094402360) 
thrown [s\src\hotspot\share\runtime\reflection.cpp, line 1121]
Event: 4.870 Thread 0x0000019df4ce2e10 Exception <a 'java/lang/NoSuchMethodError'{0x000000009578d7e8}: 'java.lang.Object java.lang.invoke.DirectMethodHandle$Holder.invokeSpecial(java.lang.Object, java.lang.Object, int, java.lang.Object, int)'> (0x000000009578d7e8) 
thrown [s\src\hotspot\share\interpreter\linkResolver.cpp, line 759]
Event: 4.879 Thread 0x0000019df4ce2e10 Exception <a 'java/lang/NoSuchMethodError'{0x000000009561f830}: 'java.lang.Object java.lang.invoke.DirectMethodHandle$Holder.newInvokeSpecial(java.lang.Object, java.lang.Object, java.lang.Object, int)'> (0x000000009561f830) 
thrown [s\src\hotspot\share\interpreter\linkResolver.cpp, line 759]
Event: 4.879 Thread 0x0000019df4ce2e10 Exception <a 'java/lang/NoSuchMethodError'{0x0000000095624310}: 'java.lang.Object java.lang.invoke.DirectMethodHandle$Holder.invokeSpecial(java.lang.Object, java.lang.Object, java.lang.Object, java.lang.Object, int)'> (0x0000000095624310) 
thrown [s\src\hotspot\share\interpreter\linkResolver.cpp, line 759]
Event: 4.880 Thread 0x0000019df4ce2e10 Exception <a 'java/lang/NoSuchMethodError'{0x00000000956286d0}: 'java.lang.Object java.lang.invoke.Invokers$Holder.linkToTargetMethod(java.lang.Object, java.lang.Object, int, java.lang.Object)'> (0x00000000956286d0) 
thrown [s\src\hotspot\share\interpreter\linkResolver.cpp, line 759]
Event: 5.157 Thread 0x0000019d82ffda00 Exception <a 'java/lang/reflect/InvocationTargetException'{0x0000000094a01b90}> (0x0000000094a01b90) 
thrown [s\src\hotspot\share\runtime\reflection.cpp, line 1121]
Event: 5.502 Thread 0x0000019df4ce2e10 Exception <a 'java/lang/NoSuchMethodError'{0x0000000093f870f0}: 'java.lang.Object java.lang.invoke.DirectMethodHandle$Holder.invokeStatic(java.lang.Object, java.lang.Object, int, java.lang.Object)'> (0x0000000093f870f0) 
thrown [s\src\hotspot\share\interpreter\linkResolver.cpp, line 759]
Event: 5.502 Thread 0x0000019df4ce2e10 Exception <a 'java/lang/NoSuchMethodError'{0x0000000093f8b380}: 'java.lang.Object java.lang.invoke.DirectMethodHandle$Holder.invokeStaticInit(java.lang.Object, java.lang.Object, int, java.lang.Object)'> (0x0000000093f8b380) 
thrown [s\src\hotspot\share\interpreter\linkResolver.cpp, line 759]
Event: 5.560 Thread 0x0000019df4ce2e10 Exception <a 'java/lang/IncompatibleClassChangeError'{0x0000000093efb488}: Found class java.lang.Object, but interface was expected> (0x0000000093efb488) 
thrown [s\src\hotspot\share\interpreter\linkResolver.cpp, line 826]
Event: 5.660 Thread 0x0000019d82ffda00 Exception <a 'java/lang/reflect/InvocationTargetException'{0x0000000095700278}> (0x0000000095700278) 
thrown [s\src\hotspot\share\runtime\reflection.cpp, line 1121]
Event: 6.162 Thread 0x0000019d82ffda00 Exception <a 'java/lang/reflect/InvocationTargetException'{0x0000000094a7f688}> (0x0000000094a7f688) 
thrown [s\src\hotspot\share\runtime\reflection.cpp, line 1121]

VM Operations (20 events):
Event: 3.948 Executing VM operation: HandshakeAllThreads done
Event: 3.953 Executing VM operation: HandshakeAllThreads
Event: 3.953 Executing VM operation: HandshakeAllThreads done
Event: 3.958 Executing VM operation: HandshakeAllThreads
Event: 3.958 Executing VM operation: HandshakeAllThreads done
Event: 4.124 Executing VM operation: G1CollectForAllocation
Event: 4.137 Executing VM operation: G1CollectForAllocation done
Event: 4.158 Executing VM operation: G1CollectForAllocation
Event: 4.167 Executing VM operation: G1CollectForAllocation done
Event: 4.802 Executing VM operation: G1CollectForAllocation
Event: 4.808 Executing VM operation: G1CollectForAllocation done
Event: 4.892 Executing VM operation: HandshakeAllThreads
Event: 4.892 Executing VM operation: HandshakeAllThreads done
Event: 5.356 Executing VM operation: ICBufferFull
Event: 5.356 Executing VM operation: ICBufferFull done
Event: 5.560 Executing VM operation: G1CollectForAllocation
Event: 5.570 Executing VM operation: G1CollectForAllocation done
Event: 6.193 Executing VM operation: ICBufferFull
Event: 6.193 Executing VM operation: ICBufferFull done
Event: 6.303 Executing VM operation: G1CollectForAllocation

Events (20 events):
Event: 5.175 loading class java/lang/invoke/VarHandleInts$FieldStaticReadOnly done
Event: 5.175 loading class java/lang/invoke/VarHandleInts$FieldStaticReadWrite done
Event: 5.175 loading class java/util/concurrent/ForkJoinPool$DefaultForkJoinWorkerThreadFactory
Event: 5.175 loading class java/util/concurrent/ForkJoinPool$ForkJoinWorkerThreadFactory
Event: 5.175 loading class java/util/concurrent/ForkJoinPool$ForkJoinWorkerThreadFactory done
Event: 5.175 loading class java/util/concurrent/ForkJoinPool$DefaultForkJoinWorkerThreadFactory done
Event: 5.175 loading class java/util/concurrent/ForkJoinPool$1
Event: 5.175 loading class java/util/concurrent/ForkJoinPool$1 done
Event: 5.176 loading class java/util/concurrent/ForkJoinPool$DefaultCommonPoolForkJoinWorkerThreadFactory
Event: 5.176 loading class java/util/concurrent/ForkJoinPool$DefaultCommonPoolForkJoinWorkerThreadFactory done
Event: 5.176 loading class java/util/concurrent/ForkJoinPool$WorkQueue
Event: 5.176 loading class java/util/concurrent/ForkJoinPool$WorkQueue done
Event: 5.176 loading class java/util/concurrent/CompletableFuture$Completion
Event: 5.176 loading class java/util/concurrent/CompletableFuture$AsynchronousCompletionTask
Event: 5.176 loading class java/util/concurrent/CompletableFuture$AsynchronousCompletionTask done
Event: 5.176 loading class java/util/concurrent/ForkJoinTask
Event: 5.177 loading class java/util/concurrent/ForkJoinTask done
Event: 5.177 loading class java/util/concurrent/CompletableFuture$Completion done
Event: 5.373 loading class java/util/concurrent/CancellationException
Event: 5.373 loading class java/util/concurrent/CancellationException done


Dynamic libraries:
0x00007ff654fe0000 - 0x00007ff654fee000 	C:\Users\Oscar Carpio\Desktop\sts-4.18.0.RELEASE\plugins\org.eclipse.justj.openjdk.hotspot.jre.full.win32.x86_64_17.0.6.v20230204-1729\jre\bin\javaw.exe
0x00007ffdadf10000 - 0x00007ffdae108000 	C:\WINDOWS\SYSTEM32\ntdll.dll
0x00007ffdac4b0000 - 0x00007ffdac56f000 	C:\WINDOWS\System32\KERNEL32.DLL
0x00007ffdab910000 - 0x00007ffdabc06000 	C:\WINDOWS\System32\KERNELBASE.dll
0x00007ffdabc10000 - 0x00007ffdabd10000 	C:\WINDOWS\System32\ucrtbase.dll
0x00007ffd987b0000 - 0x00007ffd987c7000 	C:\Users\Oscar Carpio\Desktop\sts-4.18.0.RELEASE\plugins\org.eclipse.justj.openjdk.hotspot.jre.full.win32.x86_64_17.0.6.v20230204-1729\jre\bin\jli.dll
0x00007ffdada80000 - 0x00007ffdadc1d000 	C:\WINDOWS\System32\USER32.dll
0x00007ffdabf40000 - 0x00007ffdabf62000 	C:\WINDOWS\System32\win32u.dll
0x00007ffdacd10000 - 0x00007ffdacd3c000 	C:\WINDOWS\System32\GDI32.dll
0x00007ffdab5f0000 - 0x00007ffdab705000 	C:\WINDOWS\System32\gdi32full.dll
0x00007ffdab710000 - 0x00007ffdab7ad000 	C:\WINDOWS\System32\msvcp_win.dll
0x00007ffd97440000 - 0x00007ffd97459000 	C:\Users\Oscar Carpio\Desktop\sts-4.18.0.RELEASE\plugins\org.eclipse.justj.openjdk.hotspot.jre.full.win32.x86_64_17.0.6.v20230204-1729\jre\bin\VCRUNTIME140.dll
0x00007ffd978e0000 - 0x00007ffd97b7a000 	C:\WINDOWS\WinSxS\amd64_microsoft.windows.common-controls_6595b64144ccf1df_6.0.19041.1110_none_60b5254171f9507e\COMCTL32.dll
0x00007ffdade30000 - 0x00007ffdadece000 	C:\WINDOWS\System32\msvcrt.dll
0x00007ffdac570000 - 0x00007ffdac5a0000 	C:\WINDOWS\System32\IMM32.DLL
0x00007ffd97430000 - 0x00007ffd9743c000 	C:\Users\Oscar Carpio\Desktop\sts-4.18.0.RELEASE\plugins\org.eclipse.justj.openjdk.hotspot.jre.full.win32.x86_64_17.0.6.v20230204-1729\jre\bin\vcruntime140_1.dll
0x00007ffd97390000 - 0x00007ffd97421000 	C:\Users\Oscar Carpio\Desktop\sts-4.18.0.RELEASE\plugins\org.eclipse.justj.openjdk.hotspot.jre.full.win32.x86_64_17.0.6.v20230204-1729\jre\bin\msvcp140.dll
0x00007ffd637c0000 - 0x00007ffd64407000 	C:\Users\Oscar Carpio\Desktop\sts-4.18.0.RELEASE\plugins\org.eclipse.justj.openjdk.hotspot.jre.full.win32.x86_64_17.0.6.v20230204-1729\jre\bin\server\jvm.dll
0x00007ffdad9d0000 - 0x00007ffdada7f000 	C:\WINDOWS\System32\ADVAPI32.dll
0x00007ffdac3b0000 - 0x00007ffdac44c000 	C:\WINDOWS\System32\sechost.dll
0x00007ffdadc20000 - 0x00007ffdadd46000 	C:\WINDOWS\System32\RPCRT4.dll
0x00007ffda1e20000 - 0x00007ffda1e47000 	C:\WINDOWS\SYSTEM32\WINMM.dll
0x00007ffd98740000 - 0x00007ffd98749000 	C:\WINDOWS\SYSTEM32\WSOCK32.dll
0x00007ffda1e50000 - 0x00007ffda1e5a000 	C:\WINDOWS\SYSTEM32\VERSION.dll
0x00007ffdac6f0000 - 0x00007ffdac75b000 	C:\WINDOWS\System32\WS2_32.dll
0x00007ffda9460000 - 0x00007ffda9472000 	C:\WINDOWS\SYSTEM32\kernel.appcore.dll
0x00007ffda5d80000 - 0x00007ffda5d8a000 	C:\Users\Oscar Carpio\Desktop\sts-4.18.0.RELEASE\plugins\org.eclipse.justj.openjdk.hotspot.jre.full.win32.x86_64_17.0.6.v20230204-1729\jre\bin\jimage.dll
0x00007ffda4bc0000 - 0x00007ffda4da4000 	C:\WINDOWS\SYSTEM32\DBGHELP.DLL
0x00007ffda1bb0000 - 0x00007ffda1be4000 	C:\WINDOWS\SYSTEM32\dbgcore.DLL
0x00007ffdabd80000 - 0x00007ffdabe02000 	C:\WINDOWS\System32\bcryptPrimitives.dll
0x00007ffd98780000 - 0x00007ffd987a5000 	C:\Users\Oscar Carpio\Desktop\sts-4.18.0.RELEASE\plugins\org.eclipse.justj.openjdk.hotspot.jre.full.win32.x86_64_17.0.6.v20230204-1729\jre\bin\java.dll
0x00007ffd975f0000 - 0x00007ffd97608000 	C:\Users\Oscar Carpio\Desktop\sts-4.18.0.RELEASE\plugins\org.eclipse.justj.openjdk.hotspot.jre.full.win32.x86_64_17.0.6.v20230204-1729\jre\bin\zip.dll
0x00007ffdad1d0000 - 0x00007ffdad914000 	C:\WINDOWS\System32\SHELL32.dll
0x00007ffda9660000 - 0x00007ffda9df3000 	C:\WINDOWS\SYSTEM32\windows.storage.dll
0x00007ffdacd40000 - 0x00007ffdad094000 	C:\WINDOWS\System32\combase.dll
0x00007ffdaaf60000 - 0x00007ffdaaf8e000 	C:\WINDOWS\SYSTEM32\Wldp.dll
0x00007ffdac760000 - 0x00007ffdac80d000 	C:\WINDOWS\System32\SHCORE.dll
0x00007ffdac130000 - 0x00007ffdac185000 	C:\WINDOWS\System32\shlwapi.dll
0x00007ffdab530000 - 0x00007ffdab54f000 	C:\WINDOWS\SYSTEM32\profapi.dll
0x00007ffd975d0000 - 0x00007ffd975e9000 	C:\Users\Oscar Carpio\Desktop\sts-4.18.0.RELEASE\plugins\org.eclipse.justj.openjdk.hotspot.jre.full.win32.x86_64_17.0.6.v20230204-1729\jre\bin\net.dll
0x00007ffda2520000 - 0x00007ffda262a000 	C:\WINDOWS\SYSTEM32\WINHTTP.dll
0x00007ffdaacc0000 - 0x00007ffdaad2a000 	C:\WINDOWS\system32\mswsock.dll
0x00007ffd975b0000 - 0x00007ffd975c5000 	C:\Users\Oscar Carpio\Desktop\sts-4.18.0.RELEASE\plugins\org.eclipse.justj.openjdk.hotspot.jre.full.win32.x86_64_17.0.6.v20230204-1729\jre\bin\nio.dll
0x00007ffd97260000 - 0x00007ffd97269000 	C:\Users\Oscar Carpio\Desktop\sts-4.18.0.RELEASE\plugins\org.eclipse.justj.openjdk.hotspot.jre.full.win32.x86_64_17.0.6.v20230204-1729\jre\bin\management.dll
0x00007ffd97250000 - 0x00007ffd9725b000 	C:\Users\Oscar Carpio\Desktop\sts-4.18.0.RELEASE\plugins\org.eclipse.justj.openjdk.hotspot.jre.full.win32.x86_64_17.0.6.v20230204-1729\jre\bin\management_ext.dll
0x00007ffdabf70000 - 0x00007ffdabf78000 	C:\WINDOWS\System32\PSAPI.DLL
0x00007ffd89dd0000 - 0x00007ffd89de7000 	C:\WINDOWS\system32\napinsp.dll
0x00007ffd89cd0000 - 0x00007ffd89ceb000 	C:\WINDOWS\system32\pnrpnsp.dll
0x00007ffd8b600000 - 0x00007ffd8b615000 	C:\WINDOWS\system32\wshbth.dll
0x00007ffda4e10000 - 0x00007ffda4e2d000 	C:\WINDOWS\system32\NLAapi.dll
0x00007ffdaa990000 - 0x00007ffdaa9cc000 	C:\WINDOWS\SYSTEM32\IPHLPAPI.DLL
0x00007ffdaa9d0000 - 0x00007ffdaaa9a000 	C:\WINDOWS\SYSTEM32\DNSAPI.dll
0x00007ffdac6e0000 - 0x00007ffdac6e8000 	C:\WINDOWS\System32\NSI.dll
0x00007ffd89cb0000 - 0x00007ffd89cc2000 	C:\WINDOWS\System32\winrnr.dll
0x00007ffd9f080000 - 0x00007ffd9f08a000 	C:\Windows\System32\rasadhlp.dll
0x00007ffd9e4c0000 - 0x00007ffd9e542000 	C:\WINDOWS\System32\fwpuclnt.dll
0x00007ffdabf10000 - 0x00007ffdabf37000 	C:\WINDOWS\System32\bcrypt.dll
0x00007ffdaaeb0000 - 0x00007ffdaaec8000 	C:\WINDOWS\SYSTEM32\CRYPTSP.dll
0x00007ffdaa5a0000 - 0x00007ffdaa5d4000 	C:\WINDOWS\system32\rsaenh.dll
0x00007ffdab4f0000 - 0x00007ffdab51e000 	C:\WINDOWS\SYSTEM32\USERENV.dll
0x00007ffdaaed0000 - 0x00007ffdaaedc000 	C:\WINDOWS\SYSTEM32\CRYPTBASE.dll
0x00007ffda4e30000 - 0x00007ffda4e47000 	C:\WINDOWS\SYSTEM32\dhcpcsvc6.DLL
0x00007ffda4af0000 - 0x00007ffda4b0d000 	C:\WINDOWS\SYSTEM32\dhcpcsvc.DLL
0x00007ffda3fb0000 - 0x00007ffda3fc0000 	C:\Users\Oscar Carpio\Desktop\sts-4.18.0.RELEASE\plugins\org.eclipse.justj.openjdk.hotspot.jre.full.win32.x86_64_17.0.6.v20230204-1729\jre\bin\verify.dll
0x00007ffd974a0000 - 0x00007ffd974ae000 	C:\Users\Oscar Carpio\Desktop\sts-4.18.0.RELEASE\plugins\org.eclipse.justj.openjdk.hotspot.jre.full.win32.x86_64_17.0.6.v20230204-1729\jre\bin\sunmscapi.dll
0x00007ffdab7b0000 - 0x00007ffdab90e000 	C:\WINDOWS\System32\CRYPT32.dll
0x00007ffdaafd0000 - 0x00007ffdaaff8000 	C:\WINDOWS\SYSTEM32\ncrypt.dll
0x00007ffdaaf90000 - 0x00007ffdaafcb000 	C:\WINDOWS\SYSTEM32\NTASN1.dll

dbghelp: loaded successfully - version: 4.0.5 - missing functions: none
symbol engine: initialized successfully - sym options: 0x614 - pdb path: .;C:\Users\Oscar Carpio\Desktop\sts-4.18.0.RELEASE\plugins\org.eclipse.justj.openjdk.hotspot.jre.full.win32.x86_64_17.0.6.v20230204-1729\jre\bin;C:\WINDOWS\SYSTEM32;C:\WINDOWS\WinSxS\amd64_microsoft.windows.common-controls_6595b64144ccf1df_6.0.19041.1110_none_60b5254171f9507e;C:\Users\Oscar Carpio\Desktop\sts-4.18.0.RELEASE\plugins\org.eclipse.justj.openjdk.hotspot.jre.full.win32.x86_64_17.0.6.v20230204-1729\jre\bin\server

VM Arguments:
jvm_args: -Dcom.sun.management.jmxremote -Dcom.sun.management.jmxremote.port=50993 -Dcom.sun.management.jmxremote.authenticate=false -Dcom.sun.management.jmxremote.ssl=false -Djava.rmi.server.hostname=localhost -Dspring.jmx.enabled=true -Dmanagement.endpoints.jmx.exposure.include=* -Dspring.application.admin.enabled=true -XX:TieredStopAtLevel=1 -Dspring.boot.project.name=tickchecktingAPI -Dfile.encoding=windows-1252 -XX:+ShowCodeDetailsInExceptionMessages 
java_command: com.ncapas.tickcheckting.TickchecktingApiApplication --spring.output.ansi.enabled=always
java_class_path (initial): C:\Users\Oscar Carpio\Desktop\Proyecto-NCapas\tickchecktingAPI\bin\main;C:\Users\Oscar Carpio\.gradle\caches\modules-2\files-2.1\org.projectlombok\lombok\1.18.26\8f8cf0372abf564913e9796623aac4c8ea44025a\lombok-1.18.26.jar;C:\Users\Oscar Carpio\.gradle\caches\modules-2\files-2.1\org.springframework.boot\spring-boot-starter-data-jpa\3.0.6\d0b6b836a6e3a223a92e6594c2d8c5f0a7cccec\spring-boot-starter-data-jpa-3.0.6.jar;C:\Users\Oscar Carpio\.gradle\caches\modules-2\files-2.1\org.springframework.boot\spring-boot-starter-validation\3.0.6\d5933e79435cd9459be59f297e207caa0deb01f6\spring-boot-starter-validation-3.0.6.jar;C:\Users\Oscar Carpio\.gradle\caches\modules-2\files-2.1\org.springframework.boot\spring-boot-starter-web\3.0.6\7c6597cae584c359d7e4ddea6e006176e0c15936\spring-boot-starter-web-3.0.6.jar;C:\Users\Oscar Carpio\.gradle\caches\modules-2\files-2.1\org.springframework.boot\spring-boot-starter-security\3.0.6\e9f3c6cf299f1dd967f5a7fbca7815183c4ba4b1\spring-boot-starter-security-3.0.6.jar;C:\Users\Oscar Carpio\.gradle\caches\modules-2\files-2.1\io.jsonwebtoken\jjwt-impl\0.11.5\40a599f0e8a8e4e0701596fbb15e67bfda64fdf0\jjwt-impl-0.11.5.jar;C:\Users\Oscar Carpio\.gradle\caches\modules-2\files-2.1\io.jsonwebtoken\jjwt-jackson\0.11.5\3b83a06809e98a69402d7333dcf67df6f6ea4579\jjwt-jackson-0.11.5.jar;C:\Users\Oscar Carpio\.gradle\caches\modules-2\files-2.1\io.jsonwebtoken\jjwt-api\0.11.5\f742940045619d06383e7df37b21ac422b476cf1\jjwt-api-0.11.5.jar;C:\Users\Oscar Carpio\.gradle\caches\modules-2\files-2.1\org.springframework.boot\spring-boot-starter-aop\3.0.6\bb39de062db9b7b7a277e6c026ed5ac45f544fc8\spring-boot-starter-aop-3.0.6.jar;C:\Users\Oscar Carpio\.gradle\caches\modules-2\files-2.1\org.springframework.boot\spring-boot-starter-jdbc\3.0.6\672661f4a90a9479170fba058a88892dac5ba69c\spring-boot-starter-jdbc-3.0.6.jar;C:\Users\Oscar Carpio\.gradle\caches\modules-2\files-2.1\org.hibernate.orm\hibernate-core\6.1.7.Final\343f47b34c96fe9c44bf9b219a7b3c
Launcher Type: SUN_STANDARD

[Global flags]
     intx CICompilerCount                          = 3                                         {product} {ergonomic}
     uint ConcGCThreads                            = 1                                         {product} {ergonomic}
     uint G1ConcRefinementThreads                  = 4                                         {product} {ergonomic}
   size_t G1HeapRegionSize                         = 1048576                                   {product} {ergonomic}
    uintx GCDrainStackTargetSize                   = 64                                        {product} {ergonomic}
   size_t InitialHeapSize                          = 117440512                                 {product} {ergonomic}
     bool ManagementServer                         = true                                      {product} {command line}
   size_t MarkStackSize                            = 4194304                                   {product} {ergonomic}
   size_t MaxHeapSize                              = 1851785216                                {product} {ergonomic}
   size_t MaxNewSize                               = 1110441984                                {product} {ergonomic}
   size_t MinHeapDeltaBytes                        = 1048576                                   {product} {ergonomic}
   size_t MinHeapSize                              = 8388608                                   {product} {ergonomic}
    uintx NonProfiledCodeHeapSize                  = 0                                      {pd product} {ergonomic}
     bool ProfileInterpreter                       = false                                  {pd product} {command line}
    uintx ProfiledCodeHeapSize                     = 0                                      {pd product} {ergonomic}
     bool ShowCodeDetailsInExceptionMessages       = true                                   {manageable} {command line}
   size_t SoftMaxHeapSize                          = 1851785216                             {manageable} {ergonomic}
     intx TieredStopAtLevel                        = 1                                         {product} {command line}
     bool UseCompressedClassPointers               = true                           {product lp64_product} {ergonomic}
     bool UseCompressedOops                        = true                           {product lp64_product} {ergonomic}
     bool UseG1GC                                  = true                                      {product} {ergonomic}
     bool UseLargePagesIndividualAllocation        = false                                  {pd product} {ergonomic}

Logging:
Log output configuration:
 #0: stdout all=warning uptime,level,tags
 #1: stderr all=off uptime,level,tags

Environment Variables:
PATH=C:/Users/Oscar Carpio/Desktop/sts-4.18.0.RELEASE//plugins/org.eclipse.justj.openjdk.hotspot.jre.full.win32.x86_64_17.0.6.v20230204-1729/jre/bin/server;C:/Users/Oscar Carpio/Desktop/sts-4.18.0.RELEASE//plugins/org.eclipse.justj.openjdk.hotspot.jre.full.win32.x86_64_17.0.6.v20230204-1729/jre/bin;C:\Program Files\Common Files\Oracle\Java\javapath;C:\Python310\Scripts\;C:\Python310\;C:\Oracle\WINDOWS.X64_193000_db_home\bin;C:\WINDOWS\system32;C:\WINDOWS;C:\WINDOWS\System32\Wbem;C:\WINDOWS\System32\WindowsPowerShell\v1.0\;C:\WINDOWS\System32\OpenSSH\;C:\Program Files\dotnet\;C:\Program Files\Git\cmd;C:\ProgramData\chocolatey\bin;C:\Program Files\nodejs\;C:\NASM;C:\MinGW\bin;C:\Program Files (x86)\DOSBox-0.74-3;C:\Users\Oscar Carpio\Desktop\vckp\vcpkg;C:\PuTTY\;C:\Gradle\gradle-8.1.1\bin;C:\Users\Oscar Carpio\AppData\Local\Microsoft\WindowsApps;C:\Program Files\JetBrains\JetBrains Rider 2021.1.2\bin;;C:\Program Files\Azure Data Studio\bin;C:\Users\Oscar Carpio\AppData\Roaming\npm;C:\Program Files\MongoDB\Server\5.0\bin;C:\Users\Oscar Carpio\.dotnet\tools;C:\Program Files\heroku\bin;C:\MinGW\bin;C:\Microsoft VS Code\bin;C:\Users\Oscar Carpio\Desktop\sts-4.18.0.RELEASE;
USERNAME=Oscar Carpio
OS=Windows_NT
PROCESSOR_IDENTIFIER=AMD64 Family 23 Model 17 Stepping 0, AuthenticAMD
TMP=C:\Users\OSCARC~1\AppData\Local\Temp
TEMP=C:\Users\OSCARC~1\AppData\Local\Temp



---------------  S Y S T E M  ---------------

OS:
 Windows 10 , 64 bit Build 19041 (10.0.19041.3031)
OS uptime: 0 days 14:41 hours
Hyper-V role detected

CPU: total 4 (initial active 4) (4 cores per cpu, 2 threads per core) family 23 model 17 stepping 0 microcode 0x0, cx8, cmov, fxsr, ht, mmx, 3dnowpref, sse, sse2, sse3, ssse3, sse4a, sse4.1, sse4.2, popcnt, lzcnt, tsc, tscinvbit, avx, avx2, aes, clmul, bmi1, bmi2, adx, sha, fma, vzeroupper, clflush, clflushopt, hv

Memory: 4k page, system-wide physical 7061M (1453M free)
TotalPageFile size 8061M (AvailPageFile size 17M)
current process WorkingSet (physical memory assigned to process): 188M, peak: 188M
current process commit charge ("private bytes"): 213M, peak: 261M

vm_info: OpenJDK 64-Bit Server VM (17.0.6+10) for windows-amd64 JRE (17.0.6+10), built on Jan 18 2023 10:08:59 by "temurin" with MS VC++ 16.7 (VS2019)

END.
